mode: set
mcpyeahyouknowme/sources/whatsapp/cli.go:23.56,25.41 2 1
mcpyeahyouknowme/sources/whatsapp/cli.go:25.41,27.3 1 1
mcpyeahyouknowme/sources/whatsapp/cli.go:28.2,29.16 2 1
mcpyeahyouknowme/sources/whatsapp/cli.go:29.16,31.3 1 0
mcpyeahyouknowme/sources/whatsapp/cli.go:32.2,37.16 6 1
mcpyeahyouknowme/sources/whatsapp/cli.go:37.16,39.3 1 1
mcpyeahyouknowme/sources/whatsapp/cli.go:40.2,40.17 1 1
mcpyeahyouknowme/sources/whatsapp/cli.go:44.38,47.2 2 1
mcpyeahyouknowme/sources/whatsapp/cli.go:50.48,52.29 2 1
mcpyeahyouknowme/sources/whatsapp/cli.go:52.29,54.3 1 1
mcpyeahyouknowme/sources/whatsapp/cli.go:55.2,55.12 1 1
mcpyeahyouknowme/sources/whatsapp/cli.go:60.46,62.27 2 0
mcpyeahyouknowme/sources/whatsapp/cli.go:62.27,63.46 1 0
mcpyeahyouknowme/sources/whatsapp/cli.go:63.46,65.4 1 0
mcpyeahyouknowme/sources/whatsapp/cli.go:68.2,68.37 1 0
mcpyeahyouknowme/sources/whatsapp/cli.go:68.37,71.3 2 0
mcpyeahyouknowme/sources/whatsapp/cli.go:73.2,73.13 1 0
mcpyeahyouknowme/sources/whatsapp/cli.go:73.13,77.3 3 0
mcpyeahyouknowme/sources/whatsapp/cli.go:79.2,85.16 5 0
mcpyeahyouknowme/sources/whatsapp/cli.go:85.16,88.3 2 0
mcpyeahyouknowme/sources/whatsapp/cli.go:90.2,91.16 2 0
mcpyeahyouknowme/sources/whatsapp/cli.go:91.16,92.27 1 0
mcpyeahyouknowme/sources/whatsapp/cli.go:92.27,94.4 1 0
mcpyeahyouknowme/sources/whatsapp/cli.go:94.9,97.4 2 0
mcpyeahyouknowme/sources/whatsapp/cli.go:100.2,101.28 2 0
mcpyeahyouknowme/sources/whatsapp/cli.go:101.28,105.3 3 0
mcpyeahyouknowme/sources/whatsapp/cli.go:107.2,108.16 2 0
mcpyeahyouknowme/sources/whatsapp/cli.go:108.16,110.3 1 0
mcpyeahyouknowme/sources/whatsapp/cli.go:112.2,114.47 3 0
mcpyeahyouknowme/sources/whatsapp/cli.go:114.47,115.26 1 0
mcpyeahyouknowme/sources/whatsapp/cli.go:116.26,117.11 1 0
mcpyeahyouknowme/sources/whatsapp/cli.go:118.38,118.38 0 0
mcpyeahyouknowme/sources/whatsapp/cli.go:119.12,119.12 0 0
mcpyeahyouknowme/sources/whatsapp/cli.go:121.28,122.27 1 0
mcpyeahyouknowme/sources/whatsapp/cli.go:122.27,126.5 3 0
mcpyeahyouknowme/sources/whatsapp/cli.go:130.2,131.41 2 0
mcpyeahyouknowme/sources/whatsapp/cli.go:131.41,134.3 2 0
mcpyeahyouknowme/sources/whatsapp/cli.go:136.2,137.26 2 0
mcpyeahyouknowme/sources/whatsapp/cli.go:137.26,138.26 1 0
mcpyeahyouknowme/sources/whatsapp/cli.go:138.26,141.4 2 0
mcpyeahyouknowme/sources/whatsapp/cli.go:141.9,141.36 1 0
mcpyeahyouknowme/sources/whatsapp/cli.go:141.36,143.9 2 0
mcpyeahyouknowme/sources/whatsapp/cli.go:147.2,147.9 1 0
mcpyeahyouknowme/sources/whatsapp/cli.go:148.16,149.66 1 0
mcpyeahyouknowme/sources/whatsapp/cli.go:150.37,152.13 2 0
mcpyeahyouknowme/sources/whatsapp/cli.go:155.2,155.9 1 0
mcpyeahyouknowme/sources/whatsapp/cli.go:156.24,160.27 4 0
mcpyeahyouknowme/sources/whatsapp/cli.go:160.27,162.4 1 0
mcpyeahyouknowme/sources/whatsapp/cli.go:163.38,164.110 1 0
mcpyeahyouknowme/sources/whatsapp/cli.go:167.2,167.25 1 0
mcpyeahyouknowme/sources/whatsapp/cli.go:167.25,169.3 1 0
mcpyeahyouknowme/sources/whatsapp/cli.go:170.2,172.73 2 0
mcpyeahyouknowme/sources/whatsapp/cli.go:172.73,174.3 1 0
mcpyeahyouknowme/sources/whatsapp/cli.go:178.31,180.43 2 1
mcpyeahyouknowme/sources/whatsapp/cli.go:180.43,182.3 1 0
mcpyeahyouknowme/sources/whatsapp/cli.go:183.2,183.68 1 1
mcpyeahyouknowme/sources/whatsapp/cli.go:183.68,185.3 1 0
mcpyeahyouknowme/sources/whatsapp/cli.go:186.2,186.68 1 1
mcpyeahyouknowme/sources/whatsapp/cli.go:186.68,188.3 1 0
mcpyeahyouknowme/sources/whatsapp/cli.go:189.2,189.46 1 1
mcpyeahyouknowme/sources/whatsapp/client.go:35.119,36.27 1 0
mcpyeahyouknowme/sources/whatsapp/client.go:36.27,38.3 1 0
mcpyeahyouknowme/sources/whatsapp/client.go:40.2,45.11 4 0
mcpyeahyouknowme/sources/whatsapp/client.go:45.11,47.17 2 0
mcpyeahyouknowme/sources/whatsapp/client.go:47.17,49.4 1 0
mcpyeahyouknowme/sources/whatsapp/client.go:50.8,55.3 1 0
mcpyeahyouknowme/sources/whatsapp/client.go:58.2,60.21 2 0
mcpyeahyouknowme/sources/whatsapp/client.go:60.21,62.17 2 0
mcpyeahyouknowme/sources/whatsapp/client.go:62.17,64.4 1 0
mcpyeahyouknowme/sources/whatsapp/client.go:66.3,70.18 4 0
mcpyeahyouknowme/sources/whatsapp/client.go:71.22,73.27 2 0
mcpyeahyouknowme/sources/whatsapp/client.go:74.14,76.26 2 0
mcpyeahyouknowme/sources/whatsapp/client.go:77.14,79.26 2 0
mcpyeahyouknowme/sources/whatsapp/client.go:80.15,82.27 2 0
mcpyeahyouknowme/sources/whatsapp/client.go:83.14,85.39 2 0
mcpyeahyouknowme/sources/whatsapp/client.go:86.14,88.26 2 0
mcpyeahyouknowme/sources/whatsapp/client.go:89.14,91.26 2 0
mcpyeahyouknowme/sources/whatsapp/client.go:92.14,94.32 2 0
mcpyeahyouknowme/sources/whatsapp/client.go:95.11,97.41 2 0
mcpyeahyouknowme/sources/whatsapp/client.go:100.3,101.17 2 0
mcpyeahyouknowme/sources/whatsapp/client.go:101.17,103.4 1 0
mcpyeahyouknowme/sources/whatsapp/client.go:105.3,107.20 2 0
mcpyeahyouknowme/sources/whatsapp/client.go:108.29,119.5 1 0
mcpyeahyouknowme/sources/whatsapp/client.go:120.29,124.41 3 0
mcpyeahyouknowme/sources/whatsapp/client.go:124.41,126.19 2 0
mcpyeahyouknowme/sources/whatsapp/client.go:126.19,129.6 2 0
mcpyeahyouknowme/sources/whatsapp/client.go:129.11,131.6 1 0
mcpyeahyouknowme/sources/whatsapp/client.go:132.10,134.5 1 0
mcpyeahyouknowme/sources/whatsapp/client.go:137.4,148.5 1 0
mcpyeahyouknowme/sources/whatsapp/client.go:149.29,160.5 1 0
mcpyeahyouknowme/sources/whatsapp/client.go:161.32,173.5 1 0
mcpyeahyouknowme/sources/whatsapp/client.go:175.8,177.3 1 0
mcpyeahyouknowme/sources/whatsapp/client.go:179.2,180.16 2 0
mcpyeahyouknowme/sources/whatsapp/client.go:180.16,182.3 1 0
mcpyeahyouknowme/sources/whatsapp/client.go:184.2,184.59 1 0
mcpyeahyouknowme/sources/whatsapp/client.go:198.53,198.76 1 1
mcpyeahyouknowme/sources/whatsapp/client.go:200.53,200.69 1 1
mcpyeahyouknowme/sources/whatsapp/client.go:202.53,202.74 1 1
mcpyeahyouknowme/sources/whatsapp/client.go:204.53,204.76 1 1
mcpyeahyouknowme/sources/whatsapp/client.go:206.53,206.76 1 1
mcpyeahyouknowme/sources/whatsapp/client.go:208.53,208.79 1 1
mcpyeahyouknowme/sources/whatsapp/client.go:211.155,222.16 5 0
mcpyeahyouknowme/sources/whatsapp/client.go:222.16,224.3 1 0
mcpyeahyouknowme/sources/whatsapp/client.go:226.2,226.34 1 0
mcpyeahyouknowme/sources/whatsapp/client.go:226.34,228.3 1 0
mcpyeahyouknowme/sources/whatsapp/client.go:230.2,240.16 3 0
mcpyeahyouknowme/sources/whatsapp/client.go:240.16,242.3 1 0
mcpyeahyouknowme/sources/whatsapp/client.go:244.2,248.15 4 0
mcpyeahyouknowme/sources/whatsapp/client.go:248.15,249.20 1 0
mcpyeahyouknowme/sources/whatsapp/client.go:250.16,251.16 1 0
mcpyeahyouknowme/sources/whatsapp/client.go:252.16,253.16 1 0
mcpyeahyouknowme/sources/whatsapp/client.go:254.16,255.16 1 0
mcpyeahyouknowme/sources/whatsapp/client.go:256.19,257.16 1 0
mcpyeahyouknowme/sources/whatsapp/client.go:258.18,259.17 1 0
mcpyeahyouknowme/sources/whatsapp/client.go:263.2,268.16 5 0
mcpyeahyouknowme/sources/whatsapp/client.go:268.16,270.3 1 0
mcpyeahyouknowme/sources/whatsapp/client.go:272.2,272.49 1 0
mcpyeahyouknowme/sources/whatsapp/client.go:276.50,278.20 2 1
mcpyeahyouknowme/sources/whatsapp/client.go:278.20,280.3 1 1
mcpyeahyouknowme/sources/whatsapp/client.go:281.2,281.23 1 1
mcpyeahyouknowme/sources/whatsapp/client.go:285.80,286.50 1 1
mcpyeahyouknowme/sources/whatsapp/client.go:286.50,288.3 1 1
mcpyeahyouknowme/sources/whatsapp/client.go:290.2,295.29 5 0
mcpyeahyouknowme/sources/whatsapp/client.go:295.29,296.24 1 0
mcpyeahyouknowme/sources/whatsapp/client.go:296.24,297.9 1 0
mcpyeahyouknowme/sources/whatsapp/client.go:300.3,300.36 1 0
mcpyeahyouknowme/sources/whatsapp/client.go:300.36,302.12 2 0
mcpyeahyouknowme/sources/whatsapp/client.go:305.3,309.36 4 0
mcpyeahyouknowme/sources/whatsapp/client.go:309.36,310.9 1 0
mcpyeahyouknowme/sources/whatsapp/client.go:312.3,315.39 3 0
mcpyeahyouknowme/sources/whatsapp/client.go:315.39,317.4 1 0
mcpyeahyouknowme/sources/whatsapp/client.go:319.3,319.40 1 0
mcpyeahyouknowme/sources/whatsapp/client.go:319.40,322.50 3 0
mcpyeahyouknowme/sources/whatsapp/client.go:322.50,324.36 2 0
mcpyeahyouknowme/sources/whatsapp/client.go:324.36,329.6 4 0
mcpyeahyouknowme/sources/whatsapp/client.go:333.3,333.22 1 0
mcpyeahyouknowme/sources/whatsapp/client.go:333.22,335.4 1 0
mcpyeahyouknowme/sources/whatsapp/client.go:337.3,337.16 1 0
mcpyeahyouknowme/sources/whatsapp/client.go:340.2,340.20 1 0
mcpyeahyouknowme/sources/whatsapp/client.go:340.20,342.3 1 0
mcpyeahyouknowme/sources/whatsapp/client.go:344.2,344.21 1 0
mcpyeahyouknowme/sources/whatsapp/client.go:344.21,349.3 3 0
mcpyeahyouknowme/sources/whatsapp/client.go:349.8,353.3 3 0
mcpyeahyouknowme/sources/whatsapp/client.go:355.2,355.18 1 0
mcpyeahyouknowme/sources/whatsapp/client.go:355.18,357.3 1 0
mcpyeahyouknowme/sources/whatsapp/client.go:357.8,357.27 1 0
mcpyeahyouknowme/sources/whatsapp/client.go:357.27,359.3 1 0
mcpyeahyouknowme/sources/whatsapp/client.go:361.2,366.32 3 0
mcpyeahyouknowme/sources/whatsapp/client.go:370.50,377.26 5 1
mcpyeahyouknowme/sources/whatsapp/client.go:377.26,390.14 8 1
mcpyeahyouknowme/sources/whatsapp/client.go:390.14,392.4 1 0
mcpyeahyouknowme/sources/whatsapp/client.go:392.9,392.23 1 1
mcpyeahyouknowme/sources/whatsapp/client.go:392.23,394.4 1 0
mcpyeahyouknowme/sources/whatsapp/client.go:396.3,396.26 1 1
mcpyeahyouknowme/sources/whatsapp/client.go:399.2,399.17 1 1
mcpyeahyouknowme/sources/whatsapp/daemon.go:31.55,38.15 5 0
mcpyeahyouknowme/sources/whatsapp/daemon.go:38.15,40.3 1 0
mcpyeahyouknowme/sources/whatsapp/daemon.go:41.2,41.47 1 0
mcpyeahyouknowme/sources/whatsapp/daemon.go:41.47,43.3 1 0
mcpyeahyouknowme/sources/whatsapp/daemon.go:45.2,46.16 2 0
mcpyeahyouknowme/sources/whatsapp/daemon.go:46.16,48.3 1 0
mcpyeahyouknowme/sources/whatsapp/daemon.go:50.2,51.16 2 0
mcpyeahyouknowme/sources/whatsapp/daemon.go:51.16,52.27 1 0
mcpyeahyouknowme/sources/whatsapp/daemon.go:52.27,55.4 2 0
mcpyeahyouknowme/sources/whatsapp/daemon.go:55.9,57.4 1 0
mcpyeahyouknowme/sources/whatsapp/daemon.go:60.2,61.19 2 0
mcpyeahyouknowme/sources/whatsapp/daemon.go:61.19,63.3 1 0
mcpyeahyouknowme/sources/whatsapp/daemon.go:65.2,66.16 2 0
mcpyeahyouknowme/sources/whatsapp/daemon.go:66.16,68.3 1 0
mcpyeahyouknowme/sources/whatsapp/daemon.go:69.2,74.47 4 0
mcpyeahyouknowme/sources/whatsapp/daemon.go:74.47,75.26 1 0
mcpyeahyouknowme/sources/whatsapp/daemon.go:76.24,77.50 1 0
mcpyeahyouknowme/sources/whatsapp/daemon.go:78.28,79.54 1 0
mcpyeahyouknowme/sources/whatsapp/daemon.go:80.26,81.41 1 0
mcpyeahyouknowme/sources/whatsapp/daemon.go:82.26,83.40 1 0
mcpyeahyouknowme/sources/whatsapp/daemon.go:83.40,84.29 1 0
mcpyeahyouknowme/sources/whatsapp/daemon.go:84.29,86.6 1 0
mcpyeahyouknowme/sources/whatsapp/daemon.go:91.2,93.28 2 0
mcpyeahyouknowme/sources/whatsapp/daemon.go:93.28,96.17 3 0
mcpyeahyouknowme/sources/whatsapp/daemon.go:96.17,98.4 1 0
mcpyeahyouknowme/sources/whatsapp/daemon.go:100.3,100.27 1 0
mcpyeahyouknowme/sources/whatsapp/daemon.go:100.27,101.27 1 0
mcpyeahyouknowme/sources/whatsapp/daemon.go:101.27,104.5 2 0
mcpyeahyouknowme/sources/whatsapp/daemon.go:104.10,104.37 1 0
mcpyeahyouknowme/sources/whatsapp/daemon.go:104.37,106.10 2 0
mcpyeahyouknowme/sources/whatsapp/daemon.go:110.3,110.10 1 0
mcpyeahyouknowme/sources/whatsapp/daemon.go:111.20,112.62 1 0
mcpyeahyouknowme/sources/whatsapp/daemon.go:113.38,114.57 1 0
mcpyeahyouknowme/sources/whatsapp/daemon.go:116.8,118.17 2 0
mcpyeahyouknowme/sources/whatsapp/daemon.go:118.17,120.4 1 0
mcpyeahyouknowme/sources/whatsapp/daemon.go:121.3,121.20 1 0
mcpyeahyouknowme/sources/whatsapp/daemon.go:124.2,126.27 2 0
mcpyeahyouknowme/sources/whatsapp/daemon.go:126.27,128.3 1 0
mcpyeahyouknowme/sources/whatsapp/daemon.go:130.2,136.9 4 0
mcpyeahyouknowme/sources/whatsapp/daemon.go:137.20,138.65 1 0
mcpyeahyouknowme/sources/whatsapp/daemon.go:139.19,140.65 1 0
mcpyeahyouknowme/sources/whatsapp/daemon.go:142.2,143.12 2 0
mcpyeahyouknowme/sources/whatsapp/daemon.go:147.74,149.68 2 1
mcpyeahyouknowme/sources/whatsapp/daemon.go:149.68,151.3 1 0
mcpyeahyouknowme/sources/whatsapp/daemon.go:152.2,152.19 1 1
mcpyeahyouknowme/sources/whatsapp/daemon.go:152.19,154.3 1 1
mcpyeahyouknowme/sources/whatsapp/daemon.go:158.38,160.2 1 1
mcpyeahyouknowme/sources/whatsapp/daemon.go:163.116,164.24 1 0
mcpyeahyouknowme/sources/whatsapp/daemon.go:164.24,166.3 1 0
mcpyeahyouknowme/sources/whatsapp/daemon.go:168.2,171.23 3 0
mcpyeahyouknowme/sources/whatsapp/daemon.go:171.23,173.3 1 0
mcpyeahyouknowme/sources/whatsapp/daemon.go:173.8,173.39 1 0
mcpyeahyouknowme/sources/whatsapp/daemon.go:173.39,175.3 1 0
mcpyeahyouknowme/sources/whatsapp/daemon.go:175.8,177.3 1 0
mcpyeahyouknowme/sources/whatsapp/daemon.go:179.2,182.38 3 0
mcpyeahyouknowme/sources/whatsapp/daemon.go:182.38,184.3 1 0
mcpyeahyouknowme/sources/whatsapp/daemon.go:186.2,188.22 2 0
mcpyeahyouknowme/sources/whatsapp/daemon.go:188.22,189.13 1 0
mcpyeahyouknowme/sources/whatsapp/daemon.go:189.13,191.53 2 0
mcpyeahyouknowme/sources/whatsapp/daemon.go:191.53,193.46 2 0
mcpyeahyouknowme/sources/whatsapp/daemon.go:193.46,195.6 1 0
mcpyeahyouknowme/sources/whatsapp/daemon.go:196.5,196.55 1 0
mcpyeahyouknowme/sources/whatsapp/daemon.go:201.2,219.16 3 0
mcpyeahyouknowme/sources/whatsapp/daemon.go:219.16,221.3 1 0
mcpyeahyouknowme/sources/whatsapp/daemon.go:225.172,230.136 4 0
mcpyeahyouknowme/sources/whatsapp/daemon.go:230.136,233.3 2 0
mcpyeahyouknowme/sources/whatsapp/daemon.go:235.2,237.26 2 0
mcpyeahyouknowme/sources/whatsapp/daemon.go:237.26,240.26 2 0
mcpyeahyouknowme/sources/whatsapp/daemon.go:240.26,243.45 3 0
mcpyeahyouknowme/sources/whatsapp/daemon.go:243.45,246.156 2 0
mcpyeahyouknowme/sources/whatsapp/daemon.go:246.156,249.6 2 0
mcpyeahyouknowme/sources/whatsapp/daemon.go:251.5,251.121 1 0
mcpyeahyouknowme/sources/whatsapp/daemon.go:251.121,254.6 2 0
mcpyeahyouknowme/sources/whatsapp/daemon.go:257.4,257.48 1 0
mcpyeahyouknowme/sources/whatsapp/daemon.go:257.48,259.5 1 0
mcpyeahyouknowme/sources/whatsapp/daemon.go:259.10,259.49 1 0
mcpyeahyouknowme/sources/whatsapp/daemon.go:259.49,261.5 1 0
mcpyeahyouknowme/sources/whatsapp/daemon.go:264.3,264.17 1 0
mcpyeahyouknowme/sources/whatsapp/daemon.go:264.17,266.42 2 0
mcpyeahyouknowme/sources/whatsapp/daemon.go:266.42,268.5 1 0
mcpyeahyouknowme/sources/whatsapp/daemon.go:268.10,270.5 1 0
mcpyeahyouknowme/sources/whatsapp/daemon.go:273.3,273.45 1 0
mcpyeahyouknowme/sources/whatsapp/daemon.go:274.8,278.43 3 0
mcpyeahyouknowme/sources/whatsapp/daemon.go:278.43,280.4 1 0
mcpyeahyouknowme/sources/whatsapp/daemon.go:280.9,280.50 1 0
mcpyeahyouknowme/sources/whatsapp/daemon.go:280.50,282.4 1 0
mcpyeahyouknowme/sources/whatsapp/daemon.go:282.9,282.26 1 0
mcpyeahyouknowme/sources/whatsapp/daemon.go:282.26,284.4 1 0
mcpyeahyouknowme/sources/whatsapp/daemon.go:284.9,286.4 1 0
mcpyeahyouknowme/sources/whatsapp/daemon.go:288.3,288.47 1 0
mcpyeahyouknowme/sources/whatsapp/daemon.go:291.2,292.101 2 0
mcpyeahyouknowme/sources/whatsapp/daemon.go:292.101,295.3 2 0
mcpyeahyouknowme/sources/whatsapp/daemon.go:297.2,297.13 1 0
mcpyeahyouknowme/sources/whatsapp/daemon.go:301.132,305.62 3 0
mcpyeahyouknowme/sources/whatsapp/daemon.go:305.62,306.29 1 0
mcpyeahyouknowme/sources/whatsapp/daemon.go:306.29,307.12 1 0
mcpyeahyouknowme/sources/whatsapp/daemon.go:310.3,313.17 3 0
mcpyeahyouknowme/sources/whatsapp/daemon.go:313.17,315.12 2 0
mcpyeahyouknowme/sources/whatsapp/daemon.go:318.3,320.69 2 0
mcpyeahyouknowme/sources/whatsapp/daemon.go:320.69,322.53 2 0
mcpyeahyouknowme/sources/whatsapp/daemon.go:322.53,323.30 1 0
mcpyeahyouknowme/sources/whatsapp/daemon.go:323.30,325.6 1 0
mcpyeahyouknowme/sources/whatsapp/daemon.go:327.4,327.22 1 0
mcpyeahyouknowme/sources/whatsapp/daemon.go:327.22,329.5 1 0
mcpyeahyouknowme/sources/whatsapp/daemon.go:332.3,333.24 2 0
mcpyeahyouknowme/sources/whatsapp/daemon.go:333.24,335.52 2 0
mcpyeahyouknowme/sources/whatsapp/daemon.go:335.52,336.13 1 0
mcpyeahyouknowme/sources/whatsapp/daemon.go:339.4,340.15 2 0
mcpyeahyouknowme/sources/whatsapp/daemon.go:340.15,341.13 1 0
mcpyeahyouknowme/sources/whatsapp/daemon.go:343.4,347.33 3 0
mcpyeahyouknowme/sources/whatsapp/daemon.go:347.33,348.41 1 0
mcpyeahyouknowme/sources/whatsapp/daemon.go:348.41,349.14 1 0
mcpyeahyouknowme/sources/whatsapp/daemon.go:352.5,353.35 2 0
mcpyeahyouknowme/sources/whatsapp/daemon.go:353.35,355.6 1 0
mcpyeahyouknowme/sources/whatsapp/daemon.go:357.5,361.35 4 0
mcpyeahyouknowme/sources/whatsapp/daemon.go:361.35,363.6 1 0
mcpyeahyouknowme/sources/whatsapp/daemon.go:365.5,365.41 1 0
mcpyeahyouknowme/sources/whatsapp/daemon.go:365.41,366.14 1 0
mcpyeahyouknowme/sources/whatsapp/daemon.go:369.5,371.31 3 0
mcpyeahyouknowme/sources/whatsapp/daemon.go:371.31,372.39 1 0
mcpyeahyouknowme/sources/whatsapp/daemon.go:372.39,374.7 1 0
mcpyeahyouknowme/sources/whatsapp/daemon.go:376.5,376.17 1 0
mcpyeahyouknowme/sources/whatsapp/daemon.go:376.17,378.6 1 0
mcpyeahyouknowme/sources/whatsapp/daemon.go:378.11,379.108 1 0
mcpyeahyouknowme/sources/whatsapp/daemon.go:379.108,381.7 1 0
mcpyeahyouknowme/sources/whatsapp/daemon.go:382.6,382.90 1 0
mcpyeahyouknowme/sources/whatsapp/daemon.go:382.90,384.7 1 0
mcpyeahyouknowme/sources/whatsapp/daemon.go:385.6,385.84 1 0
mcpyeahyouknowme/sources/whatsapp/daemon.go:385.84,387.7 1 0
mcpyeahyouknowme/sources/whatsapp/daemon.go:388.6,388.22 1 0
mcpyeahyouknowme/sources/whatsapp/daemon.go:388.22,390.7 1 0
mcpyeahyouknowme/sources/whatsapp/daemon.go:393.5,394.60 2 0
mcpyeahyouknowme/sources/whatsapp/daemon.go:394.60,396.6 1 0
mcpyeahyouknowme/sources/whatsapp/daemon.go:398.5,399.19 2 0
mcpyeahyouknowme/sources/whatsapp/daemon.go:399.19,400.14 1 0
mcpyeahyouknowme/sources/whatsapp/daemon.go:402.5,419.19 3 0
mcpyeahyouknowme/sources/whatsapp/daemon.go:419.19,421.6 1 0
mcpyeahyouknowme/sources/whatsapp/daemon.go:421.11,423.6 1 0
mcpyeahyouknowme/sources/whatsapp/daemon.go:428.2,428.73 1 0
mcpyeahyouknowme/sources/whatsapp/daemon.go:432.102,436.73 3 0
mcpyeahyouknowme/sources/whatsapp/daemon.go:436.73,444.3 3 0
mcpyeahyouknowme/sources/whatsapp/daemon.go:446.2,446.75 1 0
mcpyeahyouknowme/sources/whatsapp/daemon.go:446.75,447.34 1 0
mcpyeahyouknowme/sources/whatsapp/daemon.go:447.34,450.4 2 0
mcpyeahyouknowme/sources/whatsapp/daemon.go:452.3,453.62 2 0
mcpyeahyouknowme/sources/whatsapp/daemon.go:453.62,456.4 2 0
mcpyeahyouknowme/sources/whatsapp/daemon.go:458.3,466.34 4 0
mcpyeahyouknowme/sources/whatsapp/daemon.go:469.2,469.79 1 0
mcpyeahyouknowme/sources/whatsapp/daemon.go:469.79,470.34 1 0
mcpyeahyouknowme/sources/whatsapp/daemon.go:470.34,473.4 2 0
mcpyeahyouknowme/sources/whatsapp/daemon.go:475.3,479.62 2 0
mcpyeahyouknowme/sources/whatsapp/daemon.go:479.62,482.4 2 0
mcpyeahyouknowme/sources/whatsapp/daemon.go:484.3,484.47 1 0
mcpyeahyouknowme/sources/whatsapp/daemon.go:484.47,487.4 2 0
mcpyeahyouknowme/sources/whatsapp/daemon.go:489.3,490.15 2 0
mcpyeahyouknowme/sources/whatsapp/daemon.go:490.15,493.4 2 0
mcpyeahyouknowme/sources/whatsapp/daemon.go:495.3,503.38 3 0
mcpyeahyouknowme/sources/whatsapp/daemon.go:506.2,506.12 1 0
mcpyeahyouknowme/sources/whatsapp/daemon.go:506.12,509.56 3 0
mcpyeahyouknowme/sources/whatsapp/daemon.go:509.56,511.4 1 0
mcpyeahyouknowme/sources/whatsapp/daemon.go:518.54,519.16 1 1
mcpyeahyouknowme/sources/whatsapp/daemon.go:519.16,521.3 1 1
mcpyeahyouknowme/sources/whatsapp/daemon.go:523.2,523.47 1 1
mcpyeahyouknowme/sources/whatsapp/daemon.go:523.47,525.3 1 1
mcpyeahyouknowme/sources/whatsapp/daemon.go:526.2,526.53 1 1
mcpyeahyouknowme/sources/whatsapp/daemon.go:526.53,528.3 1 1
mcpyeahyouknowme/sources/whatsapp/daemon.go:529.2,529.36 1 1
mcpyeahyouknowme/sources/whatsapp/daemon.go:529.36,531.3 1 1
mcpyeahyouknowme/sources/whatsapp/daemon.go:532.2,532.44 1 1
mcpyeahyouknowme/sources/whatsapp/daemon.go:532.44,533.41 1 1
mcpyeahyouknowme/sources/whatsapp/daemon.go:533.41,535.4 1 1
mcpyeahyouknowme/sources/whatsapp/daemon.go:536.3,536.19 1 0
mcpyeahyouknowme/sources/whatsapp/daemon.go:538.2,538.42 1 1
mcpyeahyouknowme/sources/whatsapp/daemon.go:538.42,540.3 1 0
mcpyeahyouknowme/sources/whatsapp/daemon.go:541.2,541.49 1 1
mcpyeahyouknowme/sources/whatsapp/daemon.go:541.49,543.3 1 0
mcpyeahyouknowme/sources/whatsapp/daemon.go:544.2,544.41 1 1
mcpyeahyouknowme/sources/whatsapp/daemon.go:544.41,546.3 1 0
mcpyeahyouknowme/sources/whatsapp/daemon.go:547.2,547.52 1 1
mcpyeahyouknowme/sources/whatsapp/daemon.go:547.52,548.41 1 0
mcpyeahyouknowme/sources/whatsapp/daemon.go:548.41,550.4 1 0
mcpyeahyouknowme/sources/whatsapp/daemon.go:551.3,551.24 1 0
mcpyeahyouknowme/sources/whatsapp/daemon.go:553.2,553.73 1 1
mcpyeahyouknowme/sources/whatsapp/daemon.go:553.73,555.18 2 0
mcpyeahyouknowme/sources/whatsapp/daemon.go:555.18,557.4 1 0
mcpyeahyouknowme/sources/whatsapp/daemon.go:558.3,558.29 1 0
mcpyeahyouknowme/sources/whatsapp/daemon.go:560.2,560.77 1 1
mcpyeahyouknowme/sources/whatsapp/daemon.go:560.77,562.18 2 0
mcpyeahyouknowme/sources/whatsapp/daemon.go:562.18,564.4 1 0
mcpyeahyouknowme/sources/whatsapp/daemon.go:566.2,566.33 1 1
mcpyeahyouknowme/sources/whatsapp/daemon.go:566.33,568.3 1 0
mcpyeahyouknowme/sources/whatsapp/daemon.go:569.2,569.41 1 1
mcpyeahyouknowme/sources/whatsapp/daemon.go:569.41,571.3 1 0
mcpyeahyouknowme/sources/whatsapp/daemon.go:572.2,572.45 1 1
mcpyeahyouknowme/sources/whatsapp/daemon.go:572.45,574.3 1 0
mcpyeahyouknowme/sources/whatsapp/daemon.go:575.2,575.36 1 1
mcpyeahyouknowme/sources/whatsapp/daemon.go:575.36,577.3 1 0
mcpyeahyouknowme/sources/whatsapp/daemon.go:578.2,578.44 1 1
mcpyeahyouknowme/sources/whatsapp/daemon.go:578.44,580.3 1 0
mcpyeahyouknowme/sources/whatsapp/daemon.go:581.2,581.123 1 1
mcpyeahyouknowme/sources/whatsapp/daemon.go:581.123,583.3 1 0
mcpyeahyouknowme/sources/whatsapp/daemon.go:584.2,584.39 1 1
mcpyeahyouknowme/sources/whatsapp/daemon.go:584.39,586.3 1 0
mcpyeahyouknowme/sources/whatsapp/daemon.go:588.2,588.11 1 1
mcpyeahyouknowme/sources/whatsapp/daemon.go:594.170,595.16 1 1
mcpyeahyouknowme/sources/whatsapp/daemon.go:595.16,597.3 1 0
mcpyeahyouknowme/sources/whatsapp/daemon.go:599.2,599.46 1 1
mcpyeahyouknowme/sources/whatsapp/daemon.go:599.46,601.3 1 1
mcpyeahyouknowme/sources/whatsapp/daemon.go:602.2,602.50 1 1
mcpyeahyouknowme/sources/whatsapp/daemon.go:602.50,604.3 1 0
mcpyeahyouknowme/sources/whatsapp/daemon.go:605.2,605.46 1 1
mcpyeahyouknowme/sources/whatsapp/daemon.go:605.46,607.3 1 0
mcpyeahyouknowme/sources/whatsapp/daemon.go:608.2,608.49 1 1
mcpyeahyouknowme/sources/whatsapp/daemon.go:608.49,610.15 2 1
mcpyeahyouknowme/sources/whatsapp/daemon.go:610.15,612.4 1 1
mcpyeahyouknowme/sources/whatsapp/daemon.go:613.3,613.108 1 1
mcpyeahyouknowme/sources/whatsapp/daemon.go:615.2,615.56 1 1
mcpyeahyouknowme/sources/whatsapp/daemon.go:615.56,617.3 1 0
mcpyeahyouknowme/sources/whatsapp/daemon.go:619.2,619.37 1 1
mcpyeahyouknowme/sources/whatsapp/daemon.go:623.38,626.9 3 1
mcpyeahyouknowme/sources/whatsapp/daemon.go:627.19,628.51 1 1
mcpyeahyouknowme/sources/whatsapp/daemon.go:629.25,630.70 1 0
mcpyeahyouknowme/sources/whatsapp/daemon.go:631.10,632.50 1 1
mcpyeahyouknowme/sources/whatsapp/daemon.go:634.2,635.41 2 1
mcpyeahyouknowme/sources/whatsapp/daemon.go:635.41,636.64 1 1
mcpyeahyouknowme/sources/whatsapp/daemon.go:636.64,638.4 1 1
mcpyeahyouknowme/sources/whatsapp/daemon.go:641.2,642.42 2 1
mcpyeahyouknowme/sources/whatsapp/daemon.go:642.42,644.3 1 1
mcpyeahyouknowme/sources/whatsapp/daemon.go:644.8,645.65 1 1
mcpyeahyouknowme/sources/whatsapp/daemon.go:645.65,647.4 1 1
mcpyeahyouknowme/sources/whatsapp/daemon.go:648.3,649.17 2 1
mcpyeahyouknowme/sources/whatsapp/daemon.go:649.17,651.4 1 0
mcpyeahyouknowme/sources/whatsapp/daemon.go:651.9,658.41 7 1
mcpyeahyouknowme/sources/whatsapp/daemon.go:658.41,660.5 1 1
mcpyeahyouknowme/sources/whatsapp/daemon.go:660.10,662.5 1 1
mcpyeahyouknowme/sources/whatsapp/daemon.go:665.2,665.14 1 1
mcpyeahyouknowme/sources/whatsapp/helpers.go:13.48,14.32 1 1
mcpyeahyouknowme/sources/whatsapp/helpers.go:14.32,16.3 1 1
mcpyeahyouknowme/sources/whatsapp/helpers.go:17.2,17.32 1 1
mcpyeahyouknowme/sources/whatsapp/helpers.go:17.32,19.3 1 1
mcpyeahyouknowme/sources/whatsapp/helpers.go:21.2,28.26 7 1
mcpyeahyouknowme/sources/whatsapp/helpers.go:28.26,29.27 1 1
mcpyeahyouknowme/sources/whatsapp/helpers.go:29.27,30.26 1 1
mcpyeahyouknowme/sources/whatsapp/helpers.go:30.26,32.5 1 1
mcpyeahyouknowme/sources/whatsapp/helpers.go:32.10,32.34 1 1
mcpyeahyouknowme/sources/whatsapp/helpers.go:32.34,34.5 1 1
mcpyeahyouknowme/sources/whatsapp/helpers.go:34.10,36.5 1 1
mcpyeahyouknowme/sources/whatsapp/helpers.go:38.3,38.38 1 1
mcpyeahyouknowme/sources/whatsapp/helpers.go:40.2,41.42 2 1
mcpyeahyouknowme/sources/whatsapp/helpers.go:46.42,48.2 1 1
mcpyeahyouknowme/sources/whatsapp/helpers.go:51.70,52.16 1 1
mcpyeahyouknowme/sources/whatsapp/helpers.go:52.16,54.3 1 1
mcpyeahyouknowme/sources/whatsapp/helpers.go:55.2,58.29 3 1
mcpyeahyouknowme/sources/whatsapp/helpers.go:58.29,60.3 1 1
mcpyeahyouknowme/sources/whatsapp/helpers.go:61.2,61.24 1 1
mcpyeahyouknowme/sources/whatsapp/helpers.go:61.24,63.3 1 1
mcpyeahyouknowme/sources/whatsapp/helpers.go:65.2,67.28 3 1
mcpyeahyouknowme/sources/whatsapp/helpers.go:67.28,69.29 2 1
mcpyeahyouknowme/sources/whatsapp/helpers.go:69.29,70.78 1 1
mcpyeahyouknowme/sources/whatsapp/helpers.go:70.78,72.10 2 1
mcpyeahyouknowme/sources/whatsapp/helpers.go:75.3,75.13 1 1
mcpyeahyouknowme/sources/whatsapp/helpers.go:75.13,77.4 1 1
mcpyeahyouknowme/sources/whatsapp/helpers.go:79.2,79.13 1 1
mcpyeahyouknowme/sources/whatsapp/helpers.go:83.31,85.2 1 1
mcpyeahyouknowme/sources/whatsapp/helpers.go:88.54,90.2 1 1
mcpyeahyouknowme/sources/whatsapp/helpers.go:93.40,95.33 2 1
mcpyeahyouknowme/sources/whatsapp/helpers.go:95.33,96.22 1 1
mcpyeahyouknowme/sources/whatsapp/helpers.go:96.22,98.4 1 1
mcpyeahyouknowme/sources/whatsapp/helpers.go:100.2,100.11 1 1
mcpyeahyouknowme/sources/whatsapp/helpers.go:104.36,107.22 3 1
mcpyeahyouknowme/sources/whatsapp/helpers.go:107.22,108.54 1 1
mcpyeahyouknowme/sources/whatsapp/helpers.go:108.54,109.18 1 1
mcpyeahyouknowme/sources/whatsapp/helpers.go:109.18,112.5 2 1
mcpyeahyouknowme/sources/whatsapp/helpers.go:113.9,113.23 1 1
mcpyeahyouknowme/sources/whatsapp/helpers.go:113.23,115.4 1 1
mcpyeahyouknowme/sources/whatsapp/helpers.go:117.2,117.16 1 1
mcpyeahyouknowme/sources/whatsapp/helpers.go:117.16,119.3 1 1
mcpyeahyouknowme/sources/whatsapp/helpers.go:120.2,120.14 1 1
mcpyeahyouknowme/sources/whatsapp/helpers.go:124.40,125.14 1 1
mcpyeahyouknowme/sources/whatsapp/helpers.go:125.14,127.3 1 1
mcpyeahyouknowme/sources/whatsapp/helpers.go:128.2,128.11 1 1
mcpyeahyouknowme/sources/whatsapp/helpers.go:132.34,133.45 1 1
mcpyeahyouknowme/sources/whatsapp/helpers.go:133.45,135.3 1 1
mcpyeahyouknowme/sources/whatsapp/helpers.go:136.2,136.12 1 1
mcpyeahyouknowme/sources/whatsapp/helpers.go:140.36,142.16 2 1
mcpyeahyouknowme/sources/whatsapp/helpers.go:142.16,144.17 2 1
mcpyeahyouknowme/sources/whatsapp/helpers.go:144.17,146.18 2 1
mcpyeahyouknowme/sources/whatsapp/helpers.go:146.18,148.5 1 1
mcpyeahyouknowme/sources/whatsapp/helpers.go:151.2,151.10 1 1
mcpyeahyouknowme/sources/whatsapp/mcp.go:15.50,24.83 3 1
mcpyeahyouknowme/sources/whatsapp/mcp.go:24.83,26.23 2 1
mcpyeahyouknowme/sources/whatsapp/mcp.go:26.23,28.4 1 0
mcpyeahyouknowme/sources/whatsapp/mcp.go:29.3,30.17 2 1
mcpyeahyouknowme/sources/whatsapp/mcp.go:30.17,32.4 1 0
mcpyeahyouknowme/sources/whatsapp/mcp.go:33.3,33.35 1 1
mcpyeahyouknowme/sources/whatsapp/mcp.go:36.2,43.83 1 1
mcpyeahyouknowme/sources/whatsapp/mcp.go:43.83,50.19 7 1
mcpyeahyouknowme/sources/whatsapp/mcp.go:50.19,52.4 1 1
mcpyeahyouknowme/sources/whatsapp/mcp.go:53.3,54.17 2 1
mcpyeahyouknowme/sources/whatsapp/mcp.go:54.17,56.4 1 0
mcpyeahyouknowme/sources/whatsapp/mcp.go:57.3,57.32 1 1
mcpyeahyouknowme/sources/whatsapp/mcp.go:60.2,64.83 1 1
mcpyeahyouknowme/sources/whatsapp/mcp.go:64.83,66.23 2 1
mcpyeahyouknowme/sources/whatsapp/mcp.go:66.23,68.4 1 1
mcpyeahyouknowme/sources/whatsapp/mcp.go:69.3,71.17 3 1
mcpyeahyouknowme/sources/whatsapp/mcp.go:71.17,73.4 1 1
mcpyeahyouknowme/sources/whatsapp/mcp.go:74.3,74.31 1 1
mcpyeahyouknowme/sources/whatsapp/mcp.go:77.2,80.83 1 1
mcpyeahyouknowme/sources/whatsapp/mcp.go:80.83,82.23 2 1
mcpyeahyouknowme/sources/whatsapp/mcp.go:82.23,84.4 1 0
mcpyeahyouknowme/sources/whatsapp/mcp.go:85.3,86.17 2 1
mcpyeahyouknowme/sources/whatsapp/mcp.go:86.17,88.4 1 1
mcpyeahyouknowme/sources/whatsapp/mcp.go:89.3,89.31 1 1
mcpyeahyouknowme/sources/whatsapp/mcp.go:92.2,97.83 1 1
mcpyeahyouknowme/sources/whatsapp/mcp.go:97.83,99.23 2 1
mcpyeahyouknowme/sources/whatsapp/mcp.go:99.23,101.4 1 0
mcpyeahyouknowme/sources/whatsapp/mcp.go:102.3,106.17 5 1
mcpyeahyouknowme/sources/whatsapp/mcp.go:106.17,108.4 1 0
mcpyeahyouknowme/sources/whatsapp/mcp.go:109.3,109.32 1 1
mcpyeahyouknowme/sources/whatsapp/mcp.go:114.2,126.83 1 1
mcpyeahyouknowme/sources/whatsapp/mcp.go:126.83,139.17 13 1
mcpyeahyouknowme/sources/whatsapp/mcp.go:139.17,141.4 1 0
mcpyeahyouknowme/sources/whatsapp/mcp.go:142.3,142.59 1 1
mcpyeahyouknowme/sources/whatsapp/mcp.go:145.2,150.83 1 1
mcpyeahyouknowme/sources/whatsapp/mcp.go:150.83,152.23 2 1
mcpyeahyouknowme/sources/whatsapp/mcp.go:152.23,154.4 1 0
mcpyeahyouknowme/sources/whatsapp/mcp.go:155.3,159.17 5 1
mcpyeahyouknowme/sources/whatsapp/mcp.go:159.17,161.4 1 0
mcpyeahyouknowme/sources/whatsapp/mcp.go:162.3,162.54 1 1
mcpyeahyouknowme/sources/whatsapp/mcp.go:165.2,168.83 1 1
mcpyeahyouknowme/sources/whatsapp/mcp.go:168.83,170.23 2 1
mcpyeahyouknowme/sources/whatsapp/mcp.go:170.23,172.4 1 0
mcpyeahyouknowme/sources/whatsapp/mcp.go:173.3,174.17 2 1
mcpyeahyouknowme/sources/whatsapp/mcp.go:174.17,176.4 1 0
mcpyeahyouknowme/sources/whatsapp/mcp.go:177.3,177.59 1 1
mcpyeahyouknowme/sources/whatsapp/mcp.go:182.2,186.83 1 1
mcpyeahyouknowme/sources/whatsapp/mcp.go:186.83,188.23 2 1
mcpyeahyouknowme/sources/whatsapp/mcp.go:188.23,190.4 1 1
mcpyeahyouknowme/sources/whatsapp/mcp.go:191.3,192.23 2 1
mcpyeahyouknowme/sources/whatsapp/mcp.go:192.23,194.4 1 0
mcpyeahyouknowme/sources/whatsapp/mcp.go:195.3,196.44 2 1
mcpyeahyouknowme/sources/whatsapp/mcp.go:196.44,198.4 1 1
mcpyeahyouknowme/sources/whatsapp/mcp.go:199.3,199.83 1 1
mcpyeahyouknowme/sources/whatsapp/mcp.go:199.83,201.4 1 1
mcpyeahyouknowme/sources/whatsapp/mcp.go:202.3,203.17 2 1
mcpyeahyouknowme/sources/whatsapp/mcp.go:203.17,205.4 1 0
mcpyeahyouknowme/sources/whatsapp/mcp.go:206.3,206.85 1 1
mcpyeahyouknowme/sources/whatsapp/mcp.go:209.2,213.83 1 1
mcpyeahyouknowme/sources/whatsapp/mcp.go:213.83,215.23 2 1
mcpyeahyouknowme/sources/whatsapp/mcp.go:215.23,217.4 1 0
mcpyeahyouknowme/sources/whatsapp/mcp.go:218.3,219.23 2 1
mcpyeahyouknowme/sources/whatsapp/mcp.go:219.23,221.4 1 0
mcpyeahyouknowme/sources/whatsapp/mcp.go:222.3,223.17 2 1
mcpyeahyouknowme/sources/whatsapp/mcp.go:223.17,225.4 1 0
mcpyeahyouknowme/sources/whatsapp/mcp.go:226.3,226.85 1 1
mcpyeahyouknowme/sources/whatsapp/mcp.go:229.2,233.83 1 1
mcpyeahyouknowme/sources/whatsapp/mcp.go:233.83,235.23 2 1
mcpyeahyouknowme/sources/whatsapp/mcp.go:235.23,237.4 1 0
mcpyeahyouknowme/sources/whatsapp/mcp.go:238.3,239.23 2 1
mcpyeahyouknowme/sources/whatsapp/mcp.go:239.23,241.4 1 0
mcpyeahyouknowme/sources/whatsapp/mcp.go:242.3,243.17 2 1
mcpyeahyouknowme/sources/whatsapp/mcp.go:243.17,245.4 1 0
mcpyeahyouknowme/sources/whatsapp/mcp.go:246.3,246.85 1 1
mcpyeahyouknowme/sources/whatsapp/mcp.go:251.2,255.83 1 1
mcpyeahyouknowme/sources/whatsapp/mcp.go:255.83,257.23 2 1
mcpyeahyouknowme/sources/whatsapp/mcp.go:257.23,259.4 1 0
mcpyeahyouknowme/sources/whatsapp/mcp.go:260.3,261.23 2 1
mcpyeahyouknowme/sources/whatsapp/mcp.go:261.23,263.4 1 0
mcpyeahyouknowme/sources/whatsapp/mcp.go:264.3,265.17 2 1
mcpyeahyouknowme/sources/whatsapp/mcp.go:265.17,267.4 1 0
mcpyeahyouknowme/sources/whatsapp/mcp.go:268.3,268.129 1 1
mcpyeahyouknowme/sources/whatsapp/service.go:66.68,72.2 1 1
mcpyeahyouknowme/sources/whatsapp/service.go:77.59,80.24 3 1
mcpyeahyouknowme/sources/whatsapp/service.go:80.24,82.3 1 1
mcpyeahyouknowme/sources/whatsapp/service.go:82.8,84.3 1 1
mcpyeahyouknowme/sources/whatsapp/service.go:85.2,86.25 2 1
mcpyeahyouknowme/sources/whatsapp/service.go:86.25,88.3 1 1
mcpyeahyouknowme/sources/whatsapp/service.go:89.2,90.19 2 1
mcpyeahyouknowme/sources/whatsapp/service.go:90.19,92.3 1 1
mcpyeahyouknowme/sources/whatsapp/service.go:93.2,94.19 2 1
mcpyeahyouknowme/sources/whatsapp/service.go:98.63,99.20 1 1
mcpyeahyouknowme/sources/whatsapp/service.go:99.20,101.3 1 1
mcpyeahyouknowme/sources/whatsapp/service.go:102.2,103.25 2 1
mcpyeahyouknowme/sources/whatsapp/service.go:103.25,105.3 1 1
mcpyeahyouknowme/sources/whatsapp/service.go:106.2,106.19 1 1
mcpyeahyouknowme/sources/whatsapp/service.go:112.160,113.17 1 1
mcpyeahyouknowme/sources/whatsapp/service.go:113.17,115.3 1 1
mcpyeahyouknowme/sources/whatsapp/service.go:116.2,116.118 1 1
mcpyeahyouknowme/sources/whatsapp/service.go:120.166,125.17 4 1
mcpyeahyouknowme/sources/whatsapp/service.go:125.17,128.3 2 1
mcpyeahyouknowme/sources/whatsapp/service.go:129.2,129.18 1 1
mcpyeahyouknowme/sources/whatsapp/service.go:129.18,132.3 2 1
mcpyeahyouknowme/sources/whatsapp/service.go:133.2,133.18 1 1
mcpyeahyouknowme/sources/whatsapp/service.go:133.18,136.3 2 1
mcpyeahyouknowme/sources/whatsapp/service.go:137.2,137.19 1 1
mcpyeahyouknowme/sources/whatsapp/service.go:137.19,140.3 2 1
mcpyeahyouknowme/sources/whatsapp/service.go:141.2,141.20 1 1
mcpyeahyouknowme/sources/whatsapp/service.go:141.20,143.3 1 1
mcpyeahyouknowme/sources/whatsapp/service.go:144.2,150.16 6 1
mcpyeahyouknowme/sources/whatsapp/service.go:150.16,152.3 1 0
mcpyeahyouknowme/sources/whatsapp/service.go:153.2,156.37 3 1
mcpyeahyouknowme/sources/whatsapp/service.go:156.37,158.3 1 1
mcpyeahyouknowme/sources/whatsapp/service.go:159.2,159.36 1 1
mcpyeahyouknowme/sources/whatsapp/service.go:163.166,166.22 2 1
mcpyeahyouknowme/sources/whatsapp/service.go:166.22,168.3 1 1
mcpyeahyouknowme/sources/whatsapp/service.go:169.2,169.25 1 1
mcpyeahyouknowme/sources/whatsapp/service.go:169.25,171.3 1 1
mcpyeahyouknowme/sources/whatsapp/service.go:173.2,174.16 2 1
mcpyeahyouknowme/sources/whatsapp/service.go:174.16,177.3 1 0
mcpyeahyouknowme/sources/whatsapp/service.go:179.2,180.27 2 1
mcpyeahyouknowme/sources/whatsapp/service.go:180.27,182.10 2 1
mcpyeahyouknowme/sources/whatsapp/service.go:182.10,184.12 1 0
mcpyeahyouknowme/sources/whatsapp/service.go:186.3,186.43 1 1
mcpyeahyouknowme/sources/whatsapp/service.go:186.43,187.12 1 1
mcpyeahyouknowme/sources/whatsapp/service.go:189.3,189.27 1 1
mcpyeahyouknowme/sources/whatsapp/service.go:192.2,192.37 1 1
mcpyeahyouknowme/sources/whatsapp/service.go:192.37,194.3 1 1
mcpyeahyouknowme/sources/whatsapp/service.go:195.2,195.36 1 1
mcpyeahyouknowme/sources/whatsapp/service.go:205.104,216.19 5 1
mcpyeahyouknowme/sources/whatsapp/service.go:216.19,219.3 2 1
mcpyeahyouknowme/sources/whatsapp/service.go:220.2,220.17 1 1
mcpyeahyouknowme/sources/whatsapp/service.go:220.17,223.3 2 1
mcpyeahyouknowme/sources/whatsapp/service.go:224.2,224.18 1 1
mcpyeahyouknowme/sources/whatsapp/service.go:224.18,227.3 2 1
mcpyeahyouknowme/sources/whatsapp/service.go:228.2,232.16 4 1
mcpyeahyouknowme/sources/whatsapp/service.go:232.16,234.3 1 0
mcpyeahyouknowme/sources/whatsapp/service.go:235.2,238.18 3 1
mcpyeahyouknowme/sources/whatsapp/service.go:238.18,240.67 2 1
mcpyeahyouknowme/sources/whatsapp/service.go:240.67,242.4 1 1
mcpyeahyouknowme/sources/whatsapp/service.go:244.2,244.16 1 1
mcpyeahyouknowme/sources/whatsapp/service.go:248.95,249.22 1 1
mcpyeahyouknowme/sources/whatsapp/service.go:249.22,251.3 1 1
mcpyeahyouknowme/sources/whatsapp/service.go:253.2,255.27 3 1
mcpyeahyouknowme/sources/whatsapp/service.go:255.27,258.3 2 1
mcpyeahyouknowme/sources/whatsapp/service.go:260.2,267.16 2 1
mcpyeahyouknowme/sources/whatsapp/service.go:267.16,269.3 1 0
mcpyeahyouknowme/sources/whatsapp/service.go:270.2,273.41 3 1
mcpyeahyouknowme/sources/whatsapp/service.go:273.41,275.3 1 1
mcpyeahyouknowme/sources/whatsapp/service.go:276.2,276.20 1 1
mcpyeahyouknowme/sources/whatsapp/service.go:282.107,294.125 6 1
mcpyeahyouknowme/sources/whatsapp/service.go:294.125,296.3 1 1
mcpyeahyouknowme/sources/whatsapp/service.go:298.2,312.87 4 1
mcpyeahyouknowme/sources/whatsapp/service.go:316.88,325.16 2 1
mcpyeahyouknowme/sources/whatsapp/service.go:325.16,327.3 1 0
mcpyeahyouknowme/sources/whatsapp/service.go:328.2,329.27 2 1
mcpyeahyouknowme/sources/whatsapp/service.go:333.87,334.51 1 1
mcpyeahyouknowme/sources/whatsapp/service.go:334.51,336.3 1 1
mcpyeahyouknowme/sources/whatsapp/service.go:338.2,339.27 2 1
mcpyeahyouknowme/sources/whatsapp/service.go:339.27,340.40 1 1
mcpyeahyouknowme/sources/whatsapp/service.go:340.40,341.12 1 1
mcpyeahyouknowme/sources/whatsapp/service.go:343.3,343.34 1 1
mcpyeahyouknowme/sources/whatsapp/service.go:345.2,345.21 1 1
mcpyeahyouknowme/sources/whatsapp/service.go:345.21,347.3 1 1
mcpyeahyouknowme/sources/whatsapp/service.go:349.2,351.29 3 1
mcpyeahyouknowme/sources/whatsapp/service.go:351.29,354.3 2 1
mcpyeahyouknowme/sources/whatsapp/service.go:356.2,357.27 2 1
mcpyeahyouknowme/sources/whatsapp/service.go:357.27,358.40 1 1
mcpyeahyouknowme/sources/whatsapp/service.go:358.40,359.12 1 1
mcpyeahyouknowme/sources/whatsapp/service.go:361.3,362.47 2 1
mcpyeahyouknowme/sources/whatsapp/service.go:364.2,395.16 3 1
mcpyeahyouknowme/sources/whatsapp/service.go:395.16,397.3 1 0
mcpyeahyouknowme/sources/whatsapp/service.go:398.2,406.18 4 1
mcpyeahyouknowme/sources/whatsapp/service.go:406.18,414.152 8 1
mcpyeahyouknowme/sources/whatsapp/service.go:414.152,415.12 1 0
mcpyeahyouknowme/sources/whatsapp/service.go:417.3,430.5 1 1
mcpyeahyouknowme/sources/whatsapp/service.go:433.2,434.27 2 1
mcpyeahyouknowme/sources/whatsapp/service.go:434.27,436.21 2 1
mcpyeahyouknowme/sources/whatsapp/service.go:436.21,438.12 2 1
mcpyeahyouknowme/sources/whatsapp/service.go:441.3,446.28 6 1
mcpyeahyouknowme/sources/whatsapp/service.go:446.28,447.11 1 1
mcpyeahyouknowme/sources/whatsapp/service.go:448.27,449.45 1 1
mcpyeahyouknowme/sources/whatsapp/service.go:450.28,452.23 2 1
mcpyeahyouknowme/sources/whatsapp/service.go:453.12,454.43 1 1
mcpyeahyouknowme/sources/whatsapp/service.go:457.3,457.60 1 1
mcpyeahyouknowme/sources/whatsapp/service.go:457.60,459.4 1 1
mcpyeahyouknowme/sources/whatsapp/service.go:460.3,460.19 1 1
mcpyeahyouknowme/sources/whatsapp/service.go:460.19,463.12 2 0
mcpyeahyouknowme/sources/whatsapp/service.go:465.3,467.44 3 1
mcpyeahyouknowme/sources/whatsapp/service.go:469.2,469.17 1 1
mcpyeahyouknowme/sources/whatsapp/service.go:473.51,475.2 1 1
mcpyeahyouknowme/sources/whatsapp/service.go:480.115,483.17 2 1
mcpyeahyouknowme/sources/whatsapp/service.go:483.17,486.3 1 1
mcpyeahyouknowme/sources/whatsapp/service.go:488.2,491.17 3 1
mcpyeahyouknowme/sources/whatsapp/service.go:491.17,493.29 2 1
mcpyeahyouknowme/sources/whatsapp/service.go:493.29,495.4 1 1
mcpyeahyouknowme/sources/whatsapp/service.go:496.3,497.36 2 1
mcpyeahyouknowme/sources/whatsapp/service.go:497.36,500.4 2 1
mcpyeahyouknowme/sources/whatsapp/service.go:501.3,501.78 1 1
mcpyeahyouknowme/sources/whatsapp/service.go:504.2,504.20 1 1
mcpyeahyouknowme/sources/whatsapp/service.go:504.20,506.3 1 1
mcpyeahyouknowme/sources/whatsapp/service.go:508.2,508.22 1 1
mcpyeahyouknowme/sources/whatsapp/service.go:508.22,510.3 1 1
mcpyeahyouknowme/sources/whatsapp/service.go:510.8,512.3 1 1
mcpyeahyouknowme/sources/whatsapp/service.go:514.2,519.16 5 1
mcpyeahyouknowme/sources/whatsapp/service.go:519.16,521.3 1 1
mcpyeahyouknowme/sources/whatsapp/service.go:522.2,525.18 3 1
mcpyeahyouknowme/sources/whatsapp/service.go:525.18,531.95 6 1
mcpyeahyouknowme/sources/whatsapp/service.go:531.95,532.12 1 0
mcpyeahyouknowme/sources/whatsapp/service.go:534.3,539.21 2 1
mcpyeahyouknowme/sources/whatsapp/service.go:539.21,542.4 2 1
mcpyeahyouknowme/sources/whatsapp/service.go:543.3,545.23 3 1
mcpyeahyouknowme/sources/whatsapp/service.go:545.23,547.4 1 1
mcpyeahyouknowme/sources/whatsapp/service.go:548.3,548.30 1 1
mcpyeahyouknowme/sources/whatsapp/service.go:550.2,550.19 1 1
mcpyeahyouknowme/sources/whatsapp/service.go:554.61,558.16 3 1
mcpyeahyouknowme/sources/whatsapp/service.go:558.16,560.19 2 1
mcpyeahyouknowme/sources/whatsapp/service.go:560.19,563.37 3 1
mcpyeahyouknowme/sources/whatsapp/service.go:563.37,564.92 1 1
mcpyeahyouknowme/sources/whatsapp/service.go:564.92,566.6 1 1
mcpyeahyouknowme/sources/whatsapp/service.go:571.2,571.56 1 1
mcpyeahyouknowme/sources/whatsapp/service.go:571.56,573.3 1 1
mcpyeahyouknowme/sources/whatsapp/service.go:575.2,576.22 2 1
mcpyeahyouknowme/sources/whatsapp/service.go:576.22,578.3 1 1
mcpyeahyouknowme/sources/whatsapp/service.go:579.2,580.15 2 1
mcpyeahyouknowme/sources/whatsapp/service.go:584.72,585.31 1 1
mcpyeahyouknowme/sources/whatsapp/service.go:585.31,587.3 1 1
mcpyeahyouknowme/sources/whatsapp/service.go:589.2,590.16 2 1
mcpyeahyouknowme/sources/whatsapp/service.go:590.16,592.3 1 0
mcpyeahyouknowme/sources/whatsapp/service.go:593.2,596.18 3 1
mcpyeahyouknowme/sources/whatsapp/service.go:596.18,599.51 3 1
mcpyeahyouknowme/sources/whatsapp/service.go:599.51,600.12 1 0
mcpyeahyouknowme/sources/whatsapp/service.go:602.3,602.83 1 1
mcpyeahyouknowme/sources/whatsapp/service.go:602.83,604.4 1 1
mcpyeahyouknowme/sources/whatsapp/service.go:607.2,607.28 1 1
mcpyeahyouknowme/sources/whatsapp/service.go:607.28,609.3 1 1
mcpyeahyouknowme/sources/whatsapp/service.go:611.2,615.33 4 1
mcpyeahyouknowme/sources/whatsapp/service.go:615.33,618.3 2 1
mcpyeahyouknowme/sources/whatsapp/service.go:619.2,622.16 2 1
mcpyeahyouknowme/sources/whatsapp/service.go:622.16,624.21 2 1
mcpyeahyouknowme/sources/whatsapp/service.go:624.21,626.31 2 1
mcpyeahyouknowme/sources/whatsapp/service.go:626.31,628.5 1 1
mcpyeahyouknowme/sources/whatsapp/service.go:632.2,633.15 2 1
mcpyeahyouknowme/sources/whatsapp/service.go:639.82,642.17 2 1
mcpyeahyouknowme/sources/whatsapp/service.go:642.17,644.3 1 1
mcpyeahyouknowme/sources/whatsapp/service.go:645.2,651.16 6 1
mcpyeahyouknowme/sources/whatsapp/service.go:651.16,653.3 1 1
mcpyeahyouknowme/sources/whatsapp/service.go:655.2,656.20 2 1
mcpyeahyouknowme/sources/whatsapp/service.go:656.20,659.3 2 1
mcpyeahyouknowme/sources/whatsapp/service.go:660.2,662.22 3 1
mcpyeahyouknowme/sources/whatsapp/service.go:662.22,664.3 1 1
mcpyeahyouknowme/sources/whatsapp/service.go:665.2,665.19 1 1
mcpyeahyouknowme/sources/whatsapp/service.go:669.77,679.16 6 1
mcpyeahyouknowme/sources/whatsapp/service.go:679.16,681.3 1 1
mcpyeahyouknowme/sources/whatsapp/service.go:682.2,683.20 2 1
mcpyeahyouknowme/sources/whatsapp/service.go:683.20,686.3 2 1
mcpyeahyouknowme/sources/whatsapp/service.go:687.2,689.22 3 1
mcpyeahyouknowme/sources/whatsapp/service.go:689.22,691.3 1 1
mcpyeahyouknowme/sources/whatsapp/service.go:692.2,692.19 1 1
mcpyeahyouknowme/sources/whatsapp/service.go:696.86,705.16 2 1
mcpyeahyouknowme/sources/whatsapp/service.go:705.16,707.3 1 0
mcpyeahyouknowme/sources/whatsapp/service.go:708.2,711.18 3 1
mcpyeahyouknowme/sources/whatsapp/service.go:711.18,715.81 4 1
mcpyeahyouknowme/sources/whatsapp/service.go:715.81,716.12 1 0
mcpyeahyouknowme/sources/whatsapp/service.go:718.3,719.21 2 1
mcpyeahyouknowme/sources/whatsapp/service.go:719.21,722.4 2 1
mcpyeahyouknowme/sources/whatsapp/service.go:723.3,725.23 3 1
mcpyeahyouknowme/sources/whatsapp/service.go:725.23,727.4 1 1
mcpyeahyouknowme/sources/whatsapp/service.go:728.3,728.30 1 1
mcpyeahyouknowme/sources/whatsapp/service.go:730.2,730.19 1 1
mcpyeahyouknowme/sources/whatsapp/service.go:736.73,743.16 3 1
mcpyeahyouknowme/sources/whatsapp/service.go:743.16,745.3 1 0
mcpyeahyouknowme/sources/whatsapp/service.go:746.2,750.18 4 1
mcpyeahyouknowme/sources/whatsapp/service.go:750.18,753.36 3 1
mcpyeahyouknowme/sources/whatsapp/service.go:753.36,754.12 1 0
mcpyeahyouknowme/sources/whatsapp/service.go:756.3,761.5 2 1
mcpyeahyouknowme/sources/whatsapp/service.go:764.2,764.31 1 1
mcpyeahyouknowme/sources/whatsapp/service.go:764.31,771.17 2 1
mcpyeahyouknowme/sources/whatsapp/service.go:771.17,773.22 2 1
mcpyeahyouknowme/sources/whatsapp/service.go:773.22,776.55 3 1
mcpyeahyouknowme/sources/whatsapp/service.go:776.55,777.14 1 0
mcpyeahyouknowme/sources/whatsapp/service.go:779.5,779.39 1 1
mcpyeahyouknowme/sources/whatsapp/service.go:779.39,780.14 1 1
mcpyeahyouknowme/sources/whatsapp/service.go:782.5,784.16 3 1
mcpyeahyouknowme/sources/whatsapp/service.go:784.16,786.6 1 1
mcpyeahyouknowme/sources/whatsapp/service.go:787.5,791.7 1 1
mcpyeahyouknowme/sources/whatsapp/service.go:796.2,796.24 1 1
mcpyeahyouknowme/sources/whatsapp/service.go:796.24,798.3 1 1
mcpyeahyouknowme/sources/whatsapp/service.go:799.2,799.22 1 1
mcpyeahyouknowme/sources/whatsapp/service.go:805.69,815.16 3 1
mcpyeahyouknowme/sources/whatsapp/service.go:815.16,817.3 1 1
mcpyeahyouknowme/sources/whatsapp/service.go:818.2,818.34 1 1
mcpyeahyouknowme/sources/whatsapp/service.go:847.83,849.2 1 1
mcpyeahyouknowme/sources/whatsapp/service.go:852.82,854.2 1 1
mcpyeahyouknowme/sources/whatsapp/service.go:857.90,859.2 1 1
mcpyeahyouknowme/sources/whatsapp/service.go:862.73,865.16 3 1
mcpyeahyouknowme/sources/whatsapp/service.go:865.16,867.3 1 1
mcpyeahyouknowme/sources/whatsapp/service.go:868.2,871.49 4 1
mcpyeahyouknowme/sources/whatsapp/service.go:871.49,873.3 1 1
mcpyeahyouknowme/sources/whatsapp/service.go:874.2,874.34 1 1
mcpyeahyouknowme/sources/whatsapp/service.go:878.79,881.16 3 1
mcpyeahyouknowme/sources/whatsapp/service.go:881.16,883.3 1 1
mcpyeahyouknowme/sources/whatsapp/service.go:884.2,887.49 4 1
mcpyeahyouknowme/sources/whatsapp/service.go:887.49,889.3 1 1
mcpyeahyouknowme/sources/whatsapp/service.go:890.2,890.16 1 1
mcpyeahyouknowme/sources/whatsapp/service.go:890.16,892.3 1 1
mcpyeahyouknowme/sources/whatsapp/service.go:893.2,893.20 1 1
mcpyeahyouknowme/sources/whatsapp/service.go:899.48,901.18 2 1
mcpyeahyouknowme/sources/whatsapp/service.go:901.18,905.96 4 1
mcpyeahyouknowme/sources/whatsapp/service.go:905.96,906.12 1 0
mcpyeahyouknowme/sources/whatsapp/service.go:908.3,917.5 1 1
mcpyeahyouknowme/sources/whatsapp/service.go:919.2,919.13 1 1
mcpyeahyouknowme/sources/whatsapp/service.go:927.56,932.16 5 1
mcpyeahyouknowme/sources/whatsapp/service.go:932.16,934.3 1 1
mcpyeahyouknowme/sources/whatsapp/service.go:935.2,944.8 1 1
mcpyeahyouknowme/sources/whatsapp/source.go:17.13,19.2 1 1
mcpyeahyouknowme/sources/whatsapp/source.go:30.40,32.16 2 1
mcpyeahyouknowme/sources/whatsapp/source.go:32.16,35.3 1 1
mcpyeahyouknowme/sources/whatsapp/source.go:36.2,37.58 2 1
mcpyeahyouknowme/sources/whatsapp/source.go:42.69,44.2 1 1
mcpyeahyouknowme/sources/whatsapp/source.go:47.55,48.31 1 1
mcpyeahyouknowme/sources/whatsapp/source.go:48.31,50.3 1 0
mcpyeahyouknowme/sources/whatsapp/source.go:51.2,51.34 1 1
mcpyeahyouknowme/sources/whatsapp/source.go:55.32,55.53 1 1
mcpyeahyouknowme/sources/whatsapp/source.go:58.39,58.60 1 1
mcpyeahyouknowme/sources/whatsapp/source.go:61.32,61.58 1 1
mcpyeahyouknowme/sources/whatsapp/source.go:65.46,74.2 1 1
mcpyeahyouknowme/sources/whatsapp/source.go:77.62,79.68 2 1
mcpyeahyouknowme/sources/whatsapp/source.go:79.68,82.3 2 1
mcpyeahyouknowme/sources/whatsapp/source.go:83.2,83.21 1 1
mcpyeahyouknowme/sources/whatsapp/source.go:88.81,89.17 1 1
mcpyeahyouknowme/sources/whatsapp/source.go:89.17,91.3 1 1
mcpyeahyouknowme/sources/whatsapp/source.go:92.2,93.16 2 1
mcpyeahyouknowme/sources/whatsapp/source.go:93.16,95.3 1 0
mcpyeahyouknowme/sources/whatsapp/source.go:96.2,96.22 1 1
mcpyeahyouknowme/sources/whatsapp/source.go:96.22,97.39 1 1
mcpyeahyouknowme/sources/whatsapp/source.go:97.39,99.4 1 0
mcpyeahyouknowme/sources/whatsapp/source.go:101.2,102.16 2 1
mcpyeahyouknowme/sources/whatsapp/source.go:102.16,104.3 1 0
mcpyeahyouknowme/sources/whatsapp/source.go:105.2,105.22 1 1
mcpyeahyouknowme/sources/whatsapp/source.go:105.22,106.39 1 1
mcpyeahyouknowme/sources/whatsapp/source.go:106.39,108.4 1 1
mcpyeahyouknowme/sources/whatsapp/source.go:110.2,110.41 1 1
mcpyeahyouknowme/sources/whatsapp/source.go:115.52,116.16 1 1
mcpyeahyouknowme/sources/whatsapp/source.go:116.16,118.3 1 1
mcpyeahyouknowme/sources/whatsapp/source.go:119.2,120.21 2 1
mcpyeahyouknowme/sources/whatsapp/source.go:120.21,122.3 1 1
mcpyeahyouknowme/sources/whatsapp/source.go:123.2,123.26 1 1
mcpyeahyouknowme/sources/whatsapp/source.go:146.64,150.16 4 1
mcpyeahyouknowme/sources/whatsapp/source.go:150.16,152.3 1 1
mcpyeahyouknowme/sources/whatsapp/source.go:153.2,154.22 2 1
mcpyeahyouknowme/sources/whatsapp/source.go:154.22,158.87 4 1
mcpyeahyouknowme/sources/whatsapp/source.go:158.87,159.12 1 0
mcpyeahyouknowme/sources/whatsapp/source.go:161.3,166.21 3 1
mcpyeahyouknowme/sources/whatsapp/source.go:166.21,169.4 2 1
mcpyeahyouknowme/sources/whatsapp/source.go:170.3,178.5 1 1
mcpyeahyouknowme/sources/whatsapp/source.go:180.2,180.21 1 1
mcpyeahyouknowme/sources/whatsapp/source.go:187.67,188.31 1 1
mcpyeahyouknowme/sources/whatsapp/source.go:188.31,190.3 1 1
mcpyeahyouknowme/sources/whatsapp/source.go:191.2,194.16 4 1
mcpyeahyouknowme/sources/whatsapp/source.go:194.16,196.3 1 1
mcpyeahyouknowme/sources/whatsapp/source.go:197.2,198.25 2 1
mcpyeahyouknowme/sources/whatsapp/source.go:198.25,201.58 3 1
mcpyeahyouknowme/sources/whatsapp/source.go:201.58,202.12 1 0
mcpyeahyouknowme/sources/whatsapp/source.go:204.3,204.38 1 1
mcpyeahyouknowme/sources/whatsapp/source.go:204.38,205.12 1 0
mcpyeahyouknowme/sources/whatsapp/source.go:207.3,208.24 2 1
mcpyeahyouknowme/sources/whatsapp/source.go:208.24,210.4 1 0
mcpyeahyouknowme/sources/whatsapp/source.go:211.3,211.24 1 1
mcpyeahyouknowme/sources/whatsapp/source.go:211.24,212.12 1 0
mcpyeahyouknowme/sources/whatsapp/source.go:214.3,216.27 3 1
mcpyeahyouknowme/sources/whatsapp/source.go:216.27,218.4 1 1
mcpyeahyouknowme/sources/whatsapp/source.go:220.3,223.19 3 1
mcpyeahyouknowme/sources/whatsapp/source.go:223.19,224.22 1 1
mcpyeahyouknowme/sources/whatsapp/source.go:224.22,226.32 2 1
mcpyeahyouknowme/sources/whatsapp/source.go:226.32,228.6 1 1
mcpyeahyouknowme/sources/whatsapp/source.go:230.4,230.18 1 1
mcpyeahyouknowme/sources/whatsapp/source.go:233.3,244.5 2 1
mcpyeahyouknowme/sources/whatsapp/source.go:246.2,246.21 1 1
mcpyeahyouknowme/sources/whatsapp/source.go:251.86,259.16 3 1
mcpyeahyouknowme/sources/whatsapp/source.go:259.16,261.3 1 1
mcpyeahyouknowme/sources/whatsapp/source.go:262.2,266.28 4 1
mcpyeahyouknowme/sources/whatsapp/source.go:266.28,267.29 1 1
mcpyeahyouknowme/sources/whatsapp/source.go:267.29,269.4 1 0
mcpyeahyouknowme/sources/whatsapp/source.go:270.3,272.13 3 1
mcpyeahyouknowme/sources/whatsapp/source.go:275.2,275.21 1 1
mcpyeahyouknowme/sources/whatsapp/source.go:275.21,279.114 4 1
mcpyeahyouknowme/sources/whatsapp/source.go:279.114,280.12 1 0
mcpyeahyouknowme/sources/whatsapp/source.go:282.3,285.60 3 1
mcpyeahyouknowme/sources/whatsapp/source.go:285.60,286.38 1 1
mcpyeahyouknowme/sources/whatsapp/source.go:286.38,288.5 1 0
mcpyeahyouknowme/sources/whatsapp/source.go:290.3,291.43 2 1
mcpyeahyouknowme/sources/whatsapp/source.go:293.2,293.36 1 1
mcpyeahyouknowme/sources/whatsapp/source.go:293.36,295.3 1 0
mcpyeahyouknowme/sources/whatsapp/source.go:296.2,296.22 1 1
mcpyeahyouknowme/sources/whatsapp/source.go:301.56,306.4 2 1
mcpyeahyouknowme/sources/whatsapp/source.go:306.4,308.49 2 1
mcpyeahyouknowme/sources/whatsapp/source.go:308.49,310.4 1 1
mcpyeahyouknowme/sources/whatsapp/source.go:312.2,312.15 1 1
mcpyeahyouknowme/sources/whatsapp/source.go:316.108,317.24 1 1
mcpyeahyouknowme/sources/whatsapp/source.go:317.24,319.3 1 1
mcpyeahyouknowme/sources/whatsapp/source.go:320.2,321.22 2 1
mcpyeahyouknowme/sources/whatsapp/source.go:321.22,323.3 1 1
mcpyeahyouknowme/sources/whatsapp/source.go:325.2,327.31 3 1
mcpyeahyouknowme/sources/whatsapp/source.go:327.31,328.44 1 1
mcpyeahyouknowme/sources/whatsapp/source.go:328.44,329.12 1 1
mcpyeahyouknowme/sources/whatsapp/source.go:331.3,351.5 3 1
mcpyeahyouknowme/sources/whatsapp/source.go:353.2,353.16 1 1
mcpyeahyouknowme/sources/whatsapp/source.go:357.88,369.18 8 1
mcpyeahyouknowme/sources/whatsapp/source.go:369.18,370.18 1 1
mcpyeahyouknowme/sources/whatsapp/source.go:370.18,372.4 1 1
mcpyeahyouknowme/sources/whatsapp/source.go:373.3,383.21 5 1
mcpyeahyouknowme/sources/whatsapp/source.go:386.2,386.64 1 1
mcpyeahyouknowme/sources/whatsapp/source.go:386.64,394.3 7 1
mcpyeahyouknowme/sources/whatsapp/source.go:396.2,396.31 1 1
mcpyeahyouknowme/sources/whatsapp/source.go:396.31,398.18 2 1
mcpyeahyouknowme/sources/whatsapp/source.go:398.18,399.12 1 1
mcpyeahyouknowme/sources/whatsapp/source.go:401.3,401.77 1 1
mcpyeahyouknowme/sources/whatsapp/source.go:401.77,403.97 2 1
mcpyeahyouknowme/sources/whatsapp/source.go:403.97,406.5 2 1
mcpyeahyouknowme/sources/whatsapp/source.go:407.4,407.12 1 1
mcpyeahyouknowme/sources/whatsapp/source.go:409.3,409.18 1 1
mcpyeahyouknowme/sources/whatsapp/source.go:409.18,411.12 2 1
mcpyeahyouknowme/sources/whatsapp/source.go:413.3,413.62 1 1
mcpyeahyouknowme/sources/whatsapp/source.go:413.62,416.12 3 1
mcpyeahyouknowme/sources/whatsapp/source.go:418.3,422.31 5 1
mcpyeahyouknowme/sources/whatsapp/source.go:424.2,425.15 2 1
mcpyeahyouknowme/sources/whatsapp/source.go:429.62,432.20 3 1
mcpyeahyouknowme/sources/whatsapp/source.go:432.20,434.3 1 1
mcpyeahyouknowme/sources/whatsapp/source.go:435.2,438.50 4 1
mcpyeahyouknowme/sources/whatsapp/source.go:438.50,442.3 3 1
mcpyeahyouknowme/sources/whatsapp/source.go:443.2,443.17 1 1
mcpyeahyouknowme/sources/whatsapp/source.go:443.17,445.3 1 1
mcpyeahyouknowme/sources/whatsapp/source.go:446.2,446.19 1 1
mcpyeahyouknowme/sources/whatsapp/source.go:450.78,452.16 2 1
mcpyeahyouknowme/sources/whatsapp/source.go:452.16,454.3 1 1
mcpyeahyouknowme/sources/whatsapp/source.go:455.2,458.19 4 1
mcpyeahyouknowme/sources/whatsapp/source.go:458.19,460.61 2 1
mcpyeahyouknowme/sources/whatsapp/source.go:460.61,462.4 1 1
mcpyeahyouknowme/sources/whatsapp/source.go:464.2,471.19 8 1
mcpyeahyouknowme/sources/whatsapp/source.go:475.65,476.58 1 1
mcpyeahyouknowme/sources/whatsapp/source.go:476.58,478.3 1 1
mcpyeahyouknowme/sources/whatsapp/source.go:479.2,481.48 3 1
mcpyeahyouknowme/sources/whatsapp/source.go:481.48,484.24 3 1
mcpyeahyouknowme/sources/whatsapp/source.go:484.24,486.4 1 1
mcpyeahyouknowme/sources/whatsapp/source.go:487.3,487.24 1 1
mcpyeahyouknowme/sources/whatsapp/source.go:487.24,489.4 1 1
mcpyeahyouknowme/sources/whatsapp/source.go:490.3,491.53 2 1
mcpyeahyouknowme/sources/whatsapp/source.go:493.2,493.21 1 1
mcpyeahyouknowme/sources/whatsapp/source.go:493.21,495.3 1 1
mcpyeahyouknowme/sources/whatsapp/source.go:496.2,496.14 1 1
mcpyeahyouknowme/sources/whatsapp/source.go:501.52,502.16 1 1
mcpyeahyouknowme/sources/whatsapp/source.go:502.16,504.3 1 1
mcpyeahyouknowme/sources/whatsapp/source.go:505.2,506.25 2 1
mcpyeahyouknowme/sources/whatsapp/source.go:506.25,508.3 1 1
mcpyeahyouknowme/sources/whatsapp/source.go:509.2,509.30 1 1
mcpyeahyouknowme/sources/whatsapp/store.go:29.42,30.29 1 1
mcpyeahyouknowme/sources/whatsapp/store.go:30.29,32.3 1 1
mcpyeahyouknowme/sources/whatsapp/store.go:33.2,33.25 1 1
mcpyeahyouknowme/sources/whatsapp/store.go:37.89,43.2 2 1
mcpyeahyouknowme/sources/whatsapp/store.go:47.104,48.38 1 1
mcpyeahyouknowme/sources/whatsapp/store.go:48.38,50.3 1 1
mcpyeahyouknowme/sources/whatsapp/store.go:51.2,51.45 1 1
mcpyeahyouknowme/sources/whatsapp/store.go:51.45,53.3 1 1
mcpyeahyouknowme/sources/whatsapp/store.go:55.2,61.12 2 1
mcpyeahyouknowme/sources/whatsapp/store.go:65.86,70.16 2 1
mcpyeahyouknowme/sources/whatsapp/store.go:70.16,72.3 1 0
mcpyeahyouknowme/sources/whatsapp/store.go:73.2,76.18 3 1
mcpyeahyouknowme/sources/whatsapp/store.go:76.18,80.17 4 1
mcpyeahyouknowme/sources/whatsapp/store.go:80.17,82.4 1 0
mcpyeahyouknowme/sources/whatsapp/store.go:83.3,84.35 2 1
mcpyeahyouknowme/sources/whatsapp/store.go:87.2,87.22 1 1
mcpyeahyouknowme/sources/whatsapp/store.go:91.69,93.16 2 1
mcpyeahyouknowme/sources/whatsapp/store.go:93.16,95.3 1 0
mcpyeahyouknowme/sources/whatsapp/store.go:96.2,99.18 3 1
mcpyeahyouknowme/sources/whatsapp/store.go:99.18,103.17 4 1
mcpyeahyouknowme/sources/whatsapp/store.go:103.17,105.4 1 0
mcpyeahyouknowme/sources/whatsapp/store.go:106.3,106.31 1 1
mcpyeahyouknowme/sources/whatsapp/store.go:109.2,109.19 1 1
mcpyeahyouknowme/sources/whatsapp/store.go:113.137,119.2 2 1
mcpyeahyouknowme/sources/whatsapp/store.go:122.125,133.2 5 1
mcpyeahyouknowme/sources/whatsapp/store.go:136.50,138.2 1 1
mcpyeahyouknowme/sources/whatsapp/store.go:141.42,143.2 1 1
mcpyeahyouknowme/sources/whatsapp/store.go:146.100,148.16 2 1
mcpyeahyouknowme/sources/whatsapp/store.go:148.16,150.3 1 0
mcpyeahyouknowme/sources/whatsapp/store.go:151.2,156.16 4 1
mcpyeahyouknowme/sources/whatsapp/store.go:156.16,158.3 1 0
mcpyeahyouknowme/sources/whatsapp/store.go:159.2,161.39 2 1
mcpyeahyouknowme/sources/whatsapp/store.go:161.39,163.3 1 1
mcpyeahyouknowme/sources/whatsapp/store.go:164.2,164.20 1 1
mcpyeahyouknowme/sources/whatsapp/store.go:168.42,169.13 1 1
mcpyeahyouknowme/sources/whatsapp/store.go:169.13,171.3 1 1
mcpyeahyouknowme/sources/whatsapp/store.go:172.2,173.17 2 1
mcpyeahyouknowme/sources/whatsapp/store.go:173.17,175.3 1 1
mcpyeahyouknowme/sources/whatsapp/store.go:176.2,176.21 1 1
mcpyeahyouknowme/sources/whatsapp/store.go:176.21,178.3 1 1
mcpyeahyouknowme/sources/whatsapp/store.go:179.2,179.30 1 1
mcpyeahyouknowme/sources/whatsapp/store.go:179.30,180.25 1 1
mcpyeahyouknowme/sources/whatsapp/store.go:180.25,182.4 1 1
mcpyeahyouknowme/sources/whatsapp/store.go:184.2,184.13 1 1
mcpyeahyouknowme/sources/whatsapp/store.go:188.67,190.53 2 1
mcpyeahyouknowme/sources/whatsapp/store.go:190.53,192.3 1 1
mcpyeahyouknowme/sources/whatsapp/store.go:194.2,196.75 3 1
mcpyeahyouknowme/sources/whatsapp/store.go:196.75,198.3 1 1
mcpyeahyouknowme/sources/whatsapp/store.go:200.2,201.75 2 1
mcpyeahyouknowme/sources/whatsapp/store.go:201.75,203.3 1 1
mcpyeahyouknowme/sources/whatsapp/store.go:205.2,205.29 1 1
mcpyeahyouknowme/sources/whatsapp/store.go:205.29,212.34 3 1
mcpyeahyouknowme/sources/whatsapp/store.go:212.34,217.18 3 1
mcpyeahyouknowme/sources/whatsapp/store.go:217.18,218.13 1 1
mcpyeahyouknowme/sources/whatsapp/store.go:220.4,220.47 1 1
mcpyeahyouknowme/sources/whatsapp/store.go:220.47,222.5 1 1
mcpyeahyouknowme/sources/whatsapp/store.go:223.4,223.47 1 1
mcpyeahyouknowme/sources/whatsapp/store.go:223.47,225.5 1 1
mcpyeahyouknowme/sources/whatsapp/store.go:228.3,232.52 3 1
mcpyeahyouknowme/sources/whatsapp/store.go:232.52,239.18 4 1
mcpyeahyouknowme/sources/whatsapp/store.go:239.18,240.48 1 1
mcpyeahyouknowme/sources/whatsapp/store.go:240.48,242.6 1 1
mcpyeahyouknowme/sources/whatsapp/store.go:243.5,243.48 1 1
mcpyeahyouknowme/sources/whatsapp/store.go:243.48,245.6 1 1
mcpyeahyouknowme/sources/whatsapp/store.go:247.4,247.13 1 1
mcpyeahyouknowme/sources/whatsapp/store.go:251.2,251.18 1 1
mcpyeahyouknowme/sources/whatsapp/store_init.go:13.61,14.51 1 1
mcpyeahyouknowme/sources/whatsapp/store_init.go:14.51,16.3 1 0
mcpyeahyouknowme/sources/whatsapp/store_init.go:18.2,19.16 2 1
mcpyeahyouknowme/sources/whatsapp/store_init.go:19.16,21.3 1 0
mcpyeahyouknowme/sources/whatsapp/store_init.go:23.2,57.16 4 1
mcpyeahyouknowme/sources/whatsapp/store_init.go:57.16,60.3 2 1
mcpyeahyouknowme/sources/whatsapp/store_init.go:62.2,80.18 7 0
mcpyeahyouknowme/sources/whatsapp/store_init.go:80.18,83.19 3 0
mcpyeahyouknowme/sources/whatsapp/store_init.go:83.19,85.4 1 0
mcpyeahyouknowme/sources/whatsapp/store_init.go:88.2,92.16 3 0
mcpyeahyouknowme/sources/whatsapp/store_init.go:92.16,94.3 1 0
mcpyeahyouknowme/sources/whatsapp/store_init.go:96.2,96.19 1 0
mcpyeahyouknowme/sources/whatsapp/store_init.go:101.54,103.2 1 0
