mode: set
whatsapp-client/daemon.go:22.25,25.2 2 0
whatsapp-client/daemon.go:27.32,29.2 1 0
whatsapp-client/daemon.go:31.38,33.50 2 0
whatsapp-client/daemon.go:33.50,36.3 2 0
whatsapp-client/daemon.go:37.2,37.14 1 0
whatsapp-client/daemon.go:40.24,42.41 2 0
whatsapp-client/daemon.go:42.41,44.3 1 0
whatsapp-client/daemon.go:45.2,46.16 2 0
whatsapp-client/daemon.go:46.16,48.3 1 0
whatsapp-client/daemon.go:49.2,54.32 6 0
whatsapp-client/daemon.go:57.21,58.19 1 0
whatsapp-client/daemon.go:58.19,61.3 2 0
whatsapp-client/daemon.go:64.30,66.27 2 0
whatsapp-client/daemon.go:66.27,67.46 1 0
whatsapp-client/daemon.go:67.46,69.4 1 0
whatsapp-client/daemon.go:72.2,72.30 1 0
whatsapp-client/daemon.go:72.30,76.3 3 0
whatsapp-client/daemon.go:78.2,78.13 1 0
whatsapp-client/daemon.go:78.13,82.43 3 0
whatsapp-client/daemon.go:82.43,84.4 1 0
whatsapp-client/daemon.go:86.3,88.53 2 0
whatsapp-client/daemon.go:91.2,98.16 6 0
whatsapp-client/daemon.go:98.16,101.3 2 0
whatsapp-client/daemon.go:103.2,104.16 2 0
whatsapp-client/daemon.go:104.16,105.27 1 0
whatsapp-client/daemon.go:105.27,107.4 1 0
whatsapp-client/daemon.go:107.9,110.4 2 0
whatsapp-client/daemon.go:113.2,114.28 2 0
whatsapp-client/daemon.go:114.28,118.3 3 0
whatsapp-client/daemon.go:121.2,122.16 2 0
whatsapp-client/daemon.go:122.16,124.3 1 0
whatsapp-client/daemon.go:126.2,128.47 3 0
whatsapp-client/daemon.go:128.47,129.26 1 0
whatsapp-client/daemon.go:130.26,131.11 1 0
whatsapp-client/daemon.go:132.38,132.38 0 0
whatsapp-client/daemon.go:133.12,133.12 0 0
whatsapp-client/daemon.go:135.28,136.27 1 0
whatsapp-client/daemon.go:136.27,140.5 3 0
whatsapp-client/daemon.go:144.2,145.41 2 0
whatsapp-client/daemon.go:145.41,148.3 2 0
whatsapp-client/daemon.go:150.2,151.26 2 0
whatsapp-client/daemon.go:151.26,152.26 1 0
whatsapp-client/daemon.go:152.26,155.4 2 0
whatsapp-client/daemon.go:155.9,155.36 1 0
whatsapp-client/daemon.go:155.36,157.9 2 0
whatsapp-client/daemon.go:161.2,161.9 1 0
whatsapp-client/daemon.go:162.16,163.66 1 0
whatsapp-client/daemon.go:164.37,166.13 2 0
whatsapp-client/daemon.go:169.2,169.9 1 0
whatsapp-client/daemon.go:170.24,175.27 4 0
whatsapp-client/daemon.go:175.27,177.4 1 0
whatsapp-client/daemon.go:178.38,179.106 1 0
whatsapp-client/daemon.go:182.2,182.25 1 0
whatsapp-client/daemon.go:182.25,184.3 1 0
whatsapp-client/daemon.go:185.2,188.13 2 0
whatsapp-client/daemon.go:188.13,190.43 2 0
whatsapp-client/daemon.go:190.43,193.4 2 0
whatsapp-client/daemon.go:197.25,229.72 9 0
whatsapp-client/daemon.go:229.72,232.3 2 0
whatsapp-client/daemon.go:234.2,235.71 2 0
whatsapp-client/daemon.go:235.71,238.3 2 0
whatsapp-client/daemon.go:239.2,240.35 2 0
whatsapp-client/daemon.go:243.17,246.71 3 0
whatsapp-client/daemon.go:246.71,249.3 2 0
whatsapp-client/daemon.go:250.2,250.36 1 0
whatsapp-client/daemon.go:253.16,255.73 2 0
whatsapp-client/daemon.go:255.73,258.3 2 0
whatsapp-client/daemon.go:259.2,259.36 1 0
whatsapp-client/daemon.go:262.19,265.71 3 0
whatsapp-client/daemon.go:265.71,268.3 2 0
whatsapp-client/daemon.go:269.2,269.38 1 0
whatsapp-client/daemon.go:272.21,275.64 3 0
whatsapp-client/daemon.go:275.64,277.3 1 0
whatsapp-client/daemon.go:277.8,277.23 1 0
whatsapp-client/daemon.go:277.23,279.3 1 0
whatsapp-client/daemon.go:282.17,286.49 3 0
whatsapp-client/daemon.go:286.49,289.3 2 0
whatsapp-client/daemon.go:290.2,290.43 1 0
whatsapp-client/daemon.go:290.43,293.3 2 0
whatsapp-client/daemon.go:294.2,294.44 1 0
whatsapp-client/daemon.go:297.21,304.49 5 0
whatsapp-client/daemon.go:304.49,308.27 4 0
whatsapp-client/daemon.go:308.27,309.83 1 0
whatsapp-client/daemon.go:309.83,311.5 1 0
whatsapp-client/daemon.go:313.3,314.25 2 0
whatsapp-client/daemon.go:314.25,317.4 2 0
whatsapp-client/daemon.go:319.2,321.94 2 0
whatsapp-client/daemon.go:321.94,323.3 1 0
whatsapp-client/daemon.go:323.8,325.3 1 0
whatsapp-client/daemon.go:328.16,338.60 8 0
whatsapp-client/daemon.go:338.60,340.3 1 0
whatsapp-client/daemon.go:340.8,342.3 1 0
whatsapp-client/daemon.go:343.2,347.41 4 0
whatsapp-client/daemon.go:347.41,349.17 2 0
whatsapp-client/daemon.go:349.17,355.31 6 0
whatsapp-client/daemon.go:355.31,357.5 1 0
whatsapp-client/daemon.go:357.10,359.5 1 0
whatsapp-client/daemon.go:360.9,362.4 1 0
whatsapp-client/daemon.go:363.8,365.3 1 0
whatsapp-client/daemon.go:367.2,368.42 2 0
whatsapp-client/daemon.go:368.42,370.17 2 0
whatsapp-client/daemon.go:370.17,378.4 7 0
whatsapp-client/daemon.go:379.8,381.3 1 0
whatsapp-client/daemon.go:382.2,386.42 4 0
whatsapp-client/daemon.go:386.42,390.33 4 0
whatsapp-client/daemon.go:390.33,392.4 1 0
whatsapp-client/daemon.go:392.9,394.4 1 0
whatsapp-client/daemon.go:395.3,396.69 2 0
whatsapp-client/daemon.go:397.8,399.3 1 0
whatsapp-client/daemon.go:416.35,417.15 1 0
whatsapp-client/daemon.go:418.14,419.25 1 0
whatsapp-client/daemon.go:420.13,421.24 1 0
whatsapp-client/daemon.go:422.10,424.13 2 0
whatsapp-client/daemon.go:428.29,446.2 1 0
whatsapp-client/daemon.go:448.28,486.2 1 0
whatsapp-client/datadir.go:14.23,15.24 1 1
whatsapp-client/datadir.go:15.24,17.17 2 1
whatsapp-client/datadir.go:17.17,19.4 1 0
whatsapp-client/datadir.go:20.3,20.72 1 1
whatsapp-client/datadir.go:22.2,22.21 1 1
whatsapp-client/embedding.go:19.27,20.22 1 1
whatsapp-client/embedding.go:21.16,22.32 1 1
whatsapp-client/embedding.go:23.17,24.27 1 0
whatsapp-client/embedding.go:25.10,26.29 1 0
whatsapp-client/embedding.go:31.27,33.2 1 1
whatsapp-client/embedding.go:38.62,40.60 2 1
whatsapp-client/embedding.go:40.60,42.3 1 1
whatsapp-client/embedding.go:44.2,47.15 2 0
whatsapp-client/embedding.go:47.15,48.31 1 0
whatsapp-client/embedding.go:48.31,51.4 2 0
whatsapp-client/embedding.go:54.2,58.20 2 0
whatsapp-client/embedding.go:58.20,60.3 1 0
whatsapp-client/embedding.go:62.2,62.37 1 0
whatsapp-client/embedding.go:66.83,67.20 1 0
whatsapp-client/embedding.go:67.20,69.3 1 0
whatsapp-client/embedding.go:70.2,70.47 1 0
whatsapp-client/embedding.go:74.64,76.2 1 0
whatsapp-client/embedding.go:79.28,80.20 1 0
whatsapp-client/embedding.go:80.20,82.3 1 0
whatsapp-client/fuzzy.go:7.48,8.32 1 1
whatsapp-client/fuzzy.go:8.32,10.3 1 1
whatsapp-client/fuzzy.go:11.2,11.32 1 1
whatsapp-client/fuzzy.go:11.32,13.3 1 1
whatsapp-client/fuzzy.go:15.2,23.26 7 1
whatsapp-client/fuzzy.go:23.26,24.27 1 1
whatsapp-client/fuzzy.go:24.27,25.26 1 1
whatsapp-client/fuzzy.go:25.26,27.5 1 1
whatsapp-client/fuzzy.go:27.10,27.34 1 1
whatsapp-client/fuzzy.go:27.34,29.5 1 1
whatsapp-client/fuzzy.go:29.10,31.5 1 1
whatsapp-client/fuzzy.go:33.3,33.38 1 1
whatsapp-client/fuzzy.go:35.2,36.42 2 1
whatsapp-client/fuzzy.go:42.42,44.2 1 1
whatsapp-client/fuzzy.go:46.70,47.16 1 1
whatsapp-client/fuzzy.go:47.16,49.3 1 1
whatsapp-client/fuzzy.go:50.2,53.29 3 1
whatsapp-client/fuzzy.go:53.29,55.3 1 1
whatsapp-client/fuzzy.go:56.2,56.24 1 1
whatsapp-client/fuzzy.go:56.24,58.3 1 1
whatsapp-client/fuzzy.go:60.2,62.28 3 1
whatsapp-client/fuzzy.go:62.28,64.29 2 1
whatsapp-client/fuzzy.go:64.29,65.78 1 1
whatsapp-client/fuzzy.go:65.78,67.10 2 1
whatsapp-client/fuzzy.go:70.3,70.13 1 1
whatsapp-client/fuzzy.go:70.13,72.4 1 1
whatsapp-client/fuzzy.go:74.2,74.13 1 1
whatsapp-client/fuzzy.go:78.31,80.30 2 1
whatsapp-client/fuzzy.go:80.30,82.27 2 1
whatsapp-client/fuzzy.go:82.27,84.4 1 1
whatsapp-client/fuzzy.go:85.3,85.11 1 1
whatsapp-client/fuzzy.go:87.2,87.18 1 1
whatsapp-client/fuzzy.go:90.54,92.2 1 1
whatsapp-client/fuzzy.go:94.40,96.33 2 1
whatsapp-client/fuzzy.go:96.33,97.22 1 1
whatsapp-client/fuzzy.go:97.22,99.4 1 1
whatsapp-client/fuzzy.go:101.2,101.11 1 1
whatsapp-client/fuzzy.go:104.36,107.22 3 1
whatsapp-client/fuzzy.go:107.22,108.54 1 1
whatsapp-client/fuzzy.go:108.54,109.18 1 1
whatsapp-client/fuzzy.go:109.18,112.5 2 1
whatsapp-client/fuzzy.go:113.9,113.23 1 1
whatsapp-client/fuzzy.go:113.23,115.4 1 1
whatsapp-client/fuzzy.go:117.2,117.16 1 1
whatsapp-client/fuzzy.go:117.16,119.3 1 1
whatsapp-client/fuzzy.go:120.2,120.14 1 1
whatsapp-client/main.go:35.54,36.16 1 0
whatsapp-client/main.go:36.16,38.3 1 0
whatsapp-client/main.go:40.2,40.47 1 0
whatsapp-client/main.go:40.47,42.3 1 0
whatsapp-client/main.go:43.2,43.53 1 0
whatsapp-client/main.go:43.53,45.3 1 0
whatsapp-client/main.go:46.2,46.36 1 0
whatsapp-client/main.go:46.36,48.3 1 0
whatsapp-client/main.go:49.2,49.44 1 0
whatsapp-client/main.go:49.44,50.41 1 0
whatsapp-client/main.go:50.41,52.4 1 0
whatsapp-client/main.go:53.3,53.19 1 0
whatsapp-client/main.go:55.2,55.42 1 0
whatsapp-client/main.go:55.42,57.3 1 0
whatsapp-client/main.go:58.2,58.49 1 0
whatsapp-client/main.go:58.49,60.3 1 0
whatsapp-client/main.go:61.2,61.41 1 0
whatsapp-client/main.go:61.41,63.3 1 0
whatsapp-client/main.go:64.2,64.52 1 0
whatsapp-client/main.go:64.52,65.41 1 0
whatsapp-client/main.go:65.41,67.4 1 0
whatsapp-client/main.go:68.3,68.24 1 0
whatsapp-client/main.go:70.2,70.73 1 0
whatsapp-client/main.go:70.73,72.18 2 0
whatsapp-client/main.go:72.18,74.4 1 0
whatsapp-client/main.go:75.3,75.29 1 0
whatsapp-client/main.go:77.2,77.77 1 0
whatsapp-client/main.go:77.77,79.18 2 0
whatsapp-client/main.go:79.18,81.4 1 0
whatsapp-client/main.go:83.2,83.33 1 0
whatsapp-client/main.go:83.33,85.3 1 0
whatsapp-client/main.go:86.2,86.41 1 0
whatsapp-client/main.go:86.41,88.3 1 0
whatsapp-client/main.go:89.2,89.45 1 0
whatsapp-client/main.go:89.45,91.3 1 0
whatsapp-client/main.go:92.2,92.36 1 0
whatsapp-client/main.go:92.36,94.3 1 0
whatsapp-client/main.go:95.2,95.44 1 0
whatsapp-client/main.go:95.44,97.3 1 0
whatsapp-client/main.go:98.2,98.123 1 0
whatsapp-client/main.go:98.123,100.3 1 0
whatsapp-client/main.go:101.2,101.39 1 0
whatsapp-client/main.go:101.39,103.3 1 0
whatsapp-client/main.go:105.2,105.11 1 0
whatsapp-client/main.go:122.119,123.27 1 0
whatsapp-client/main.go:123.27,125.3 1 0
whatsapp-client/main.go:128.2,134.11 4 0
whatsapp-client/main.go:134.11,137.17 2 0
whatsapp-client/main.go:137.17,139.4 1 0
whatsapp-client/main.go:140.8,146.3 1 0
whatsapp-client/main.go:148.2,151.21 2 0
whatsapp-client/main.go:151.21,154.17 2 0
whatsapp-client/main.go:154.17,156.4 1 0
whatsapp-client/main.go:159.3,164.18 4 0
whatsapp-client/main.go:166.22,168.27 2 0
whatsapp-client/main.go:169.14,171.26 2 0
whatsapp-client/main.go:172.14,174.26 2 0
whatsapp-client/main.go:175.15,177.27 2 0
whatsapp-client/main.go:180.14,182.39 2 0
whatsapp-client/main.go:185.14,187.26 2 0
whatsapp-client/main.go:188.14,190.26 2 0
whatsapp-client/main.go:191.14,193.32 2 0
whatsapp-client/main.go:196.11,198.41 2 0
whatsapp-client/main.go:202.3,203.17 2 0
whatsapp-client/main.go:203.17,205.4 1 0
whatsapp-client/main.go:207.3,210.20 2 0
whatsapp-client/main.go:211.29,221.5 1 0
whatsapp-client/main.go:222.29,228.41 3 0
whatsapp-client/main.go:228.41,230.19 2 0
whatsapp-client/main.go:230.19,233.6 2 0
whatsapp-client/main.go:233.11,235.6 1 0
whatsapp-client/main.go:236.10,238.5 1 0
whatsapp-client/main.go:240.4,251.5 1 0
whatsapp-client/main.go:252.29,262.5 1 0
whatsapp-client/main.go:263.32,274.5 1 0
whatsapp-client/main.go:276.8,278.3 1 0
whatsapp-client/main.go:281.2,283.16 2 0
whatsapp-client/main.go:283.16,285.3 1 0
whatsapp-client/main.go:287.2,287.59 1 0
whatsapp-client/main.go:291.170,292.16 1 0
whatsapp-client/main.go:292.16,294.3 1 0
whatsapp-client/main.go:297.2,297.46 1 0
whatsapp-client/main.go:297.46,300.3 1 0
whatsapp-client/main.go:303.2,303.46 1 0
whatsapp-client/main.go:303.46,306.3 1 0
whatsapp-client/main.go:309.2,309.46 1 0
whatsapp-client/main.go:309.46,312.3 1 0
whatsapp-client/main.go:315.2,315.49 1 0
whatsapp-client/main.go:315.49,317.21 2 0
whatsapp-client/main.go:317.21,319.4 1 0
whatsapp-client/main.go:320.3,321.101 1 0
whatsapp-client/main.go:324.2,324.37 1 0
whatsapp-client/main.go:328.116,338.16 5 0
whatsapp-client/main.go:338.16,340.3 1 0
whatsapp-client/main.go:343.2,349.38 3 0
whatsapp-client/main.go:349.38,351.3 1 0
whatsapp-client/main.go:354.2,370.16 2 0
whatsapp-client/main.go:370.16,372.3 1 0
whatsapp-client/main.go:372.8,376.24 3 0
whatsapp-client/main.go:376.24,378.4 1 0
whatsapp-client/main.go:381.3,381.22 1 0
whatsapp-client/main.go:381.22,383.4 1 0
whatsapp-client/main.go:383.9,383.27 1 0
whatsapp-client/main.go:383.27,385.4 1 0
whatsapp-client/main.go:415.50,417.2 1 0
whatsapp-client/main.go:420.43,422.2 1 0
whatsapp-client/main.go:425.48,427.2 1 0
whatsapp-client/main.go:430.50,432.2 1 0
whatsapp-client/main.go:435.50,437.2 1 0
whatsapp-client/main.go:440.53,442.2 1 0
whatsapp-client/main.go:445.62,447.2 1 0
whatsapp-client/main.go:450.139,464.16 8 0
whatsapp-client/main.go:464.16,471.17 2 0
whatsapp-client/main.go:471.17,473.4 1 0
whatsapp-client/main.go:477.2,477.21 1 0
whatsapp-client/main.go:477.21,479.3 1 0
whatsapp-client/main.go:482.2,482.51 1 0
whatsapp-client/main.go:482.51,484.3 1 0
whatsapp-client/main.go:487.2,491.16 3 0
whatsapp-client/main.go:491.16,493.3 1 0
whatsapp-client/main.go:496.2,496.46 1 0
whatsapp-client/main.go:496.46,499.3 1 0
whatsapp-client/main.go:502.2,502.107 1 0
whatsapp-client/main.go:502.107,504.3 1 0
whatsapp-client/main.go:506.2,513.19 4 0
whatsapp-client/main.go:514.15,515.37 1 0
whatsapp-client/main.go:516.15,517.37 1 0
whatsapp-client/main.go:518.15,519.37 1 0
whatsapp-client/main.go:520.18,521.40 1 0
whatsapp-client/main.go:522.10,523.80 1 0
whatsapp-client/main.go:526.2,538.16 3 0
whatsapp-client/main.go:538.16,540.3 1 0
whatsapp-client/main.go:543.2,543.65 1 0
whatsapp-client/main.go:543.65,545.3 1 0
whatsapp-client/main.go:547.2,548.48 2 0
whatsapp-client/main.go:552.50,558.20 2 0
whatsapp-client/main.go:558.20,560.3 1 0
whatsapp-client/main.go:562.2,568.23 3 0
whatsapp-client/main.go:572.86,574.76 1 0
whatsapp-client/main.go:574.76,576.34 1 0
whatsapp-client/main.go:576.34,579.4 2 0
whatsapp-client/main.go:582.3,583.62 2 0
whatsapp-client/main.go:583.62,586.4 2 0
whatsapp-client/main.go:589.3,589.26 1 0
whatsapp-client/main.go:589.26,592.4 2 0
whatsapp-client/main.go:594.3,594.47 1 0
whatsapp-client/main.go:594.47,597.4 2 0
whatsapp-client/main.go:599.3,608.15 5 0
whatsapp-client/main.go:608.15,610.4 1 0
whatsapp-client/main.go:613.3,616.5 1 0
whatsapp-client/main.go:620.2,620.80 1 0
whatsapp-client/main.go:620.80,622.34 1 0
whatsapp-client/main.go:622.34,625.4 2 0
whatsapp-client/main.go:628.3,629.62 2 0
whatsapp-client/main.go:629.62,632.4 2 0
whatsapp-client/main.go:635.3,635.47 1 0
whatsapp-client/main.go:635.47,638.4 2 0
whatsapp-client/main.go:641.3,647.29 3 0
whatsapp-client/main.go:647.29,649.18 2 0
whatsapp-client/main.go:649.18,651.5 1 0
whatsapp-client/main.go:653.4,658.10 3 0
whatsapp-client/main.go:662.3,667.5 1 0
whatsapp-client/main.go:671.2,675.12 3 0
whatsapp-client/main.go:675.12,676.62 1 0
whatsapp-client/main.go:676.62,678.4 1 0
whatsapp-client/main.go:682.19,701.2 18 0
whatsapp-client/main.go:703.13,704.22 1 0
whatsapp-client/main.go:704.22,707.3 2 0
whatsapp-client/main.go:709.2,712.13 3 0
whatsapp-client/main.go:713.15,715.9 2 0
whatsapp-client/main.go:716.13,718.9 2 0
whatsapp-client/main.go:719.24,721.9 2 0
whatsapp-client/main.go:722.19,724.9 2 0
whatsapp-client/main.go:725.15,727.9 2 0
whatsapp-client/main.go:728.14,730.9 2 0
whatsapp-client/main.go:731.17,733.9 2 0
whatsapp-client/main.go:734.15,736.9 2 0
whatsapp-client/main.go:737.14,739.9 2 0
whatsapp-client/main.go:740.21,742.20 2 0
whatsapp-client/main.go:742.20,744.4 1 0
whatsapp-client/main.go:745.3,746.9 2 0
whatsapp-client/main.go:747.14,748.17 1 0
whatsapp-client/main.go:749.10,752.13 3 0
whatsapp-client/main.go:756.2,764.47 5 0
whatsapp-client/main.go:764.47,767.3 2 0
whatsapp-client/main.go:769.2,770.16 2 0
whatsapp-client/main.go:770.16,773.3 2 0
whatsapp-client/main.go:776.2,777.16 2 0
whatsapp-client/main.go:777.16,778.27 1 0
whatsapp-client/main.go:778.27,782.4 2 0
whatsapp-client/main.go:782.9,785.4 2 0
whatsapp-client/main.go:789.2,790.19 2 0
whatsapp-client/main.go:790.19,793.3 2 0
whatsapp-client/main.go:796.2,797.16 2 0
whatsapp-client/main.go:797.16,800.3 2 0
whatsapp-client/main.go:801.2,804.47 2 0
whatsapp-client/main.go:804.47,805.26 1 0
whatsapp-client/main.go:806.24,808.50 1 0
whatsapp-client/main.go:810.28,812.54 1 0
whatsapp-client/main.go:814.26,815.41 1 0
whatsapp-client/main.go:817.26,818.74 1 0
whatsapp-client/main.go:823.2,826.28 2 0
whatsapp-client/main.go:826.28,830.17 3 0
whatsapp-client/main.go:830.17,833.4 2 0
whatsapp-client/main.go:836.3,836.27 1 0
whatsapp-client/main.go:836.27,837.27 1 0
whatsapp-client/main.go:837.27,840.5 2 0
whatsapp-client/main.go:840.10,840.37 1 0
whatsapp-client/main.go:840.37,842.10 2 0
whatsapp-client/main.go:847.3,847.10 1 0
whatsapp-client/main.go:848.20,849.62 1 0
whatsapp-client/main.go:850.38,852.10 2 0
whatsapp-client/main.go:854.8,857.17 2 0
whatsapp-client/main.go:857.17,860.4 2 0
whatsapp-client/main.go:861.3,861.20 1 0
whatsapp-client/main.go:865.2,867.27 2 0
whatsapp-client/main.go:867.27,870.3 2 0
whatsapp-client/main.go:872.2,888.21 8 0
whatsapp-client/main.go:892.172,898.136 4 0
whatsapp-client/main.go:898.136,901.3 2 0
whatsapp-client/main.go:904.2,906.26 2 0
whatsapp-client/main.go:906.26,911.26 2 0
whatsapp-client/main.go:911.26,914.45 3 0
whatsapp-client/main.go:914.45,917.156 2 0
whatsapp-client/main.go:917.156,920.6 2 0
whatsapp-client/main.go:922.5,922.121 1 0
whatsapp-client/main.go:922.121,925.6 2 0
whatsapp-client/main.go:928.4,928.48 1 0
whatsapp-client/main.go:928.48,930.5 1 0
whatsapp-client/main.go:930.10,930.49 1 0
whatsapp-client/main.go:930.49,932.5 1 0
whatsapp-client/main.go:935.3,935.17 1 0
whatsapp-client/main.go:935.17,937.42 2 0
whatsapp-client/main.go:937.42,939.5 1 0
whatsapp-client/main.go:939.10,941.5 1 0
whatsapp-client/main.go:944.3,944.45 1 0
whatsapp-client/main.go:945.8,950.43 3 0
whatsapp-client/main.go:950.43,952.4 1 0
whatsapp-client/main.go:952.9,952.50 1 0
whatsapp-client/main.go:952.50,954.4 1 0
whatsapp-client/main.go:954.9,954.26 1 0
whatsapp-client/main.go:954.26,956.4 1 0
whatsapp-client/main.go:956.9,958.4 1 0
whatsapp-client/main.go:960.3,960.47 1 0
whatsapp-client/main.go:964.2,965.101 2 0
whatsapp-client/main.go:965.101,968.3 2 0
whatsapp-client/main.go:970.2,970.13 1 0
whatsapp-client/main.go:974.132,978.62 3 0
whatsapp-client/main.go:978.62,979.29 1 0
whatsapp-client/main.go:979.29,980.12 1 0
whatsapp-client/main.go:983.3,986.17 3 0
whatsapp-client/main.go:986.17,988.12 2 0
whatsapp-client/main.go:991.3,996.69 2 0
whatsapp-client/main.go:996.69,998.53 2 0
whatsapp-client/main.go:998.53,999.30 1 0
whatsapp-client/main.go:999.30,1001.6 1 0
whatsapp-client/main.go:1003.4,1003.22 1 0
whatsapp-client/main.go:1003.22,1005.5 1 0
whatsapp-client/main.go:1008.3,1009.24 2 0
whatsapp-client/main.go:1009.24,1011.52 2 0
whatsapp-client/main.go:1011.52,1012.13 1 0
whatsapp-client/main.go:1015.4,1016.62 2 0
whatsapp-client/main.go:1016.62,1018.5 1 0
whatsapp-client/main.go:1018.10,1019.13 1 0
whatsapp-client/main.go:1022.4,1024.33 2 0
whatsapp-client/main.go:1024.33,1025.41 1 0
whatsapp-client/main.go:1025.41,1026.14 1 0
whatsapp-client/main.go:1030.5,1031.35 2 0
whatsapp-client/main.go:1031.35,1033.6 1 0
whatsapp-client/main.go:1035.5,1039.35 4 0
whatsapp-client/main.go:1039.35,1041.6 1 0
whatsapp-client/main.go:1043.5,1043.41 1 0
whatsapp-client/main.go:1043.41,1044.14 1 0
whatsapp-client/main.go:1050.5,1052.31 3 0
whatsapp-client/main.go:1052.31,1053.39 1 0
whatsapp-client/main.go:1053.39,1055.7 1 0
whatsapp-client/main.go:1057.5,1057.17 1 0
whatsapp-client/main.go:1057.17,1059.6 1 0
whatsapp-client/main.go:1059.11,1061.108 1 0
whatsapp-client/main.go:1061.108,1063.7 1 0
whatsapp-client/main.go:1065.6,1065.90 1 0
whatsapp-client/main.go:1065.90,1067.7 1 0
whatsapp-client/main.go:1069.6,1069.84 1 0
whatsapp-client/main.go:1069.84,1071.7 1 0
whatsapp-client/main.go:1073.6,1073.22 1 0
whatsapp-client/main.go:1073.22,1075.7 1 0
whatsapp-client/main.go:1078.5,1079.60 2 0
whatsapp-client/main.go:1079.60,1081.6 1 0
whatsapp-client/main.go:1083.5,1084.57 2 0
whatsapp-client/main.go:1084.57,1086.6 1 0
whatsapp-client/main.go:1086.11,1087.14 1 0
whatsapp-client/main.go:1090.5,1105.19 2 0
whatsapp-client/main.go:1105.19,1107.6 1 0
whatsapp-client/main.go:1107.11,1109.6 1 0
whatsapp-client/main.go:1114.2,1114.73 1 0
whatsapp-client/main.go:1118.51,1119.19 1 0
whatsapp-client/main.go:1119.19,1122.3 2 0
whatsapp-client/main.go:1124.2,1124.27 1 0
whatsapp-client/main.go:1124.27,1127.3 2 0
whatsapp-client/main.go:1129.2,1129.28 1 0
whatsapp-client/main.go:1129.28,1132.3 2 0
whatsapp-client/main.go:1134.2,1135.23 2 0
whatsapp-client/main.go:1135.23,1138.3 2 0
whatsapp-client/main.go:1140.2,1141.16 2 0
whatsapp-client/main.go:1141.16,1143.3 1 0
whatsapp-client/main.go:1143.8,1145.3 1 0
whatsapp-client/main.go:1149.80,1152.50 1 0
whatsapp-client/main.go:1152.50,1154.3 1 0
whatsapp-client/main.go:1157.2,1163.29 5 0
whatsapp-client/main.go:1163.29,1165.24 1 0
whatsapp-client/main.go:1165.24,1166.9 1 0
whatsapp-client/main.go:1170.3,1170.36 1 0
whatsapp-client/main.go:1170.36,1173.12 2 0
whatsapp-client/main.go:1177.3,1182.36 4 0
whatsapp-client/main.go:1182.36,1183.9 1 0
whatsapp-client/main.go:1185.3,1189.39 3 0
whatsapp-client/main.go:1189.39,1191.4 1 0
whatsapp-client/main.go:1194.3,1194.40 1 0
whatsapp-client/main.go:1194.40,1198.50 3 0
whatsapp-client/main.go:1198.50,1203.36 2 0
whatsapp-client/main.go:1203.36,1208.6 4 0
whatsapp-client/main.go:1213.3,1213.22 1 0
whatsapp-client/main.go:1213.22,1215.4 1 0
whatsapp-client/main.go:1218.3,1218.16 1 0
whatsapp-client/main.go:1221.2,1221.20 1 0
whatsapp-client/main.go:1221.20,1223.3 1 0
whatsapp-client/main.go:1226.2,1226.21 1 0
whatsapp-client/main.go:1226.21,1232.3 3 0
whatsapp-client/main.go:1232.8,1237.3 3 0
whatsapp-client/main.go:1240.2,1240.18 1 0
whatsapp-client/main.go:1240.18,1242.3 1 0
whatsapp-client/main.go:1242.8,1242.27 1 0
whatsapp-client/main.go:1242.27,1244.3 1 0
whatsapp-client/main.go:1247.2,1252.32 3 0
whatsapp-client/main.go:1256.24,1257.11 1 0
whatsapp-client/main.go:1257.11,1259.3 1 0
whatsapp-client/main.go:1260.2,1260.10 1 0
whatsapp-client/main.go:1265.50,1280.26 6 0
whatsapp-client/main.go:1280.26,1300.14 8 0
whatsapp-client/main.go:1300.14,1302.4 1 0
whatsapp-client/main.go:1302.9,1302.23 1 0
whatsapp-client/main.go:1302.23,1304.4 1 0
whatsapp-client/main.go:1306.3,1306.26 1 0
whatsapp-client/main.go:1309.2,1309.17 1 0
whatsapp-client/mcp.go:15.15,17.16 2 0
whatsapp-client/mcp.go:17.16,20.3 2 0
whatsapp-client/mcp.go:21.2,21.15 1 0
whatsapp-client/mcp.go:21.15,22.31 1 0
whatsapp-client/mcp.go:22.31,24.4 1 0
whatsapp-client/mcp.go:28.2,30.16 3 0
whatsapp-client/mcp.go:30.16,32.3 1 0
whatsapp-client/mcp.go:33.2,33.21 1 0
whatsapp-client/mcp.go:33.21,35.3 1 0
whatsapp-client/mcp.go:36.2,36.21 1 0
whatsapp-client/mcp.go:36.21,38.3 1 0
whatsapp-client/mcp.go:41.2,42.16 2 0
whatsapp-client/mcp.go:42.16,44.3 1 0
whatsapp-client/mcp.go:45.2,45.24 1 0
whatsapp-client/mcp.go:45.24,49.31 3 0
whatsapp-client/mcp.go:49.31,50.43 1 0
whatsapp-client/mcp.go:50.43,52.5 1 0
whatsapp-client/mcp.go:56.2,62.30 2 0
whatsapp-client/mcp.go:62.30,64.3 1 0
whatsapp-client/mcp.go:66.2,66.24 1 0
whatsapp-client/mcp.go:66.24,68.3 1 0
whatsapp-client/mcp.go:70.2,70.45 1 0
whatsapp-client/mcp.go:70.45,73.3 2 0
whatsapp-client/mcp.go:77.61,78.30 1 0
whatsapp-client/mcp.go:78.30,80.17 2 0
whatsapp-client/mcp.go:80.17,82.12 2 0
whatsapp-client/mcp.go:84.3,84.53 1 0
whatsapp-client/mcp.go:84.53,86.12 2 0
whatsapp-client/mcp.go:88.3,88.54 1 0
whatsapp-client/mcp.go:93.66,109.85 2 1
whatsapp-client/mcp.go:109.85,117.17 7 1
whatsapp-client/mcp.go:117.17,119.4 1 0
whatsapp-client/mcp.go:120.3,120.29 1 1
whatsapp-client/mcp.go:126.61,128.16 2 1
whatsapp-client/mcp.go:128.16,130.3 1 0
whatsapp-client/mcp.go:131.2,131.49 1 1
whatsapp-client/mcp.go:134.67,135.28 1 1
whatsapp-client/mcp.go:135.28,136.24 1 1
whatsapp-client/mcp.go:137.16,138.17 1 1
whatsapp-client/mcp.go:139.12,140.12 1 1
whatsapp-client/mcp.go:143.2,143.12 1 1
whatsapp-client/mcp.go:146.70,147.28 1 1
whatsapp-client/mcp.go:147.28,148.28 1 1
whatsapp-client/mcp.go:148.28,150.4 1 1
whatsapp-client/mcp.go:152.2,152.12 1 1
whatsapp-client/mcp_service.go:62.68,68.2 1 1
whatsapp-client/mcp_service.go:71.54,73.2 1 1
whatsapp-client/mcp_service.go:77.59,80.24 3 1
whatsapp-client/mcp_service.go:80.24,82.3 1 1
whatsapp-client/mcp_service.go:82.8,84.3 1 1
whatsapp-client/mcp_service.go:85.2,86.25 2 1
whatsapp-client/mcp_service.go:86.25,88.3 1 1
whatsapp-client/mcp_service.go:89.2,90.19 2 1
whatsapp-client/mcp_service.go:90.19,92.3 1 1
whatsapp-client/mcp_service.go:93.2,94.19 2 1
whatsapp-client/mcp_service.go:97.63,98.20 1 1
whatsapp-client/mcp_service.go:98.20,100.3 1 1
whatsapp-client/mcp_service.go:101.2,102.25 2 1
whatsapp-client/mcp_service.go:102.25,104.3 1 1
whatsapp-client/mcp_service.go:105.2,105.19 1 1
whatsapp-client/mcp_service.go:110.160,111.17 1 1
whatsapp-client/mcp_service.go:111.17,113.3 1 1
whatsapp-client/mcp_service.go:114.2,114.118 1 1
whatsapp-client/mcp_service.go:117.166,122.17 4 1
whatsapp-client/mcp_service.go:122.17,125.3 2 1
whatsapp-client/mcp_service.go:126.2,126.18 1 1
whatsapp-client/mcp_service.go:126.18,129.3 2 1
whatsapp-client/mcp_service.go:130.2,130.18 1 1
whatsapp-client/mcp_service.go:130.18,133.3 2 1
whatsapp-client/mcp_service.go:134.2,134.19 1 1
whatsapp-client/mcp_service.go:134.19,137.3 2 1
whatsapp-client/mcp_service.go:138.2,138.20 1 1
whatsapp-client/mcp_service.go:138.20,140.3 1 1
whatsapp-client/mcp_service.go:141.2,147.16 6 1
whatsapp-client/mcp_service.go:147.16,149.3 1 0
whatsapp-client/mcp_service.go:150.2,153.37 3 1
whatsapp-client/mcp_service.go:153.37,155.3 1 1
whatsapp-client/mcp_service.go:156.2,156.36 1 1
whatsapp-client/mcp_service.go:159.168,165.59 3 1
whatsapp-client/mcp_service.go:165.59,167.29 2 1
whatsapp-client/mcp_service.go:167.29,169.4 1 1
whatsapp-client/mcp_service.go:172.2,172.22 1 1
whatsapp-client/mcp_service.go:172.22,174.3 1 1
whatsapp-client/mcp_service.go:175.2,175.25 1 1
whatsapp-client/mcp_service.go:175.25,177.3 1 0
whatsapp-client/mcp_service.go:179.2,180.27 2 1
whatsapp-client/mcp_service.go:180.27,189.17 3 1
whatsapp-client/mcp_service.go:189.17,190.12 1 0
whatsapp-client/mcp_service.go:192.3,192.43 1 1
whatsapp-client/mcp_service.go:192.43,193.12 1 1
whatsapp-client/mcp_service.go:195.3,195.27 1 1
whatsapp-client/mcp_service.go:198.2,198.37 1 1
whatsapp-client/mcp_service.go:198.37,200.3 1 1
whatsapp-client/mcp_service.go:201.2,201.36 1 1
whatsapp-client/mcp_service.go:206.113,208.16 2 1
whatsapp-client/mcp_service.go:208.16,210.3 1 0
whatsapp-client/mcp_service.go:212.2,213.28 2 1
whatsapp-client/mcp_service.go:213.28,219.47 2 1
whatsapp-client/mcp_service.go:219.47,220.12 1 0
whatsapp-client/mcp_service.go:222.3,222.47 1 1
whatsapp-client/mcp_service.go:222.47,223.12 1 0
whatsapp-client/mcp_service.go:225.3,225.44 1 1
whatsapp-client/mcp_service.go:225.44,226.12 1 0
whatsapp-client/mcp_service.go:228.3,228.46 1 1
whatsapp-client/mcp_service.go:228.46,229.12 1 0
whatsapp-client/mcp_service.go:231.3,235.5 1 1
whatsapp-client/mcp_service.go:237.2,237.12 1 1
whatsapp-client/mcp_service.go:240.59,242.2 1 1
whatsapp-client/mcp_service.go:245.72,248.28 3 1
whatsapp-client/mcp_service.go:248.28,251.3 2 1
whatsapp-client/mcp_service.go:252.2,252.30 1 1
whatsapp-client/mcp_service.go:252.30,255.3 2 1
whatsapp-client/mcp_service.go:257.2,258.31 2 1
whatsapp-client/mcp_service.go:258.31,260.3 1 1
whatsapp-client/mcp_service.go:261.2,261.42 1 1
whatsapp-client/mcp_service.go:261.42,261.88 1 1
whatsapp-client/mcp_service.go:262.2,262.16 1 1
whatsapp-client/mcp_service.go:271.104,282.19 5 1
whatsapp-client/mcp_service.go:282.19,285.3 2 1
whatsapp-client/mcp_service.go:286.2,286.17 1 1
whatsapp-client/mcp_service.go:286.17,289.3 2 1
whatsapp-client/mcp_service.go:290.2,290.18 1 1
whatsapp-client/mcp_service.go:290.18,293.3 2 1
whatsapp-client/mcp_service.go:294.2,298.16 4 1
whatsapp-client/mcp_service.go:298.16,300.3 1 0
whatsapp-client/mcp_service.go:301.2,304.18 3 1
whatsapp-client/mcp_service.go:304.18,306.67 2 1
whatsapp-client/mcp_service.go:306.67,308.4 1 1
whatsapp-client/mcp_service.go:310.2,310.16 1 1
whatsapp-client/mcp_service.go:315.107,327.125 6 1
whatsapp-client/mcp_service.go:327.125,329.3 1 1
whatsapp-client/mcp_service.go:331.2,345.87 4 1
whatsapp-client/mcp_service.go:348.88,357.16 2 1
whatsapp-client/mcp_service.go:357.16,359.3 1 0
whatsapp-client/mcp_service.go:360.2,361.27 2 1
whatsapp-client/mcp_service.go:364.87,366.27 2 1
whatsapp-client/mcp_service.go:366.27,368.17 2 1
whatsapp-client/mcp_service.go:368.17,370.12 2 1
whatsapp-client/mcp_service.go:372.3,374.44 3 1
whatsapp-client/mcp_service.go:376.2,376.17 1 1
whatsapp-client/mcp_service.go:381.115,384.17 2 1
whatsapp-client/mcp_service.go:384.17,387.3 1 1
whatsapp-client/mcp_service.go:389.2,392.17 3 1
whatsapp-client/mcp_service.go:392.17,394.29 2 1
whatsapp-client/mcp_service.go:394.29,396.4 1 1
whatsapp-client/mcp_service.go:397.3,398.36 2 1
whatsapp-client/mcp_service.go:398.36,401.4 2 1
whatsapp-client/mcp_service.go:402.3,402.78 1 1
whatsapp-client/mcp_service.go:405.2,405.20 1 1
whatsapp-client/mcp_service.go:405.20,407.3 1 1
whatsapp-client/mcp_service.go:409.2,409.22 1 1
whatsapp-client/mcp_service.go:409.22,411.3 1 1
whatsapp-client/mcp_service.go:411.8,413.3 1 1
whatsapp-client/mcp_service.go:415.2,420.16 5 1
whatsapp-client/mcp_service.go:420.16,422.3 1 1
whatsapp-client/mcp_service.go:423.2,426.18 3 1
whatsapp-client/mcp_service.go:426.18,432.95 6 1
whatsapp-client/mcp_service.go:432.95,433.12 1 0
whatsapp-client/mcp_service.go:435.3,440.21 2 1
whatsapp-client/mcp_service.go:440.21,443.4 2 1
whatsapp-client/mcp_service.go:444.3,446.23 3 1
whatsapp-client/mcp_service.go:446.23,448.4 1 1
whatsapp-client/mcp_service.go:449.3,449.30 1 1
whatsapp-client/mcp_service.go:451.2,451.19 1 1
whatsapp-client/mcp_service.go:454.61,458.16 3 1
whatsapp-client/mcp_service.go:458.16,460.19 2 1
whatsapp-client/mcp_service.go:460.19,463.37 3 1
whatsapp-client/mcp_service.go:463.37,464.92 1 1
whatsapp-client/mcp_service.go:464.92,466.6 1 1
whatsapp-client/mcp_service.go:471.2,471.56 1 1
whatsapp-client/mcp_service.go:471.56,473.3 1 1
whatsapp-client/mcp_service.go:475.2,476.22 2 1
whatsapp-client/mcp_service.go:476.22,478.3 1 1
whatsapp-client/mcp_service.go:479.2,480.15 2 1
whatsapp-client/mcp_service.go:483.72,484.31 1 1
whatsapp-client/mcp_service.go:484.31,486.3 1 1
whatsapp-client/mcp_service.go:488.2,489.16 2 1
whatsapp-client/mcp_service.go:489.16,491.3 1 0
whatsapp-client/mcp_service.go:492.2,495.18 3 1
whatsapp-client/mcp_service.go:495.18,498.51 3 1
whatsapp-client/mcp_service.go:498.51,499.12 1 0
whatsapp-client/mcp_service.go:501.3,501.83 1 1
whatsapp-client/mcp_service.go:501.83,503.4 1 1
whatsapp-client/mcp_service.go:506.2,506.28 1 1
whatsapp-client/mcp_service.go:506.28,508.3 1 1
whatsapp-client/mcp_service.go:510.2,514.33 4 1
whatsapp-client/mcp_service.go:514.33,517.3 2 1
whatsapp-client/mcp_service.go:518.2,521.16 2 1
whatsapp-client/mcp_service.go:521.16,523.21 2 1
whatsapp-client/mcp_service.go:523.21,525.31 2 1
whatsapp-client/mcp_service.go:525.31,527.5 1 1
whatsapp-client/mcp_service.go:531.2,532.15 2 1
whatsapp-client/mcp_service.go:537.82,540.17 2 1
whatsapp-client/mcp_service.go:540.17,542.3 1 1
whatsapp-client/mcp_service.go:543.2,549.16 6 1
whatsapp-client/mcp_service.go:549.16,551.3 1 1
whatsapp-client/mcp_service.go:553.2,554.20 2 1
whatsapp-client/mcp_service.go:554.20,557.3 2 1
whatsapp-client/mcp_service.go:558.2,560.22 3 1
whatsapp-client/mcp_service.go:560.22,562.3 1 1
whatsapp-client/mcp_service.go:563.2,563.19 1 1
whatsapp-client/mcp_service.go:566.77,576.16 6 1
whatsapp-client/mcp_service.go:576.16,578.3 1 1
whatsapp-client/mcp_service.go:579.2,580.20 2 1
whatsapp-client/mcp_service.go:580.20,583.3 2 1
whatsapp-client/mcp_service.go:584.2,586.22 3 1
whatsapp-client/mcp_service.go:586.22,588.3 1 1
whatsapp-client/mcp_service.go:589.2,589.19 1 1
whatsapp-client/mcp_service.go:592.86,601.16 2 1
whatsapp-client/mcp_service.go:601.16,603.3 1 0
whatsapp-client/mcp_service.go:604.2,607.18 3 1
whatsapp-client/mcp_service.go:607.18,611.81 4 1
whatsapp-client/mcp_service.go:611.81,612.12 1 0
whatsapp-client/mcp_service.go:614.3,615.21 2 1
whatsapp-client/mcp_service.go:615.21,618.4 2 1
whatsapp-client/mcp_service.go:619.3,621.23 3 1
whatsapp-client/mcp_service.go:621.23,623.4 1 1
whatsapp-client/mcp_service.go:624.3,624.30 1 1
whatsapp-client/mcp_service.go:626.2,626.19 1 1
whatsapp-client/mcp_service.go:631.73,638.16 3 1
whatsapp-client/mcp_service.go:638.16,640.3 1 0
whatsapp-client/mcp_service.go:641.2,645.18 4 1
whatsapp-client/mcp_service.go:645.18,648.36 3 1
whatsapp-client/mcp_service.go:648.36,649.12 1 0
whatsapp-client/mcp_service.go:651.3,656.5 2 1
whatsapp-client/mcp_service.go:659.2,659.31 1 1
whatsapp-client/mcp_service.go:659.31,666.17 2 1
whatsapp-client/mcp_service.go:666.17,668.22 2 1
whatsapp-client/mcp_service.go:668.22,671.55 3 1
whatsapp-client/mcp_service.go:671.55,672.14 1 0
whatsapp-client/mcp_service.go:674.5,674.39 1 1
whatsapp-client/mcp_service.go:674.39,675.14 1 1
whatsapp-client/mcp_service.go:677.5,679.16 3 1
whatsapp-client/mcp_service.go:679.16,681.6 1 1
whatsapp-client/mcp_service.go:682.5,686.7 1 1
whatsapp-client/mcp_service.go:691.2,691.24 1 1
whatsapp-client/mcp_service.go:691.24,693.3 1 0
whatsapp-client/mcp_service.go:694.2,694.22 1 1
whatsapp-client/mcp_service.go:699.69,709.16 3 1
whatsapp-client/mcp_service.go:709.16,711.3 1 1
whatsapp-client/mcp_service.go:712.2,712.34 1 1
whatsapp-client/mcp_service.go:740.83,742.2 1 1
whatsapp-client/mcp_service.go:744.82,746.2 1 1
whatsapp-client/mcp_service.go:748.90,750.2 1 1
whatsapp-client/mcp_service.go:752.73,755.16 3 1
whatsapp-client/mcp_service.go:755.16,757.3 1 1
whatsapp-client/mcp_service.go:758.2,761.49 4 1
whatsapp-client/mcp_service.go:761.49,763.3 1 1
whatsapp-client/mcp_service.go:764.2,764.34 1 1
whatsapp-client/mcp_service.go:767.79,770.16 3 1
whatsapp-client/mcp_service.go:770.16,772.3 1 1
whatsapp-client/mcp_service.go:773.2,776.49 4 1
whatsapp-client/mcp_service.go:776.49,778.3 1 1
whatsapp-client/mcp_service.go:779.2,779.16 1 1
whatsapp-client/mcp_service.go:779.16,781.3 1 1
whatsapp-client/mcp_service.go:782.2,782.20 1 1
whatsapp-client/mcp_service.go:787.48,789.18 2 1
whatsapp-client/mcp_service.go:789.18,793.96 4 1
whatsapp-client/mcp_service.go:793.96,794.12 1 0
whatsapp-client/mcp_service.go:796.3,805.5 1 1
whatsapp-client/mcp_service.go:807.2,807.13 1 1
whatsapp-client/mcp_service.go:814.56,819.16 5 1
whatsapp-client/mcp_service.go:819.16,821.3 1 1
whatsapp-client/mcp_service.go:822.2,831.8 1 1
whatsapp-client/mcp_service.go:834.36,836.16 2 1
whatsapp-client/mcp_service.go:836.16,838.17 2 1
whatsapp-client/mcp_service.go:838.17,840.18 2 1
whatsapp-client/mcp_service.go:840.18,842.5 1 1
whatsapp-client/mcp_service.go:845.2,845.10 1 1
whatsapp-client/mcp_service.go:848.40,849.14 1 1
whatsapp-client/mcp_service.go:849.14,851.3 1 1
whatsapp-client/mcp_service.go:852.2,852.11 1 1
whatsapp-client/mcp_service.go:855.34,856.45 1 1
whatsapp-client/mcp_service.go:856.45,858.3 1 1
whatsapp-client/mcp_service.go:859.2,859.12 1 1
whatsapp-client/search_store.go:61.83,62.47 1 0
whatsapp-client/search_store.go:62.47,64.3 1 0
whatsapp-client/search_store.go:66.2,68.16 3 0
whatsapp-client/search_store.go:68.16,70.3 1 0
whatsapp-client/search_store.go:72.2,75.45 3 0
whatsapp-client/search_store.go:75.45,78.3 2 0
whatsapp-client/search_store.go:80.2,80.54 1 0
whatsapp-client/search_store.go:84.89,85.45 1 1
whatsapp-client/search_store.go:85.45,87.3 1 0
whatsapp-client/search_store.go:88.2,88.54 1 1
whatsapp-client/search_store.go:91.41,104.16 2 1
whatsapp-client/search_store.go:104.16,106.3 1 0
whatsapp-client/search_store.go:108.2,134.12 7 1
whatsapp-client/search_store.go:138.37,140.2 1 0
whatsapp-client/search_store.go:144.65,146.16 2 1
whatsapp-client/search_store.go:146.16,148.3 1 0
whatsapp-client/search_store.go:149.2,157.16 3 1
whatsapp-client/search_store.go:157.16,159.3 1 0
whatsapp-client/search_store.go:160.2,162.28 2 1
whatsapp-client/search_store.go:162.28,164.25 2 1
whatsapp-client/search_store.go:164.25,166.4 1 1
whatsapp-client/search_store.go:167.3,168.26 2 1
whatsapp-client/search_store.go:168.26,170.4 1 1
whatsapp-client/search_store.go:171.3,171.105 1 1
whatsapp-client/search_store.go:171.105,173.4 1 0
whatsapp-client/search_store.go:176.2,176.36 1 1
whatsapp-client/search_store.go:176.36,178.3 1 0
whatsapp-client/search_store.go:181.2,183.23 2 1
whatsapp-client/search_store.go:183.23,185.3 1 1
whatsapp-client/search_store.go:186.2,186.12 1 1
whatsapp-client/search_store.go:189.44,192.21 3 1
whatsapp-client/search_store.go:192.21,194.3 1 0
whatsapp-client/search_store.go:195.2,197.18 3 1
whatsapp-client/search_store.go:197.18,199.3 1 1
whatsapp-client/search_store.go:203.49,209.16 2 1
whatsapp-client/search_store.go:209.16,211.3 1 0
whatsapp-client/search_store.go:212.2,219.18 4 1
whatsapp-client/search_store.go:219.18,222.46 3 1
whatsapp-client/search_store.go:222.46,223.12 1 0
whatsapp-client/search_store.go:225.3,226.20 2 1
whatsapp-client/search_store.go:226.20,227.18 1 1
whatsapp-client/search_store.go:227.18,229.5 1 1
whatsapp-client/search_store.go:230.4,230.19 1 1
whatsapp-client/search_store.go:232.3,232.53 1 1
whatsapp-client/search_store.go:235.2,235.21 1 1
whatsapp-client/search_store.go:235.21,237.3 1 0
whatsapp-client/search_store.go:239.2,240.26 2 1
whatsapp-client/search_store.go:240.26,242.3 1 1
whatsapp-client/search_store.go:244.2,245.16 2 1
whatsapp-client/search_store.go:245.16,247.3 1 0
whatsapp-client/search_store.go:249.2,250.16 2 1
whatsapp-client/search_store.go:250.16,252.3 1 0
whatsapp-client/search_store.go:253.2,256.16 3 1
whatsapp-client/search_store.go:256.16,258.3 1 0
whatsapp-client/search_store.go:259.2,261.33 2 1
whatsapp-client/search_store.go:261.33,263.57 2 1
whatsapp-client/search_store.go:263.57,265.4 1 0
whatsapp-client/search_store.go:267.2,267.20 1 1
whatsapp-client/search_store.go:271.73,275.2 1 1
whatsapp-client/search_store.go:278.60,281.14 3 1
whatsapp-client/search_store.go:281.14,284.3 2 1
whatsapp-client/search_store.go:285.2,285.20 1 1
whatsapp-client/search_store.go:289.112,290.16 1 1
whatsapp-client/search_store.go:290.16,292.3 1 1
whatsapp-client/search_store.go:294.2,297.23 3 1
whatsapp-client/search_store.go:297.23,300.17 3 1
whatsapp-client/search_store.go:300.17,302.4 1 0
whatsapp-client/search_store.go:305.2,308.40 3 1
whatsapp-client/search_store.go:308.40,308.82 1 1
whatsapp-client/search_store.go:310.2,310.24 1 1
whatsapp-client/search_store.go:310.24,312.3 1 1
whatsapp-client/search_store.go:314.2,314.29 1 1
whatsapp-client/search_store.go:322.113,333.24 5 1
whatsapp-client/search_store.go:333.24,336.3 2 1
whatsapp-client/search_store.go:337.2,337.22 1 1
whatsapp-client/search_store.go:337.22,340.3 2 1
whatsapp-client/search_store.go:341.2,345.16 4 1
whatsapp-client/search_store.go:345.16,347.3 1 0
whatsapp-client/search_store.go:348.2,351.18 3 1
whatsapp-client/search_store.go:351.18,353.45 2 1
whatsapp-client/search_store.go:353.45,355.4 1 1
whatsapp-client/search_store.go:357.2,357.16 1 1
whatsapp-client/search_store.go:360.117,362.16 2 1
whatsapp-client/search_store.go:362.16,364.3 1 0
whatsapp-client/search_store.go:366.2,368.24 3 1
whatsapp-client/search_store.go:368.24,371.3 2 1
whatsapp-client/search_store.go:372.2,372.22 1 1
whatsapp-client/search_store.go:372.22,375.3 2 1
whatsapp-client/search_store.go:377.2,382.16 2 1
whatsapp-client/search_store.go:382.16,384.3 1 0
whatsapp-client/search_store.go:385.2,392.18 4 1
whatsapp-client/search_store.go:392.18,395.35 3 1
whatsapp-client/search_store.go:395.35,396.12 1 0
whatsapp-client/search_store.go:398.3,400.48 3 1
whatsapp-client/search_store.go:403.2,403.38 1 1
whatsapp-client/search_store.go:403.38,403.76 1 1
whatsapp-client/search_store.go:404.2,404.22 1 1
whatsapp-client/search_store.go:404.22,406.3 1 1
whatsapp-client/search_store.go:408.2,409.24 2 1
whatsapp-client/search_store.go:409.24,411.3 1 1
whatsapp-client/search_store.go:412.2,412.21 1 1
whatsapp-client/search_store.go:416.52,418.29 2 1
whatsapp-client/search_store.go:418.29,419.33 1 1
whatsapp-client/search_store.go:419.33,421.4 1 1
whatsapp-client/search_store.go:424.2,425.32 2 1
whatsapp-client/search_store.go:425.32,427.3 1 1
whatsapp-client/search_store.go:428.2,428.15 1 1
whatsapp-client/search_store.go:431.52,438.2 0 1
whatsapp-client/search_store.go:440.81,441.22 1 1
whatsapp-client/search_store.go:441.22,443.3 1 1
whatsapp-client/search_store.go:445.2,448.27 4 1
whatsapp-client/search_store.go:448.27,452.3 3 1
whatsapp-client/search_store.go:454.2,458.16 2 1
whatsapp-client/search_store.go:458.16,460.3 1 0
whatsapp-client/search_store.go:461.2,464.18 3 1
whatsapp-client/search_store.go:464.18,468.91 4 1
whatsapp-client/search_store.go:468.91,469.12 1 0
whatsapp-client/search_store.go:471.3,472.18 2 1
whatsapp-client/search_store.go:472.18,474.4 1 0
whatsapp-client/search_store.go:476.3,477.46 2 1
whatsapp-client/search_store.go:477.46,479.4 1 1
whatsapp-client/search_store.go:481.3,488.4 1 1
whatsapp-client/search_store.go:491.2,492.27 2 1
whatsapp-client/search_store.go:492.27,493.42 1 1
whatsapp-client/search_store.go:493.42,495.4 1 1
whatsapp-client/search_store.go:498.2,498.42 1 1
whatsapp-client/search_store.go:498.42,498.88 1 1
whatsapp-client/search_store.go:499.2,499.21 1 1
whatsapp-client/search_store.go:504.47,505.37 1 1
whatsapp-client/search_store.go:505.37,507.3 1 1
whatsapp-client/search_store.go:508.2,509.19 2 1
whatsapp-client/search_store.go:509.19,513.3 3 1
whatsapp-client/search_store.go:514.2,515.16 2 1
whatsapp-client/search_store.go:515.16,517.3 1 0
whatsapp-client/search_store.go:518.2,518.20 1 1
whatsapp-client/search_store.go:521.42,523.22 2 1
whatsapp-client/search_store.go:523.22,529.3 5 1
whatsapp-client/search_store.go:530.2,530.12 1 1
whatsapp-client/search_store.go:533.42,534.19 1 1
whatsapp-client/search_store.go:534.19,536.3 1 1
whatsapp-client/search_store.go:537.2,538.19 2 1
whatsapp-client/search_store.go:538.19,541.3 2 1
whatsapp-client/search_store.go:542.2,542.10 1 1
whatsapp-client/source.go:31.42,35.16 3 0
whatsapp-client/source.go:35.16,37.3 1 0
whatsapp-client/source.go:38.2,40.21 2 0
whatsapp-client/source_whatsapp.go:20.51,22.16 2 0
whatsapp-client/source_whatsapp.go:22.16,24.3 1 0
whatsapp-client/source_whatsapp.go:25.2,26.53 2 0
whatsapp-client/source_whatsapp.go:31.85,33.2 1 1
whatsapp-client/source_whatsapp.go:35.47,35.68 1 1
whatsapp-client/source_whatsapp.go:36.48,36.69 1 1
whatsapp-client/source_whatsapp.go:37.48,37.79 2 1
whatsapp-client/source_whatsapp.go:40.58,42.2 1 1
whatsapp-client/source_whatsapp.go:44.65,50.16 4 1
whatsapp-client/source_whatsapp.go:50.16,52.23 2 1
whatsapp-client/source_whatsapp.go:52.23,56.88 4 1
whatsapp-client/source_whatsapp.go:56.88,57.13 1 0
whatsapp-client/source_whatsapp.go:59.4,64.22 3 1
whatsapp-client/source_whatsapp.go:64.22,67.5 2 1
whatsapp-client/source_whatsapp.go:68.4,76.6 1 1
whatsapp-client/source_whatsapp.go:81.2,81.31 1 1
whatsapp-client/source_whatsapp.go:81.31,83.17 2 1
whatsapp-client/source_whatsapp.go:83.17,85.27 2 1
whatsapp-client/source_whatsapp.go:85.27,88.60 3 1
whatsapp-client/source_whatsapp.go:88.60,89.14 1 0
whatsapp-client/source_whatsapp.go:91.5,91.40 1 1
whatsapp-client/source_whatsapp.go:91.40,92.14 1 0
whatsapp-client/source_whatsapp.go:94.5,95.26 2 1
whatsapp-client/source_whatsapp.go:95.26,97.6 1 0
whatsapp-client/source_whatsapp.go:98.5,98.26 1 1
whatsapp-client/source_whatsapp.go:98.26,99.14 1 0
whatsapp-client/source_whatsapp.go:101.5,103.29 3 1
whatsapp-client/source_whatsapp.go:103.29,105.6 1 1
whatsapp-client/source_whatsapp.go:108.5,111.21 3 1
whatsapp-client/source_whatsapp.go:111.21,112.24 1 1
whatsapp-client/source_whatsapp.go:112.24,114.34 2 1
whatsapp-client/source_whatsapp.go:114.34,116.8 1 1
whatsapp-client/source_whatsapp.go:118.6,118.20 1 1
whatsapp-client/source_whatsapp.go:121.5,132.7 2 1
whatsapp-client/source_whatsapp.go:138.2,143.16 2 1
whatsapp-client/source_whatsapp.go:143.16,145.22 2 1
whatsapp-client/source_whatsapp.go:145.22,149.91 4 1
whatsapp-client/source_whatsapp.go:149.91,150.13 1 0
whatsapp-client/source_whatsapp.go:152.4,168.6 3 1
whatsapp-client/source_whatsapp.go:172.2,172.21 1 1
whatsapp-client/source_whatsapp.go:175.61,184.85 3 1
whatsapp-client/source_whatsapp.go:184.85,187.17 3 1
whatsapp-client/source_whatsapp.go:187.17,189.4 1 0
whatsapp-client/source_whatsapp.go:190.3,190.30 1 1
whatsapp-client/source_whatsapp.go:193.2,200.85 1 1
whatsapp-client/source_whatsapp.go:200.85,207.19 7 1
whatsapp-client/source_whatsapp.go:207.19,209.4 1 1
whatsapp-client/source_whatsapp.go:210.3,211.17 2 1
whatsapp-client/source_whatsapp.go:211.17,213.4 1 0
whatsapp-client/source_whatsapp.go:214.3,214.27 1 1
whatsapp-client/source_whatsapp.go:217.2,221.85 1 1
whatsapp-client/source_whatsapp.go:221.85,225.17 4 1
whatsapp-client/source_whatsapp.go:225.17,227.4 1 1
whatsapp-client/source_whatsapp.go:228.3,228.26 1 1
whatsapp-client/source_whatsapp.go:231.2,234.85 1 1
whatsapp-client/source_whatsapp.go:234.85,237.17 3 1
whatsapp-client/source_whatsapp.go:237.17,239.4 1 1
whatsapp-client/source_whatsapp.go:240.3,240.26 1 1
whatsapp-client/source_whatsapp.go:243.2,248.85 1 1
whatsapp-client/source_whatsapp.go:248.85,254.17 6 1
whatsapp-client/source_whatsapp.go:254.17,256.4 1 0
whatsapp-client/source_whatsapp.go:257.3,257.27 1 1
whatsapp-client/source_whatsapp.go:262.2,274.85 1 1
whatsapp-client/source_whatsapp.go:274.85,287.17 13 1
whatsapp-client/source_whatsapp.go:287.17,289.4 1 0
whatsapp-client/source_whatsapp.go:290.3,290.44 1 1
whatsapp-client/source_whatsapp.go:293.2,298.85 1 1
whatsapp-client/source_whatsapp.go:298.85,304.17 6 1
whatsapp-client/source_whatsapp.go:304.17,306.4 1 0
whatsapp-client/source_whatsapp.go:307.3,307.28 1 1
whatsapp-client/source_whatsapp.go:310.2,313.85 1 1
whatsapp-client/source_whatsapp.go:313.85,316.17 3 1
whatsapp-client/source_whatsapp.go:316.17,318.4 1 0
whatsapp-client/source_whatsapp.go:319.3,319.44 1 1
whatsapp-client/source_whatsapp.go:324.2,328.85 1 1
whatsapp-client/source_whatsapp.go:328.85,332.17 4 1
whatsapp-client/source_whatsapp.go:332.17,334.4 1 0
whatsapp-client/source_whatsapp.go:335.3,335.80 1 1
whatsapp-client/source_whatsapp.go:338.2,342.85 1 1
whatsapp-client/source_whatsapp.go:342.85,346.17 4 1
whatsapp-client/source_whatsapp.go:346.17,348.4 1 0
whatsapp-client/source_whatsapp.go:349.3,349.80 1 1
whatsapp-client/source_whatsapp.go:352.2,356.85 1 1
whatsapp-client/source_whatsapp.go:356.85,360.17 4 1
whatsapp-client/source_whatsapp.go:360.17,362.4 1 0
whatsapp-client/source_whatsapp.go:363.3,363.80 1 1
whatsapp-client/source_whatsapp.go:368.2,372.85 1 1
whatsapp-client/source_whatsapp.go:372.85,376.17 4 1
whatsapp-client/source_whatsapp.go:376.17,378.4 1 0
whatsapp-client/source_whatsapp.go:379.3,379.124 1 1
whatsapp-client/store.go:28.47,30.47 2 0
whatsapp-client/store.go:30.47,32.3 1 0
whatsapp-client/store.go:34.2,35.16 2 0
whatsapp-client/store.go:35.16,37.3 1 0
whatsapp-client/store.go:41.2,75.16 4 0
whatsapp-client/store.go:75.16,78.3 2 0
whatsapp-client/store.go:82.2,102.18 7 0
whatsapp-client/store.go:102.18,105.19 3 0
whatsapp-client/store.go:105.19,107.4 1 0
whatsapp-client/store.go:110.2,114.16 3 0
whatsapp-client/store.go:114.16,116.3 1 0
whatsapp-client/store.go:118.2,118.19 1 0
whatsapp-client/store.go:121.42,122.29 1 1
whatsapp-client/store.go:122.29,124.3 1 0
whatsapp-client/store.go:125.2,125.25 1 1
whatsapp-client/store.go:128.89,134.2 2 0
whatsapp-client/store.go:137.104,138.38 1 0
whatsapp-client/store.go:138.38,140.3 1 0
whatsapp-client/store.go:142.2,148.12 2 0
whatsapp-client/store.go:151.86,156.16 2 0
whatsapp-client/store.go:156.16,158.3 1 0
whatsapp-client/store.go:159.2,162.18 3 0
whatsapp-client/store.go:162.18,166.17 4 0
whatsapp-client/store.go:166.17,168.4 1 0
whatsapp-client/store.go:169.3,170.35 2 0
whatsapp-client/store.go:173.2,173.22 1 0
whatsapp-client/store.go:176.69,178.16 2 0
whatsapp-client/store.go:178.16,180.3 1 0
whatsapp-client/store.go:181.2,184.18 3 0
whatsapp-client/store.go:184.18,188.17 4 0
whatsapp-client/store.go:188.17,190.4 1 0
whatsapp-client/store.go:191.3,191.31 1 0
whatsapp-client/store.go:194.2,194.19 1 0
whatsapp-client/store.go:197.137,203.2 2 0
whatsapp-client/store.go:205.125,216.2 5 0
whatsapp-client/store.go:220.50,222.2 1 0
whatsapp-client/store.go:227.42,229.2 1 0
whatsapp-client/store.go:231.100,233.16 2 0
whatsapp-client/store.go:233.16,235.3 1 0
whatsapp-client/store.go:236.2,242.16 4 0
whatsapp-client/store.go:242.16,244.3 1 0
whatsapp-client/store.go:245.2,247.39 2 0
whatsapp-client/store.go:247.39,249.3 1 0
whatsapp-client/store.go:250.2,250.20 1 0
whatsapp-client/store.go:255.42,256.13 1 1
whatsapp-client/store.go:256.13,258.3 1 0
whatsapp-client/store.go:259.2,260.17 2 1
whatsapp-client/store.go:260.17,262.3 1 0
whatsapp-client/store.go:263.2,263.21 1 1
whatsapp-client/store.go:263.21,265.3 1 0
whatsapp-client/store.go:266.2,266.30 1 1
whatsapp-client/store.go:266.30,267.25 1 1
whatsapp-client/store.go:267.25,269.4 1 1
whatsapp-client/store.go:271.2,271.13 1 0
whatsapp-client/store.go:280.67,282.53 2 1
whatsapp-client/store.go:282.53,284.3 1 0
whatsapp-client/store.go:287.2,289.75 3 1
whatsapp-client/store.go:289.75,291.3 1 0
whatsapp-client/store.go:293.2,294.75 2 1
whatsapp-client/store.go:294.75,296.3 1 1
whatsapp-client/store.go:299.2,299.29 1 1
whatsapp-client/store.go:299.29,306.34 3 1
whatsapp-client/store.go:306.34,311.18 3 1
whatsapp-client/store.go:311.18,312.13 1 1
whatsapp-client/store.go:314.4,314.47 1 1
whatsapp-client/store.go:314.47,316.5 1 1
whatsapp-client/store.go:317.4,317.47 1 0
whatsapp-client/store.go:317.47,319.5 1 0
whatsapp-client/store.go:323.3,327.52 3 0
whatsapp-client/store.go:327.52,334.18 4 0
whatsapp-client/store.go:334.18,335.48 1 0
whatsapp-client/store.go:335.48,337.6 1 0
whatsapp-client/store.go:338.5,338.48 1 0
whatsapp-client/store.go:338.48,340.6 1 0
whatsapp-client/store.go:344.4,344.13 1 0
whatsapp-client/store.go:348.2,348.18 1 1
