mode: set
mcpyeahyouknowme/cmd.go:31.30,39.26 2 1
mcpyeahyouknowme/cmd.go:39.26,41.5 1 0
mcpyeahyouknowme/cmd.go:48.29,50.5 1 0
mcpyeahyouknowme/cmd.go:61.29,63.22 2 0
mcpyeahyouknowme/cmd.go:63.22,65.6 1 0
mcpyeahyouknowme/cmd.go:66.5,66.26 1 0
mcpyeahyouknowme/cmd.go:74.26,76.5 1 0
mcpyeahyouknowme/cmd.go:83.26,85.5 1 0
mcpyeahyouknowme/cmd.go:92.26,94.5 1 0
mcpyeahyouknowme/cmd.go:101.26,103.5 1 0
mcpyeahyouknowme/cmd.go:110.29,112.5 1 0
mcpyeahyouknowme/cmd.go:119.26,121.5 1 1
mcpyeahyouknowme/cmd.go:128.26,130.5 1 0
mcpyeahyouknowme/cmd.go:141.31,143.7 1 0
mcpyeahyouknowme/cmd.go:149.28,151.7 1 0
mcpyeahyouknowme/cmd.go:164.28,166.7 1 0
mcpyeahyouknowme/cmd.go:172.28,174.7 1 0
mcpyeahyouknowme/cmd.go:180.28,182.7 1 0
mcpyeahyouknowme/cmd.go:199.31,201.7 1 0
mcpyeahyouknowme/cmd.go:207.28,209.7 1 0
mcpyeahyouknowme/cmd.go:222.31,224.7 1 0
mcpyeahyouknowme/cmd.go:230.31,232.7 1 0
mcpyeahyouknowme/cmd.go:238.28,240.7 1 0
mcpyeahyouknowme/cmd.go:246.28,248.7 1 0
mcpyeahyouknowme/cmd.go:257.29,259.5 1 0
mcpyeahyouknowme/cmd.go:265.33,267.20 2 0
mcpyeahyouknowme/cmd.go:267.20,270.3 2 0
mcpyeahyouknowme/cmd.go:272.2,272.61 1 0
mcpyeahyouknowme/cmd.go:272.61,277.3 4 0
mcpyeahyouknowme/cmd.go:281.65,283.16 2 1
mcpyeahyouknowme/cmd.go:283.16,285.3 1 1
mcpyeahyouknowme/cmd.go:286.2,286.31 1 1
mcpyeahyouknowme/cmd.go:286.31,289.3 2 0
mcpyeahyouknowme/cmd.go:290.2,290.19 1 1
mcpyeahyouknowme/cmd.go:290.19,292.3 1 1
mcpyeahyouknowme/cmd.go:294.2,295.19 2 1
mcpyeahyouknowme/cmd.go:295.19,297.3 1 1
mcpyeahyouknowme/cmd.go:298.2,299.11 2 0
mcpyeahyouknowme/cmd.go:303.60,304.26 1 1
mcpyeahyouknowme/cmd.go:304.26,305.31 1 1
mcpyeahyouknowme/cmd.go:305.31,307.4 1 1
mcpyeahyouknowme/cmd.go:309.2,309.12 1 1
mcpyeahyouknowme/cmd.go:313.19,328.36 5 0
mcpyeahyouknowme/cmd.go:328.36,329.32 1 0
mcpyeahyouknowme/cmd.go:329.32,331.12 2 0
mcpyeahyouknowme/cmd.go:333.3,333.42 1 0
mcpyeahyouknowme/cmd.go:333.42,335.4 1 0
mcpyeahyouknowme/cmd.go:338.2,338.35 1 0
mcpyeahyouknowme/cmd.go:338.35,340.22 2 0
mcpyeahyouknowme/cmd.go:340.22,341.12 1 0
mcpyeahyouknowme/cmd.go:343.3,344.30 2 0
mcpyeahyouknowme/cmd.go:344.30,346.4 1 0
mcpyeahyouknowme/cmd.go:347.3,347.30 1 0
mcpyeahyouknowme/cmd.go:352.46,354.2 1 0
mcpyeahyouknowme/cmd.go:357.35,359.2 1 1
mcpyeahyouknowme/cmd.go:362.48,364.31 2 1
mcpyeahyouknowme/cmd.go:364.31,366.3 1 1
mcpyeahyouknowme/cmd.go:367.2,367.14 1 1
mcpyeahyouknowme/cmd.go:371.46,373.33 2 1
mcpyeahyouknowme/cmd.go:373.33,375.3 1 1
mcpyeahyouknowme/cmd.go:376.2,376.15 1 1
mcpyeahyouknowme/cmd.go:380.36,382.2 1 1
mcpyeahyouknowme/config.go:8.45,10.2 1 0
mcpyeahyouknowme/daemon.go:15.25,18.2 2 1
mcpyeahyouknowme/daemon.go:21.38,23.50 2 0
mcpyeahyouknowme/daemon.go:23.50,26.3 2 0
mcpyeahyouknowme/daemon.go:27.2,27.14 1 0
mcpyeahyouknowme/daemon.go:31.17,34.71 3 0
mcpyeahyouknowme/daemon.go:34.71,37.3 2 0
mcpyeahyouknowme/daemon.go:38.2,38.36 1 0
mcpyeahyouknowme/daemon.go:42.16,44.73 2 0
mcpyeahyouknowme/daemon.go:44.73,47.3 2 0
mcpyeahyouknowme/daemon.go:48.2,48.36 1 0
mcpyeahyouknowme/daemon.go:52.19,53.49 1 0
mcpyeahyouknowme/daemon.go:53.49,56.3 2 0
mcpyeahyouknowme/daemon.go:57.2,57.38 1 0
mcpyeahyouknowme/daemon.go:61.37,64.71 3 0
mcpyeahyouknowme/daemon.go:64.71,66.3 1 0
mcpyeahyouknowme/daemon.go:67.2,67.12 1 0
mcpyeahyouknowme/daemon.go:71.21,92.2 20 0
mcpyeahyouknowme/daemon.go:95.35,96.15 1 0
mcpyeahyouknowme/daemon.go:97.14,98.25 1 0
mcpyeahyouknowme/daemon.go:99.13,100.24 1 0
mcpyeahyouknowme/daemon.go:101.10,103.13 2 0
mcpyeahyouknowme/daemon.go:108.29,133.2 2 1
mcpyeahyouknowme/daemon.go:136.28,164.2 1 1
mcpyeahyouknowme/daemon.go:167.53,169.31 2 1
mcpyeahyouknowme/daemon.go:169.31,170.10 1 1
mcpyeahyouknowme/daemon.go:171.33,174.82 1 1
mcpyeahyouknowme/daemon.go:175.32,178.81 1 1
mcpyeahyouknowme/daemon.go:181.2,181.34 1 1
mcpyeahyouknowme/daemon.go:185.52,187.31 2 1
mcpyeahyouknowme/daemon.go:187.31,188.42 1 1
mcpyeahyouknowme/daemon.go:188.42,189.35 1 1
mcpyeahyouknowme/daemon.go:189.35,190.13 1 1
mcpyeahyouknowme/daemon.go:192.4,194.97 1 1
mcpyeahyouknowme/daemon.go:197.2,197.34 1 1
mcpyeahyouknowme/daemon.go:201.52,203.31 2 1
mcpyeahyouknowme/daemon.go:203.31,204.10 1 1
mcpyeahyouknowme/daemon.go:205.33,211.85 1 1
mcpyeahyouknowme/daemon.go:212.32,218.90 1 1
mcpyeahyouknowme/daemon.go:221.2,221.34 1 1
mcpyeahyouknowme/daemon.go:225.51,227.31 2 1
mcpyeahyouknowme/daemon.go:227.31,228.42 1 1
mcpyeahyouknowme/daemon.go:228.42,229.35 1 1
mcpyeahyouknowme/daemon.go:229.35,230.13 1 1
mcpyeahyouknowme/daemon.go:232.4,237.106 1 1
mcpyeahyouknowme/daemon.go:240.2,240.34 1 1
mcpyeahyouknowme/daemon.go:244.59,246.31 2 1
mcpyeahyouknowme/daemon.go:246.31,248.3 1 1
mcpyeahyouknowme/daemon.go:249.2,249.34 1 1
mcpyeahyouknowme/daemon.go:253.63,255.33 2 1
mcpyeahyouknowme/daemon.go:255.33,257.3 1 1
mcpyeahyouknowme/daemon.go:258.2,258.34 1 1
mcpyeahyouknowme/indexer.go:30.105,31.16 1 1
mcpyeahyouknowme/indexer.go:31.16,33.3 1 1
mcpyeahyouknowme/indexer.go:34.2,34.33 1 1
mcpyeahyouknowme/indexer.go:34.33,35.23 1 1
mcpyeahyouknowme/indexer.go:35.23,37.4 1 1
mcpyeahyouknowme/indexer.go:38.3,38.33 1 1
mcpyeahyouknowme/indexer.go:38.33,39.12 1 1
mcpyeahyouknowme/indexer.go:41.3,41.50 1 1
mcpyeahyouknowme/indexer.go:41.50,42.12 1 1
mcpyeahyouknowme/indexer.go:44.3,45.17 2 1
mcpyeahyouknowme/indexer.go:45.17,47.4 1 1
mcpyeahyouknowme/indexer.go:48.3,48.17 1 1
mcpyeahyouknowme/indexer.go:48.17,50.12 2 1
mcpyeahyouknowme/indexer.go:52.3,52.15 1 1
mcpyeahyouknowme/indexer.go:52.15,53.73 1 1
mcpyeahyouknowme/indexer.go:53.73,55.13 2 1
mcpyeahyouknowme/indexer.go:58.3,58.61 1 1
mcpyeahyouknowme/indexer.go:60.2,60.13 1 1
mcpyeahyouknowme/indexer.go:65.86,66.14 1 1
mcpyeahyouknowme/indexer.go:66.14,68.3 1 1
mcpyeahyouknowme/indexer.go:69.2,70.9 2 1
mcpyeahyouknowme/indexer.go:70.9,72.3 1 1
mcpyeahyouknowme/indexer.go:73.2,73.74 1 1
mcpyeahyouknowme/indexer.go:78.114,80.47 2 1
mcpyeahyouknowme/indexer.go:80.47,81.23 1 1
mcpyeahyouknowme/indexer.go:81.23,83.4 1 1
mcpyeahyouknowme/indexer.go:84.3,84.22 1 1
mcpyeahyouknowme/indexer.go:84.22,86.4 1 0
mcpyeahyouknowme/indexer.go:87.3,87.51 1 1
mcpyeahyouknowme/indexer.go:87.51,89.4 1 1
mcpyeahyouknowme/indexer.go:90.3,91.23 2 1
mcpyeahyouknowme/indexer.go:91.23,93.4 1 1
mcpyeahyouknowme/indexer.go:94.3,94.13 1 1
mcpyeahyouknowme/indexer.go:97.2,97.60 1 1
mcpyeahyouknowme/indexer.go:97.60,98.61 1 1
mcpyeahyouknowme/indexer.go:98.61,99.60 1 1
mcpyeahyouknowme/indexer.go:99.60,101.5 1 1
mcpyeahyouknowme/indexer.go:102.4,102.25 1 1
mcpyeahyouknowme/indexer.go:104.3,104.25 1 1
mcpyeahyouknowme/indexer.go:107.2,108.16 2 1
mcpyeahyouknowme/indexer.go:108.16,110.3 1 1
mcpyeahyouknowme/indexer.go:111.2,111.38 1 1
mcpyeahyouknowme/indexer.go:111.38,112.59 1 1
mcpyeahyouknowme/indexer.go:112.59,114.4 1 1
mcpyeahyouknowme/indexer.go:115.3,115.24 1 1
mcpyeahyouknowme/indexer.go:117.2,117.24 1 1
mcpyeahyouknowme/indexer.go:122.62,124.32 2 1
mcpyeahyouknowme/indexer.go:124.32,129.3 1 1
mcpyeahyouknowme/indexer.go:130.2,130.13 1 1
mcpyeahyouknowme/indexer.go:135.52,137.2 1 0
mcpyeahyouknowme/indexer.go:141.80,144.34 3 1
mcpyeahyouknowme/indexer.go:144.34,146.3 1 1
mcpyeahyouknowme/indexer.go:148.2,149.36 2 1
mcpyeahyouknowme/indexer.go:149.36,151.17 2 1
mcpyeahyouknowme/indexer.go:151.17,153.12 2 1
mcpyeahyouknowme/indexer.go:155.3,157.15 3 1
mcpyeahyouknowme/indexer.go:157.15,159.12 2 1
mcpyeahyouknowme/indexer.go:161.3,161.64 1 1
mcpyeahyouknowme/indexer.go:161.64,163.12 2 1
mcpyeahyouknowme/indexer.go:166.3,166.92 1 1
mcpyeahyouknowme/indexer.go:166.92,169.12 3 1
mcpyeahyouknowme/indexer.go:171.3,173.17 3 1
mcpyeahyouknowme/indexer.go:173.17,174.12 1 1
mcpyeahyouknowme/indexer.go:176.3,180.5 1 1
mcpyeahyouknowme/indexer.go:183.2,183.35 1 1
mcpyeahyouknowme/indexer.go:183.35,185.3 1 0
mcpyeahyouknowme/indexer.go:186.2,186.16 1 1
mcpyeahyouknowme/indexer.go:191.71,193.9 2 1
mcpyeahyouknowme/indexer.go:193.9,195.3 1 1
mcpyeahyouknowme/indexer.go:196.2,197.23 2 1
mcpyeahyouknowme/indexer.go:197.23,199.3 1 1
mcpyeahyouknowme/indexer.go:204.64,206.22 2 1
mcpyeahyouknowme/indexer.go:206.22,208.3 1 1
mcpyeahyouknowme/indexer.go:209.2,209.15 1 1
mcpyeahyouknowme/indexer.go:214.53,218.2 1 1
mcpyeahyouknowme/info_cli.go:88.69,90.2 1 1
mcpyeahyouknowme/info_cli.go:107.76,110.2 2 1
mcpyeahyouknowme/info_cli.go:115.31,116.56 1 1
mcpyeahyouknowme/info_cli.go:116.56,119.3 2 1
mcpyeahyouknowme/info_cli.go:123.52,125.16 2 1
mcpyeahyouknowme/info_cli.go:125.16,127.3 1 1
mcpyeahyouknowme/info_cli.go:128.2,128.15 1 1
mcpyeahyouknowme/info_cli.go:128.15,130.3 1 1
mcpyeahyouknowme/info_cli.go:132.2,133.21 2 1
mcpyeahyouknowme/info_cli.go:133.21,135.17 2 1
mcpyeahyouknowme/info_cli.go:135.17,137.4 1 1
mcpyeahyouknowme/info_cli.go:138.3,139.13 2 1
mcpyeahyouknowme/info_cli.go:141.2,142.12 2 1
mcpyeahyouknowme/info_cli.go:146.60,148.27 2 1
mcpyeahyouknowme/info_cli.go:148.27,149.14 1 1
mcpyeahyouknowme/info_cli.go:150.17,151.26 1 1
mcpyeahyouknowme/info_cli.go:152.17,153.20 1 1
mcpyeahyouknowme/info_cli.go:154.11,155.77 1 1
mcpyeahyouknowme/info_cli.go:158.2,158.34 1 1
mcpyeahyouknowme/info_cli.go:158.34,160.3 1 1
mcpyeahyouknowme/info_cli.go:161.2,161.18 1 1
mcpyeahyouknowme/info_cli.go:165.41,169.2 3 1
mcpyeahyouknowme/info_cli.go:172.73,173.44 1 1
mcpyeahyouknowme/info_cli.go:173.44,175.3 1 1
mcpyeahyouknowme/info_cli.go:177.2,180.6 3 1
mcpyeahyouknowme/info_cli.go:180.6,181.10 1 1
mcpyeahyouknowme/info_cli.go:182.21,183.14 1 1
mcpyeahyouknowme/info_cli.go:184.16,185.46 1 1
mcpyeahyouknowme/info_cli.go:185.46,187.5 1 1
mcpyeahyouknowme/info_cli.go:193.42,196.2 2 1
mcpyeahyouknowme/info_cli.go:199.28,201.2 1 1
mcpyeahyouknowme/info_cli.go:204.57,207.56 2 1
mcpyeahyouknowme/info_cli.go:207.56,209.3 1 1
mcpyeahyouknowme/info_cli.go:211.2,224.37 12 1
mcpyeahyouknowme/info_cli.go:224.37,226.3 1 1
mcpyeahyouknowme/info_cli.go:227.2,227.36 1 1
mcpyeahyouknowme/info_cli.go:227.36,229.3 1 1
mcpyeahyouknowme/info_cli.go:230.2,230.35 1 1
mcpyeahyouknowme/info_cli.go:230.35,232.3 1 1
mcpyeahyouknowme/info_cli.go:233.2,242.42 8 1
mcpyeahyouknowme/info_cli.go:242.42,244.3 1 1
mcpyeahyouknowme/info_cli.go:245.2,245.19 1 1
mcpyeahyouknowme/info_cli.go:249.39,262.2 3 1
mcpyeahyouknowme/info_cli.go:265.73,270.30 2 1
mcpyeahyouknowme/info_cli.go:270.30,272.3 1 1
mcpyeahyouknowme/info_cli.go:274.2,275.43 2 1
mcpyeahyouknowme/info_cli.go:275.43,277.3 1 1
mcpyeahyouknowme/info_cli.go:279.2,287.33 8 1
mcpyeahyouknowme/info_cli.go:287.33,289.3 1 1
mcpyeahyouknowme/info_cli.go:291.2,293.61 3 1
mcpyeahyouknowme/info_cli.go:293.61,295.3 1 1
mcpyeahyouknowme/info_cli.go:296.2,296.17 1 1
mcpyeahyouknowme/info_cli.go:300.61,306.72 2 1
mcpyeahyouknowme/info_cli.go:306.72,309.3 2 1
mcpyeahyouknowme/info_cli.go:310.2,310.17 1 1
mcpyeahyouknowme/info_cli.go:314.83,320.24 3 1
mcpyeahyouknowme/info_cli.go:320.24,323.3 2 1
mcpyeahyouknowme/info_cli.go:324.2,324.23 1 1
mcpyeahyouknowme/info_cli.go:324.23,326.3 1 0
mcpyeahyouknowme/info_cli.go:327.2,327.93 1 1
mcpyeahyouknowme/info_cli.go:327.93,329.3 1 1
mcpyeahyouknowme/info_cli.go:330.2,330.17 1 1
mcpyeahyouknowme/info_cli.go:334.68,337.37 3 1
mcpyeahyouknowme/info_cli.go:337.37,344.71 3 1
mcpyeahyouknowme/info_cli.go:344.71,349.12 5 1
mcpyeahyouknowme/info_cli.go:351.3,353.74 3 1
mcpyeahyouknowme/info_cli.go:353.74,355.4 1 1
mcpyeahyouknowme/info_cli.go:356.3,356.20 1 1
mcpyeahyouknowme/info_cli.go:356.20,358.4 1 1
mcpyeahyouknowme/info_cli.go:359.3,360.36 2 1
mcpyeahyouknowme/info_cli.go:362.2,362.16 1 1
mcpyeahyouknowme/info_cli.go:366.56,367.13 1 1
mcpyeahyouknowme/info_cli.go:368.18,369.77 1 1
mcpyeahyouknowme/info_cli.go:370.16,371.75 1 1
mcpyeahyouknowme/info_cli.go:372.10,373.12 1 1
mcpyeahyouknowme/info_cli.go:378.55,382.16 4 1
mcpyeahyouknowme/info_cli.go:382.16,384.3 1 1
mcpyeahyouknowme/info_cli.go:385.2,385.76 1 1
mcpyeahyouknowme/info_cli.go:389.59,393.8 4 1
mcpyeahyouknowme/info_cli.go:393.8,395.3 1 1
mcpyeahyouknowme/info_cli.go:396.2,396.47 1 1
mcpyeahyouknowme/info_cli.go:400.64,401.13 1 1
mcpyeahyouknowme/info_cli.go:402.22,403.63 1 1
mcpyeahyouknowme/info_cli.go:403.63,405.4 1 1
mcpyeahyouknowme/info_cli.go:406.23,407.64 1 1
mcpyeahyouknowme/info_cli.go:407.64,409.4 1 1
mcpyeahyouknowme/info_cli.go:410.10,411.12 1 1
mcpyeahyouknowme/info_cli.go:413.2,413.53 1 1
mcpyeahyouknowme/info_cli.go:413.53,415.3 1 1
mcpyeahyouknowme/info_cli.go:416.2,416.112 1 1
mcpyeahyouknowme/info_cli.go:420.52,428.2 7 1
mcpyeahyouknowme/info_cli.go:431.84,433.27 2 1
mcpyeahyouknowme/info_cli.go:433.27,437.3 3 1
mcpyeahyouknowme/info_cli.go:438.2,439.27 2 1
mcpyeahyouknowme/info_cli.go:439.27,441.3 1 1
mcpyeahyouknowme/info_cli.go:442.2,442.27 1 1
mcpyeahyouknowme/info_cli.go:442.27,444.3 1 1
mcpyeahyouknowme/info_cli.go:445.2,445.17 1 1
mcpyeahyouknowme/info_cli.go:449.74,451.25 2 1
mcpyeahyouknowme/info_cli.go:451.25,452.39 1 1
mcpyeahyouknowme/info_cli.go:452.39,454.4 1 1
mcpyeahyouknowme/info_cli.go:455.3,456.28 2 1
mcpyeahyouknowme/info_cli.go:456.28,458.4 1 1
mcpyeahyouknowme/info_cli.go:459.3,460.9 2 1
mcpyeahyouknowme/info_cli.go:462.2,462.38 1 1
mcpyeahyouknowme/info_cli.go:462.38,464.3 1 1
mcpyeahyouknowme/info_cli.go:465.2,465.17 1 1
mcpyeahyouknowme/logging.go:10.19,14.2 1 0
mcpyeahyouknowme/main.go:18.13,21.2 2 0
mcpyeahyouknowme/mcp.go:18.30,19.57 1 1
mcpyeahyouknowme/mcp.go:19.57,21.3 1 1
mcpyeahyouknowme/mcp.go:25.64,28.16 3 1
mcpyeahyouknowme/mcp.go:28.16,29.17 1 1
mcpyeahyouknowme/mcp.go:29.18,29.19 0 1
mcpyeahyouknowme/mcp.go:31.2,32.16 2 1
mcpyeahyouknowme/mcp.go:32.16,35.3 2 1
mcpyeahyouknowme/mcp.go:39.15,46.36 5 0
mcpyeahyouknowme/mcp.go:46.36,48.17 2 0
mcpyeahyouknowme/mcp.go:48.17,50.12 2 0
mcpyeahyouknowme/mcp.go:53.3,55.15 3 0
mcpyeahyouknowme/mcp.go:55.15,57.12 2 0
mcpyeahyouknowme/mcp.go:59.3,59.64 1 0
mcpyeahyouknowme/mcp.go:59.64,62.12 2 0
mcpyeahyouknowme/mcp.go:64.3,64.86 1 0
mcpyeahyouknowme/mcp.go:66.2,66.15 1 0
mcpyeahyouknowme/mcp.go:66.15,67.40 1 0
mcpyeahyouknowme/mcp.go:67.40,69.4 1 0
mcpyeahyouknowme/mcp.go:72.2,73.16 2 0
mcpyeahyouknowme/mcp.go:73.16,75.3 1 0
mcpyeahyouknowme/mcp.go:76.2,76.24 1 0
mcpyeahyouknowme/mcp.go:76.24,78.3 1 0
mcpyeahyouknowme/mcp.go:80.2,87.39 3 0
mcpyeahyouknowme/mcp.go:87.39,88.50 1 0
mcpyeahyouknowme/mcp.go:88.50,90.4 1 0
mcpyeahyouknowme/mcp.go:91.3,91.34 1 0
mcpyeahyouknowme/mcp.go:94.2,94.24 1 0
mcpyeahyouknowme/mcp.go:94.24,97.3 2 0
mcpyeahyouknowme/mcp.go:99.2,101.45 2 0
mcpyeahyouknowme/mcp.go:101.45,104.3 2 0
mcpyeahyouknowme/profile_mcp.go:62.58,63.14 1 1
mcpyeahyouknowme/profile_mcp.go:63.14,65.3 1 0
mcpyeahyouknowme/profile_mcp.go:66.2,66.51 1 1
mcpyeahyouknowme/profile_mcp.go:66.51,68.3 1 1
mcpyeahyouknowme/profile_mcp.go:69.2,69.33 1 0
mcpyeahyouknowme/profile_mcp.go:69.33,70.54 1 0
mcpyeahyouknowme/profile_mcp.go:70.54,72.4 1 0
mcpyeahyouknowme/profile_mcp.go:74.2,74.14 1 0
mcpyeahyouknowme/profile_mcp.go:79.68,82.81 1 1
mcpyeahyouknowme/profile_mcp.go:82.81,84.17 2 1
mcpyeahyouknowme/profile_mcp.go:84.17,86.4 1 1
mcpyeahyouknowme/profile_mcp.go:87.3,87.43 1 1
mcpyeahyouknowme/profile_mcp.go:87.43,89.4 1 1
mcpyeahyouknowme/profile_mcp.go:90.3,90.33 1 0
mcpyeahyouknowme/profile_mcp.go:96.67,98.16 2 1
mcpyeahyouknowme/profile_mcp.go:98.16,100.3 1 1
mcpyeahyouknowme/profile_mcp.go:101.2,101.17 1 1
mcpyeahyouknowme/profile_mcp.go:101.17,103.3 1 1
mcpyeahyouknowme/profile_mcp.go:105.2,113.27 4 1
mcpyeahyouknowme/profile_mcp.go:113.27,115.16 2 1
mcpyeahyouknowme/profile_mcp.go:115.16,116.12 1 1
mcpyeahyouknowme/profile_mcp.go:118.3,121.20 3 1
mcpyeahyouknowme/profile_mcp.go:121.20,123.12 2 1
mcpyeahyouknowme/profile_mcp.go:125.3,125.21 1 1
mcpyeahyouknowme/profile_mcp.go:125.21,127.12 2 1
mcpyeahyouknowme/profile_mcp.go:129.3,133.5 1 1
mcpyeahyouknowme/profile_mcp.go:136.2,136.20 1 1
mcpyeahyouknowme/profile_mcp.go:142.97,144.16 2 1
mcpyeahyouknowme/profile_mcp.go:144.16,146.3 1 1
mcpyeahyouknowme/profile_mcp.go:149.2,150.30 2 1
mcpyeahyouknowme/profile_mcp.go:150.30,152.54 2 1
mcpyeahyouknowme/profile_mcp.go:152.54,153.12 1 1
mcpyeahyouknowme/profile_mcp.go:155.3,155.18 1 1
mcpyeahyouknowme/profile_mcp.go:155.18,157.4 1 1
mcpyeahyouknowme/profile_mcp.go:158.3,158.40 1 1
mcpyeahyouknowme/profile_mcp.go:158.40,160.9 2 1
mcpyeahyouknowme/profile_mcp.go:163.2,163.17 1 1
mcpyeahyouknowme/profile_mcp.go:163.17,165.3 1 1
mcpyeahyouknowme/profile_mcp.go:167.2,173.16 5 1
mcpyeahyouknowme/profile_mcp.go:173.16,175.3 1 1
mcpyeahyouknowme/profile_mcp.go:177.2,182.33 3 1
mcpyeahyouknowme/profile_mcp.go:182.33,183.45 1 1
mcpyeahyouknowme/profile_mcp.go:183.45,184.12 1 1
mcpyeahyouknowme/profile_mcp.go:186.3,189.26 2 1
mcpyeahyouknowme/profile_mcp.go:189.26,190.60 1 1
mcpyeahyouknowme/profile_mcp.go:190.60,192.5 1 0
mcpyeahyouknowme/profile_mcp.go:194.3,194.75 1 1
mcpyeahyouknowme/profile_mcp.go:196.2,196.41 1 1
mcpyeahyouknowme/profile_mcp.go:196.41,196.81 1 1
mcpyeahyouknowme/profile_mcp.go:198.2,199.27 2 1
mcpyeahyouknowme/profile_mcp.go:199.27,200.41 1 1
mcpyeahyouknowme/profile_mcp.go:200.41,202.4 1 1
mcpyeahyouknowme/profile_mcp.go:205.2,205.64 1 1
mcpyeahyouknowme/profile_mcp.go:210.47,214.66 3 1
mcpyeahyouknowme/profile_mcp.go:214.66,217.33 3 1
mcpyeahyouknowme/profile_mcp.go:217.33,220.4 2 1
mcpyeahyouknowme/profile_mcp.go:221.3,221.21 1 1
mcpyeahyouknowme/profile_mcp.go:221.21,223.4 1 1
mcpyeahyouknowme/profile_mcp.go:226.2,226.64 1 1
mcpyeahyouknowme/profile_mcp.go:226.64,228.80 2 1
mcpyeahyouknowme/profile_mcp.go:228.80,229.12 1 1
mcpyeahyouknowme/profile_mcp.go:231.3,233.33 3 1
mcpyeahyouknowme/profile_mcp.go:233.33,236.4 2 1
mcpyeahyouknowme/profile_mcp.go:237.3,237.21 1 1
mcpyeahyouknowme/profile_mcp.go:237.21,239.4 1 1
mcpyeahyouknowme/profile_mcp.go:242.2,242.13 1 1
mcpyeahyouknowme/profile_mcp.go:247.39,250.15 3 1
mcpyeahyouknowme/profile_mcp.go:250.15,252.3 1 1
mcpyeahyouknowme/profile_mcp.go:253.2,253.13 1 1
mcpyeahyouknowme/reindex_cli.go:13.71,15.2 1 0
mcpyeahyouknowme/reindex_cli.go:17.68,19.2 1 0
mcpyeahyouknowme/reindex_cli.go:25.32,26.44 1 0
mcpyeahyouknowme/reindex_cli.go:26.44,29.3 2 0
mcpyeahyouknowme/reindex_cli.go:33.41,34.19 1 1
mcpyeahyouknowme/reindex_cli.go:34.19,36.3 1 1
mcpyeahyouknowme/reindex_cli.go:37.2,37.40 1 1
mcpyeahyouknowme/reindex_cli.go:37.40,38.68 1 1
mcpyeahyouknowme/reindex_cli.go:38.68,40.4 1 1
mcpyeahyouknowme/reindex_cli.go:41.3,42.13 2 1
mcpyeahyouknowme/reindex_cli.go:44.2,44.33 1 1
mcpyeahyouknowme/reindex_cli.go:48.40,52.16 3 1
mcpyeahyouknowme/reindex_cli.go:52.16,54.3 1 1
mcpyeahyouknowme/reindex_cli.go:55.2,58.44 3 1
mcpyeahyouknowme/reindex_cli.go:58.44,60.3 1 1
mcpyeahyouknowme/reindex_cli.go:62.2,63.15 2 1
mcpyeahyouknowme/reindex_cli.go:63.15,64.29 1 1
mcpyeahyouknowme/reindex_cli.go:64.29,66.4 1 1
mcpyeahyouknowme/reindex_cli.go:69.2,70.53 2 1
mcpyeahyouknowme/reindex_cli.go:70.53,72.3 1 0
mcpyeahyouknowme/reindex_cli.go:74.2,75.33 2 1
mcpyeahyouknowme/reindex_cli.go:75.33,76.33 1 1
mcpyeahyouknowme/reindex_cli.go:76.33,77.12 1 0
mcpyeahyouknowme/reindex_cli.go:79.3,81.48 3 1
mcpyeahyouknowme/reindex_cli.go:81.48,84.4 2 1
mcpyeahyouknowme/reindex_cli.go:85.3,85.61 1 1
mcpyeahyouknowme/reindex_cli.go:85.61,86.62 1 1
mcpyeahyouknowme/reindex_cli.go:86.62,88.13 2 0
mcpyeahyouknowme/reindex_cli.go:90.9,92.18 2 1
mcpyeahyouknowme/reindex_cli.go:92.18,94.13 2 0
mcpyeahyouknowme/reindex_cli.go:96.4,96.40 1 1
mcpyeahyouknowme/reindex_cli.go:96.40,98.13 2 0
mcpyeahyouknowme/reindex_cli.go:101.3,103.60 3 1
mcpyeahyouknowme/reindex_cli.go:106.2,107.51 2 1
mcpyeahyouknowme/reindex_cli.go:107.51,109.3 1 0
mcpyeahyouknowme/reindex_cli.go:111.2,113.12 3 1
mcpyeahyouknowme/reset_cli.go:18.63,18.86 1 0
mcpyeahyouknowme/reset_cli.go:19.61,25.3 1 1
mcpyeahyouknowme/reset_cli.go:28.70,30.3 1 1
mcpyeahyouknowme/reset_cli.go:34.34,38.103 3 1
mcpyeahyouknowme/reset_cli.go:38.103,41.3 2 1
mcpyeahyouknowme/reset_cli.go:43.2,43.21 1 1
mcpyeahyouknowme/reset_cli.go:47.33,48.45 1 1
mcpyeahyouknowme/reset_cli.go:48.45,50.44 2 1
mcpyeahyouknowme/reset_cli.go:50.44,52.4 1 1
mcpyeahyouknowme/reset_cli.go:52.9,54.4 1 1
mcpyeahyouknowme/reset_cli.go:55.3,55.35 1 1
mcpyeahyouknowme/reset_cli.go:58.2,58.53 1 1
mcpyeahyouknowme/reset_cli.go:58.53,60.3 1 1
mcpyeahyouknowme/reset_cli.go:60.8,62.3 1 1
mcpyeahyouknowme/reset_cli.go:64.2,64.106 1 1
mcpyeahyouknowme/reset_cli.go:64.106,66.3 1 1
mcpyeahyouknowme/reset_cli.go:66.8,68.3 1 1
mcpyeahyouknowme/reset_cli.go:69.2,69.29 1 1
mcpyeahyouknowme/reset_cli.go:69.29,70.49 1 1
mcpyeahyouknowme/reset_cli.go:70.49,72.4 1 1
mcpyeahyouknowme/reset_cli.go:72.9,74.4 1 1
mcpyeahyouknowme/reset_cli.go:77.2,77.65 1 1
mcpyeahyouknowme/reset_cli.go:81.68,82.15 1 1
mcpyeahyouknowme/reset_cli.go:82.15,83.31 1 1
mcpyeahyouknowme/reset_cli.go:83.31,85.4 1 1
mcpyeahyouknowme/reset_cli.go:88.2,88.36 1 1
mcpyeahyouknowme/reset_cli.go:88.36,90.3 1 1
mcpyeahyouknowme/runtime.go:32.85,34.2 1 1
mcpyeahyouknowme/runtime.go:37.81,38.32 1 1
mcpyeahyouknowme/runtime.go:38.32,40.3 1 1
mcpyeahyouknowme/runtime.go:41.2,41.16 1 1
mcpyeahyouknowme/runtime.go:41.16,43.3 1 1
mcpyeahyouknowme/runtime.go:45.2,46.15 2 1
mcpyeahyouknowme/runtime.go:46.15,47.23 1 1
mcpyeahyouknowme/runtime.go:47.23,51.23 4 1
mcpyeahyouknowme/runtime.go:51.23,53.5 1 1
mcpyeahyouknowme/runtime.go:55.3,56.9 2 1
mcpyeahyouknowme/runtime.go:59.2,68.12 9 1
mcpyeahyouknowme/runtime.go:68.12,83.14 13 1
mcpyeahyouknowme/runtime.go:83.14,85.4 1 1
mcpyeahyouknowme/runtime.go:90.35,91.14 1 1
mcpyeahyouknowme/runtime.go:91.14,93.3 1 1
mcpyeahyouknowme/runtime.go:95.2,102.19 7 1
mcpyeahyouknowme/runtime.go:102.19,104.3 1 1
mcpyeahyouknowme/runtime.go:105.2,105.13 1 1
mcpyeahyouknowme/runtime.go:109.34,111.102 2 1
mcpyeahyouknowme/runtime.go:111.102,113.3 1 1
mcpyeahyouknowme/runtime.go:117.16,126.16 7 0
mcpyeahyouknowme/runtime.go:126.16,128.3 1 0
mcpyeahyouknowme/runtime.go:130.2,130.36 1 0
mcpyeahyouknowme/runtime.go:130.36,131.15 1 0
mcpyeahyouknowme/runtime.go:131.15,133.12 2 0
mcpyeahyouknowme/runtime.go:135.3,135.17 1 0
mcpyeahyouknowme/runtime.go:135.17,137.4 1 0
mcpyeahyouknowme/runtime.go:140.2,141.30 2 0
mcpyeahyouknowme/runtime.go:141.30,142.43 1 0
mcpyeahyouknowme/runtime.go:142.43,143.25 1 0
mcpyeahyouknowme/runtime.go:143.25,145.5 1 0
mcpyeahyouknowme/runtime.go:147.3,147.25 1 0
mcpyeahyouknowme/runtime.go:150.2,150.90 1 0
mcpyeahyouknowme/runtime.go:150.90,151.25 1 0
mcpyeahyouknowme/runtime.go:151.25,153.4 1 0
mcpyeahyouknowme/runtime.go:154.3,154.17 1 0
mcpyeahyouknowme/runtime.go:154.17,155.46 1 0
mcpyeahyouknowme/runtime.go:155.46,158.5 2 0
mcpyeahyouknowme/runtime.go:160.3,163.54 3 0
mcpyeahyouknowme/runtime.go:163.54,165.4 1 0
mcpyeahyouknowme/runtime.go:165.9,167.4 1 0
mcpyeahyouknowme/runtime.go:169.3,170.15 2 0
mcpyeahyouknowme/runtime.go:170.15,171.53 1 0
mcpyeahyouknowme/runtime.go:171.53,173.5 1 0
mcpyeahyouknowme/runtime.go:176.2,176.68 1 0
mcpyeahyouknowme/runtime.go:176.68,177.25 1 0
mcpyeahyouknowme/runtime.go:177.25,179.4 1 0
mcpyeahyouknowme/runtime.go:180.3,180.62 1 0
mcpyeahyouknowme/runtime.go:183.2,191.6 6 0
mcpyeahyouknowme/runtime.go:191.6,192.10 1 0
mcpyeahyouknowme/runtime.go:193.23,194.58 1 0
mcpyeahyouknowme/runtime.go:194.58,197.5 2 0
mcpyeahyouknowme/runtime.go:197.14,197.49 1 0
mcpyeahyouknowme/runtime.go:197.51,199.5 1 0
mcpyeahyouknowme/runtime.go:200.19,202.41 2 0
mcpyeahyouknowme/runtime.go:202.41,203.17 1 0
mcpyeahyouknowme/runtime.go:203.17,204.41 1 0
mcpyeahyouknowme/runtime.go:204.41,207.7 2 0
mcpyeahyouknowme/runtime.go:208.6,208.50 1 0
mcpyeahyouknowme/runtime.go:211.4,211.38 1 0
mcpyeahyouknowme/runtime.go:211.38,213.49 2 0
mcpyeahyouknowme/runtime.go:213.49,214.14 1 0
mcpyeahyouknowme/runtime.go:216.5,216.54 1 0
mcpyeahyouknowme/runtime.go:216.54,219.6 2 0
mcpyeahyouknowme/runtime.go:221.4,221.41 1 0
mcpyeahyouknowme/runtime.go:221.41,222.56 1 0
mcpyeahyouknowme/runtime.go:222.56,224.6 1 0
mcpyeahyouknowme/runtime.go:226.4,226.38 1 0
mcpyeahyouknowme/runtime.go:226.38,228.31 2 0
mcpyeahyouknowme/runtime.go:228.31,231.6 2 0
mcpyeahyouknowme/runtime.go:233.4,235.37 2 0
mcpyeahyouknowme/runtime.go:241.143,242.28 1 1
mcpyeahyouknowme/runtime.go:242.28,245.3 2 1
mcpyeahyouknowme/runtime.go:246.2,246.22 1 1
mcpyeahyouknowme/runtime.go:246.22,248.3 1 1
mcpyeahyouknowme/runtime.go:249.2,249.33 1 1
mcpyeahyouknowme/runtime.go:249.33,251.3 1 1
mcpyeahyouknowme/runtime.go:252.2,252.24 1 1
mcpyeahyouknowme/runtime.go:252.24,254.3 1 1
mcpyeahyouknowme/runtime.go:255.2,255.13 1 1
mcpyeahyouknowme/runtime.go:259.61,263.2 1 1
mcpyeahyouknowme/runtime.go:266.75,268.9 2 1
mcpyeahyouknowme/runtime.go:268.9,271.3 2 0
mcpyeahyouknowme/runtime.go:272.2,272.65 1 1
mcpyeahyouknowme/runtime.go:272.65,275.3 2 1
mcpyeahyouknowme/runtime.go:276.2,276.20 1 1
mcpyeahyouknowme/runtime.go:276.20,279.3 2 1
mcpyeahyouknowme/runtime.go:280.2,281.16 2 0
mcpyeahyouknowme/runtime.go:281.16,284.3 2 0
mcpyeahyouknowme/runtime.go:285.2,286.9 2 0
mcpyeahyouknowme/runtime.go:286.9,289.3 2 0
mcpyeahyouknowme/runtime.go:290.2,290.63 1 0
mcpyeahyouknowme/runtime.go:290.63,293.3 2 0
mcpyeahyouknowme/runtime.go:294.2,296.12 3 0
mcpyeahyouknowme/runtime.go:296.12,297.43 1 0
mcpyeahyouknowme/runtime.go:297.43,299.4 1 0
mcpyeahyouknowme/runtime.go:300.3,300.24 1 0
mcpyeahyouknowme/runtime.go:305.80,307.16 2 1
mcpyeahyouknowme/runtime.go:307.16,309.40 2 1
mcpyeahyouknowme/runtime.go:309.40,311.4 1 0
mcpyeahyouknowme/runtime.go:313.2,313.24 1 1
mcpyeahyouknowme/runtime.go:313.24,314.58 1 1
mcpyeahyouknowme/runtime.go:314.58,316.4 1 0
mcpyeahyouknowme/runtime.go:318.2,318.58 1 1
mcpyeahyouknowme/runtime.go:318.58,320.3 1 0
mcpyeahyouknowme/runtime.go:321.2,321.41 1 1
mcpyeahyouknowme/search_mcp.go:32.62,33.16 1 1
mcpyeahyouknowme/search_mcp.go:34.59,35.14 1 1
mcpyeahyouknowme/search_mcp.go:36.10,37.15 1 0
mcpyeahyouknowme/search_mcp.go:42.69,43.28 1 1
mcpyeahyouknowme/search_mcp.go:43.28,44.52 1 1
mcpyeahyouknowme/search_mcp.go:44.52,46.4 1 1
mcpyeahyouknowme/search_mcp.go:48.2,48.14 1 0
mcpyeahyouknowme/search_mcp.go:52.66,61.83 1 1
mcpyeahyouknowme/search_mcp.go:61.83,64.23 3 1
mcpyeahyouknowme/search_mcp.go:64.23,66.4 1 1
mcpyeahyouknowme/search_mcp.go:67.3,74.17 7 1
mcpyeahyouknowme/search_mcp.go:74.17,76.4 1 1
mcpyeahyouknowme/search_mcp.go:77.3,77.24 1 1
mcpyeahyouknowme/search_mcp.go:77.24,79.4 1 1
mcpyeahyouknowme/search_mcp.go:80.3,80.49 1 1
mcpyeahyouknowme/search_mcp.go:80.49,82.4 1 1
mcpyeahyouknowme/search_mcp.go:83.3,83.34 1 0
mcpyeahyouknowme/search_store.go:117.52,118.91 1 1
mcpyeahyouknowme/search_store.go:118.91,120.3 1 0
mcpyeahyouknowme/search_store.go:121.2,121.12 1 1
mcpyeahyouknowme/search_store.go:125.37,127.2 1 1
mcpyeahyouknowme/search_store.go:131.46,132.15 1 1
mcpyeahyouknowme/search_store.go:132.15,134.3 1 1
mcpyeahyouknowme/search_store.go:135.2,135.52 1 1
mcpyeahyouknowme/search_store.go:135.52,137.3 1 1
mcpyeahyouknowme/search_store.go:138.2,139.12 2 1
mcpyeahyouknowme/search_store.go:144.44,145.16 1 1
mcpyeahyouknowme/search_store.go:145.16,147.3 1 1
mcpyeahyouknowme/search_store.go:148.2,148.54 1 1
mcpyeahyouknowme/search_store.go:148.54,150.3 1 1
mcpyeahyouknowme/search_store.go:151.2,152.36 2 1
mcpyeahyouknowme/search_store.go:156.37,162.16 2 1
mcpyeahyouknowme/search_store.go:162.16,164.3 1 1
mcpyeahyouknowme/search_store.go:165.2,165.12 1 1
mcpyeahyouknowme/search_store.go:169.59,170.92 1 1
mcpyeahyouknowme/search_store.go:170.92,172.3 1 1
mcpyeahyouknowme/search_store.go:173.2,173.12 1 1
mcpyeahyouknowme/search_store.go:178.65,180.16 2 1
mcpyeahyouknowme/search_store.go:180.16,182.3 1 0
mcpyeahyouknowme/search_store.go:183.2,191.16 3 1
mcpyeahyouknowme/search_store.go:191.16,193.3 1 0
mcpyeahyouknowme/search_store.go:194.2,196.28 2 1
mcpyeahyouknowme/search_store.go:196.28,198.25 2 1
mcpyeahyouknowme/search_store.go:198.25,200.4 1 1
mcpyeahyouknowme/search_store.go:201.3,202.26 2 1
mcpyeahyouknowme/search_store.go:202.26,204.4 1 1
mcpyeahyouknowme/search_store.go:205.3,205.105 1 1
mcpyeahyouknowme/search_store.go:205.105,207.4 1 0
mcpyeahyouknowme/search_store.go:210.2,210.36 1 1
mcpyeahyouknowme/search_store.go:210.36,212.3 1 0
mcpyeahyouknowme/search_store.go:215.2,215.16 1 1
mcpyeahyouknowme/search_store.go:215.16,216.48 1 1
mcpyeahyouknowme/search_store.go:216.48,218.4 1 1
mcpyeahyouknowme/search_store.go:220.2,220.12 1 1
mcpyeahyouknowme/search_store.go:225.80,227.16 2 1
mcpyeahyouknowme/search_store.go:227.16,229.3 1 1
mcpyeahyouknowme/search_store.go:230.2,237.19 2 1
mcpyeahyouknowme/search_store.go:237.19,239.3 1 0
mcpyeahyouknowme/search_store.go:240.2,240.66 1 1
mcpyeahyouknowme/search_store.go:240.66,242.3 1 0
mcpyeahyouknowme/search_store.go:244.2,244.22 1 1
mcpyeahyouknowme/search_store.go:244.22,248.17 2 1
mcpyeahyouknowme/search_store.go:248.17,250.4 1 0
mcpyeahyouknowme/search_store.go:251.3,253.31 2 1
mcpyeahyouknowme/search_store.go:253.31,254.70 1 1
mcpyeahyouknowme/search_store.go:254.70,256.5 1 0
mcpyeahyouknowme/search_store.go:260.2,268.27 1 1
mcpyeahyouknowme/search_store.go:268.27,270.3 1 0
mcpyeahyouknowme/search_store.go:272.2,272.66 1 1
mcpyeahyouknowme/search_store.go:272.66,274.3 1 0
mcpyeahyouknowme/search_store.go:275.2,275.36 1 1
mcpyeahyouknowme/search_store.go:275.36,277.3 1 0
mcpyeahyouknowme/search_store.go:278.2,278.12 1 1
mcpyeahyouknowme/search_store.go:283.50,285.95 2 1
mcpyeahyouknowme/search_store.go:285.95,287.3 1 1
mcpyeahyouknowme/search_store.go:288.2,288.21 1 1
mcpyeahyouknowme/search_store.go:288.21,290.3 1 1
mcpyeahyouknowme/search_store.go:291.2,292.88 2 1
mcpyeahyouknowme/search_store.go:292.88,294.3 1 1
mcpyeahyouknowme/search_store.go:295.2,295.18 1 1
mcpyeahyouknowme/search_store.go:295.18,296.53 1 0
mcpyeahyouknowme/search_store.go:296.53,298.4 1 0
mcpyeahyouknowme/search_store.go:299.3,299.64 1 0
mcpyeahyouknowme/search_store.go:301.2,301.12 1 1
mcpyeahyouknowme/search_store.go:305.73,308.47 1 1
mcpyeahyouknowme/search_store.go:308.47,310.3 1 1
mcpyeahyouknowme/search_store.go:314.60,316.137 2 1
mcpyeahyouknowme/search_store.go:316.137,318.3 1 1
mcpyeahyouknowme/search_store.go:319.2,319.14 1 1
mcpyeahyouknowme/search_store.go:319.14,321.17 2 1
mcpyeahyouknowme/search_store.go:321.17,324.4 2 1
mcpyeahyouknowme/search_store.go:325.3,325.11 1 1
mcpyeahyouknowme/search_store.go:327.2,327.20 1 1
mcpyeahyouknowme/search_store.go:334.127,335.16 1 1
mcpyeahyouknowme/search_store.go:335.16,337.3 1 1
mcpyeahyouknowme/search_store.go:339.2,340.16 2 1
mcpyeahyouknowme/search_store.go:340.16,342.3 1 1
mcpyeahyouknowme/search_store.go:343.2,344.16 2 1
mcpyeahyouknowme/search_store.go:344.16,346.3 1 0
mcpyeahyouknowme/search_store.go:347.2,347.26 1 1
mcpyeahyouknowme/search_store.go:347.26,349.3 1 1
mcpyeahyouknowme/search_store.go:350.2,350.21 1 1
mcpyeahyouknowme/search_store.go:361.137,371.24 4 1
mcpyeahyouknowme/search_store.go:371.24,374.3 2 1
mcpyeahyouknowme/search_store.go:375.2,375.22 1 1
mcpyeahyouknowme/search_store.go:375.22,378.3 2 1
mcpyeahyouknowme/search_store.go:379.2,379.17 1 1
mcpyeahyouknowme/search_store.go:379.17,382.3 2 1
mcpyeahyouknowme/search_store.go:383.2,383.18 1 1
mcpyeahyouknowme/search_store.go:383.18,386.3 2 1
mcpyeahyouknowme/search_store.go:387.2,391.16 4 1
mcpyeahyouknowme/search_store.go:391.16,393.3 1 1
mcpyeahyouknowme/search_store.go:394.2,397.18 3 1
mcpyeahyouknowme/search_store.go:397.18,399.57 2 1
mcpyeahyouknowme/search_store.go:399.57,401.12 2 0
mcpyeahyouknowme/search_store.go:403.3,403.31 1 1
mcpyeahyouknowme/search_store.go:405.2,405.35 1 1
mcpyeahyouknowme/search_store.go:405.35,407.3 1 0
mcpyeahyouknowme/search_store.go:408.2,408.21 1 1
mcpyeahyouknowme/search_store.go:417.44,418.56 1 1
mcpyeahyouknowme/search_store.go:418.56,420.3 1 1
mcpyeahyouknowme/search_store.go:421.2,421.22 1 1
mcpyeahyouknowme/search_store.go:421.22,424.3 2 1
mcpyeahyouknowme/search_store.go:426.2,427.29 2 1
mcpyeahyouknowme/search_store.go:427.29,428.20 1 1
mcpyeahyouknowme/search_store.go:428.20,430.4 1 1
mcpyeahyouknowme/search_store.go:432.2,432.27 1 1
mcpyeahyouknowme/search_store.go:432.27,434.3 1 1
mcpyeahyouknowme/search_store.go:436.2,437.36 2 1
mcpyeahyouknowme/search_store.go:437.36,440.3 2 1
mcpyeahyouknowme/search_store.go:441.2,441.36 1 1
mcpyeahyouknowme/search_store.go:451.47,452.15 1 1
mcpyeahyouknowme/search_store.go:452.15,454.3 1 1
mcpyeahyouknowme/search_store.go:455.2,456.17 2 1
mcpyeahyouknowme/search_store.go:456.17,458.3 1 1
mcpyeahyouknowme/search_store.go:459.2,459.102 1 1
mcpyeahyouknowme/search_store.go:468.55,469.15 1 1
mcpyeahyouknowme/search_store.go:469.15,471.3 1 1
mcpyeahyouknowme/search_store.go:472.2,475.20 4 1
mcpyeahyouknowme/search_store.go:475.20,477.3 1 1
mcpyeahyouknowme/search_store.go:478.2,478.84 1 1
mcpyeahyouknowme/search_store.go:484.57,485.17 1 1
mcpyeahyouknowme/search_store.go:485.17,487.3 1 1
mcpyeahyouknowme/search_store.go:488.2,491.49 2 1
mcpyeahyouknowme/search_store.go:491.49,493.3 1 1
mcpyeahyouknowme/search_store.go:494.2,494.18 1 1
mcpyeahyouknowme/search_store.go:495.21,496.13 1 1
mcpyeahyouknowme/search_store.go:497.19,498.13 1 1
mcpyeahyouknowme/search_store.go:499.10,500.13 1 1
mcpyeahyouknowme/search_store.go:507.81,508.22 1 1
mcpyeahyouknowme/search_store.go:508.22,510.3 1 1
mcpyeahyouknowme/search_store.go:512.2,515.27 4 1
mcpyeahyouknowme/search_store.go:515.27,519.3 3 1
mcpyeahyouknowme/search_store.go:521.2,525.16 2 1
mcpyeahyouknowme/search_store.go:525.16,527.3 1 0
mcpyeahyouknowme/search_store.go:528.2,531.18 3 1
mcpyeahyouknowme/search_store.go:531.18,535.111 4 1
mcpyeahyouknowme/search_store.go:535.111,537.12 2 0
mcpyeahyouknowme/search_store.go:539.3,540.18 2 1
mcpyeahyouknowme/search_store.go:540.18,542.4 1 1
mcpyeahyouknowme/search_store.go:544.3,545.40 2 1
mcpyeahyouknowme/search_store.go:545.40,546.68 1 1
mcpyeahyouknowme/search_store.go:546.68,548.5 1 1
mcpyeahyouknowme/search_store.go:551.3,552.46 2 1
mcpyeahyouknowme/search_store.go:552.46,554.4 1 1
mcpyeahyouknowme/search_store.go:556.3,557.10 2 1
mcpyeahyouknowme/search_store.go:558.52,559.54 1 1
mcpyeahyouknowme/search_store.go:560.30,561.83 1 1
mcpyeahyouknowme/search_store.go:562.11,563.46 1 1
mcpyeahyouknowme/search_store.go:566.3,574.4 1 1
mcpyeahyouknowme/search_store.go:576.2,576.35 1 1
mcpyeahyouknowme/search_store.go:576.35,578.3 1 0
mcpyeahyouknowme/search_store.go:580.2,581.27 2 1
mcpyeahyouknowme/search_store.go:581.27,582.42 1 1
mcpyeahyouknowme/search_store.go:582.42,584.4 1 1
mcpyeahyouknowme/search_store.go:587.2,587.42 1 1
mcpyeahyouknowme/search_store.go:587.42,587.88 1 1
mcpyeahyouknowme/search_store.go:588.2,588.21 1 1
mcpyeahyouknowme/search_store.go:592.60,594.2 1 1
mcpyeahyouknowme/search_store.go:604.53,611.2 6 1
mcpyeahyouknowme/search_store.go:615.60,617.51 2 1
mcpyeahyouknowme/search_store.go:617.51,619.3 1 1
mcpyeahyouknowme/search_store.go:620.2,621.16 2 1
mcpyeahyouknowme/search_store.go:621.16,623.3 1 0
mcpyeahyouknowme/search_store.go:624.2,627.27 3 1
mcpyeahyouknowme/search_store_init.go:13.55,14.47 1 1
mcpyeahyouknowme/search_store_init.go:14.47,16.3 1 0
mcpyeahyouknowme/search_store_init.go:18.2,20.16 3 1
mcpyeahyouknowme/search_store_init.go:20.16,22.3 1 0
mcpyeahyouknowme/search_store_init.go:23.2,29.45 5 1
mcpyeahyouknowme/search_store_init.go:29.45,32.3 2 0
mcpyeahyouknowme/search_store_init.go:34.2,34.34 1 1
mcpyeahyouknowme/search_store_init.go:50.67,53.2 2 1
mcpyeahyouknowme/search_store_init.go:56.61,57.45 1 1
mcpyeahyouknowme/search_store_init.go:57.45,59.3 1 0
mcpyeahyouknowme/search_store_init.go:60.2,60.34 1 1
mcpyeahyouknowme/search_store_init.go:64.41,77.16 2 1
mcpyeahyouknowme/search_store_init.go:77.16,79.3 1 0
mcpyeahyouknowme/search_store_init.go:81.2,86.16 2 1
mcpyeahyouknowme/search_store_init.go:86.16,88.3 1 0
mcpyeahyouknowme/search_store_init.go:90.2,90.52 1 1
mcpyeahyouknowme/search_store_init.go:90.52,92.3 1 0
mcpyeahyouknowme/search_store_init.go:94.2,98.16 2 1
mcpyeahyouknowme/search_store_init.go:98.16,100.3 1 0
mcpyeahyouknowme/search_store_init.go:102.2,102.12 1 1
mcpyeahyouknowme/search_store_init.go:106.48,107.74 1 1
mcpyeahyouknowme/search_store_init.go:107.74,109.3 1 1
mcpyeahyouknowme/search_store_init.go:110.2,110.74 1 1
mcpyeahyouknowme/search_store_init.go:110.74,112.3 1 1
mcpyeahyouknowme/search_store_init.go:113.2,113.74 1 1
mcpyeahyouknowme/search_store_init.go:113.74,115.3 1 1
mcpyeahyouknowme/search_store_init.go:116.2,116.12 1 1
mcpyeahyouknowme/search_store_init.go:120.46,121.95 1 1
mcpyeahyouknowme/search_store_init.go:121.95,122.80 1 1
mcpyeahyouknowme/search_store_init.go:122.80,124.4 1 1
mcpyeahyouknowme/search_store_init.go:126.2,126.12 1 1
mcpyeahyouknowme/system.go:12.66,14.2 1 1
mcpyeahyouknowme/system.go:17.41,19.16 2 1
mcpyeahyouknowme/system.go:19.16,21.3 1 0
mcpyeahyouknowme/system.go:22.2,23.14 2 1
mcpyeahyouknowme/system.go:23.14,25.3 1 0
mcpyeahyouknowme/system.go:26.2,27.16 2 1
mcpyeahyouknowme/system.go:27.16,29.3 1 0
mcpyeahyouknowme/system.go:30.2,30.44 1 1
mcpyeahyouknowme/system.go:35.26,36.59 1 1
mcpyeahyouknowme/system.go:36.59,38.3 1 1
mcpyeahyouknowme/system.go:39.2,40.33 2 1
mcpyeahyouknowme/system.go:40.33,42.3 1 1
mcpyeahyouknowme/system.go:43.2,43.39 1 1
mcpyeahyouknowme/system.go:47.43,50.23 3 1
mcpyeahyouknowme/system.go:50.23,52.3 1 1
mcpyeahyouknowme/system.go:53.2,54.12 2 1
mcpyeahyouknowme/system.go:58.48,60.30 2 1
mcpyeahyouknowme/system.go:60.30,62.3 1 1
mcpyeahyouknowme/system.go:63.2,63.21 1 1
