mode: set
mcpyeahyouknowme/sources/gsuite/app_calendar.go:26.47,26.91 1 0
mcpyeahyouknowme/sources/gsuite/app_calendar.go:31.43,52.16 2 1
mcpyeahyouknowme/sources/gsuite/app_calendar.go:52.16,54.3 1 0
mcpyeahyouknowme/sources/gsuite/app_calendar.go:55.2,56.96 2 1
mcpyeahyouknowme/sources/gsuite/app_calendar.go:56.96,58.3 1 0
mcpyeahyouknowme/sources/gsuite/app_calendar.go:58.8,58.20 1 1
mcpyeahyouknowme/sources/gsuite/app_calendar.go:58.20,60.3 1 1
mcpyeahyouknowme/sources/gsuite/app_calendar.go:61.2,81.16 2 1
mcpyeahyouknowme/sources/gsuite/app_calendar.go:81.16,83.3 1 0
mcpyeahyouknowme/sources/gsuite/app_calendar.go:84.2,85.49 2 1
mcpyeahyouknowme/sources/gsuite/app_calendar.go:89.43,95.16 5 0
mcpyeahyouknowme/sources/gsuite/app_calendar.go:95.16,97.3 1 0
mcpyeahyouknowme/sources/gsuite/app_calendar.go:99.2,100.16 2 0
mcpyeahyouknowme/sources/gsuite/app_calendar.go:100.16,102.3 1 0
mcpyeahyouknowme/sources/gsuite/app_calendar.go:104.2,110.36 6 0
mcpyeahyouknowme/sources/gsuite/app_calendar.go:110.36,112.7 2 0
mcpyeahyouknowme/sources/gsuite/app_calendar.go:112.7,116.23 2 0
mcpyeahyouknowme/sources/gsuite/app_calendar.go:116.23,118.5 1 0
mcpyeahyouknowme/sources/gsuite/app_calendar.go:119.4,120.18 2 0
mcpyeahyouknowme/sources/gsuite/app_calendar.go:120.18,122.10 2 0
mcpyeahyouknowme/sources/gsuite/app_calendar.go:124.4,124.36 1 0
mcpyeahyouknowme/sources/gsuite/app_calendar.go:124.36,130.43 6 0
mcpyeahyouknowme/sources/gsuite/app_calendar.go:130.43,131.14 1 0
mcpyeahyouknowme/sources/gsuite/app_calendar.go:133.5,141.19 2 0
mcpyeahyouknowme/sources/gsuite/app_calendar.go:143.4,144.23 2 0
mcpyeahyouknowme/sources/gsuite/app_calendar.go:144.23,145.10 1 0
mcpyeahyouknowme/sources/gsuite/app_calendar.go:149.2,151.12 3 0
mcpyeahyouknowme/sources/gsuite/app_calendar.go:173.104,175.15 2 1
mcpyeahyouknowme/sources/gsuite/app_calendar.go:175.15,177.3 1 1
mcpyeahyouknowme/sources/gsuite/app_calendar.go:178.2,190.16 13 1
mcpyeahyouknowme/sources/gsuite/app_calendar.go:190.16,192.18 2 1
mcpyeahyouknowme/sources/gsuite/app_calendar.go:192.18,194.4 1 1
mcpyeahyouknowme/sources/gsuite/app_calendar.go:196.2,196.15 1 1
mcpyeahyouknowme/sources/gsuite/app_calendar.go:200.67,201.16 1 1
mcpyeahyouknowme/sources/gsuite/app_calendar.go:201.16,203.3 1 1
mcpyeahyouknowme/sources/gsuite/app_calendar.go:204.2,204.27 1 1
mcpyeahyouknowme/sources/gsuite/app_calendar.go:204.27,206.3 1 1
mcpyeahyouknowme/sources/gsuite/app_calendar.go:207.2,207.18 1 1
mcpyeahyouknowme/sources/gsuite/app_calendar.go:211.76,213.37 2 1
mcpyeahyouknowme/sources/gsuite/app_calendar.go:213.37,214.22 1 1
mcpyeahyouknowme/sources/gsuite/app_calendar.go:214.22,215.12 1 1
mcpyeahyouknowme/sources/gsuite/app_calendar.go:217.3,217.33 1 1
mcpyeahyouknowme/sources/gsuite/app_calendar.go:217.33,219.12 2 1
mcpyeahyouknowme/sources/gsuite/app_calendar.go:221.3,221.40 1 1
mcpyeahyouknowme/sources/gsuite/app_calendar.go:223.2,223.14 1 1
mcpyeahyouknowme/sources/gsuite/app_calendar.go:227.74,228.21 1 1
mcpyeahyouknowme/sources/gsuite/app_calendar.go:228.21,229.26 1 1
mcpyeahyouknowme/sources/gsuite/app_calendar.go:229.26,232.4 2 1
mcpyeahyouknowme/sources/gsuite/app_calendar.go:232.9,234.4 1 1
mcpyeahyouknowme/sources/gsuite/app_calendar.go:236.2,236.19 1 1
mcpyeahyouknowme/sources/gsuite/app_calendar.go:236.19,237.24 1 1
mcpyeahyouknowme/sources/gsuite/app_calendar.go:237.24,239.4 1 1
mcpyeahyouknowme/sources/gsuite/app_calendar.go:239.9,241.4 1 1
mcpyeahyouknowme/sources/gsuite/app_calendar.go:243.2,243.8 1 1
mcpyeahyouknowme/sources/gsuite/app_calendar.go:247.74,252.85 1 1
mcpyeahyouknowme/sources/gsuite/app_calendar.go:252.85,254.3 1 1
mcpyeahyouknowme/sources/gsuite/app_calendar.go:255.2,258.85 1 1
mcpyeahyouknowme/sources/gsuite/app_calendar.go:258.85,260.3 1 1
mcpyeahyouknowme/sources/gsuite/app_calendar.go:261.2,265.85 1 1
mcpyeahyouknowme/sources/gsuite/app_calendar.go:265.85,267.3 1 1
mcpyeahyouknowme/sources/gsuite/app_calendar.go:271.113,273.22 2 1
mcpyeahyouknowme/sources/gsuite/app_calendar.go:273.22,275.3 1 1
mcpyeahyouknowme/sources/gsuite/app_calendar.go:276.2,277.19 2 1
mcpyeahyouknowme/sources/gsuite/app_calendar.go:277.19,279.3 1 1
mcpyeahyouknowme/sources/gsuite/app_calendar.go:280.2,286.16 2 1
mcpyeahyouknowme/sources/gsuite/app_calendar.go:286.16,288.3 1 0
mcpyeahyouknowme/sources/gsuite/app_calendar.go:289.2,291.18 3 1
mcpyeahyouknowme/sources/gsuite/app_calendar.go:291.18,294.116 3 1
mcpyeahyouknowme/sources/gsuite/app_calendar.go:294.116,295.12 1 0
mcpyeahyouknowme/sources/gsuite/app_calendar.go:297.3,301.5 1 1
mcpyeahyouknowme/sources/gsuite/app_calendar.go:303.2,303.107 1 1
mcpyeahyouknowme/sources/gsuite/app_calendar.go:307.115,309.22 2 1
mcpyeahyouknowme/sources/gsuite/app_calendar.go:309.22,311.3 1 1
mcpyeahyouknowme/sources/gsuite/app_calendar.go:312.2,312.19 1 1
mcpyeahyouknowme/sources/gsuite/app_calendar.go:312.19,314.3 1 1
mcpyeahyouknowme/sources/gsuite/app_calendar.go:315.2,322.26 4 1
mcpyeahyouknowme/sources/gsuite/app_calendar.go:322.26,324.3 1 1
mcpyeahyouknowme/sources/gsuite/app_calendar.go:325.2,325.16 1 1
mcpyeahyouknowme/sources/gsuite/app_calendar.go:325.16,327.3 1 0
mcpyeahyouknowme/sources/gsuite/app_calendar.go:328.2,334.4 1 1
mcpyeahyouknowme/sources/gsuite/app_calendar.go:338.119,341.19 3 1
mcpyeahyouknowme/sources/gsuite/app_calendar.go:341.19,343.3 1 1
mcpyeahyouknowme/sources/gsuite/app_calendar.go:344.2,349.16 4 1
mcpyeahyouknowme/sources/gsuite/app_calendar.go:349.16,351.3 1 0
mcpyeahyouknowme/sources/gsuite/app_calendar.go:352.2,354.18 3 1
mcpyeahyouknowme/sources/gsuite/app_calendar.go:354.18,357.106 3 1
mcpyeahyouknowme/sources/gsuite/app_calendar.go:357.106,358.12 1 0
mcpyeahyouknowme/sources/gsuite/app_calendar.go:360.3,363.5 1 1
mcpyeahyouknowme/sources/gsuite/app_calendar.go:365.2,365.90 1 1
mcpyeahyouknowme/sources/gsuite/app_calendar.go:369.87,372.16 2 1
mcpyeahyouknowme/sources/gsuite/app_calendar.go:372.16,374.3 1 0
mcpyeahyouknowme/sources/gsuite/app_calendar.go:375.2,377.18 3 1
mcpyeahyouknowme/sources/gsuite/app_calendar.go:377.18,379.116 2 1
mcpyeahyouknowme/sources/gsuite/app_calendar.go:379.116,380.12 1 0
mcpyeahyouknowme/sources/gsuite/app_calendar.go:382.3,386.60 3 1
mcpyeahyouknowme/sources/gsuite/app_calendar.go:386.60,388.4 1 1
mcpyeahyouknowme/sources/gsuite/app_calendar.go:389.3,390.21 2 1
mcpyeahyouknowme/sources/gsuite/app_calendar.go:390.21,392.4 1 1
mcpyeahyouknowme/sources/gsuite/app_calendar.go:393.3,393.22 1 1
mcpyeahyouknowme/sources/gsuite/app_calendar.go:393.22,395.4 1 1
mcpyeahyouknowme/sources/gsuite/app_calendar.go:396.3,396.21 1 1
mcpyeahyouknowme/sources/gsuite/app_calendar.go:396.21,398.4 1 1
mcpyeahyouknowme/sources/gsuite/app_calendar.go:399.3,403.17 2 1
mcpyeahyouknowme/sources/gsuite/app_calendar.go:403.17,411.4 2 1
mcpyeahyouknowme/sources/gsuite/app_calendar.go:413.2,413.21 1 1
mcpyeahyouknowme/sources/gsuite/app_contacts.go:24.47,24.91 1 0
mcpyeahyouknowme/sources/gsuite/app_contacts.go:29.43,42.16 2 1
mcpyeahyouknowme/sources/gsuite/app_contacts.go:42.16,44.3 1 0
mcpyeahyouknowme/sources/gsuite/app_contacts.go:45.2,46.76 2 1
mcpyeahyouknowme/sources/gsuite/app_contacts.go:46.76,47.90 1 1
mcpyeahyouknowme/sources/gsuite/app_contacts.go:47.90,49.4 1 0
mcpyeahyouknowme/sources/gsuite/app_contacts.go:49.9,49.21 1 1
mcpyeahyouknowme/sources/gsuite/app_contacts.go:49.21,51.4 1 1
mcpyeahyouknowme/sources/gsuite/app_contacts.go:53.2,73.16 2 1
mcpyeahyouknowme/sources/gsuite/app_contacts.go:73.16,75.3 1 0
mcpyeahyouknowme/sources/gsuite/app_contacts.go:76.2,77.49 2 1
mcpyeahyouknowme/sources/gsuite/app_contacts.go:81.43,87.16 5 0
mcpyeahyouknowme/sources/gsuite/app_contacts.go:87.16,89.3 1 0
mcpyeahyouknowme/sources/gsuite/app_contacts.go:91.2,94.6 4 0
mcpyeahyouknowme/sources/gsuite/app_contacts.go:94.6,98.22 2 0
mcpyeahyouknowme/sources/gsuite/app_contacts.go:98.22,100.4 1 0
mcpyeahyouknowme/sources/gsuite/app_contacts.go:101.3,102.17 2 0
mcpyeahyouknowme/sources/gsuite/app_contacts.go:102.17,104.4 1 0
mcpyeahyouknowme/sources/gsuite/app_contacts.go:105.3,105.37 1 0
mcpyeahyouknowme/sources/gsuite/app_contacts.go:105.37,110.70 5 0
mcpyeahyouknowme/sources/gsuite/app_contacts.go:110.70,111.13 1 0
mcpyeahyouknowme/sources/gsuite/app_contacts.go:113.4,120.18 2 0
mcpyeahyouknowme/sources/gsuite/app_contacts.go:122.3,123.22 2 0
mcpyeahyouknowme/sources/gsuite/app_contacts.go:123.22,124.9 1 0
mcpyeahyouknowme/sources/gsuite/app_contacts.go:127.2,129.12 3 0
mcpyeahyouknowme/sources/gsuite/app_contacts.go:143.57,145.14 2 1
mcpyeahyouknowme/sources/gsuite/app_contacts.go:145.14,147.3 1 1
mcpyeahyouknowme/sources/gsuite/app_contacts.go:148.2,149.54 2 1
mcpyeahyouknowme/sources/gsuite/app_contacts.go:149.54,151.3 1 1
mcpyeahyouknowme/sources/gsuite/app_contacts.go:152.2,152.22 1 1
mcpyeahyouknowme/sources/gsuite/app_contacts.go:152.22,154.3 1 1
mcpyeahyouknowme/sources/gsuite/app_contacts.go:155.2,156.37 2 1
mcpyeahyouknowme/sources/gsuite/app_contacts.go:156.37,158.3 1 1
mcpyeahyouknowme/sources/gsuite/app_contacts.go:159.2,159.36 1 1
mcpyeahyouknowme/sources/gsuite/app_contacts.go:159.36,161.3 1 1
mcpyeahyouknowme/sources/gsuite/app_contacts.go:162.2,162.36 1 1
mcpyeahyouknowme/sources/gsuite/app_contacts.go:162.36,164.20 2 1
mcpyeahyouknowme/sources/gsuite/app_contacts.go:164.20,166.4 1 1
mcpyeahyouknowme/sources/gsuite/app_contacts.go:167.3,167.27 1 1
mcpyeahyouknowme/sources/gsuite/app_contacts.go:169.2,169.28 1 1
mcpyeahyouknowme/sources/gsuite/app_contacts.go:169.28,171.3 1 1
mcpyeahyouknowme/sources/gsuite/app_contacts.go:172.2,175.15 4 1
mcpyeahyouknowme/sources/gsuite/app_contacts.go:179.92,181.16 2 1
mcpyeahyouknowme/sources/gsuite/app_contacts.go:181.16,183.3 1 0
mcpyeahyouknowme/sources/gsuite/app_contacts.go:184.2,186.18 3 1
mcpyeahyouknowme/sources/gsuite/app_contacts.go:186.18,188.40 2 1
mcpyeahyouknowme/sources/gsuite/app_contacts.go:188.40,189.12 1 0
mcpyeahyouknowme/sources/gsuite/app_contacts.go:191.3,191.21 1 1
mcpyeahyouknowme/sources/gsuite/app_contacts.go:191.21,193.4 1 1
mcpyeahyouknowme/sources/gsuite/app_contacts.go:195.2,196.30 2 1
mcpyeahyouknowme/sources/gsuite/app_contacts.go:196.30,198.3 1 1
mcpyeahyouknowme/sources/gsuite/app_contacts.go:203.38,204.39 1 1
mcpyeahyouknowme/sources/gsuite/app_contacts.go:204.39,205.27 1 1
mcpyeahyouknowme/sources/gsuite/app_contacts.go:205.27,207.4 1 1
mcpyeahyouknowme/sources/gsuite/app_contacts.go:208.3,208.12 1 1
mcpyeahyouknowme/sources/gsuite/app_contacts.go:213.74,218.85 1 1
mcpyeahyouknowme/sources/gsuite/app_contacts.go:218.85,220.3 1 1
mcpyeahyouknowme/sources/gsuite/app_contacts.go:221.2,224.85 1 1
mcpyeahyouknowme/sources/gsuite/app_contacts.go:224.85,226.3 1 1
mcpyeahyouknowme/sources/gsuite/app_contacts.go:227.2,230.85 1 1
mcpyeahyouknowme/sources/gsuite/app_contacts.go:230.85,232.3 1 1
mcpyeahyouknowme/sources/gsuite/app_contacts.go:236.113,238.22 2 1
mcpyeahyouknowme/sources/gsuite/app_contacts.go:238.22,240.3 1 1
mcpyeahyouknowme/sources/gsuite/app_contacts.go:241.2,242.19 2 1
mcpyeahyouknowme/sources/gsuite/app_contacts.go:242.19,244.3 1 1
mcpyeahyouknowme/sources/gsuite/app_contacts.go:245.2,250.16 2 1
mcpyeahyouknowme/sources/gsuite/app_contacts.go:250.16,252.3 1 0
mcpyeahyouknowme/sources/gsuite/app_contacts.go:253.2,255.18 3 1
mcpyeahyouknowme/sources/gsuite/app_contacts.go:255.18,257.82 2 1
mcpyeahyouknowme/sources/gsuite/app_contacts.go:257.82,258.12 1 0
mcpyeahyouknowme/sources/gsuite/app_contacts.go:260.3,263.5 1 1
mcpyeahyouknowme/sources/gsuite/app_contacts.go:265.2,265.107 1 1
mcpyeahyouknowme/sources/gsuite/app_contacts.go:269.111,271.19 2 1
mcpyeahyouknowme/sources/gsuite/app_contacts.go:271.19,273.3 1 1
mcpyeahyouknowme/sources/gsuite/app_contacts.go:274.2,276.16 2 1
mcpyeahyouknowme/sources/gsuite/app_contacts.go:276.16,278.3 1 0
mcpyeahyouknowme/sources/gsuite/app_contacts.go:279.2,281.18 3 1
mcpyeahyouknowme/sources/gsuite/app_contacts.go:281.18,283.82 2 1
mcpyeahyouknowme/sources/gsuite/app_contacts.go:283.82,284.12 1 0
mcpyeahyouknowme/sources/gsuite/app_contacts.go:286.3,289.5 1 1
mcpyeahyouknowme/sources/gsuite/app_contacts.go:291.2,291.92 1 1
mcpyeahyouknowme/sources/gsuite/app_contacts.go:296.120,298.22 2 1
mcpyeahyouknowme/sources/gsuite/app_contacts.go:298.22,300.3 1 1
mcpyeahyouknowme/sources/gsuite/app_contacts.go:301.2,301.19 1 1
mcpyeahyouknowme/sources/gsuite/app_contacts.go:301.19,303.3 1 1
mcpyeahyouknowme/sources/gsuite/app_contacts.go:304.2,307.16 3 1
mcpyeahyouknowme/sources/gsuite/app_contacts.go:307.16,309.3 1 0
mcpyeahyouknowme/sources/gsuite/app_contacts.go:310.2,312.18 3 1
mcpyeahyouknowme/sources/gsuite/app_contacts.go:312.18,314.82 2 1
mcpyeahyouknowme/sources/gsuite/app_contacts.go:314.82,315.12 1 0
mcpyeahyouknowme/sources/gsuite/app_contacts.go:317.3,318.53 2 1
mcpyeahyouknowme/sources/gsuite/app_contacts.go:318.53,319.64 1 1
mcpyeahyouknowme/sources/gsuite/app_contacts.go:319.64,321.10 2 1
mcpyeahyouknowme/sources/gsuite/app_contacts.go:324.3,324.14 1 1
mcpyeahyouknowme/sources/gsuite/app_contacts.go:324.14,329.4 1 1
mcpyeahyouknowme/sources/gsuite/app_contacts.go:331.2,331.107 1 1
mcpyeahyouknowme/sources/gsuite/app_contacts.go:335.87,338.16 2 1
mcpyeahyouknowme/sources/gsuite/app_contacts.go:338.16,340.3 1 0
mcpyeahyouknowme/sources/gsuite/app_contacts.go:341.2,343.18 3 1
mcpyeahyouknowme/sources/gsuite/app_contacts.go:343.18,345.90 2 1
mcpyeahyouknowme/sources/gsuite/app_contacts.go:345.90,346.12 1 0
mcpyeahyouknowme/sources/gsuite/app_contacts.go:348.3,349.19 2 1
mcpyeahyouknowme/sources/gsuite/app_contacts.go:349.19,351.4 1 1
mcpyeahyouknowme/sources/gsuite/app_contacts.go:352.3,352.19 1 1
mcpyeahyouknowme/sources/gsuite/app_contacts.go:352.19,354.4 1 1
mcpyeahyouknowme/sources/gsuite/app_contacts.go:355.3,355.17 1 1
mcpyeahyouknowme/sources/gsuite/app_contacts.go:355.17,357.4 1 1
mcpyeahyouknowme/sources/gsuite/app_contacts.go:358.3,364.5 2 1
mcpyeahyouknowme/sources/gsuite/app_contacts.go:366.2,366.21 1 1
mcpyeahyouknowme/sources/gsuite/app_docs.go:27.47,27.90 1 1
mcpyeahyouknowme/sources/gsuite/app_docs.go:32.39,45.16 2 1
mcpyeahyouknowme/sources/gsuite/app_docs.go:45.16,47.3 1 0
mcpyeahyouknowme/sources/gsuite/app_docs.go:49.2,70.16 2 1
mcpyeahyouknowme/sources/gsuite/app_docs.go:70.16,72.3 1 0
mcpyeahyouknowme/sources/gsuite/app_docs.go:73.2,74.12 2 1
mcpyeahyouknowme/sources/gsuite/app_docs.go:78.39,84.16 5 0
mcpyeahyouknowme/sources/gsuite/app_docs.go:84.16,86.3 1 0
mcpyeahyouknowme/sources/gsuite/app_docs.go:87.2,88.16 2 0
mcpyeahyouknowme/sources/gsuite/app_docs.go:88.16,90.3 1 0
mcpyeahyouknowme/sources/gsuite/app_docs.go:92.2,95.6 4 0
mcpyeahyouknowme/sources/gsuite/app_docs.go:95.6,102.22 2 0
mcpyeahyouknowme/sources/gsuite/app_docs.go:102.22,104.4 1 0
mcpyeahyouknowme/sources/gsuite/app_docs.go:105.3,106.17 2 0
mcpyeahyouknowme/sources/gsuite/app_docs.go:106.17,108.4 1 0
mcpyeahyouknowme/sources/gsuite/app_docs.go:109.3,109.34 1 0
mcpyeahyouknowme/sources/gsuite/app_docs.go:109.34,113.37 4 0
mcpyeahyouknowme/sources/gsuite/app_docs.go:113.37,114.13 1 0
mcpyeahyouknowme/sources/gsuite/app_docs.go:116.4,117.18 2 0
mcpyeahyouknowme/sources/gsuite/app_docs.go:117.18,119.13 2 0
mcpyeahyouknowme/sources/gsuite/app_docs.go:121.4,128.59 4 0
mcpyeahyouknowme/sources/gsuite/app_docs.go:130.3,131.22 2 0
mcpyeahyouknowme/sources/gsuite/app_docs.go:131.22,132.9 1 0
mcpyeahyouknowme/sources/gsuite/app_docs.go:135.2,137.12 3 0
mcpyeahyouknowme/sources/gsuite/app_docs.go:151.89,152.17 1 1
mcpyeahyouknowme/sources/gsuite/app_docs.go:152.17,154.3 1 1
mcpyeahyouknowme/sources/gsuite/app_docs.go:155.2,163.3 1 1
mcpyeahyouknowme/sources/gsuite/app_docs.go:167.53,169.43 2 1
mcpyeahyouknowme/sources/gsuite/app_docs.go:169.43,170.31 1 1
mcpyeahyouknowme/sources/gsuite/app_docs.go:170.31,171.52 1 1
mcpyeahyouknowme/sources/gsuite/app_docs.go:171.52,172.28 1 1
mcpyeahyouknowme/sources/gsuite/app_docs.go:172.28,174.6 1 1
mcpyeahyouknowme/sources/gsuite/app_docs.go:178.2,178.13 1 1
mcpyeahyouknowme/sources/gsuite/app_docs.go:182.70,187.85 1 1
mcpyeahyouknowme/sources/gsuite/app_docs.go:187.85,189.3 1 1
mcpyeahyouknowme/sources/gsuite/app_docs.go:190.2,193.85 1 1
mcpyeahyouknowme/sources/gsuite/app_docs.go:193.85,195.3 1 1
mcpyeahyouknowme/sources/gsuite/app_docs.go:196.2,199.85 1 1
mcpyeahyouknowme/sources/gsuite/app_docs.go:199.85,201.3 1 1
mcpyeahyouknowme/sources/gsuite/app_docs.go:205.109,207.22 2 1
mcpyeahyouknowme/sources/gsuite/app_docs.go:207.22,209.3 1 1
mcpyeahyouknowme/sources/gsuite/app_docs.go:210.2,211.19 2 1
mcpyeahyouknowme/sources/gsuite/app_docs.go:211.19,213.3 1 1
mcpyeahyouknowme/sources/gsuite/app_docs.go:214.2,221.16 2 1
mcpyeahyouknowme/sources/gsuite/app_docs.go:221.16,223.3 1 0
mcpyeahyouknowme/sources/gsuite/app_docs.go:224.2,226.18 3 1
mcpyeahyouknowme/sources/gsuite/app_docs.go:226.18,228.97 2 1
mcpyeahyouknowme/sources/gsuite/app_docs.go:228.97,229.12 1 0
mcpyeahyouknowme/sources/gsuite/app_docs.go:231.3,234.5 1 1
mcpyeahyouknowme/sources/gsuite/app_docs.go:236.2,236.107 1 1
mcpyeahyouknowme/sources/gsuite/app_docs.go:240.114,242.22 2 1
mcpyeahyouknowme/sources/gsuite/app_docs.go:242.22,244.3 1 1
mcpyeahyouknowme/sources/gsuite/app_docs.go:245.2,245.19 1 1
mcpyeahyouknowme/sources/gsuite/app_docs.go:245.19,247.3 1 1
mcpyeahyouknowme/sources/gsuite/app_docs.go:248.2,251.26 3 1
mcpyeahyouknowme/sources/gsuite/app_docs.go:251.26,253.3 1 1
mcpyeahyouknowme/sources/gsuite/app_docs.go:254.2,254.16 1 1
mcpyeahyouknowme/sources/gsuite/app_docs.go:254.16,256.3 1 0
mcpyeahyouknowme/sources/gsuite/app_docs.go:257.2,260.4 1 1
mcpyeahyouknowme/sources/gsuite/app_docs.go:264.113,266.19 2 1
mcpyeahyouknowme/sources/gsuite/app_docs.go:266.19,268.3 1 1
mcpyeahyouknowme/sources/gsuite/app_docs.go:269.2,271.16 2 1
mcpyeahyouknowme/sources/gsuite/app_docs.go:271.16,273.3 1 0
mcpyeahyouknowme/sources/gsuite/app_docs.go:274.2,276.18 3 1
mcpyeahyouknowme/sources/gsuite/app_docs.go:276.18,278.87 2 1
mcpyeahyouknowme/sources/gsuite/app_docs.go:278.87,279.12 1 0
mcpyeahyouknowme/sources/gsuite/app_docs.go:281.3,283.5 1 1
mcpyeahyouknowme/sources/gsuite/app_docs.go:285.2,285.93 1 1
mcpyeahyouknowme/sources/gsuite/app_docs.go:289.83,291.16 2 1
mcpyeahyouknowme/sources/gsuite/app_docs.go:291.16,293.3 1 0
mcpyeahyouknowme/sources/gsuite/app_docs.go:294.2,296.18 3 1
mcpyeahyouknowme/sources/gsuite/app_docs.go:296.18,298.77 2 1
mcpyeahyouknowme/sources/gsuite/app_docs.go:298.77,299.12 1 0
mcpyeahyouknowme/sources/gsuite/app_docs.go:301.3,302.78 1 1
mcpyeahyouknowme/sources/gsuite/app_docs.go:304.2,304.21 1 1
mcpyeahyouknowme/sources/gsuite/app_docs.go:310.72,316.18 6 1
mcpyeahyouknowme/sources/gsuite/app_docs.go:316.18,318.3 1 1
mcpyeahyouknowme/sources/gsuite/app_docs.go:319.2,320.18 2 1
mcpyeahyouknowme/sources/gsuite/app_docs.go:320.18,322.3 1 1
mcpyeahyouknowme/sources/gsuite/app_docs.go:323.2,325.61 3 1
mcpyeahyouknowme/sources/gsuite/app_docs.go:325.61,327.3 1 1
mcpyeahyouknowme/sources/gsuite/app_docs.go:328.2,332.18 2 1
mcpyeahyouknowme/sources/gsuite/app_docs.go:332.18,338.3 2 1
mcpyeahyouknowme/sources/gsuite/app_docs.go:339.2,339.22 1 1
mcpyeahyouknowme/sources/gsuite/app_docs.go:339.22,341.19 2 1
mcpyeahyouknowme/sources/gsuite/app_docs.go:341.19,343.4 1 1
mcpyeahyouknowme/sources/gsuite/app_docs.go:344.3,345.32 2 1
mcpyeahyouknowme/sources/gsuite/app_docs.go:345.32,346.37 1 1
mcpyeahyouknowme/sources/gsuite/app_docs.go:346.37,347.13 1 1
mcpyeahyouknowme/sources/gsuite/app_docs.go:349.4,355.6 2 1
mcpyeahyouknowme/sources/gsuite/app_docs.go:358.2,358.16 1 1
mcpyeahyouknowme/sources/gsuite/app_docs.go:363.63,364.30 1 1
mcpyeahyouknowme/sources/gsuite/app_docs.go:364.30,366.3 1 1
mcpyeahyouknowme/sources/gsuite/app_docs.go:367.2,368.43 2 1
mcpyeahyouknowme/sources/gsuite/app_docs.go:368.43,370.3 1 1
mcpyeahyouknowme/sources/gsuite/app_docs.go:371.2,373.21 3 1
mcpyeahyouknowme/sources/gsuite/app_docs.go:373.21,375.23 2 1
mcpyeahyouknowme/sources/gsuite/app_docs.go:375.23,377.4 1 1
mcpyeahyouknowme/sources/gsuite/app_docs.go:378.3,379.22 2 1
mcpyeahyouknowme/sources/gsuite/app_docs.go:381.2,381.15 1 1
mcpyeahyouknowme/sources/gsuite/app_docs.go:387.71,389.27 2 1
mcpyeahyouknowme/sources/gsuite/app_docs.go:389.27,390.70 1 1
mcpyeahyouknowme/sources/gsuite/app_docs.go:390.70,391.12 1 1
mcpyeahyouknowme/sources/gsuite/app_docs.go:393.3,393.50 1 1
mcpyeahyouknowme/sources/gsuite/app_docs.go:393.50,395.4 1 1
mcpyeahyouknowme/sources/gsuite/app_docs.go:395.9,395.34 1 1
mcpyeahyouknowme/sources/gsuite/app_docs.go:395.34,397.4 1 1
mcpyeahyouknowme/sources/gsuite/app_docs.go:397.9,397.33 1 1
mcpyeahyouknowme/sources/gsuite/app_docs.go:397.33,399.4 1 1
mcpyeahyouknowme/sources/gsuite/app_docs.go:401.2,401.34 1 1
mcpyeahyouknowme/sources/gsuite/app_docs.go:405.78,407.16 2 1
mcpyeahyouknowme/sources/gsuite/app_docs.go:407.16,409.3 1 0
mcpyeahyouknowme/sources/gsuite/app_docs.go:410.2,412.18 3 1
mcpyeahyouknowme/sources/gsuite/app_docs.go:412.18,414.40 2 1
mcpyeahyouknowme/sources/gsuite/app_docs.go:414.40,415.12 1 0
mcpyeahyouknowme/sources/gsuite/app_docs.go:417.3,417.21 1 1
mcpyeahyouknowme/sources/gsuite/app_docs.go:417.21,419.4 1 1
mcpyeahyouknowme/sources/gsuite/app_docs.go:421.2,422.30 2 1
mcpyeahyouknowme/sources/gsuite/app_docs.go:422.30,424.3 1 1
mcpyeahyouknowme/sources/gsuite/app_docs.go:428.56,432.2 3 1
mcpyeahyouknowme/sources/gsuite/app_gmail.go:31.47,31.90 1 0
mcpyeahyouknowme/sources/gsuite/app_gmail.go:36.40,65.16 2 1
mcpyeahyouknowme/sources/gsuite/app_gmail.go:65.16,67.3 1 0
mcpyeahyouknowme/sources/gsuite/app_gmail.go:68.2,70.110 3 1
mcpyeahyouknowme/sources/gsuite/app_gmail.go:70.110,72.3 1 0
mcpyeahyouknowme/sources/gsuite/app_gmail.go:72.8,72.18 1 1
mcpyeahyouknowme/sources/gsuite/app_gmail.go:72.18,74.3 1 1
mcpyeahyouknowme/sources/gsuite/app_gmail.go:75.2,75.63 1 1
mcpyeahyouknowme/sources/gsuite/app_gmail.go:75.63,77.3 1 0
mcpyeahyouknowme/sources/gsuite/app_gmail.go:77.8,77.19 1 1
mcpyeahyouknowme/sources/gsuite/app_gmail.go:77.19,79.3 1 1
mcpyeahyouknowme/sources/gsuite/app_gmail.go:80.2,80.93 1 1
mcpyeahyouknowme/sources/gsuite/app_gmail.go:80.93,82.3 1 0
mcpyeahyouknowme/sources/gsuite/app_gmail.go:82.8,82.20 1 1
mcpyeahyouknowme/sources/gsuite/app_gmail.go:82.20,85.3 2 1
mcpyeahyouknowme/sources/gsuite/app_gmail.go:86.2,86.92 1 1
mcpyeahyouknowme/sources/gsuite/app_gmail.go:86.92,88.3 1 0
mcpyeahyouknowme/sources/gsuite/app_gmail.go:88.8,88.20 1 1
mcpyeahyouknowme/sources/gsuite/app_gmail.go:88.20,91.3 2 1
mcpyeahyouknowme/sources/gsuite/app_gmail.go:92.2,92.98 1 1
mcpyeahyouknowme/sources/gsuite/app_gmail.go:92.98,94.3 1 0
mcpyeahyouknowme/sources/gsuite/app_gmail.go:94.8,94.20 1 1
mcpyeahyouknowme/sources/gsuite/app_gmail.go:94.20,97.3 2 1
mcpyeahyouknowme/sources/gsuite/app_gmail.go:98.2,98.102 1 1
mcpyeahyouknowme/sources/gsuite/app_gmail.go:98.102,100.3 1 0
mcpyeahyouknowme/sources/gsuite/app_gmail.go:100.8,100.20 1 1
mcpyeahyouknowme/sources/gsuite/app_gmail.go:100.20,103.3 2 1
mcpyeahyouknowme/sources/gsuite/app_gmail.go:104.2,104.43 1 1
mcpyeahyouknowme/sources/gsuite/app_gmail.go:104.43,105.53 1 1
mcpyeahyouknowme/sources/gsuite/app_gmail.go:105.53,107.4 1 0
mcpyeahyouknowme/sources/gsuite/app_gmail.go:109.2,109.44 1 1
mcpyeahyouknowme/sources/gsuite/app_gmail.go:109.44,110.52 1 1
mcpyeahyouknowme/sources/gsuite/app_gmail.go:110.52,112.4 1 0
mcpyeahyouknowme/sources/gsuite/app_gmail.go:114.2,114.49 1 1
mcpyeahyouknowme/sources/gsuite/app_gmail.go:118.40,124.16 5 0
mcpyeahyouknowme/sources/gsuite/app_gmail.go:124.16,126.3 1 0
mcpyeahyouknowme/sources/gsuite/app_gmail.go:129.2,132.6 4 0
mcpyeahyouknowme/sources/gsuite/app_gmail.go:132.6,134.22 2 0
mcpyeahyouknowme/sources/gsuite/app_gmail.go:134.22,136.4 1 0
mcpyeahyouknowme/sources/gsuite/app_gmail.go:137.3,138.17 2 0
mcpyeahyouknowme/sources/gsuite/app_gmail.go:138.17,140.4 1 0
mcpyeahyouknowme/sources/gsuite/app_gmail.go:142.3,142.36 1 0
mcpyeahyouknowme/sources/gsuite/app_gmail.go:142.36,146.19 4 0
mcpyeahyouknowme/sources/gsuite/app_gmail.go:146.19,147.13 1 0
mcpyeahyouknowme/sources/gsuite/app_gmail.go:149.4,150.18 2 0
mcpyeahyouknowme/sources/gsuite/app_gmail.go:150.18,152.13 2 0
mcpyeahyouknowme/sources/gsuite/app_gmail.go:154.4,156.59 3 0
mcpyeahyouknowme/sources/gsuite/app_gmail.go:159.3,160.22 2 0
mcpyeahyouknowme/sources/gsuite/app_gmail.go:160.22,161.9 1 0
mcpyeahyouknowme/sources/gsuite/app_gmail.go:166.2,167.56 2 0
mcpyeahyouknowme/sources/gsuite/app_gmail.go:167.56,169.3 1 0
mcpyeahyouknowme/sources/gsuite/app_gmail.go:170.2,171.12 2 0
mcpyeahyouknowme/sources/gsuite/app_gmail.go:193.67,194.16 1 1
mcpyeahyouknowme/sources/gsuite/app_gmail.go:194.16,196.3 1 1
mcpyeahyouknowme/sources/gsuite/app_gmail.go:197.2,203.38 7 1
mcpyeahyouknowme/sources/gsuite/app_gmail.go:203.38,205.3 1 1
mcpyeahyouknowme/sources/gsuite/app_gmail.go:206.2,221.3 1 1
mcpyeahyouknowme/sources/gsuite/app_gmail.go:225.56,227.78 2 1
mcpyeahyouknowme/sources/gsuite/app_gmail.go:227.78,230.3 2 1
mcpyeahyouknowme/sources/gsuite/app_gmail.go:231.2,237.80 1 1
mcpyeahyouknowme/sources/gsuite/app_gmail.go:241.62,243.24 2 1
mcpyeahyouknowme/sources/gsuite/app_gmail.go:243.24,245.3 1 1
mcpyeahyouknowme/sources/gsuite/app_gmail.go:246.2,246.42 1 1
mcpyeahyouknowme/sources/gsuite/app_gmail.go:246.42,247.19 1 1
mcpyeahyouknowme/sources/gsuite/app_gmail.go:248.53,249.27 1 1
mcpyeahyouknowme/sources/gsuite/app_gmail.go:252.2,252.10 1 1
mcpyeahyouknowme/sources/gsuite/app_gmail.go:256.58,257.20 1 1
mcpyeahyouknowme/sources/gsuite/app_gmail.go:257.20,259.3 1 1
mcpyeahyouknowme/sources/gsuite/app_gmail.go:261.2,261.88 1 1
mcpyeahyouknowme/sources/gsuite/app_gmail.go:261.88,263.17 2 1
mcpyeahyouknowme/sources/gsuite/app_gmail.go:263.17,265.4 1 1
mcpyeahyouknowme/sources/gsuite/app_gmail.go:268.2,268.37 1 1
mcpyeahyouknowme/sources/gsuite/app_gmail.go:268.37,269.80 1 1
mcpyeahyouknowme/sources/gsuite/app_gmail.go:269.80,271.18 2 1
mcpyeahyouknowme/sources/gsuite/app_gmail.go:271.18,273.5 1 1
mcpyeahyouknowme/sources/gsuite/app_gmail.go:277.2,277.87 1 1
mcpyeahyouknowme/sources/gsuite/app_gmail.go:277.87,279.17 2 1
mcpyeahyouknowme/sources/gsuite/app_gmail.go:279.17,281.4 1 1
mcpyeahyouknowme/sources/gsuite/app_gmail.go:283.2,283.37 1 1
mcpyeahyouknowme/sources/gsuite/app_gmail.go:283.37,284.79 1 1
mcpyeahyouknowme/sources/gsuite/app_gmail.go:284.79,286.18 2 1
mcpyeahyouknowme/sources/gsuite/app_gmail.go:286.18,288.5 1 1
mcpyeahyouknowme/sources/gsuite/app_gmail.go:291.3,292.19 2 1
mcpyeahyouknowme/sources/gsuite/app_gmail.go:292.19,294.4 1 1
mcpyeahyouknowme/sources/gsuite/app_gmail.go:296.2,296.11 1 1
mcpyeahyouknowme/sources/gsuite/app_gmail.go:307.43,312.22 5 1
mcpyeahyouknowme/sources/gsuite/app_gmail.go:312.22,314.3 1 1
mcpyeahyouknowme/sources/gsuite/app_gmail.go:315.2,316.46 2 1
mcpyeahyouknowme/sources/gsuite/app_gmail.go:316.46,318.3 1 1
mcpyeahyouknowme/sources/gsuite/app_gmail.go:319.2,319.16 1 1
mcpyeahyouknowme/sources/gsuite/app_gmail.go:323.49,326.29 3 1
mcpyeahyouknowme/sources/gsuite/app_gmail.go:326.29,328.20 2 1
mcpyeahyouknowme/sources/gsuite/app_gmail.go:328.20,329.12 1 1
mcpyeahyouknowme/sources/gsuite/app_gmail.go:331.3,331.70 1 1
mcpyeahyouknowme/sources/gsuite/app_gmail.go:331.70,333.9 2 1
mcpyeahyouknowme/sources/gsuite/app_gmail.go:335.3,335.69 1 1
mcpyeahyouknowme/sources/gsuite/app_gmail.go:335.69,337.9 2 1
mcpyeahyouknowme/sources/gsuite/app_gmail.go:340.2,342.53 3 1
mcpyeahyouknowme/sources/gsuite/app_gmail.go:346.46,348.2 1 1
mcpyeahyouknowme/sources/gsuite/app_gmail.go:351.58,353.53 2 1
mcpyeahyouknowme/sources/gsuite/app_gmail.go:353.53,355.20 2 1
mcpyeahyouknowme/sources/gsuite/app_gmail.go:355.20,356.19 1 1
mcpyeahyouknowme/sources/gsuite/app_gmail.go:356.19,357.10 1 1
mcpyeahyouknowme/sources/gsuite/app_gmail.go:359.4,359.12 1 1
mcpyeahyouknowme/sources/gsuite/app_gmail.go:361.3,361.40 1 1
mcpyeahyouknowme/sources/gsuite/app_gmail.go:361.40,363.12 2 1
mcpyeahyouknowme/sources/gsuite/app_gmail.go:365.3,365.8 1 1
mcpyeahyouknowme/sources/gsuite/app_gmail.go:367.2,367.21 1 1
mcpyeahyouknowme/sources/gsuite/app_gmail.go:371.46,372.29 1 1
mcpyeahyouknowme/sources/gsuite/app_gmail.go:372.29,374.56 2 1
mcpyeahyouknowme/sources/gsuite/app_gmail.go:374.56,376.4 1 1
mcpyeahyouknowme/sources/gsuite/app_gmail.go:378.2,378.14 1 1
mcpyeahyouknowme/sources/gsuite/app_gmail.go:382.55,385.13 3 1
mcpyeahyouknowme/sources/gsuite/app_gmail.go:385.13,387.10 2 1
mcpyeahyouknowme/sources/gsuite/app_gmail.go:388.22,389.7 1 1
mcpyeahyouknowme/sources/gsuite/app_gmail.go:390.40,392.7 2 1
mcpyeahyouknowme/sources/gsuite/app_gmail.go:393.11,394.52 1 1
mcpyeahyouknowme/sources/gsuite/app_gmail.go:394.52,396.5 1 1
mcpyeahyouknowme/sources/gsuite/app_gmail.go:397.4,397.40 1 1
mcpyeahyouknowme/sources/gsuite/app_gmail.go:400.2,400.15 1 1
mcpyeahyouknowme/sources/gsuite/app_gmail.go:400.15,402.3 1 1
mcpyeahyouknowme/sources/gsuite/app_gmail.go:403.2,403.38 1 1
mcpyeahyouknowme/sources/gsuite/app_gmail.go:407.54,409.55 2 1
mcpyeahyouknowme/sources/gsuite/app_gmail.go:409.55,411.3 1 1
mcpyeahyouknowme/sources/gsuite/app_gmail.go:412.2,412.20 1 1
mcpyeahyouknowme/sources/gsuite/app_gmail.go:416.59,418.20 2 1
mcpyeahyouknowme/sources/gsuite/app_gmail.go:418.20,420.3 1 1
mcpyeahyouknowme/sources/gsuite/app_gmail.go:421.2,422.46 2 1
mcpyeahyouknowme/sources/gsuite/app_gmail.go:422.46,424.3 1 1
mcpyeahyouknowme/sources/gsuite/app_gmail.go:425.2,425.50 1 1
mcpyeahyouknowme/sources/gsuite/app_gmail.go:425.50,427.3 1 1
mcpyeahyouknowme/sources/gsuite/app_gmail.go:428.2,428.53 1 1
mcpyeahyouknowme/sources/gsuite/app_gmail.go:432.52,435.15 3 1
mcpyeahyouknowme/sources/gsuite/app_gmail.go:435.15,437.3 1 1
mcpyeahyouknowme/sources/gsuite/app_gmail.go:438.2,438.19 1 1
mcpyeahyouknowme/sources/gsuite/app_gmail.go:438.19,440.3 1 1
mcpyeahyouknowme/sources/gsuite/app_gmail.go:441.2,441.42 1 1
mcpyeahyouknowme/sources/gsuite/app_gmail.go:441.42,443.3 1 1
mcpyeahyouknowme/sources/gsuite/app_gmail.go:444.2,444.54 1 1
mcpyeahyouknowme/sources/gsuite/app_gmail.go:448.33,451.22 3 1
mcpyeahyouknowme/sources/gsuite/app_gmail.go:451.22,452.15 1 1
mcpyeahyouknowme/sources/gsuite/app_gmail.go:452.15,454.12 2 1
mcpyeahyouknowme/sources/gsuite/app_gmail.go:456.3,456.15 1 1
mcpyeahyouknowme/sources/gsuite/app_gmail.go:456.15,458.12 2 1
mcpyeahyouknowme/sources/gsuite/app_gmail.go:460.3,460.13 1 1
mcpyeahyouknowme/sources/gsuite/app_gmail.go:460.13,462.4 1 1
mcpyeahyouknowme/sources/gsuite/app_gmail.go:464.2,464.19 1 1
mcpyeahyouknowme/sources/gsuite/app_gmail.go:468.59,469.20 1 1
mcpyeahyouknowme/sources/gsuite/app_gmail.go:469.20,471.3 1 1
mcpyeahyouknowme/sources/gsuite/app_gmail.go:472.2,472.37 1 1
mcpyeahyouknowme/sources/gsuite/app_gmail.go:472.37,473.78 1 1
mcpyeahyouknowme/sources/gsuite/app_gmail.go:473.78,475.4 1 1
mcpyeahyouknowme/sources/gsuite/app_gmail.go:476.3,476.32 1 1
mcpyeahyouknowme/sources/gsuite/app_gmail.go:476.32,478.4 1 1
mcpyeahyouknowme/sources/gsuite/app_gmail.go:480.2,480.14 1 1
mcpyeahyouknowme/sources/gsuite/app_gmail.go:489.46,492.29 3 1
mcpyeahyouknowme/sources/gsuite/app_gmail.go:492.29,494.3 1 1
mcpyeahyouknowme/sources/gsuite/app_gmail.go:495.2,495.29 1 1
mcpyeahyouknowme/sources/gsuite/app_gmail.go:495.29,496.18 1 1
mcpyeahyouknowme/sources/gsuite/app_gmail.go:496.18,498.4 1 1
mcpyeahyouknowme/sources/gsuite/app_gmail.go:501.2,501.29 1 1
mcpyeahyouknowme/sources/gsuite/app_gmail.go:501.29,502.21 1 1
mcpyeahyouknowme/sources/gsuite/app_gmail.go:502.21,504.4 1 1
mcpyeahyouknowme/sources/gsuite/app_gmail.go:506.2,506.18 1 1
mcpyeahyouknowme/sources/gsuite/app_gmail.go:510.71,515.85 1 1
mcpyeahyouknowme/sources/gsuite/app_gmail.go:515.85,517.3 1 1
mcpyeahyouknowme/sources/gsuite/app_gmail.go:518.2,521.85 1 1
mcpyeahyouknowme/sources/gsuite/app_gmail.go:521.85,523.3 1 1
mcpyeahyouknowme/sources/gsuite/app_gmail.go:524.2,527.85 1 1
mcpyeahyouknowme/sources/gsuite/app_gmail.go:527.85,529.3 1 1
mcpyeahyouknowme/sources/gsuite/app_gmail.go:530.2,534.85 1 1
mcpyeahyouknowme/sources/gsuite/app_gmail.go:534.85,536.3 1 1
mcpyeahyouknowme/sources/gsuite/app_gmail.go:537.2,541.85 1 1
mcpyeahyouknowme/sources/gsuite/app_gmail.go:541.85,543.3 1 0
mcpyeahyouknowme/sources/gsuite/app_gmail.go:547.110,549.22 2 1
mcpyeahyouknowme/sources/gsuite/app_gmail.go:549.22,551.3 1 1
mcpyeahyouknowme/sources/gsuite/app_gmail.go:552.2,553.19 2 1
mcpyeahyouknowme/sources/gsuite/app_gmail.go:553.19,555.3 1 1
mcpyeahyouknowme/sources/gsuite/app_gmail.go:556.2,562.16 2 1
mcpyeahyouknowme/sources/gsuite/app_gmail.go:562.16,564.3 1 0
mcpyeahyouknowme/sources/gsuite/app_gmail.go:565.2,567.18 3 1
mcpyeahyouknowme/sources/gsuite/app_gmail.go:567.18,571.126 4 1
mcpyeahyouknowme/sources/gsuite/app_gmail.go:571.126,572.12 1 0
mcpyeahyouknowme/sources/gsuite/app_gmail.go:574.3,578.5 1 1
mcpyeahyouknowme/sources/gsuite/app_gmail.go:580.2,580.125 1 1
mcpyeahyouknowme/sources/gsuite/app_gmail.go:584.114,586.22 2 1
mcpyeahyouknowme/sources/gsuite/app_gmail.go:586.22,588.3 1 1
mcpyeahyouknowme/sources/gsuite/app_gmail.go:589.2,589.19 1 1
mcpyeahyouknowme/sources/gsuite/app_gmail.go:589.19,591.3 1 1
mcpyeahyouknowme/sources/gsuite/app_gmail.go:592.2,598.26 4 1
mcpyeahyouknowme/sources/gsuite/app_gmail.go:598.26,600.3 1 1
mcpyeahyouknowme/sources/gsuite/app_gmail.go:601.2,601.16 1 1
mcpyeahyouknowme/sources/gsuite/app_gmail.go:601.16,603.3 1 0
mcpyeahyouknowme/sources/gsuite/app_gmail.go:604.2,608.13 1 1
mcpyeahyouknowme/sources/gsuite/app_gmail.go:612.113,614.22 2 1
mcpyeahyouknowme/sources/gsuite/app_gmail.go:614.22,616.3 1 1
mcpyeahyouknowme/sources/gsuite/app_gmail.go:617.2,617.19 1 1
mcpyeahyouknowme/sources/gsuite/app_gmail.go:617.19,619.3 1 1
mcpyeahyouknowme/sources/gsuite/app_gmail.go:620.2,621.16 2 1
mcpyeahyouknowme/sources/gsuite/app_gmail.go:621.16,623.3 1 0
mcpyeahyouknowme/sources/gsuite/app_gmail.go:624.2,624.24 1 1
mcpyeahyouknowme/sources/gsuite/app_gmail.go:624.24,626.3 1 1
mcpyeahyouknowme/sources/gsuite/app_gmail.go:627.2,628.16 2 1
mcpyeahyouknowme/sources/gsuite/app_gmail.go:628.16,630.3 1 0
mcpyeahyouknowme/sources/gsuite/app_gmail.go:631.2,631.25 1 1
mcpyeahyouknowme/sources/gsuite/app_gmail.go:631.25,633.3 1 1
mcpyeahyouknowme/sources/gsuite/app_gmail.go:634.2,635.31 2 1
mcpyeahyouknowme/sources/gsuite/app_gmail.go:635.31,649.3 2 1
mcpyeahyouknowme/sources/gsuite/app_gmail.go:650.2,658.13 1 1
mcpyeahyouknowme/sources/gsuite/app_gmail.go:662.114,665.19 3 1
mcpyeahyouknowme/sources/gsuite/app_gmail.go:665.19,667.3 1 1
mcpyeahyouknowme/sources/gsuite/app_gmail.go:668.2,670.18 3 1
mcpyeahyouknowme/sources/gsuite/app_gmail.go:670.18,673.3 1 1
mcpyeahyouknowme/sources/gsuite/app_gmail.go:673.8,676.3 1 1
mcpyeahyouknowme/sources/gsuite/app_gmail.go:677.2,677.16 1 1
mcpyeahyouknowme/sources/gsuite/app_gmail.go:677.16,679.3 1 0
mcpyeahyouknowme/sources/gsuite/app_gmail.go:680.2,682.18 3 1
mcpyeahyouknowme/sources/gsuite/app_gmail.go:682.18,685.109 3 1
mcpyeahyouknowme/sources/gsuite/app_gmail.go:685.109,686.12 1 0
mcpyeahyouknowme/sources/gsuite/app_gmail.go:688.3,692.5 1 1
mcpyeahyouknowme/sources/gsuite/app_gmail.go:694.2,694.110 1 1
mcpyeahyouknowme/sources/gsuite/app_gmail.go:699.124,701.22 2 0
mcpyeahyouknowme/sources/gsuite/app_gmail.go:701.22,703.3 1 0
mcpyeahyouknowme/sources/gsuite/app_gmail.go:704.2,705.22 2 0
mcpyeahyouknowme/sources/gsuite/app_gmail.go:705.22,707.3 1 0
mcpyeahyouknowme/sources/gsuite/app_gmail.go:708.2,708.28 1 0
mcpyeahyouknowme/sources/gsuite/app_gmail.go:708.28,710.3 1 0
mcpyeahyouknowme/sources/gsuite/app_gmail.go:711.2,714.16 4 0
mcpyeahyouknowme/sources/gsuite/app_gmail.go:714.16,716.3 1 0
mcpyeahyouknowme/sources/gsuite/app_gmail.go:717.2,718.16 2 0
mcpyeahyouknowme/sources/gsuite/app_gmail.go:718.16,720.3 1 0
mcpyeahyouknowme/sources/gsuite/app_gmail.go:721.2,726.13 1 0
mcpyeahyouknowme/sources/gsuite/app_gmail.go:740.137,749.63 3 1
mcpyeahyouknowme/sources/gsuite/app_gmail.go:749.63,751.3 1 1
mcpyeahyouknowme/sources/gsuite/app_gmail.go:752.2,753.27 2 1
mcpyeahyouknowme/sources/gsuite/app_gmail.go:753.27,758.3 1 1
mcpyeahyouknowme/sources/gsuite/app_gmail.go:759.2,759.32 1 1
mcpyeahyouknowme/sources/gsuite/app_gmail.go:759.32,764.3 1 1
mcpyeahyouknowme/sources/gsuite/app_gmail.go:765.2,766.31 2 1
mcpyeahyouknowme/sources/gsuite/app_gmail.go:766.31,778.61 3 1
mcpyeahyouknowme/sources/gsuite/app_gmail.go:778.61,780.4 1 1
mcpyeahyouknowme/sources/gsuite/app_gmail.go:781.3,789.5 1 1
mcpyeahyouknowme/sources/gsuite/app_gmail.go:791.2,791.16 1 1
mcpyeahyouknowme/sources/gsuite/app_gmail.go:796.84,798.87 2 1
mcpyeahyouknowme/sources/gsuite/app_gmail.go:798.87,801.3 2 1
mcpyeahyouknowme/sources/gsuite/app_gmail.go:802.2,802.21 1 1
mcpyeahyouknowme/sources/gsuite/app_gmail.go:807.105,808.17 1 1
mcpyeahyouknowme/sources/gsuite/app_gmail.go:808.17,810.3 1 1
mcpyeahyouknowme/sources/gsuite/app_gmail.go:811.2,813.16 2 1
mcpyeahyouknowme/sources/gsuite/app_gmail.go:813.16,815.3 1 0
mcpyeahyouknowme/sources/gsuite/app_gmail.go:816.2,820.24 4 1
mcpyeahyouknowme/sources/gsuite/app_gmail.go:820.24,821.26 1 1
mcpyeahyouknowme/sources/gsuite/app_gmail.go:821.26,823.4 1 1
mcpyeahyouknowme/sources/gsuite/app_gmail.go:824.3,825.17 2 1
mcpyeahyouknowme/sources/gsuite/app_gmail.go:825.17,827.4 1 0
mcpyeahyouknowme/sources/gsuite/app_gmail.go:828.3,829.37 2 1
mcpyeahyouknowme/sources/gsuite/app_gmail.go:829.37,830.30 1 1
mcpyeahyouknowme/sources/gsuite/app_gmail.go:830.30,831.13 1 1
mcpyeahyouknowme/sources/gsuite/app_gmail.go:833.4,833.113 1 1
mcpyeahyouknowme/sources/gsuite/app_gmail.go:835.3,836.22 2 1
mcpyeahyouknowme/sources/gsuite/app_gmail.go:836.22,838.4 1 1
mcpyeahyouknowme/sources/gsuite/app_gmail.go:839.3,839.21 1 1
mcpyeahyouknowme/sources/gsuite/app_gmail.go:842.2,842.24 1 1
mcpyeahyouknowme/sources/gsuite/app_gmail.go:842.24,844.163 2 1
mcpyeahyouknowme/sources/gsuite/app_gmail.go:844.163,845.12 1 0
mcpyeahyouknowme/sources/gsuite/app_gmail.go:847.3,848.40 2 1
mcpyeahyouknowme/sources/gsuite/app_gmail.go:848.40,849.34 1 1
mcpyeahyouknowme/sources/gsuite/app_gmail.go:849.34,851.5 1 0
mcpyeahyouknowme/sources/gsuite/app_gmail.go:854.2,854.41 1 1
mcpyeahyouknowme/sources/gsuite/app_gmail.go:854.41,856.3 1 0
mcpyeahyouknowme/sources/gsuite/app_gmail.go:857.2,857.16 1 1
mcpyeahyouknowme/sources/gsuite/app_gmail.go:862.128,863.25 1 1
mcpyeahyouknowme/sources/gsuite/app_gmail.go:863.25,865.3 1 1
mcpyeahyouknowme/sources/gsuite/app_gmail.go:867.2,870.36 4 1
mcpyeahyouknowme/sources/gsuite/app_gmail.go:870.36,871.29 1 1
mcpyeahyouknowme/sources/gsuite/app_gmail.go:871.29,872.12 1 1
mcpyeahyouknowme/sources/gsuite/app_gmail.go:874.3,876.40 3 1
mcpyeahyouknowme/sources/gsuite/app_gmail.go:878.2,878.25 1 1
mcpyeahyouknowme/sources/gsuite/app_gmail.go:878.25,880.3 1 1
mcpyeahyouknowme/sources/gsuite/app_gmail.go:882.2,885.16 2 1
mcpyeahyouknowme/sources/gsuite/app_gmail.go:885.16,887.3 1 0
mcpyeahyouknowme/sources/gsuite/app_gmail.go:888.2,891.16 3 1
mcpyeahyouknowme/sources/gsuite/app_gmail.go:891.16,893.3 1 0
mcpyeahyouknowme/sources/gsuite/app_gmail.go:894.2,895.31 2 1
mcpyeahyouknowme/sources/gsuite/app_gmail.go:895.31,897.3 1 1
mcpyeahyouknowme/sources/gsuite/app_gmail.go:898.2,898.21 1 1
mcpyeahyouknowme/sources/gsuite/app_gmail.go:935.90,937.16 2 1
mcpyeahyouknowme/sources/gsuite/app_gmail.go:937.16,939.3 1 0
mcpyeahyouknowme/sources/gsuite/app_gmail.go:940.2,940.12 1 1
mcpyeahyouknowme/sources/gsuite/app_gmail.go:940.12,942.3 1 1
mcpyeahyouknowme/sources/gsuite/app_gmail.go:943.2,944.24 2 1
mcpyeahyouknowme/sources/gsuite/app_gmail.go:948.45,950.87 2 1
mcpyeahyouknowme/sources/gsuite/app_gmail.go:950.87,952.3 1 0
mcpyeahyouknowme/sources/gsuite/app_gmail.go:953.2,953.18 1 1
mcpyeahyouknowme/sources/gsuite/app_gmail.go:957.44,961.2 3 1
mcpyeahyouknowme/sources/gsuite/app_gmail.go:964.73,966.16 2 1
mcpyeahyouknowme/sources/gsuite/app_gmail.go:966.16,968.3 1 0
mcpyeahyouknowme/sources/gsuite/app_gmail.go:969.2,970.18 2 1
mcpyeahyouknowme/sources/gsuite/app_gmail.go:970.18,976.80 6 1
mcpyeahyouknowme/sources/gsuite/app_gmail.go:976.80,978.4 1 0
mcpyeahyouknowme/sources/gsuite/app_gmail.go:979.3,979.21 1 1
mcpyeahyouknowme/sources/gsuite/app_gmail.go:979.21,981.4 1 1
mcpyeahyouknowme/sources/gsuite/app_gmail.go:983.2,983.26 1 1
mcpyeahyouknowme/sources/gsuite/app_gmail.go:987.59,989.16 2 1
mcpyeahyouknowme/sources/gsuite/app_gmail.go:989.16,991.3 1 0
mcpyeahyouknowme/sources/gsuite/app_gmail.go:992.2,993.16 2 1
mcpyeahyouknowme/sources/gsuite/app_gmail.go:993.16,995.3 1 0
mcpyeahyouknowme/sources/gsuite/app_gmail.go:996.2,996.9 1 1
mcpyeahyouknowme/sources/gsuite/app_gmail.go:997.33,998.125 1 1
mcpyeahyouknowme/sources/gsuite/app_gmail.go:999.18,1000.118 1 1
mcpyeahyouknowme/sources/gsuite/app_gmail.go:1001.19,1002.119 1 1
mcpyeahyouknowme/sources/gsuite/app_gmail.go:1003.10,1004.20 1 1
mcpyeahyouknowme/sources/gsuite/app_gmail.go:1009.90,1011.16 2 1
mcpyeahyouknowme/sources/gsuite/app_gmail.go:1011.16,1013.3 1 0
mcpyeahyouknowme/sources/gsuite/app_gmail.go:1014.2,1020.18 4 1
mcpyeahyouknowme/sources/gsuite/app_gmail.go:1020.18,1022.75 2 1
mcpyeahyouknowme/sources/gsuite/app_gmail.go:1022.75,1024.4 1 0
mcpyeahyouknowme/sources/gsuite/app_gmail.go:1025.3,1025.43 1 1
mcpyeahyouknowme/sources/gsuite/app_gmail.go:1025.43,1026.12 1 1
mcpyeahyouknowme/sources/gsuite/app_gmail.go:1028.3,1029.23 2 1
mcpyeahyouknowme/sources/gsuite/app_gmail.go:1029.23,1031.4 1 1
mcpyeahyouknowme/sources/gsuite/app_gmail.go:1032.3,1032.42 1 1
mcpyeahyouknowme/sources/gsuite/app_gmail.go:1032.42,1033.12 1 1
mcpyeahyouknowme/sources/gsuite/app_gmail.go:1035.3,1038.5 1 1
mcpyeahyouknowme/sources/gsuite/app_gmail.go:1040.2,1040.35 1 1
mcpyeahyouknowme/sources/gsuite/app_gmail.go:1040.35,1042.3 1 0
mcpyeahyouknowme/sources/gsuite/app_gmail.go:1043.2,1043.33 1 1
mcpyeahyouknowme/sources/gsuite/app_gmail.go:1043.33,1044.126 1 1
mcpyeahyouknowme/sources/gsuite/app_gmail.go:1044.126,1046.4 1 0
mcpyeahyouknowme/sources/gsuite/app_gmail.go:1048.2,1048.30 1 1
mcpyeahyouknowme/sources/gsuite/app_gmail.go:1052.83,1054.16 2 1
mcpyeahyouknowme/sources/gsuite/app_gmail.go:1054.16,1056.3 1 0
mcpyeahyouknowme/sources/gsuite/app_gmail.go:1057.2,1057.13 1 1
mcpyeahyouknowme/sources/gsuite/app_gmail.go:1057.13,1059.3 1 1
mcpyeahyouknowme/sources/gsuite/app_gmail.go:1060.2,1061.24 2 1
mcpyeahyouknowme/sources/gsuite/app_gmail.go:1065.67,1066.19 1 1
mcpyeahyouknowme/sources/gsuite/app_gmail.go:1066.19,1068.3 1 1
mcpyeahyouknowme/sources/gsuite/app_gmail.go:1069.2,1070.12 2 1
mcpyeahyouknowme/sources/gsuite/app_gmail.go:1074.48,1099.16 2 1
mcpyeahyouknowme/sources/gsuite/app_gmail.go:1099.16,1101.3 1 0
mcpyeahyouknowme/sources/gsuite/app_gmail.go:1102.2,1103.12 2 1
mcpyeahyouknowme/sources/gsuite/app_gmail.go:1107.47,1109.16 2 1
mcpyeahyouknowme/sources/gsuite/app_gmail.go:1109.16,1111.3 1 0
mcpyeahyouknowme/sources/gsuite/app_gmail.go:1112.2,1113.64 2 1
mcpyeahyouknowme/sources/gsuite/app_gmail.go:1113.64,1115.3 1 0
mcpyeahyouknowme/sources/gsuite/app_gmail.go:1116.2,1116.33 1 1
mcpyeahyouknowme/sources/gsuite/app_gmail.go:1116.33,1121.51 1 1
mcpyeahyouknowme/sources/gsuite/app_gmail.go:1121.51,1123.4 1 0
mcpyeahyouknowme/sources/gsuite/app_gmail.go:1125.2,1125.12 1 1
mcpyeahyouknowme/sources/gsuite/app_gmail.go:1129.69,1133.16 2 1
mcpyeahyouknowme/sources/gsuite/app_gmail.go:1133.16,1135.3 1 0
mcpyeahyouknowme/sources/gsuite/app_gmail.go:1136.2,1137.32 2 1
mcpyeahyouknowme/sources/gsuite/app_gmail.go:1141.91,1145.16 2 1
mcpyeahyouknowme/sources/gsuite/app_gmail.go:1145.16,1147.3 1 0
mcpyeahyouknowme/sources/gsuite/app_gmail.go:1148.2,1149.32 2 1
mcpyeahyouknowme/sources/gsuite/app_gmail.go:1154.88,1158.16 2 1
mcpyeahyouknowme/sources/gsuite/app_gmail.go:1158.16,1160.3 1 0
mcpyeahyouknowme/sources/gsuite/app_gmail.go:1161.2,1163.16 3 1
mcpyeahyouknowme/sources/gsuite/app_gmail.go:1163.16,1165.3 1 0
mcpyeahyouknowme/sources/gsuite/app_gmail.go:1166.2,1167.31 2 1
mcpyeahyouknowme/sources/gsuite/app_gmail.go:1167.31,1168.25 1 1
mcpyeahyouknowme/sources/gsuite/app_gmail.go:1168.25,1169.12 1 1
mcpyeahyouknowme/sources/gsuite/app_gmail.go:1171.3,1171.61 1 1
mcpyeahyouknowme/sources/gsuite/app_gmail.go:1173.2,1173.32 1 1
mcpyeahyouknowme/sources/gsuite/app_gmail.go:1173.32,1174.53 1 1
mcpyeahyouknowme/sources/gsuite/app_gmail.go:1174.53,1176.4 1 1
mcpyeahyouknowme/sources/gsuite/app_gmail.go:1178.2,1178.21 1 1
mcpyeahyouknowme/sources/gsuite/app_gmail.go:1182.70,1184.18 2 1
mcpyeahyouknowme/sources/gsuite/app_gmail.go:1184.18,1188.88 3 1
mcpyeahyouknowme/sources/gsuite/app_gmail.go:1188.88,1190.4 1 0
mcpyeahyouknowme/sources/gsuite/app_gmail.go:1191.3,1192.35 2 1
mcpyeahyouknowme/sources/gsuite/app_gmail.go:1194.2,1194.35 1 1
mcpyeahyouknowme/sources/gsuite/app_gmail.go:1194.35,1196.3 1 0
mcpyeahyouknowme/sources/gsuite/app_gmail.go:1197.2,1197.43 1 1
mcpyeahyouknowme/sources/gsuite/app_gmail.go:1197.43,1199.3 1 1
mcpyeahyouknowme/sources/gsuite/app_gmail.go:1200.2,1200.22 1 1
mcpyeahyouknowme/sources/gsuite/app_gmail.go:1204.53,1207.9 3 1
mcpyeahyouknowme/sources/gsuite/app_gmail.go:1208.53,1209.23 1 1
mcpyeahyouknowme/sources/gsuite/app_gmail.go:1210.35,1211.14 1 1
mcpyeahyouknowme/sources/gsuite/app_gmail.go:1212.35,1213.15 1 1
mcpyeahyouknowme/sources/gsuite/app_gmail.go:1214.24,1215.25 1 1
mcpyeahyouknowme/sources/gsuite/app_gmail.go:1216.10,1217.21 1 1
mcpyeahyouknowme/sources/gsuite/app_gmail.go:1222.52,1223.17 1 1
mcpyeahyouknowme/sources/gsuite/app_gmail.go:1223.17,1225.3 1 1
mcpyeahyouknowme/sources/gsuite/app_gmail.go:1226.2,1226.49 1 1
mcpyeahyouknowme/sources/gsuite/app_gmail.go:1226.49,1228.3 1 1
mcpyeahyouknowme/sources/gsuite/app_gmail.go:1229.2,1229.59 1 1
mcpyeahyouknowme/sources/gsuite/app_gmail.go:1229.59,1231.3 1 1
mcpyeahyouknowme/sources/gsuite/app_gmail.go:1232.2,1232.20 1 1
mcpyeahyouknowme/sources/gsuite/app_gmail.go:1236.81,1238.31 2 1
mcpyeahyouknowme/sources/gsuite/app_gmail.go:1238.31,1239.25 1 1
mcpyeahyouknowme/sources/gsuite/app_gmail.go:1239.25,1240.12 1 1
mcpyeahyouknowme/sources/gsuite/app_gmail.go:1242.3,1242.61 1 1
mcpyeahyouknowme/sources/gsuite/app_gmail.go:1244.2,1245.32 2 1
mcpyeahyouknowme/sources/gsuite/app_gmail.go:1245.32,1247.3 1 1
mcpyeahyouknowme/sources/gsuite/app_gmail.go:1248.2,1250.37 3 1
mcpyeahyouknowme/sources/gsuite/app_gmail.go:1250.37,1252.3 1 1
mcpyeahyouknowme/sources/gsuite/app_gmail.go:1253.2,1253.16 1 1
mcpyeahyouknowme/sources/gsuite/app_gmail.go:1257.73,1258.24 1 1
mcpyeahyouknowme/sources/gsuite/app_gmail.go:1258.24,1260.3 1 1
mcpyeahyouknowme/sources/gsuite/app_gmail.go:1261.2,1261.43 1 1
mcpyeahyouknowme/sources/gsuite/app_gmail.go:1261.43,1263.3 1 1
mcpyeahyouknowme/sources/gsuite/app_gmail.go:1264.2,1265.42 2 1
mcpyeahyouknowme/sources/gsuite/app_gmail.go:1265.42,1266.51 1 1
mcpyeahyouknowme/sources/gsuite/app_gmail.go:1266.51,1268.9 2 1
mcpyeahyouknowme/sources/gsuite/app_gmail.go:1271.2,1280.3 3 1
mcpyeahyouknowme/sources/gsuite/app_gmail.go:1284.61,1287.38 3 1
mcpyeahyouknowme/sources/gsuite/app_gmail.go:1287.38,1288.48 1 1
mcpyeahyouknowme/sources/gsuite/app_gmail.go:1288.48,1290.32 2 1
mcpyeahyouknowme/sources/gsuite/app_gmail.go:1290.32,1291.13 1 1
mcpyeahyouknowme/sources/gsuite/app_gmail.go:1293.4,1294.35 2 1
mcpyeahyouknowme/sources/gsuite/app_gmail.go:1297.2,1297.31 1 1
mcpyeahyouknowme/sources/gsuite/app_gmail.go:1297.31,1302.3 4 1
mcpyeahyouknowme/sources/gsuite/app_gmail.go:1303.2,1303.36 1 1
mcpyeahyouknowme/sources/gsuite/app_gmail.go:1307.82,1313.26 3 1
mcpyeahyouknowme/sources/gsuite/app_gmail.go:1313.26,1315.3 1 1
mcpyeahyouknowme/sources/gsuite/app_gmail.go:1316.2,1316.20 1 1
mcpyeahyouknowme/sources/gsuite/app_gmail.go:1320.109,1332.18 8 1
mcpyeahyouknowme/sources/gsuite/app_gmail.go:1332.18,1333.18 1 1
mcpyeahyouknowme/sources/gsuite/app_gmail.go:1333.18,1335.4 1 1
mcpyeahyouknowme/sources/gsuite/app_gmail.go:1336.3,1346.21 5 1
mcpyeahyouknowme/sources/gsuite/app_gmail.go:1349.2,1349.61 1 1
mcpyeahyouknowme/sources/gsuite/app_gmail.go:1349.61,1357.3 7 1
mcpyeahyouknowme/sources/gsuite/app_gmail.go:1359.2,1359.31 1 1
mcpyeahyouknowme/sources/gsuite/app_gmail.go:1359.31,1361.18 2 1
mcpyeahyouknowme/sources/gsuite/app_gmail.go:1361.18,1362.12 1 1
mcpyeahyouknowme/sources/gsuite/app_gmail.go:1364.3,1364.77 1 1
mcpyeahyouknowme/sources/gsuite/app_gmail.go:1364.77,1366.93 2 1
mcpyeahyouknowme/sources/gsuite/app_gmail.go:1366.93,1369.5 2 1
mcpyeahyouknowme/sources/gsuite/app_gmail.go:1370.4,1370.12 1 1
mcpyeahyouknowme/sources/gsuite/app_gmail.go:1372.3,1372.18 1 1
mcpyeahyouknowme/sources/gsuite/app_gmail.go:1372.18,1374.12 2 1
mcpyeahyouknowme/sources/gsuite/app_gmail.go:1376.3,1376.62 1 1
mcpyeahyouknowme/sources/gsuite/app_gmail.go:1376.62,1379.12 3 1
mcpyeahyouknowme/sources/gsuite/app_gmail.go:1381.3,1385.26 5 1
mcpyeahyouknowme/sources/gsuite/app_gmail.go:1387.2,1388.15 2 1
mcpyeahyouknowme/sources/gsuite/app_gmail.go:1392.67,1394.19 2 1
mcpyeahyouknowme/sources/gsuite/app_gmail.go:1394.19,1398.3 3 1
mcpyeahyouknowme/sources/gsuite/app_gmail.go:1399.2,1399.24 1 1
mcpyeahyouknowme/sources/gsuite/app_gmail.go:1399.24,1403.3 3 1
mcpyeahyouknowme/sources/gsuite/app_gmail.go:1404.2,1404.17 1 1
mcpyeahyouknowme/sources/gsuite/app_gmail.go:1404.17,1406.3 1 1
mcpyeahyouknowme/sources/gsuite/app_gmail.go:1407.2,1407.19 1 1
mcpyeahyouknowme/sources/gsuite/app_gmail.go:1411.65,1413.16 2 1
mcpyeahyouknowme/sources/gsuite/app_gmail.go:1413.16,1415.3 1 1
mcpyeahyouknowme/sources/gsuite/app_gmail.go:1416.2,1418.21 3 1
mcpyeahyouknowme/sources/gsuite/app_gmail.go:1418.21,1420.3 1 1
mcpyeahyouknowme/sources/gsuite/app_gmail.go:1421.2,1422.18 2 1
mcpyeahyouknowme/sources/gsuite/app_gmail.go:1422.18,1424.3 1 1
mcpyeahyouknowme/sources/gsuite/app_gmail.go:1425.2,1431.19 7 1
mcpyeahyouknowme/sources/gsuite/app_gmail.go:1435.61,1436.58 1 1
mcpyeahyouknowme/sources/gsuite/app_gmail.go:1436.58,1438.3 1 1
mcpyeahyouknowme/sources/gsuite/app_gmail.go:1439.2,1441.48 3 1
mcpyeahyouknowme/sources/gsuite/app_gmail.go:1441.48,1444.19 3 1
mcpyeahyouknowme/sources/gsuite/app_gmail.go:1444.19,1446.4 1 1
mcpyeahyouknowme/sources/gsuite/app_gmail.go:1447.3,1448.53 2 1
mcpyeahyouknowme/sources/gsuite/app_gmail.go:1450.2,1450.21 1 1
mcpyeahyouknowme/sources/gsuite/app_gmail.go:1450.21,1452.3 1 1
mcpyeahyouknowme/sources/gsuite/app_gmail.go:1453.2,1453.14 1 1
mcpyeahyouknowme/sources/gsuite/app_gmail.go:1458.52,1459.16 1 1
mcpyeahyouknowme/sources/gsuite/app_gmail.go:1459.16,1461.3 1 1
mcpyeahyouknowme/sources/gsuite/app_gmail.go:1462.2,1463.25 2 1
mcpyeahyouknowme/sources/gsuite/app_gmail.go:1463.25,1465.3 1 1
mcpyeahyouknowme/sources/gsuite/app_gmail.go:1466.2,1466.30 1 1
mcpyeahyouknowme/sources/gsuite/app_sheets.go:24.47,24.95 1 0
mcpyeahyouknowme/sources/gsuite/app_sheets.go:29.41,43.16 2 1
mcpyeahyouknowme/sources/gsuite/app_sheets.go:43.16,45.3 1 0
mcpyeahyouknowme/sources/gsuite/app_sheets.go:46.2,64.16 2 1
mcpyeahyouknowme/sources/gsuite/app_sheets.go:64.16,66.3 1 0
mcpyeahyouknowme/sources/gsuite/app_sheets.go:67.2,68.12 2 1
mcpyeahyouknowme/sources/gsuite/app_sheets.go:72.41,78.16 5 0
mcpyeahyouknowme/sources/gsuite/app_sheets.go:78.16,80.3 1 0
mcpyeahyouknowme/sources/gsuite/app_sheets.go:81.2,82.16 2 0
mcpyeahyouknowme/sources/gsuite/app_sheets.go:82.16,84.3 1 0
mcpyeahyouknowme/sources/gsuite/app_sheets.go:86.2,89.6 4 0
mcpyeahyouknowme/sources/gsuite/app_sheets.go:89.6,94.22 2 0
mcpyeahyouknowme/sources/gsuite/app_sheets.go:94.22,96.4 1 0
mcpyeahyouknowme/sources/gsuite/app_sheets.go:97.3,98.17 2 0
mcpyeahyouknowme/sources/gsuite/app_sheets.go:98.17,100.4 1 0
mcpyeahyouknowme/sources/gsuite/app_sheets.go:101.3,101.34 1 0
mcpyeahyouknowme/sources/gsuite/app_sheets.go:101.34,105.37 4 0
mcpyeahyouknowme/sources/gsuite/app_sheets.go:105.37,106.13 1 0
mcpyeahyouknowme/sources/gsuite/app_sheets.go:108.4,109.18 2 0
mcpyeahyouknowme/sources/gsuite/app_sheets.go:109.18,111.13 2 0
mcpyeahyouknowme/sources/gsuite/app_sheets.go:113.4,120.59 4 0
mcpyeahyouknowme/sources/gsuite/app_sheets.go:122.3,123.22 2 0
mcpyeahyouknowme/sources/gsuite/app_sheets.go:123.22,124.9 1 0
mcpyeahyouknowme/sources/gsuite/app_sheets.go:127.2,129.12 3 0
mcpyeahyouknowme/sources/gsuite/app_sheets.go:144.97,145.17 1 1
mcpyeahyouknowme/sources/gsuite/app_sheets.go:145.17,147.3 1 1
mcpyeahyouknowme/sources/gsuite/app_sheets.go:148.2,156.15 2 1
mcpyeahyouknowme/sources/gsuite/app_sheets.go:156.15,159.3 2 1
mcpyeahyouknowme/sources/gsuite/app_sheets.go:160.2,160.15 1 1
mcpyeahyouknowme/sources/gsuite/app_sheets.go:164.60,166.34 2 1
mcpyeahyouknowme/sources/gsuite/app_sheets.go:166.34,167.12 1 1
mcpyeahyouknowme/sources/gsuite/app_sheets.go:167.12,169.4 1 1
mcpyeahyouknowme/sources/gsuite/app_sheets.go:170.3,173.24 4 1
mcpyeahyouknowme/sources/gsuite/app_sheets.go:173.24,174.12 1 1
mcpyeahyouknowme/sources/gsuite/app_sheets.go:176.3,176.39 1 1
mcpyeahyouknowme/sources/gsuite/app_sheets.go:176.39,177.41 1 1
mcpyeahyouknowme/sources/gsuite/app_sheets.go:177.41,179.37 2 1
mcpyeahyouknowme/sources/gsuite/app_sheets.go:179.37,181.6 1 1
mcpyeahyouknowme/sources/gsuite/app_sheets.go:182.5,183.24 2 1
mcpyeahyouknowme/sources/gsuite/app_sheets.go:187.2,187.19 1 1
mcpyeahyouknowme/sources/gsuite/app_sheets.go:191.72,196.85 1 1
mcpyeahyouknowme/sources/gsuite/app_sheets.go:196.85,198.3 1 1
mcpyeahyouknowme/sources/gsuite/app_sheets.go:199.2,202.85 1 1
mcpyeahyouknowme/sources/gsuite/app_sheets.go:202.85,204.3 1 1
mcpyeahyouknowme/sources/gsuite/app_sheets.go:205.2,208.85 1 1
mcpyeahyouknowme/sources/gsuite/app_sheets.go:208.85,210.3 1 1
mcpyeahyouknowme/sources/gsuite/app_sheets.go:214.111,216.22 2 1
mcpyeahyouknowme/sources/gsuite/app_sheets.go:216.22,218.3 1 1
mcpyeahyouknowme/sources/gsuite/app_sheets.go:219.2,220.19 2 1
mcpyeahyouknowme/sources/gsuite/app_sheets.go:220.19,222.3 1 1
mcpyeahyouknowme/sources/gsuite/app_sheets.go:223.2,229.16 2 1
mcpyeahyouknowme/sources/gsuite/app_sheets.go:229.16,231.3 1 0
mcpyeahyouknowme/sources/gsuite/app_sheets.go:232.2,234.18 3 1
mcpyeahyouknowme/sources/gsuite/app_sheets.go:234.18,237.110 3 1
mcpyeahyouknowme/sources/gsuite/app_sheets.go:237.110,238.12 1 0
mcpyeahyouknowme/sources/gsuite/app_sheets.go:240.3,243.5 1 1
mcpyeahyouknowme/sources/gsuite/app_sheets.go:245.2,245.107 1 1
mcpyeahyouknowme/sources/gsuite/app_sheets.go:249.119,251.22 2 1
mcpyeahyouknowme/sources/gsuite/app_sheets.go:251.22,253.3 1 1
mcpyeahyouknowme/sources/gsuite/app_sheets.go:254.2,254.19 1 1
mcpyeahyouknowme/sources/gsuite/app_sheets.go:254.19,256.3 1 1
mcpyeahyouknowme/sources/gsuite/app_sheets.go:257.2,261.26 4 1
mcpyeahyouknowme/sources/gsuite/app_sheets.go:261.26,263.3 1 1
mcpyeahyouknowme/sources/gsuite/app_sheets.go:264.2,264.16 1 1
mcpyeahyouknowme/sources/gsuite/app_sheets.go:264.16,266.3 1 0
mcpyeahyouknowme/sources/gsuite/app_sheets.go:267.2,270.4 1 1
mcpyeahyouknowme/sources/gsuite/app_sheets.go:274.115,276.19 2 1
mcpyeahyouknowme/sources/gsuite/app_sheets.go:276.19,278.3 1 1
mcpyeahyouknowme/sources/gsuite/app_sheets.go:279.2,281.16 2 1
mcpyeahyouknowme/sources/gsuite/app_sheets.go:281.16,283.3 1 0
mcpyeahyouknowme/sources/gsuite/app_sheets.go:284.2,286.18 3 1
mcpyeahyouknowme/sources/gsuite/app_sheets.go:286.18,289.100 3 1
mcpyeahyouknowme/sources/gsuite/app_sheets.go:289.100,290.12 1 0
mcpyeahyouknowme/sources/gsuite/app_sheets.go:292.3,295.5 1 1
mcpyeahyouknowme/sources/gsuite/app_sheets.go:297.2,297.96 1 1
mcpyeahyouknowme/sources/gsuite/app_sheets.go:301.85,303.16 2 1
mcpyeahyouknowme/sources/gsuite/app_sheets.go:303.16,305.3 1 0
mcpyeahyouknowme/sources/gsuite/app_sheets.go:306.2,308.18 3 1
mcpyeahyouknowme/sources/gsuite/app_sheets.go:308.18,310.77 2 1
mcpyeahyouknowme/sources/gsuite/app_sheets.go:310.77,311.12 1 0
mcpyeahyouknowme/sources/gsuite/app_sheets.go:313.3,314.90 1 1
mcpyeahyouknowme/sources/gsuite/app_sheets.go:316.2,316.21 1 1
mcpyeahyouknowme/sources/gsuite/app_slides.go:24.47,24.96 1 0
mcpyeahyouknowme/sources/gsuite/app_slides.go:29.41,43.16 2 1
mcpyeahyouknowme/sources/gsuite/app_slides.go:43.16,45.3 1 0
mcpyeahyouknowme/sources/gsuite/app_slides.go:46.2,66.16 2 1
mcpyeahyouknowme/sources/gsuite/app_slides.go:66.16,68.3 1 0
mcpyeahyouknowme/sources/gsuite/app_slides.go:69.2,70.12 2 1
mcpyeahyouknowme/sources/gsuite/app_slides.go:74.41,80.16 5 0
mcpyeahyouknowme/sources/gsuite/app_slides.go:80.16,82.3 1 0
mcpyeahyouknowme/sources/gsuite/app_slides.go:83.2,84.16 2 0
mcpyeahyouknowme/sources/gsuite/app_slides.go:84.16,86.3 1 0
mcpyeahyouknowme/sources/gsuite/app_slides.go:88.2,91.6 4 0
mcpyeahyouknowme/sources/gsuite/app_slides.go:91.6,96.22 2 0
mcpyeahyouknowme/sources/gsuite/app_slides.go:96.22,98.4 1 0
mcpyeahyouknowme/sources/gsuite/app_slides.go:99.3,100.17 2 0
mcpyeahyouknowme/sources/gsuite/app_slides.go:100.17,102.4 1 0
mcpyeahyouknowme/sources/gsuite/app_slides.go:103.3,103.34 1 0
mcpyeahyouknowme/sources/gsuite/app_slides.go:103.34,107.37 4 0
mcpyeahyouknowme/sources/gsuite/app_slides.go:107.37,108.13 1 0
mcpyeahyouknowme/sources/gsuite/app_slides.go:110.4,111.18 2 0
mcpyeahyouknowme/sources/gsuite/app_slides.go:111.18,113.13 2 0
mcpyeahyouknowme/sources/gsuite/app_slides.go:115.4,122.59 4 0
mcpyeahyouknowme/sources/gsuite/app_slides.go:124.3,125.22 2 0
mcpyeahyouknowme/sources/gsuite/app_slides.go:125.22,126.9 1 0
mcpyeahyouknowme/sources/gsuite/app_slides.go:129.2,131.12 3 0
mcpyeahyouknowme/sources/gsuite/app_slides.go:146.100,147.17 1 1
mcpyeahyouknowme/sources/gsuite/app_slides.go:147.17,149.3 1 1
mcpyeahyouknowme/sources/gsuite/app_slides.go:150.2,158.17 2 1
mcpyeahyouknowme/sources/gsuite/app_slides.go:158.17,161.3 2 1
mcpyeahyouknowme/sources/gsuite/app_slides.go:162.2,162.15 1 1
mcpyeahyouknowme/sources/gsuite/app_slides.go:166.64,168.36 2 1
mcpyeahyouknowme/sources/gsuite/app_slides.go:168.36,169.12 1 1
mcpyeahyouknowme/sources/gsuite/app_slides.go:169.12,171.4 1 1
mcpyeahyouknowme/sources/gsuite/app_slides.go:172.3,173.46 2 1
mcpyeahyouknowme/sources/gsuite/app_slides.go:173.46,174.57 1 1
mcpyeahyouknowme/sources/gsuite/app_slides.go:174.57,175.56 1 1
mcpyeahyouknowme/sources/gsuite/app_slides.go:175.56,176.27 1 1
mcpyeahyouknowme/sources/gsuite/app_slides.go:176.27,178.7 1 1
mcpyeahyouknowme/sources/gsuite/app_slides.go:183.2,183.19 1 1
mcpyeahyouknowme/sources/gsuite/app_slides.go:187.72,192.85 1 1
mcpyeahyouknowme/sources/gsuite/app_slides.go:192.85,194.3 1 1
mcpyeahyouknowme/sources/gsuite/app_slides.go:195.2,198.85 1 1
mcpyeahyouknowme/sources/gsuite/app_slides.go:198.85,200.3 1 1
mcpyeahyouknowme/sources/gsuite/app_slides.go:201.2,204.85 1 1
mcpyeahyouknowme/sources/gsuite/app_slides.go:204.85,206.3 1 1
mcpyeahyouknowme/sources/gsuite/app_slides.go:210.111,212.22 2 1
mcpyeahyouknowme/sources/gsuite/app_slides.go:212.22,214.3 1 1
mcpyeahyouknowme/sources/gsuite/app_slides.go:215.2,216.19 2 1
mcpyeahyouknowme/sources/gsuite/app_slides.go:216.19,218.3 1 1
mcpyeahyouknowme/sources/gsuite/app_slides.go:219.2,225.16 2 1
mcpyeahyouknowme/sources/gsuite/app_slides.go:225.16,227.3 1 0
mcpyeahyouknowme/sources/gsuite/app_slides.go:228.2,230.18 3 1
mcpyeahyouknowme/sources/gsuite/app_slides.go:230.18,233.110 3 1
mcpyeahyouknowme/sources/gsuite/app_slides.go:233.110,234.12 1 0
mcpyeahyouknowme/sources/gsuite/app_slides.go:236.3,239.5 1 1
mcpyeahyouknowme/sources/gsuite/app_slides.go:241.2,241.107 1 1
mcpyeahyouknowme/sources/gsuite/app_slides.go:245.120,247.22 2 1
mcpyeahyouknowme/sources/gsuite/app_slides.go:247.22,249.3 1 1
mcpyeahyouknowme/sources/gsuite/app_slides.go:250.2,250.19 1 1
mcpyeahyouknowme/sources/gsuite/app_slides.go:250.19,252.3 1 1
mcpyeahyouknowme/sources/gsuite/app_slides.go:253.2,257.26 4 1
mcpyeahyouknowme/sources/gsuite/app_slides.go:257.26,259.3 1 1
mcpyeahyouknowme/sources/gsuite/app_slides.go:260.2,260.16 1 1
mcpyeahyouknowme/sources/gsuite/app_slides.go:260.16,262.3 1 0
mcpyeahyouknowme/sources/gsuite/app_slides.go:263.2,266.4 1 1
mcpyeahyouknowme/sources/gsuite/app_slides.go:270.115,272.19 2 1
mcpyeahyouknowme/sources/gsuite/app_slides.go:272.19,274.3 1 1
mcpyeahyouknowme/sources/gsuite/app_slides.go:275.2,277.16 2 1
mcpyeahyouknowme/sources/gsuite/app_slides.go:277.16,279.3 1 0
mcpyeahyouknowme/sources/gsuite/app_slides.go:280.2,282.18 3 1
mcpyeahyouknowme/sources/gsuite/app_slides.go:282.18,285.100 3 1
mcpyeahyouknowme/sources/gsuite/app_slides.go:285.100,286.12 1 0
mcpyeahyouknowme/sources/gsuite/app_slides.go:288.3,291.5 1 1
mcpyeahyouknowme/sources/gsuite/app_slides.go:293.2,293.97 1 1
mcpyeahyouknowme/sources/gsuite/app_slides.go:297.85,299.16 2 1
mcpyeahyouknowme/sources/gsuite/app_slides.go:299.16,301.3 1 0
mcpyeahyouknowme/sources/gsuite/app_slides.go:302.2,304.18 3 1
mcpyeahyouknowme/sources/gsuite/app_slides.go:304.18,306.77 2 1
mcpyeahyouknowme/sources/gsuite/app_slides.go:306.77,307.12 1 0
mcpyeahyouknowme/sources/gsuite/app_slides.go:309.3,310.94 1 1
mcpyeahyouknowme/sources/gsuite/app_slides.go:312.2,312.21 1 1
mcpyeahyouknowme/sources/gsuite/app_tasks.go:24.47,24.87 1 0
mcpyeahyouknowme/sources/gsuite/app_tasks.go:29.40,42.16 2 1
mcpyeahyouknowme/sources/gsuite/app_tasks.go:42.16,44.3 1 0
mcpyeahyouknowme/sources/gsuite/app_tasks.go:45.2,46.84 2 1
mcpyeahyouknowme/sources/gsuite/app_tasks.go:46.84,47.86 1 1
mcpyeahyouknowme/sources/gsuite/app_tasks.go:47.86,49.4 1 0
mcpyeahyouknowme/sources/gsuite/app_tasks.go:49.9,49.21 1 1
mcpyeahyouknowme/sources/gsuite/app_tasks.go:49.21,51.4 1 1
mcpyeahyouknowme/sources/gsuite/app_tasks.go:53.2,73.16 2 1
mcpyeahyouknowme/sources/gsuite/app_tasks.go:73.16,75.3 1 0
mcpyeahyouknowme/sources/gsuite/app_tasks.go:76.2,77.49 2 1
mcpyeahyouknowme/sources/gsuite/app_tasks.go:81.40,87.16 5 0
mcpyeahyouknowme/sources/gsuite/app_tasks.go:87.16,89.3 1 0
mcpyeahyouknowme/sources/gsuite/app_tasks.go:91.2,92.16 2 0
mcpyeahyouknowme/sources/gsuite/app_tasks.go:92.16,94.3 1 0
mcpyeahyouknowme/sources/gsuite/app_tasks.go:96.2,98.33 3 0
mcpyeahyouknowme/sources/gsuite/app_tasks.go:98.33,100.7 2 0
mcpyeahyouknowme/sources/gsuite/app_tasks.go:100.7,102.23 2 0
mcpyeahyouknowme/sources/gsuite/app_tasks.go:102.23,104.5 1 0
mcpyeahyouknowme/sources/gsuite/app_tasks.go:105.4,106.18 2 0
mcpyeahyouknowme/sources/gsuite/app_tasks.go:106.18,108.10 2 0
mcpyeahyouknowme/sources/gsuite/app_tasks.go:110.4,110.40 1 0
mcpyeahyouknowme/sources/gsuite/app_tasks.go:110.40,115.39 5 0
mcpyeahyouknowme/sources/gsuite/app_tasks.go:115.39,116.14 1 0
mcpyeahyouknowme/sources/gsuite/app_tasks.go:118.5,123.19 2 0
mcpyeahyouknowme/sources/gsuite/app_tasks.go:125.4,126.23 2 0
mcpyeahyouknowme/sources/gsuite/app_tasks.go:126.23,127.10 1 0
mcpyeahyouknowme/sources/gsuite/app_tasks.go:131.2,133.12 3 0
mcpyeahyouknowme/sources/gsuite/app_tasks.go:147.77,149.17 2 1
mcpyeahyouknowme/sources/gsuite/app_tasks.go:149.17,151.3 1 1
mcpyeahyouknowme/sources/gsuite/app_tasks.go:152.2,158.21 7 1
mcpyeahyouknowme/sources/gsuite/app_tasks.go:158.21,160.3 1 1
mcpyeahyouknowme/sources/gsuite/app_tasks.go:161.2,161.15 1 1
mcpyeahyouknowme/sources/gsuite/app_tasks.go:165.71,170.85 1 1
mcpyeahyouknowme/sources/gsuite/app_tasks.go:170.85,172.3 1 1
mcpyeahyouknowme/sources/gsuite/app_tasks.go:173.2,177.85 1 1
mcpyeahyouknowme/sources/gsuite/app_tasks.go:177.85,179.3 1 1
mcpyeahyouknowme/sources/gsuite/app_tasks.go:183.110,185.22 2 1
mcpyeahyouknowme/sources/gsuite/app_tasks.go:185.22,187.3 1 1
mcpyeahyouknowme/sources/gsuite/app_tasks.go:188.2,189.19 2 1
mcpyeahyouknowme/sources/gsuite/app_tasks.go:189.19,191.3 1 1
mcpyeahyouknowme/sources/gsuite/app_tasks.go:192.2,197.16 2 1
mcpyeahyouknowme/sources/gsuite/app_tasks.go:197.16,199.3 1 0
mcpyeahyouknowme/sources/gsuite/app_tasks.go:200.2,202.18 3 1
mcpyeahyouknowme/sources/gsuite/app_tasks.go:202.18,204.93 2 1
mcpyeahyouknowme/sources/gsuite/app_tasks.go:204.93,205.12 1 0
mcpyeahyouknowme/sources/gsuite/app_tasks.go:207.3,210.5 1 1
mcpyeahyouknowme/sources/gsuite/app_tasks.go:212.2,212.107 1 1
mcpyeahyouknowme/sources/gsuite/app_tasks.go:216.108,219.19 3 1
mcpyeahyouknowme/sources/gsuite/app_tasks.go:219.19,221.3 1 1
mcpyeahyouknowme/sources/gsuite/app_tasks.go:222.2,224.18 3 1
mcpyeahyouknowme/sources/gsuite/app_tasks.go:224.18,227.3 1 1
mcpyeahyouknowme/sources/gsuite/app_tasks.go:227.8,230.3 1 1
mcpyeahyouknowme/sources/gsuite/app_tasks.go:231.2,231.16 1 1
mcpyeahyouknowme/sources/gsuite/app_tasks.go:231.16,233.3 1 0
mcpyeahyouknowme/sources/gsuite/app_tasks.go:234.2,236.18 3 1
mcpyeahyouknowme/sources/gsuite/app_tasks.go:236.18,238.89 2 1
mcpyeahyouknowme/sources/gsuite/app_tasks.go:238.89,239.12 1 0
mcpyeahyouknowme/sources/gsuite/app_tasks.go:241.3,244.5 1 1
mcpyeahyouknowme/sources/gsuite/app_tasks.go:246.2,246.89 1 1
mcpyeahyouknowme/sources/gsuite/app_tasks.go:251.84,253.16 2 1
mcpyeahyouknowme/sources/gsuite/app_tasks.go:253.16,255.3 1 0
mcpyeahyouknowme/sources/gsuite/app_tasks.go:256.2,258.18 3 1
mcpyeahyouknowme/sources/gsuite/app_tasks.go:258.18,260.93 2 1
mcpyeahyouknowme/sources/gsuite/app_tasks.go:260.93,261.12 1 0
mcpyeahyouknowme/sources/gsuite/app_tasks.go:263.3,267.18 3 1
mcpyeahyouknowme/sources/gsuite/app_tasks.go:267.18,269.4 1 1
mcpyeahyouknowme/sources/gsuite/app_tasks.go:270.3,272.20 3 1
mcpyeahyouknowme/sources/gsuite/app_tasks.go:272.20,274.4 1 1
mcpyeahyouknowme/sources/gsuite/app_tasks.go:275.3,275.62 1 1
mcpyeahyouknowme/sources/gsuite/app_tasks.go:275.62,277.4 1 1
mcpyeahyouknowme/sources/gsuite/app_tasks.go:278.3,281.5 1 1
mcpyeahyouknowme/sources/gsuite/app_tasks.go:283.2,283.21 1 1
mcpyeahyouknowme/sources/gsuite/cli.go:26.31,43.67 12 0
mcpyeahyouknowme/sources/gsuite/cli.go:43.67,44.24 1 0
mcpyeahyouknowme/sources/gsuite/cli.go:44.24,47.4 2 0
mcpyeahyouknowme/sources/gsuite/cli.go:48.3,48.42 1 0
mcpyeahyouknowme/sources/gsuite/cli.go:48.42,52.4 3 0
mcpyeahyouknowme/sources/gsuite/cli.go:53.3,54.17 2 0
mcpyeahyouknowme/sources/gsuite/cli.go:54.17,59.4 4 0
mcpyeahyouknowme/sources/gsuite/cli.go:60.3,66.19 3 0
mcpyeahyouknowme/sources/gsuite/cli.go:68.2,70.12 2 0
mcpyeahyouknowme/sources/gsuite/cli.go:70.12,71.63 1 0
mcpyeahyouknowme/sources/gsuite/cli.go:71.63,73.4 1 0
mcpyeahyouknowme/sources/gsuite/cli.go:76.2,90.45 9 0
mcpyeahyouknowme/sources/gsuite/cli.go:90.45,92.3 1 0
mcpyeahyouknowme/sources/gsuite/cli.go:94.2,94.9 1 0
mcpyeahyouknowme/sources/gsuite/cli.go:95.26,100.17 3 0
mcpyeahyouknowme/sources/gsuite/cli.go:100.17,104.4 3 0
mcpyeahyouknowme/sources/gsuite/cli.go:106.3,106.46 1 0
mcpyeahyouknowme/sources/gsuite/cli.go:106.46,110.4 3 0
mcpyeahyouknowme/sources/gsuite/cli.go:112.3,112.79 1 0
mcpyeahyouknowme/sources/gsuite/cli.go:112.79,115.4 2 0
mcpyeahyouknowme/sources/gsuite/cli.go:117.3,126.84 6 0
mcpyeahyouknowme/sources/gsuite/cli.go:126.84,130.4 3 0
mcpyeahyouknowme/sources/gsuite/cli.go:130.18,132.4 1 0
mcpyeahyouknowme/sources/gsuite/cli.go:134.3,140.68 7 0
mcpyeahyouknowme/sources/gsuite/cli.go:142.24,145.13 3 0
mcpyeahyouknowme/sources/gsuite/cli.go:147.37,150.13 3 0
mcpyeahyouknowme/sources/gsuite/cli.go:153.2,155.27 3 0
mcpyeahyouknowme/sources/gsuite/cli.go:162.47,166.57 3 1
mcpyeahyouknowme/sources/gsuite/cli.go:166.57,167.31 1 1
mcpyeahyouknowme/sources/gsuite/cli.go:167.31,169.4 1 1
mcpyeahyouknowme/sources/gsuite/cli.go:170.3,170.54 1 1
mcpyeahyouknowme/sources/gsuite/cli.go:170.54,174.4 2 0
mcpyeahyouknowme/sources/gsuite/cli.go:175.3,175.72 1 1
mcpyeahyouknowme/sources/gsuite/cli.go:175.72,179.4 2 0
mcpyeahyouknowme/sources/gsuite/cli.go:180.3,181.9 2 1
mcpyeahyouknowme/sources/gsuite/cli.go:184.2,185.30 2 1
mcpyeahyouknowme/sources/gsuite/cli.go:185.30,188.3 2 0
mcpyeahyouknowme/sources/gsuite/cli.go:189.2,190.53 2 1
mcpyeahyouknowme/sources/gsuite/cli.go:190.53,194.3 2 0
mcpyeahyouknowme/sources/gsuite/cli.go:195.2,195.71 1 1
mcpyeahyouknowme/sources/gsuite/cli.go:195.71,199.3 2 0
mcpyeahyouknowme/sources/gsuite/cli.go:200.2,200.47 1 1
mcpyeahyouknowme/sources/gsuite/cli.go:205.48,209.57 3 1
mcpyeahyouknowme/sources/gsuite/cli.go:209.57,210.73 1 1
mcpyeahyouknowme/sources/gsuite/cli.go:210.73,214.4 2 0
mcpyeahyouknowme/sources/gsuite/cli.go:215.3,216.9 2 1
mcpyeahyouknowme/sources/gsuite/cli.go:219.2,220.30 2 1
mcpyeahyouknowme/sources/gsuite/cli.go:220.30,223.3 2 0
mcpyeahyouknowme/sources/gsuite/cli.go:224.2,225.53 2 1
mcpyeahyouknowme/sources/gsuite/cli.go:225.53,229.3 2 0
mcpyeahyouknowme/sources/gsuite/cli.go:230.2,230.48 1 1
mcpyeahyouknowme/sources/gsuite/cli.go:234.39,235.30 1 1
mcpyeahyouknowme/sources/gsuite/cli.go:235.30,236.23 1 1
mcpyeahyouknowme/sources/gsuite/cli.go:236.23,238.4 1 1
mcpyeahyouknowme/sources/gsuite/cli.go:240.2,240.14 1 1
mcpyeahyouknowme/sources/gsuite/cli.go:244.38,250.30 5 1
mcpyeahyouknowme/sources/gsuite/cli.go:250.30,252.3 1 1
mcpyeahyouknowme/sources/gsuite/cli.go:253.2,257.20 4 1
mcpyeahyouknowme/sources/gsuite/cli.go:257.20,259.17 2 1
mcpyeahyouknowme/sources/gsuite/cli.go:259.17,260.53 1 1
mcpyeahyouknowme/sources/gsuite/cli.go:260.53,263.5 2 1
mcpyeahyouknowme/sources/gsuite/cli.go:264.4,264.50 1 1
mcpyeahyouknowme/sources/gsuite/cli.go:264.50,266.54 2 1
mcpyeahyouknowme/sources/gsuite/cli.go:266.54,269.6 2 0
mcpyeahyouknowme/sources/gsuite/cli.go:270.5,271.94 2 1
mcpyeahyouknowme/sources/gsuite/cli.go:271.94,274.6 2 0
mcpyeahyouknowme/sources/gsuite/cli.go:279.2,279.13 1 1
mcpyeahyouknowme/sources/gsuite/cli.go:283.38,284.30 1 1
mcpyeahyouknowme/sources/gsuite/cli.go:284.30,287.3 2 1
mcpyeahyouknowme/sources/gsuite/cli.go:291.30,297.30 5 1
mcpyeahyouknowme/sources/gsuite/cli.go:297.30,299.36 2 1
mcpyeahyouknowme/sources/gsuite/cli.go:299.36,301.4 1 1
mcpyeahyouknowme/sources/gsuite/cli.go:302.3,302.64 1 1
mcpyeahyouknowme/sources/gsuite/cli.go:304.2,308.20 4 1
mcpyeahyouknowme/sources/gsuite/cli.go:308.20,310.17 2 1
mcpyeahyouknowme/sources/gsuite/cli.go:310.17,312.4 1 0
mcpyeahyouknowme/sources/gsuite/cli.go:313.3,313.52 1 1
mcpyeahyouknowme/sources/gsuite/cli.go:313.52,315.4 1 1
mcpyeahyouknowme/sources/gsuite/cli.go:315.9,316.50 1 0
mcpyeahyouknowme/sources/gsuite/cli.go:316.50,318.54 2 0
mcpyeahyouknowme/sources/gsuite/cli.go:318.54,320.11 2 0
mcpyeahyouknowme/sources/gsuite/cli.go:322.5,323.94 2 0
mcpyeahyouknowme/sources/gsuite/cli.go:323.94,327.18 4 0
mcpyeahyouknowme/sources/gsuite/cli.go:327.18,329.7 1 0
mcpyeahyouknowme/sources/gsuite/cli.go:329.12,332.7 2 0
mcpyeahyouknowme/sources/gsuite/cli.go:336.3,336.54 1 1
mcpyeahyouknowme/sources/gsuite/cli.go:336.54,338.4 1 0
mcpyeahyouknowme/sources/gsuite/cli.go:343.31,350.40 5 1
mcpyeahyouknowme/sources/gsuite/cli.go:350.40,353.3 2 1
mcpyeahyouknowme/sources/gsuite/cli.go:355.2,356.43 2 1
mcpyeahyouknowme/sources/gsuite/cli.go:356.43,358.3 1 0
mcpyeahyouknowme/sources/gsuite/cli.go:359.2,359.66 1 1
mcpyeahyouknowme/sources/gsuite/cli.go:359.66,361.3 1 0
mcpyeahyouknowme/sources/gsuite/cli.go:362.2,362.66 1 1
mcpyeahyouknowme/sources/gsuite/cli.go:362.66,364.3 1 0
mcpyeahyouknowme/sources/gsuite/cli.go:366.2,367.71 2 1
mcpyeahyouknowme/sources/gsuite/cli.go:371.48,372.26 1 1
mcpyeahyouknowme/sources/gsuite/cli.go:372.26,374.3 1 1
mcpyeahyouknowme/sources/gsuite/cli.go:375.2,375.83 1 1
mcpyeahyouknowme/sources/gsuite/cli.go:375.83,376.49 1 1
mcpyeahyouknowme/sources/gsuite/cli.go:376.49,378.4 1 1
mcpyeahyouknowme/sources/gsuite/cli.go:380.2,380.20 1 1
mcpyeahyouknowme/sources/gsuite/cli.go:384.41,388.16 4 1
mcpyeahyouknowme/sources/gsuite/cli.go:388.16,389.47 1 1
mcpyeahyouknowme/sources/gsuite/cli.go:389.47,391.4 1 1
mcpyeahyouknowme/sources/gsuite/cli.go:392.8,394.3 1 1
mcpyeahyouknowme/sources/gsuite/cli.go:395.2,395.88 1 1
mcpyeahyouknowme/sources/gsuite/cli.go:395.88,397.3 1 1
mcpyeahyouknowme/sources/gsuite/cli.go:399.2,403.19 4 1
mcpyeahyouknowme/sources/gsuite/cli.go:403.19,404.31 1 1
mcpyeahyouknowme/sources/gsuite/cli.go:404.31,406.30 2 1
mcpyeahyouknowme/sources/gsuite/cli.go:406.30,408.5 1 1
mcpyeahyouknowme/sources/gsuite/cli.go:411.2,411.30 1 1
mcpyeahyouknowme/sources/gsuite/cli.go:411.30,412.36 1 1
mcpyeahyouknowme/sources/gsuite/cli.go:412.36,414.12 2 1
mcpyeahyouknowme/sources/gsuite/cli.go:416.3,416.20 1 1
mcpyeahyouknowme/sources/gsuite/cli.go:416.20,418.12 2 0
mcpyeahyouknowme/sources/gsuite/cli.go:420.3,421.17 2 1
mcpyeahyouknowme/sources/gsuite/cli.go:421.17,423.12 2 0
mcpyeahyouknowme/sources/gsuite/cli.go:425.3,428.53 4 1
mcpyeahyouknowme/sources/gsuite/cli.go:428.53,430.4 1 1
mcpyeahyouknowme/sources/gsuite/cli.go:431.3,431.84 1 1
mcpyeahyouknowme/sources/gsuite/cli.go:433.2,433.14 1 1
mcpyeahyouknowme/sources/gsuite/cli.go:437.37,439.2 1 1
mcpyeahyouknowme/sources/gsuite/cli.go:442.80,443.46 1 1
mcpyeahyouknowme/sources/gsuite/cli.go:443.46,445.22 2 1
mcpyeahyouknowme/sources/gsuite/cli.go:445.22,447.4 1 1
mcpyeahyouknowme/sources/gsuite/cli.go:448.3,448.53 1 1
mcpyeahyouknowme/sources/gsuite/cli.go:450.2,450.23 1 1
mcpyeahyouknowme/sources/gsuite/cli.go:450.23,452.3 1 1
mcpyeahyouknowme/sources/gsuite/cli.go:453.2,453.40 1 1
mcpyeahyouknowme/sources/gsuite/cli.go:457.36,461.2 3 0
mcpyeahyouknowme/sources/gsuite/cli.go:464.52,467.2 2 0
mcpyeahyouknowme/sources/gsuite/cli.go:470.46,474.2 3 0
mcpyeahyouknowme/sources/gsuite/cli.go:477.36,479.2 1 0
mcpyeahyouknowme/sources/gsuite/cli.go:482.83,485.16 3 0
mcpyeahyouknowme/sources/gsuite/cli.go:485.16,487.3 1 0
mcpyeahyouknowme/sources/gsuite/cli.go:488.2,494.67 3 0
mcpyeahyouknowme/sources/gsuite/cli.go:494.67,496.3 1 0
mcpyeahyouknowme/sources/gsuite/cli.go:497.2,497.38 1 0
mcpyeahyouknowme/sources/gsuite/client.go:23.26,25.2 1 1
mcpyeahyouknowme/sources/gsuite/client.go:49.50,57.2 1 1
mcpyeahyouknowme/sources/gsuite/client.go:60.51,61.16 1 1
mcpyeahyouknowme/sources/gsuite/client.go:61.16,63.3 1 1
mcpyeahyouknowme/sources/gsuite/client.go:65.2,66.34 2 1
mcpyeahyouknowme/sources/gsuite/client.go:66.34,69.86 3 1
mcpyeahyouknowme/sources/gsuite/client.go:69.86,71.4 1 1
mcpyeahyouknowme/sources/gsuite/client.go:74.2,74.20 1 1
mcpyeahyouknowme/sources/gsuite/client.go:78.51,79.16 1 1
mcpyeahyouknowme/sources/gsuite/client.go:79.16,81.3 1 1
mcpyeahyouknowme/sources/gsuite/client.go:83.2,84.34 2 1
mcpyeahyouknowme/sources/gsuite/client.go:84.34,87.73 3 1
mcpyeahyouknowme/sources/gsuite/client.go:87.73,89.4 1 1
mcpyeahyouknowme/sources/gsuite/client.go:90.3,90.34 1 1
mcpyeahyouknowme/sources/gsuite/client.go:90.34,91.43 1 1
mcpyeahyouknowme/sources/gsuite/client.go:92.13,93.33 1 1
mcpyeahyouknowme/sources/gsuite/client.go:94.13,95.30 1 1
mcpyeahyouknowme/sources/gsuite/client.go:100.2,101.29 2 1
mcpyeahyouknowme/sources/gsuite/client.go:101.29,102.22 1 1
mcpyeahyouknowme/sources/gsuite/client.go:103.12,104.32 1 1
mcpyeahyouknowme/sources/gsuite/client.go:105.12,106.29 1 1
mcpyeahyouknowme/sources/gsuite/client.go:108.3,108.73 1 1
mcpyeahyouknowme/sources/gsuite/client.go:108.73,110.4 1 1
mcpyeahyouknowme/sources/gsuite/client.go:113.2,114.55 2 1
mcpyeahyouknowme/sources/gsuite/client.go:114.55,116.3 1 1
mcpyeahyouknowme/sources/gsuite/client.go:116.8,118.3 1 1
mcpyeahyouknowme/sources/gsuite/client.go:119.2,119.9 1 1
mcpyeahyouknowme/sources/gsuite/client.go:120.46,121.31 1 1
mcpyeahyouknowme/sources/gsuite/client.go:122.36,123.31 1 1
mcpyeahyouknowme/sources/gsuite/client.go:124.36,125.28 1 1
mcpyeahyouknowme/sources/gsuite/client.go:126.10,127.24 1 1
mcpyeahyouknowme/sources/gsuite/client.go:132.36,135.16 3 1
mcpyeahyouknowme/sources/gsuite/client.go:135.16,137.3 1 1
mcpyeahyouknowme/sources/gsuite/client.go:138.2,139.53 2 1
mcpyeahyouknowme/sources/gsuite/client.go:139.53,141.3 1 1
mcpyeahyouknowme/sources/gsuite/client.go:142.2,143.12 2 1
mcpyeahyouknowme/sources/gsuite/client.go:147.55,151.16 4 1
mcpyeahyouknowme/sources/gsuite/client.go:151.16,153.3 1 0
mcpyeahyouknowme/sources/gsuite/client.go:154.2,154.44 1 1
mcpyeahyouknowme/sources/gsuite/client.go:158.41,159.20 1 1
mcpyeahyouknowme/sources/gsuite/client.go:159.20,161.3 1 1
mcpyeahyouknowme/sources/gsuite/client.go:162.2,162.69 1 1
mcpyeahyouknowme/sources/gsuite/client.go:162.69,164.3 1 1
mcpyeahyouknowme/sources/gsuite/client.go:165.2,165.13 1 1
mcpyeahyouknowme/sources/gsuite/daemon.go:18.38,18.53 1 0
mcpyeahyouknowme/sources/gsuite/daemon.go:21.55,23.26 2 1
mcpyeahyouknowme/sources/gsuite/daemon.go:23.26,25.3 1 0
mcpyeahyouknowme/sources/gsuite/daemon.go:26.2,28.85 3 1
mcpyeahyouknowme/sources/gsuite/daemon.go:28.85,30.35 2 1
mcpyeahyouknowme/sources/gsuite/daemon.go:31.30,33.19 2 1
mcpyeahyouknowme/sources/gsuite/daemon.go:33.19,36.5 2 1
mcpyeahyouknowme/sources/gsuite/daemon.go:37.4,37.55 1 1
mcpyeahyouknowme/sources/gsuite/daemon.go:37.55,39.5 1 0
mcpyeahyouknowme/sources/gsuite/daemon.go:40.4,40.84 1 1
mcpyeahyouknowme/sources/gsuite/daemon.go:40.84,42.5 1 0
mcpyeahyouknowme/sources/gsuite/daemon.go:43.4,44.14 2 1
mcpyeahyouknowme/sources/gsuite/daemon.go:45.30,47.14 2 0
mcpyeahyouknowme/sources/gsuite/daemon.go:48.27,50.14 2 0
mcpyeahyouknowme/sources/gsuite/daemon.go:51.11,52.14 1 0
mcpyeahyouknowme/sources/gsuite/daemon.go:58.57,59.17 1 1
mcpyeahyouknowme/sources/gsuite/daemon.go:59.17,62.17 3 1
mcpyeahyouknowme/sources/gsuite/daemon.go:62.17,64.4 1 0
mcpyeahyouknowme/sources/gsuite/daemon.go:69.2,73.31 4 1
mcpyeahyouknowme/sources/gsuite/daemon.go:73.31,75.3 1 0
mcpyeahyouknowme/sources/gsuite/daemon.go:76.2,80.88 4 1
mcpyeahyouknowme/sources/gsuite/daemon.go:80.88,82.3 1 0
mcpyeahyouknowme/sources/gsuite/daemon.go:84.2,84.30 1 1
mcpyeahyouknowme/sources/gsuite/daemon.go:84.30,85.34 1 1
mcpyeahyouknowme/sources/gsuite/daemon.go:85.34,86.12 1 1
mcpyeahyouknowme/sources/gsuite/daemon.go:88.3,93.35 1 1
mcpyeahyouknowme/sources/gsuite/daemon.go:93.35,95.5 1 0
mcpyeahyouknowme/sources/gsuite/daemon.go:97.3,97.44 1 1
mcpyeahyouknowme/sources/gsuite/daemon.go:97.44,98.36 1 1
mcpyeahyouknowme/sources/gsuite/daemon.go:99.31,100.70 1 1
mcpyeahyouknowme/sources/gsuite/daemon.go:101.31,103.13 2 0
mcpyeahyouknowme/sources/gsuite/daemon.go:104.28,106.13 2 0
mcpyeahyouknowme/sources/gsuite/daemon.go:107.12,109.13 2 0
mcpyeahyouknowme/sources/gsuite/daemon.go:112.3,112.42 1 1
mcpyeahyouknowme/sources/gsuite/daemon.go:116.2,116.42 1 1
mcpyeahyouknowme/sources/gsuite/daemon.go:116.42,117.46 1 1
mcpyeahyouknowme/sources/gsuite/daemon.go:117.46,119.4 1 0
mcpyeahyouknowme/sources/gsuite/daemon.go:120.8,122.3 1 0
mcpyeahyouknowme/sources/gsuite/daemon.go:123.2,123.12 1 1
mcpyeahyouknowme/sources/gsuite/daemon.go:127.60,128.17 1 1
mcpyeahyouknowme/sources/gsuite/daemon.go:128.17,130.3 1 1
mcpyeahyouknowme/sources/gsuite/daemon.go:131.2,133.16 3 1
mcpyeahyouknowme/sources/gsuite/daemon.go:133.16,135.3 1 1
mcpyeahyouknowme/sources/gsuite/daemon.go:136.2,137.10 2 1
mcpyeahyouknowme/sources/gsuite/daemon.go:141.63,142.17 1 1
mcpyeahyouknowme/sources/gsuite/daemon.go:142.17,144.3 1 1
mcpyeahyouknowme/sources/gsuite/daemon.go:145.2,146.48 1 1
mcpyeahyouknowme/sources/gsuite/daemon.go:150.55,151.17 1 1
mcpyeahyouknowme/sources/gsuite/daemon.go:151.17,153.3 1 1
mcpyeahyouknowme/sources/gsuite/daemon.go:154.2,156.14 3 1
mcpyeahyouknowme/sources/gsuite/daemon.go:160.56,161.17 1 1
mcpyeahyouknowme/sources/gsuite/daemon.go:161.17,163.3 1 1
mcpyeahyouknowme/sources/gsuite/daemon.go:164.2,165.34 1 1
mcpyeahyouknowme/sources/gsuite/mcp.go:8.50,10.30 2 1
mcpyeahyouknowme/sources/gsuite/mcp.go:10.30,11.33 1 1
mcpyeahyouknowme/sources/gsuite/mcp.go:11.33,13.4 1 1
mcpyeahyouknowme/sources/gsuite/source.go:17.13,19.2 1 1
mcpyeahyouknowme/sources/gsuite/source.go:67.37,69.2 1 1
mcpyeahyouknowme/sources/gsuite/source.go:72.53,73.17 1 1
mcpyeahyouknowme/sources/gsuite/source.go:74.14,75.17 1 1
mcpyeahyouknowme/sources/gsuite/source.go:76.16,77.19 1 1
mcpyeahyouknowme/sources/gsuite/source.go:78.15,79.18 1 1
mcpyeahyouknowme/sources/gsuite/source.go:80.18,81.21 1 1
mcpyeahyouknowme/sources/gsuite/source.go:82.15,83.18 1 1
mcpyeahyouknowme/sources/gsuite/source.go:84.18,85.21 1 1
mcpyeahyouknowme/sources/gsuite/source.go:86.16,87.19 1 1
mcpyeahyouknowme/sources/gsuite/source.go:88.10,89.15 1 1
mcpyeahyouknowme/sources/gsuite/source.go:94.64,95.17 1 1
mcpyeahyouknowme/sources/gsuite/source.go:96.14,97.20 1 1
mcpyeahyouknowme/sources/gsuite/source.go:98.16,99.22 1 1
mcpyeahyouknowme/sources/gsuite/source.go:100.15,101.21 1 1
mcpyeahyouknowme/sources/gsuite/source.go:102.18,103.24 1 1
mcpyeahyouknowme/sources/gsuite/source.go:104.15,105.21 1 1
mcpyeahyouknowme/sources/gsuite/source.go:106.18,107.24 1 1
mcpyeahyouknowme/sources/gsuite/source.go:108.16,109.22 1 1
mcpyeahyouknowme/sources/gsuite/source.go:122.40,124.16 2 1
[...]
mcpyeahyouknowme/sources/whatsapp/service.go:534.3,539.21 2 1
mcpyeahyouknowme/sources/whatsapp/service.go:539.21,542.4 2 1
mcpyeahyouknowme/sources/whatsapp/service.go:543.3,545.23 3 1
mcpyeahyouknowme/sources/whatsapp/service.go:545.23,547.4 1 1
mcpyeahyouknowme/sources/whatsapp/service.go:548.3,548.30 1 1
mcpyeahyouknowme/sources/whatsapp/service.go:550.2,550.19 1 1
mcpyeahyouknowme/sources/whatsapp/service.go:554.61,558.16 3 1
mcpyeahyouknowme/sources/whatsapp/service.go:558.16,560.19 2 1
mcpyeahyouknowme/sources/whatsapp/service.go:560.19,563.37 3 1
mcpyeahyouknowme/sources/whatsapp/service.go:563.37,564.92 1 1
mcpyeahyouknowme/sources/whatsapp/service.go:564.92,566.6 1 1
mcpyeahyouknowme/sources/whatsapp/service.go:571.2,571.56 1 1
mcpyeahyouknowme/sources/whatsapp/service.go:571.56,573.3 1 1
mcpyeahyouknowme/sources/whatsapp/service.go:575.2,576.22 2 1
mcpyeahyouknowme/sources/whatsapp/service.go:576.22,578.3 1 1
mcpyeahyouknowme/sources/whatsapp/service.go:579.2,580.15 2 1
mcpyeahyouknowme/sources/whatsapp/service.go:584.72,585.31 1 1
mcpyeahyouknowme/sources/whatsapp/service.go:585.31,587.3 1 1
mcpyeahyouknowme/sources/whatsapp/service.go:589.2,590.16 2 1
mcpyeahyouknowme/sources/whatsapp/service.go:590.16,592.3 1 0
mcpyeahyouknowme/sources/whatsapp/service.go:593.2,596.18 3 1
mcpyeahyouknowme/sources/whatsapp/service.go:596.18,599.51 3 1
mcpyeahyouknowme/sources/whatsapp/service.go:599.51,600.12 1 0
mcpyeahyouknowme/sources/whatsapp/service.go:602.3,602.83 1 1
mcpyeahyouknowme/sources/whatsapp/service.go:602.83,604.4 1 1
mcpyeahyouknowme/sources/whatsapp/service.go:607.2,607.28 1 1
mcpyeahyouknowme/sources/whatsapp/service.go:607.28,609.3 1 1
mcpyeahyouknowme/sources/whatsapp/service.go:611.2,615.33 4 1
mcpyeahyouknowme/sources/whatsapp/service.go:615.33,618.3 2 1
mcpyeahyouknowme/sources/whatsapp/service.go:619.2,622.16 2 1
mcpyeahyouknowme/sources/whatsapp/service.go:622.16,624.21 2 1
mcpyeahyouknowme/sources/whatsapp/service.go:624.21,626.31 2 1
mcpyeahyouknowme/sources/whatsapp/service.go:626.31,628.5 1 1
mcpyeahyouknowme/sources/whatsapp/service.go:632.2,633.15 2 1
mcpyeahyouknowme/sources/whatsapp/service.go:639.82,642.17 2 1
mcpyeahyouknowme/sources/whatsapp/service.go:642.17,644.3 1 1
mcpyeahyouknowme/sources/whatsapp/service.go:645.2,651.16 6 1
mcpyeahyouknowme/sources/whatsapp/service.go:651.16,653.3 1 1
mcpyeahyouknowme/sources/whatsapp/service.go:655.2,656.20 2 1
mcpyeahyouknowme/sources/whatsapp/service.go:656.20,659.3 2 1
mcpyeahyouknowme/sources/whatsapp/service.go:660.2,662.22 3 1
mcpyeahyouknowme/sources/whatsapp/service.go:662.22,664.3 1 1
mcpyeahyouknowme/sources/whatsapp/service.go:665.2,665.19 1 1
mcpyeahyouknowme/sources/whatsapp/service.go:669.77,679.16 6 1
mcpyeahyouknowme/sources/whatsapp/service.go:679.16,681.3 1 1
mcpyeahyouknowme/sources/whatsapp/service.go:682.2,683.20 2 1
mcpyeahyouknowme/sources/whatsapp/service.go:683.20,686.3 2 1
mcpyeahyouknowme/sources/whatsapp/service.go:687.2,689.22 3 1
mcpyeahyouknowme/sources/whatsapp/service.go:689.22,691.3 1 1
mcpyeahyouknowme/sources/whatsapp/service.go:692.2,692.19 1 1
mcpyeahyouknowme/sources/whatsapp/service.go:696.86,705.16 2 1
mcpyeahyouknowme/sources/whatsapp/service.go:705.16,707.3 1 0
mcpyeahyouknowme/sources/whatsapp/service.go:708.2,711.18 3 1
mcpyeahyouknowme/sources/whatsapp/service.go:711.18,715.81 4 1
mcpyeahyouknowme/sources/whatsapp/service.go:715.81,716.12 1 0
mcpyeahyouknowme/sources/whatsapp/service.go:718.3,719.21 2 1
mcpyeahyouknowme/sources/whatsapp/service.go:719.21,722.4 2 1
mcpyeahyouknowme/sources/whatsapp/service.go:723.3,725.23 3 1
mcpyeahyouknowme/sources/whatsapp/service.go:725.23,727.4 1 1
mcpyeahyouknowme/sources/whatsapp/service.go:728.3,728.30 1 1
mcpyeahyouknowme/sources/whatsapp/service.go:730.2,730.19 1 1
mcpyeahyouknowme/sources/whatsapp/service.go:736.73,743.16 3 1
mcpyeahyouknowme/sources/whatsapp/service.go:743.16,745.3 1 0
mcpyeahyouknowme/sources/whatsapp/service.go:746.2,750.18 4 1
mcpyeahyouknowme/sources/whatsapp/service.go:750.18,753.36 3 1
mcpyeahyouknowme/sources/whatsapp/service.go:753.36,754.12 1 0
mcpyeahyouknowme/sources/whatsapp/service.go:756.3,761.5 2 1
mcpyeahyouknowme/sources/whatsapp/service.go:764.2,764.31 1 1
mcpyeahyouknowme/sources/whatsapp/service.go:764.31,771.17 2 1
mcpyeahyouknowme/sources/whatsapp/service.go:771.17,773.22 2 1
mcpyeahyouknowme/sources/whatsapp/service.go:773.22,776.55 3 1
mcpyeahyouknowme/sources/whatsapp/service.go:776.55,777.14 1 0
mcpyeahyouknowme/sources/whatsapp/service.go:779.5,779.39 1 1
mcpyeahyouknowme/sources/whatsapp/service.go:779.39,780.14 1 1
mcpyeahyouknowme/sources/whatsapp/service.go:782.5,784.16 3 1
mcpyeahyouknowme/sources/whatsapp/service.go:784.16,786.6 1 1
mcpyeahyouknowme/sources/whatsapp/service.go:787.5,791.7 1 1
mcpyeahyouknowme/sources/whatsapp/service.go:796.2,796.24 1 1
mcpyeahyouknowme/sources/whatsapp/service.go:796.24,798.3 1 1
mcpyeahyouknowme/sources/whatsapp/service.go:799.2,799.22 1 1
mcpyeahyouknowme/sources/whatsapp/service.go:805.69,815.16 3 1
mcpyeahyouknowme/sources/whatsapp/service.go:815.16,817.3 1 1
mcpyeahyouknowme/sources/whatsapp/service.go:818.2,818.34 1 1
mcpyeahyouknowme/sources/whatsapp/service.go:847.83,849.2 1 1
mcpyeahyouknowme/sources/whatsapp/service.go:852.82,854.2 1 1
mcpyeahyouknowme/sources/whatsapp/service.go:857.90,859.2 1 1
mcpyeahyouknowme/sources/whatsapp/service.go:862.73,865.16 3 1
mcpyeahyouknowme/sources/whatsapp/service.go:865.16,867.3 1 1
mcpyeahyouknowme/sources/whatsapp/service.go:868.2,871.49 4 1
mcpyeahyouknowme/sources/whatsapp/service.go:871.49,873.3 1 1
mcpyeahyouknowme/sources/whatsapp/service.go:874.2,874.34 1 1
mcpyeahyouknowme/sources/whatsapp/service.go:878.79,881.16 3 1
mcpyeahyouknowme/sources/whatsapp/service.go:881.16,883.3 1 1
mcpyeahyouknowme/sources/whatsapp/service.go:884.2,887.49 4 1
mcpyeahyouknowme/sources/whatsapp/service.go:887.49,889.3 1 1
mcpyeahyouknowme/sources/whatsapp/service.go:890.2,890.16 1 1
mcpyeahyouknowme/sources/whatsapp/service.go:890.16,892.3 1 1
mcpyeahyouknowme/sources/whatsapp/service.go:893.2,893.20 1 1
mcpyeahyouknowme/sources/whatsapp/service.go:899.48,901.18 2 1
mcpyeahyouknowme/sources/whatsapp/service.go:901.18,905.96 4 1
mcpyeahyouknowme/sources/whatsapp/service.go:905.96,906.12 1 0
mcpyeahyouknowme/sources/whatsapp/service.go:908.3,917.5 1 1
mcpyeahyouknowme/sources/whatsapp/service.go:919.2,919.13 1 1
mcpyeahyouknowme/sources/whatsapp/service.go:927.56,932.16 5 1
mcpyeahyouknowme/sources/whatsapp/service.go:932.16,934.3 1 1
mcpyeahyouknowme/sources/whatsapp/service.go:935.2,944.8 1 1
mcpyeahyouknowme/sources/whatsapp/source.go:17.13,19.2 1 1
mcpyeahyouknowme/sources/whatsapp/source.go:30.40,32.16 2 1
mcpyeahyouknowme/sources/whatsapp/source.go:32.16,35.3 1 1
mcpyeahyouknowme/sources/whatsapp/source.go:36.2,37.58 2 1
mcpyeahyouknowme/sources/whatsapp/source.go:42.69,44.2 1 1
mcpyeahyouknowme/sources/whatsapp/source.go:47.55,48.31 1 1
mcpyeahyouknowme/sources/whatsapp/source.go:48.31,50.3 1 0
mcpyeahyouknowme/sources/whatsapp/source.go:51.2,51.34 1 1
mcpyeahyouknowme/sources/whatsapp/source.go:55.32,55.53 1 1
mcpyeahyouknowme/sources/whatsapp/source.go:58.39,58.60 1 1
mcpyeahyouknowme/sources/whatsapp/source.go:61.32,61.58 1 1
mcpyeahyouknowme/sources/whatsapp/source.go:65.46,74.2 1 1
mcpyeahyouknowme/sources/whatsapp/source.go:77.62,79.68 2 1
mcpyeahyouknowme/sources/whatsapp/source.go:79.68,82.3 2 1
mcpyeahyouknowme/sources/whatsapp/source.go:83.2,83.21 1 1
mcpyeahyouknowme/sources/whatsapp/source.go:88.81,89.17 1 1
mcpyeahyouknowme/sources/whatsapp/source.go:89.17,91.3 1 1
mcpyeahyouknowme/sources/whatsapp/source.go:92.2,93.16 2 1
mcpyeahyouknowme/sources/whatsapp/source.go:93.16,95.3 1 0
mcpyeahyouknowme/sources/whatsapp/source.go:96.2,96.22 1 1
mcpyeahyouknowme/sources/whatsapp/source.go:96.22,97.39 1 1
mcpyeahyouknowme/sources/whatsapp/source.go:97.39,99.4 1 0
mcpyeahyouknowme/sources/whatsapp/source.go:101.2,102.16 2 1
mcpyeahyouknowme/sources/whatsapp/source.go:102.16,104.3 1 0
mcpyeahyouknowme/sources/whatsapp/source.go:105.2,105.22 1 1
mcpyeahyouknowme/sources/whatsapp/source.go:105.22,106.39 1 1
mcpyeahyouknowme/sources/whatsapp/source.go:106.39,108.4 1 1
mcpyeahyouknowme/sources/whatsapp/source.go:110.2,110.41 1 1
mcpyeahyouknowme/sources/whatsapp/source.go:115.52,116.16 1 1
mcpyeahyouknowme/sources/whatsapp/source.go:116.16,118.3 1 1
mcpyeahyouknowme/sources/whatsapp/source.go:119.2,120.21 2 1
mcpyeahyouknowme/sources/whatsapp/source.go:120.21,122.3 1 1
mcpyeahyouknowme/sources/whatsapp/source.go:123.2,123.26 1 1
mcpyeahyouknowme/sources/whatsapp/source.go:146.64,150.16 4 1
mcpyeahyouknowme/sources/whatsapp/source.go:150.16,152.3 1 1
mcpyeahyouknowme/sources/whatsapp/source.go:153.2,154.22 2 1
mcpyeahyouknowme/sources/whatsapp/source.go:154.22,158.87 4 1
mcpyeahyouknowme/sources/whatsapp/source.go:158.87,159.12 1 0
mcpyeahyouknowme/sources/whatsapp/source.go:161.3,166.21 3 1
mcpyeahyouknowme/sources/whatsapp/source.go:166.21,169.4 2 1
mcpyeahyouknowme/sources/whatsapp/source.go:170.3,178.5 1 1
mcpyeahyouknowme/sources/whatsapp/source.go:180.2,180.21 1 1
mcpyeahyouknowme/sources/whatsapp/source.go:187.67,188.31 1 1
mcpyeahyouknowme/sources/whatsapp/source.go:188.31,190.3 1 1
mcpyeahyouknowme/sources/whatsapp/source.go:191.2,194.16 4 1
mcpyeahyouknowme/sources/whatsapp/source.go:194.16,196.3 1 1
mcpyeahyouknowme/sources/whatsapp/source.go:197.2,198.25 2 1
mcpyeahyouknowme/sources/whatsapp/source.go:198.25,201.58 3 1
mcpyeahyouknowme/sources/whatsapp/source.go:201.58,202.12 1 0
mcpyeahyouknowme/sources/whatsapp/source.go:204.3,204.38 1 1
mcpyeahyouknowme/sources/whatsapp/source.go:204.38,205.12 1 0
mcpyeahyouknowme/sources/whatsapp/source.go:207.3,208.24 2 1
mcpyeahyouknowme/sources/whatsapp/source.go:208.24,210.4 1 0
mcpyeahyouknowme/sources/whatsapp/source.go:211.3,211.24 1 1
mcpyeahyouknowme/sources/whatsapp/source.go:211.24,212.12 1 0
mcpyeahyouknowme/sources/whatsapp/source.go:214.3,216.27 3 1
mcpyeahyouknowme/sources/whatsapp/source.go:216.27,218.4 1 1
mcpyeahyouknowme/sources/whatsapp/source.go:220.3,223.19 3 1
mcpyeahyouknowme/sources/whatsapp/source.go:223.19,224.22 1 1
mcpyeahyouknowme/sources/whatsapp/source.go:224.22,226.32 2 1
mcpyeahyouknowme/sources/whatsapp/source.go:226.32,228.6 1 1
mcpyeahyouknowme/sources/whatsapp/source.go:230.4,230.18 1 1
mcpyeahyouknowme/sources/whatsapp/source.go:233.3,244.5 2 1
mcpyeahyouknowme/sources/whatsapp/source.go:246.2,246.21 1 1
mcpyeahyouknowme/sources/whatsapp/source.go:251.86,259.16 3 1
mcpyeahyouknowme/sources/whatsapp/source.go:259.16,261.3 1 1
mcpyeahyouknowme/sources/whatsapp/source.go:262.2,266.28 4 1
mcpyeahyouknowme/sources/whatsapp/source.go:266.28,267.29 1 1
mcpyeahyouknowme/sources/whatsapp/source.go:267.29,269.4 1 0
mcpyeahyouknowme/sources/whatsapp/source.go:270.3,272.13 3 1
mcpyeahyouknowme/sources/whatsapp/source.go:275.2,275.21 1 1
mcpyeahyouknowme/sources/whatsapp/source.go:275.21,279.114 4 1
mcpyeahyouknowme/sources/whatsapp/source.go:279.114,280.12 1 0
mcpyeahyouknowme/sources/whatsapp/source.go:282.3,285.60 3 1
mcpyeahyouknowme/sources/whatsapp/source.go:285.60,286.38 1 1
mcpyeahyouknowme/sources/whatsapp/source.go:286.38,288.5 1 0
mcpyeahyouknowme/sources/whatsapp/source.go:290.3,291.43 2 1
mcpyeahyouknowme/sources/whatsapp/source.go:293.2,293.36 1 1
mcpyeahyouknowme/sources/whatsapp/source.go:293.36,295.3 1 0
mcpyeahyouknowme/sources/whatsapp/source.go:296.2,296.22 1 1
mcpyeahyouknowme/sources/whatsapp/source.go:301.56,306.4 2 1
mcpyeahyouknowme/sources/whatsapp/source.go:306.4,308.49 2 1
mcpyeahyouknowme/sources/whatsapp/source.go:308.49,310.4 1 1
mcpyeahyouknowme/sources/whatsapp/source.go:312.2,312.15 1 1
mcpyeahyouknowme/sources/whatsapp/source.go:316.108,317.24 1 1
mcpyeahyouknowme/sources/whatsapp/source.go:317.24,319.3 1 1
mcpyeahyouknowme/sources/whatsapp/source.go:320.2,321.22 2 1
mcpyeahyouknowme/sources/whatsapp/source.go:321.22,323.3 1 1
mcpyeahyouknowme/sources/whatsapp/source.go:325.2,327.31 3 1
mcpyeahyouknowme/sources/whatsapp/source.go:327.31,328.44 1 1
mcpyeahyouknowme/sources/whatsapp/source.go:328.44,329.12 1 1
mcpyeahyouknowme/sources/whatsapp/source.go:331.3,351.5 3 1
mcpyeahyouknowme/sources/whatsapp/source.go:353.2,353.16 1 1
mcpyeahyouknowme/sources/whatsapp/source.go:357.88,369.18 8 1
mcpyeahyouknowme/sources/whatsapp/source.go:369.18,370.18 1 1
mcpyeahyouknowme/sources/whatsapp/source.go:370.18,372.4 1 1
mcpyeahyouknowme/sources/whatsapp/source.go:373.3,383.21 5 1
mcpyeahyouknowme/sources/whatsapp/source.go:386.2,386.64 1 1
mcpyeahyouknowme/sources/whatsapp/source.go:386.64,394.3 7 1
mcpyeahyouknowme/sources/whatsapp/source.go:396.2,396.31 1 1
mcpyeahyouknowme/sources/whatsapp/source.go:396.31,398.18 2 1
mcpyeahyouknowme/sources/whatsapp/source.go:398.18,399.12 1 1
mcpyeahyouknowme/sources/whatsapp/source.go:401.3,401.77 1 1
mcpyeahyouknowme/sources/whatsapp/source.go:401.77,403.97 2 1
mcpyeahyouknowme/sources/whatsapp/source.go:403.97,406.5 2 1
mcpyeahyouknowme/sources/whatsapp/source.go:407.4,407.12 1 1
mcpyeahyouknowme/sources/whatsapp/source.go:409.3,409.18 1 1
mcpyeahyouknowme/sources/whatsapp/source.go:409.18,411.12 2 1
mcpyeahyouknowme/sources/whatsapp/source.go:413.3,413.62 1 1
mcpyeahyouknowme/sources/whatsapp/source.go:413.62,416.12 3 1
mcpyeahyouknowme/sources/whatsapp/source.go:418.3,422.31 5 1
mcpyeahyouknowme/sources/whatsapp/source.go:424.2,425.15 2 1
mcpyeahyouknowme/sources/whatsapp/source.go:429.62,432.20 3 1
mcpyeahyouknowme/sources/whatsapp/source.go:432.20,434.3 1 1
mcpyeahyouknowme/sources/whatsapp/source.go:435.2,438.50 4 1
mcpyeahyouknowme/sources/whatsapp/source.go:438.50,442.3 3 1
mcpyeahyouknowme/sources/whatsapp/source.go:443.2,443.17 1 1
mcpyeahyouknowme/sources/whatsapp/source.go:443.17,445.3 1 1
mcpyeahyouknowme/sources/whatsapp/source.go:446.2,446.19 1 1
mcpyeahyouknowme/sources/whatsapp/source.go:450.78,452.16 2 1
mcpyeahyouknowme/sources/whatsapp/source.go:452.16,454.3 1 1
mcpyeahyouknowme/sources/whatsapp/source.go:455.2,458.19 4 1
mcpyeahyouknowme/sources/whatsapp/source.go:458.19,460.61 2 1
mcpyeahyouknowme/sources/whatsapp/source.go:460.61,462.4 1 1
mcpyeahyouknowme/sources/whatsapp/source.go:464.2,471.19 8 1
mcpyeahyouknowme/sources/whatsapp/source.go:475.65,476.58 1 1
mcpyeahyouknowme/sources/whatsapp/source.go:476.58,478.3 1 1
mcpyeahyouknowme/sources/whatsapp/source.go:479.2,481.48 3 1
mcpyeahyouknowme/sources/whatsapp/source.go:481.48,484.24 3 1
mcpyeahyouknowme/sources/whatsapp/source.go:484.24,486.4 1 1
mcpyeahyouknowme/sources/whatsapp/source.go:487.3,487.24 1 1
mcpyeahyouknowme/sources/whatsapp/source.go:487.24,489.4 1 1
mcpyeahyouknowme/sources/whatsapp/source.go:490.3,491.53 2 1
mcpyeahyouknowme/sources/whatsapp/source.go:493.2,493.21 1 1
mcpyeahyouknowme/sources/whatsapp/source.go:493.21,495.3 1 1
mcpyeahyouknowme/sources/whatsapp/source.go:496.2,496.14 1 1
mcpyeahyouknowme/sources/whatsapp/source.go:501.52,502.16 1 1
mcpyeahyouknowme/sources/whatsapp/source.go:502.16,504.3 1 1
mcpyeahyouknowme/sources/whatsapp/source.go:505.2,506.25 2 1
mcpyeahyouknowme/sources/whatsapp/source.go:506.25,508.3 1 1
mcpyeahyouknowme/sources/whatsapp/source.go:509.2,509.30 1 1
mcpyeahyouknowme/sources/whatsapp/store.go:29.42,30.29 1 1
mcpyeahyouknowme/sources/whatsapp/store.go:30.29,32.3 1 1
mcpyeahyouknowme/sources/whatsapp/store.go:33.2,33.25 1 1
mcpyeahyouknowme/sources/whatsapp/store.go:37.89,43.2 2 1
mcpyeahyouknowme/sources/whatsapp/store.go:47.104,48.38 1 1
mcpyeahyouknowme/sources/whatsapp/store.go:48.38,50.3 1 1
mcpyeahyouknowme/sources/whatsapp/store.go:51.2,51.45 1 1
mcpyeahyouknowme/sources/whatsapp/store.go:51.45,53.3 1 1
mcpyeahyouknowme/sources/whatsapp/store.go:55.2,61.12 2 1
mcpyeahyouknowme/sources/whatsapp/store.go:65.86,70.16 2 1
mcpyeahyouknowme/sources/whatsapp/store.go:70.16,72.3 1 0
mcpyeahyouknowme/sources/whatsapp/store.go:73.2,76.18 3 1
mcpyeahyouknowme/sources/whatsapp/store.go:76.18,80.17 4 1
mcpyeahyouknowme/sources/whatsapp/store.go:80.17,82.4 1 0
mcpyeahyouknowme/sources/whatsapp/store.go:83.3,84.35 2 1
mcpyeahyouknowme/sources/whatsapp/store.go:87.2,87.22 1 1
mcpyeahyouknowme/sources/whatsapp/store.go:91.69,93.16 2 1
mcpyeahyouknowme/sources/whatsapp/store.go:93.16,95.3 1 0
mcpyeahyouknowme/sources/whatsapp/store.go:96.2,99.18 3 1
mcpyeahyouknowme/sources/whatsapp/store.go:99.18,103.17 4 1
mcpyeahyouknowme/sources/whatsapp/store.go:103.17,105.4 1 0
mcpyeahyouknowme/sources/whatsapp/store.go:106.3,106.31 1 1
mcpyeahyouknowme/sources/whatsapp/store.go:109.2,109.19 1 1
mcpyeahyouknowme/sources/whatsapp/store.go:113.137,119.2 2 1
mcpyeahyouknowme/sources/whatsapp/store.go:122.125,133.2 5 1
mcpyeahyouknowme/sources/whatsapp/store.go:136.50,138.2 1 1
mcpyeahyouknowme/sources/whatsapp/store.go:141.42,143.2 1 1
mcpyeahyouknowme/sources/whatsapp/store.go:146.100,148.16 2 1
mcpyeahyouknowme/sources/whatsapp/store.go:148.16,150.3 1 0
mcpyeahyouknowme/sources/whatsapp/store.go:151.2,156.16 4 1
mcpyeahyouknowme/sources/whatsapp/store.go:156.16,158.3 1 0
mcpyeahyouknowme/sources/whatsapp/store.go:159.2,161.39 2 1
mcpyeahyouknowme/sources/whatsapp/store.go:161.39,163.3 1 1
mcpyeahyouknowme/sources/whatsapp/store.go:164.2,164.20 1 1
mcpyeahyouknowme/sources/whatsapp/store.go:168.42,169.13 1 1
mcpyeahyouknowme/sources/whatsapp/store.go:169.13,171.3 1 1
mcpyeahyouknowme/sources/whatsapp/store.go:172.2,173.17 2 1
mcpyeahyouknowme/sources/whatsapp/store.go:173.17,175.3 1 1
mcpyeahyouknowme/sources/whatsapp/store.go:176.2,176.21 1 1
mcpyeahyouknowme/sources/whatsapp/store.go:176.21,178.3 1 1
mcpyeahyouknowme/sources/whatsapp/store.go:179.2,179.30 1 1
mcpyeahyouknowme/sources/whatsapp/store.go:179.30,180.25 1 1
mcpyeahyouknowme/sources/whatsapp/store.go:180.25,182.4 1 1
mcpyeahyouknowme/sources/whatsapp/store.go:184.2,184.13 1 1
mcpyeahyouknowme/sources/whatsapp/store.go:188.67,190.53 2 1
mcpyeahyouknowme/sources/whatsapp/store.go:190.53,192.3 1 1
mcpyeahyouknowme/sources/whatsapp/store.go:194.2,196.75 3 1
mcpyeahyouknowme/sources/whatsapp/store.go:196.75,198.3 1 1
mcpyeahyouknowme/sources/whatsapp/store.go:200.2,201.75 2 1
mcpyeahyouknowme/sources/whatsapp/store.go:201.75,203.3 1 1
mcpyeahyouknowme/sources/whatsapp/store.go:205.2,205.29 1 1
mcpyeahyouknowme/sources/whatsapp/store.go:205.29,212.34 3 1
mcpyeahyouknowme/sources/whatsapp/store.go:212.34,217.18 3 1
mcpyeahyouknowme/sources/whatsapp/store.go:217.18,218.13 1 1
mcpyeahyouknowme/sources/whatsapp/store.go:220.4,220.47 1 1
mcpyeahyouknowme/sources/whatsapp/store.go:220.47,222.5 1 1
mcpyeahyouknowme/sources/whatsapp/store.go:223.4,223.47 1 1
mcpyeahyouknowme/sources/whatsapp/store.go:223.47,225.5 1 1
mcpyeahyouknowme/sources/whatsapp/store.go:228.3,232.52 3 1
mcpyeahyouknowme/sources/whatsapp/store.go:232.52,239.18 4 1
mcpyeahyouknowme/sources/whatsapp/store.go:239.18,240.48 1 1
mcpyeahyouknowme/sources/whatsapp/store.go:240.48,242.6 1 1
mcpyeahyouknowme/sources/whatsapp/store.go:243.5,243.48 1 1
mcpyeahyouknowme/sources/whatsapp/store.go:243.48,245.6 1 1
mcpyeahyouknowme/sources/whatsapp/store.go:247.4,247.13 1 1
mcpyeahyouknowme/sources/whatsapp/store.go:251.2,251.18 1 1
mcpyeahyouknowme/sources/whatsapp/store_init.go:13.61,14.51 1 1
mcpyeahyouknowme/sources/whatsapp/store_init.go:14.51,16.3 1 0
mcpyeahyouknowme/sources/whatsapp/store_init.go:18.2,19.16 2 1
mcpyeahyouknowme/sources/whatsapp/store_init.go:19.16,21.3 1 0
mcpyeahyouknowme/sources/whatsapp/store_init.go:23.2,57.16 4 1
mcpyeahyouknowme/sources/whatsapp/store_init.go:57.16,60.3 2 1
mcpyeahyouknowme/sources/whatsapp/store_init.go:62.2,80.18 7 0
mcpyeahyouknowme/sources/whatsapp/store_init.go:80.18,83.19 3 0
mcpyeahyouknowme/sources/whatsapp/store_init.go:83.19,85.4 1 0
mcpyeahyouknowme/sources/whatsapp/store_init.go:88.2,92.16 3 0
mcpyeahyouknowme/sources/whatsapp/store_init.go:92.16,94.3 1 0
mcpyeahyouknowme/sources/whatsapp/store_init.go:96.2,96.19 1 0
mcpyeahyouknowme/sources/whatsapp/store_init.go:101.54,103.2 1 0
