mode: set
mcpyeahyouknowme/sources/gsuite/app_calendar.go:26.47,26.91 1 0
mcpyeahyouknowme/sources/gsuite/app_calendar.go:31.43,52.16 2 1
mcpyeahyouknowme/sources/gsuite/app_calendar.go:52.16,54.3 1 0
mcpyeahyouknowme/sources/gsuite/app_calendar.go:55.2,56.96 2 1
mcpyeahyouknowme/sources/gsuite/app_calendar.go:56.96,58.3 1 0
mcpyeahyouknowme/sources/gsuite/app_calendar.go:58.8,58.20 1 1
mcpyeahyouknowme/sources/gsuite/app_calendar.go:58.20,60.3 1 0
mcpyeahyouknowme/sources/gsuite/app_calendar.go:61.2,81.16 2 1
mcpyeahyouknowme/sources/gsuite/app_calendar.go:81.16,83.3 1 0
mcpyeahyouknowme/sources/gsuite/app_calendar.go:84.2,85.49 2 1
mcpyeahyouknowme/sources/gsuite/app_calendar.go:89.43,95.16 5 0
mcpyeahyouknowme/sources/gsuite/app_calendar.go:95.16,97.3 1 0
mcpyeahyouknowme/sources/gsuite/app_calendar.go:99.2,100.16 2 0
mcpyeahyouknowme/sources/gsuite/app_calendar.go:100.16,102.3 1 0
mcpyeahyouknowme/sources/gsuite/app_calendar.go:104.2,110.36 6 0
mcpyeahyouknowme/sources/gsuite/app_calendar.go:110.36,112.7 2 0
mcpyeahyouknowme/sources/gsuite/app_calendar.go:112.7,116.23 2 0
mcpyeahyouknowme/sources/gsuite/app_calendar.go:116.23,118.5 1 0
mcpyeahyouknowme/sources/gsuite/app_calendar.go:119.4,120.18 2 0
mcpyeahyouknowme/sources/gsuite/app_calendar.go:120.18,122.10 2 0
mcpyeahyouknowme/sources/gsuite/app_calendar.go:124.4,124.36 1 0
mcpyeahyouknowme/sources/gsuite/app_calendar.go:124.36,130.43 6 0
mcpyeahyouknowme/sources/gsuite/app_calendar.go:130.43,131.14 1 0
mcpyeahyouknowme/sources/gsuite/app_calendar.go:133.5,141.19 2 0
mcpyeahyouknowme/sources/gsuite/app_calendar.go:143.4,144.23 2 0
mcpyeahyouknowme/sources/gsuite/app_calendar.go:144.23,145.10 1 0
mcpyeahyouknowme/sources/gsuite/app_calendar.go:149.2,151.12 3 0
mcpyeahyouknowme/sources/gsuite/app_calendar.go:173.104,175.15 2 1
mcpyeahyouknowme/sources/gsuite/app_calendar.go:175.15,177.3 1 1
mcpyeahyouknowme/sources/gsuite/app_calendar.go:178.2,190.16 13 1
mcpyeahyouknowme/sources/gsuite/app_calendar.go:190.16,192.18 2 1
mcpyeahyouknowme/sources/gsuite/app_calendar.go:192.18,194.4 1 1
mcpyeahyouknowme/sources/gsuite/app_calendar.go:196.2,196.15 1 1
mcpyeahyouknowme/sources/gsuite/app_calendar.go:200.67,201.16 1 1
mcpyeahyouknowme/sources/gsuite/app_calendar.go:201.16,203.3 1 1
mcpyeahyouknowme/sources/gsuite/app_calendar.go:204.2,204.27 1 1
mcpyeahyouknowme/sources/gsuite/app_calendar.go:204.27,206.3 1 1
mcpyeahyouknowme/sources/gsuite/app_calendar.go:207.2,207.18 1 1
mcpyeahyouknowme/sources/gsuite/app_calendar.go:211.76,213.37 2 1
mcpyeahyouknowme/sources/gsuite/app_calendar.go:213.37,214.22 1 1
mcpyeahyouknowme/sources/gsuite/app_calendar.go:214.22,215.12 1 1
mcpyeahyouknowme/sources/gsuite/app_calendar.go:217.3,217.33 1 1
mcpyeahyouknowme/sources/gsuite/app_calendar.go:217.33,219.12 2 1
mcpyeahyouknowme/sources/gsuite/app_calendar.go:221.3,221.40 1 1
mcpyeahyouknowme/sources/gsuite/app_calendar.go:223.2,223.14 1 1
mcpyeahyouknowme/sources/gsuite/app_calendar.go:227.74,228.21 1 1
mcpyeahyouknowme/sources/gsuite/app_calendar.go:228.21,229.26 1 1
mcpyeahyouknowme/sources/gsuite/app_calendar.go:229.26,232.4 2 1
mcpyeahyouknowme/sources/gsuite/app_calendar.go:232.9,234.4 1 1
mcpyeahyouknowme/sources/gsuite/app_calendar.go:236.2,236.19 1 1
mcpyeahyouknowme/sources/gsuite/app_calendar.go:236.19,237.24 1 1
mcpyeahyouknowme/sources/gsuite/app_calendar.go:237.24,239.4 1 1
mcpyeahyouknowme/sources/gsuite/app_calendar.go:239.9,241.4 1 1
mcpyeahyouknowme/sources/gsuite/app_calendar.go:243.2,243.8 1 1
mcpyeahyouknowme/sources/gsuite/app_calendar.go:247.69,252.85 1 1
mcpyeahyouknowme/sources/gsuite/app_calendar.go:252.85,254.3 1 1
mcpyeahyouknowme/sources/gsuite/app_calendar.go:255.2,258.85 1 1
mcpyeahyouknowme/sources/gsuite/app_calendar.go:258.85,260.3 1 1
mcpyeahyouknowme/sources/gsuite/app_calendar.go:261.2,265.85 1 1
mcpyeahyouknowme/sources/gsuite/app_calendar.go:265.85,267.3 1 1
mcpyeahyouknowme/sources/gsuite/app_calendar.go:271.113,273.22 2 1
mcpyeahyouknowme/sources/gsuite/app_calendar.go:273.22,275.3 1 1
mcpyeahyouknowme/sources/gsuite/app_calendar.go:276.2,277.19 2 1
mcpyeahyouknowme/sources/gsuite/app_calendar.go:277.19,279.3 1 1
mcpyeahyouknowme/sources/gsuite/app_calendar.go:280.2,286.16 2 1
mcpyeahyouknowme/sources/gsuite/app_calendar.go:286.16,288.3 1 0
mcpyeahyouknowme/sources/gsuite/app_calendar.go:289.2,291.18 3 1
mcpyeahyouknowme/sources/gsuite/app_calendar.go:291.18,294.116 3 1
mcpyeahyouknowme/sources/gsuite/app_calendar.go:294.116,295.12 1 0
mcpyeahyouknowme/sources/gsuite/app_calendar.go:297.3,301.5 1 1
mcpyeahyouknowme/sources/gsuite/app_calendar.go:303.2,303.107 1 1
mcpyeahyouknowme/sources/gsuite/app_calendar.go:307.115,309.22 2 1
mcpyeahyouknowme/sources/gsuite/app_calendar.go:309.22,311.3 1 1
mcpyeahyouknowme/sources/gsuite/app_calendar.go:312.2,312.19 1 1
mcpyeahyouknowme/sources/gsuite/app_calendar.go:312.19,314.3 1 1
mcpyeahyouknowme/sources/gsuite/app_calendar.go:315.2,322.26 4 1
mcpyeahyouknowme/sources/gsuite/app_calendar.go:322.26,324.3 1 1
mcpyeahyouknowme/sources/gsuite/app_calendar.go:325.2,325.16 1 1
mcpyeahyouknowme/sources/gsuite/app_calendar.go:325.16,327.3 1 0
mcpyeahyouknowme/sources/gsuite/app_calendar.go:328.2,334.4 1 1
mcpyeahyouknowme/sources/gsuite/app_calendar.go:338.119,341.19 3 1
mcpyeahyouknowme/sources/gsuite/app_calendar.go:341.19,343.3 1 1
mcpyeahyouknowme/sources/gsuite/app_calendar.go:344.2,349.16 4 1
mcpyeahyouknowme/sources/gsuite/app_calendar.go:349.16,351.3 1 0
mcpyeahyouknowme/sources/gsuite/app_calendar.go:352.2,354.18 3 1
mcpyeahyouknowme/sources/gsuite/app_calendar.go:354.18,357.106 3 1
mcpyeahyouknowme/sources/gsuite/app_calendar.go:357.106,358.12 1 0
mcpyeahyouknowme/sources/gsuite/app_calendar.go:360.3,363.5 1 1
mcpyeahyouknowme/sources/gsuite/app_calendar.go:365.2,365.90 1 1
mcpyeahyouknowme/sources/gsuite/app_calendar.go:369.87,372.16 2 1
mcpyeahyouknowme/sources/gsuite/app_calendar.go:372.16,374.3 1 0
mcpyeahyouknowme/sources/gsuite/app_calendar.go:375.2,377.18 3 1
mcpyeahyouknowme/sources/gsuite/app_calendar.go:377.18,379.116 2 1
mcpyeahyouknowme/sources/gsuite/app_calendar.go:379.116,380.12 1 0
mcpyeahyouknowme/sources/gsuite/app_calendar.go:382.3,386.21 3 1
mcpyeahyouknowme/sources/gsuite/app_calendar.go:386.21,388.4 1 1
mcpyeahyouknowme/sources/gsuite/app_calendar.go:389.3,389.22 1 1
mcpyeahyouknowme/sources/gsuite/app_calendar.go:389.22,391.4 1 1
mcpyeahyouknowme/sources/gsuite/app_calendar.go:392.3,396.17 2 1
mcpyeahyouknowme/sources/gsuite/app_calendar.go:396.17,404.4 2 1
mcpyeahyouknowme/sources/gsuite/app_calendar.go:406.2,406.21 1 1
mcpyeahyouknowme/sources/gsuite/app_contacts.go:24.47,24.91 1 0
mcpyeahyouknowme/sources/gsuite/app_contacts.go:29.43,42.16 2 1
mcpyeahyouknowme/sources/gsuite/app_contacts.go:42.16,44.3 1 0
mcpyeahyouknowme/sources/gsuite/app_contacts.go:45.2,46.76 2 1
mcpyeahyouknowme/sources/gsuite/app_contacts.go:46.76,47.90 1 1
mcpyeahyouknowme/sources/gsuite/app_contacts.go:47.90,49.4 1 0
mcpyeahyouknowme/sources/gsuite/app_contacts.go:49.9,49.21 1 1
mcpyeahyouknowme/sources/gsuite/app_contacts.go:49.21,51.4 1 0
mcpyeahyouknowme/sources/gsuite/app_contacts.go:53.2,73.16 2 1
mcpyeahyouknowme/sources/gsuite/app_contacts.go:73.16,75.3 1 0
mcpyeahyouknowme/sources/gsuite/app_contacts.go:76.2,77.49 2 1
mcpyeahyouknowme/sources/gsuite/app_contacts.go:81.43,87.16 5 0
mcpyeahyouknowme/sources/gsuite/app_contacts.go:87.16,89.3 1 0
mcpyeahyouknowme/sources/gsuite/app_contacts.go:91.2,94.6 4 0
mcpyeahyouknowme/sources/gsuite/app_contacts.go:94.6,98.22 2 0
mcpyeahyouknowme/sources/gsuite/app_contacts.go:98.22,100.4 1 0
mcpyeahyouknowme/sources/gsuite/app_contacts.go:101.3,102.17 2 0
mcpyeahyouknowme/sources/gsuite/app_contacts.go:102.17,104.4 1 0
mcpyeahyouknowme/sources/gsuite/app_contacts.go:105.3,105.37 1 0
mcpyeahyouknowme/sources/gsuite/app_contacts.go:105.37,110.70 5 0
mcpyeahyouknowme/sources/gsuite/app_contacts.go:110.70,111.13 1 0
mcpyeahyouknowme/sources/gsuite/app_contacts.go:113.4,120.18 2 0
mcpyeahyouknowme/sources/gsuite/app_contacts.go:122.3,123.22 2 0
mcpyeahyouknowme/sources/gsuite/app_contacts.go:123.22,124.9 1 0
mcpyeahyouknowme/sources/gsuite/app_contacts.go:127.2,129.12 3 0
mcpyeahyouknowme/sources/gsuite/app_contacts.go:143.57,145.14 2 1
mcpyeahyouknowme/sources/gsuite/app_contacts.go:145.14,147.3 1 1
mcpyeahyouknowme/sources/gsuite/app_contacts.go:148.2,149.54 2 1
mcpyeahyouknowme/sources/gsuite/app_contacts.go:149.54,151.3 1 1
mcpyeahyouknowme/sources/gsuite/app_contacts.go:152.2,152.22 1 1
mcpyeahyouknowme/sources/gsuite/app_contacts.go:152.22,154.3 1 1
mcpyeahyouknowme/sources/gsuite/app_contacts.go:155.2,156.37 2 1
mcpyeahyouknowme/sources/gsuite/app_contacts.go:156.37,158.3 1 1
mcpyeahyouknowme/sources/gsuite/app_contacts.go:159.2,159.36 1 1
mcpyeahyouknowme/sources/gsuite/app_contacts.go:159.36,161.3 1 1
mcpyeahyouknowme/sources/gsuite/app_contacts.go:162.2,162.36 1 1
mcpyeahyouknowme/sources/gsuite/app_contacts.go:162.36,164.20 2 1
mcpyeahyouknowme/sources/gsuite/app_contacts.go:164.20,166.4 1 1
mcpyeahyouknowme/sources/gsuite/app_contacts.go:167.3,167.27 1 1
mcpyeahyouknowme/sources/gsuite/app_contacts.go:169.2,169.28 1 1
mcpyeahyouknowme/sources/gsuite/app_contacts.go:169.28,171.3 1 1
mcpyeahyouknowme/sources/gsuite/app_contacts.go:172.2,175.15 4 1
mcpyeahyouknowme/sources/gsuite/app_contacts.go:179.92,181.16 2 1
mcpyeahyouknowme/sources/gsuite/app_contacts.go:181.16,183.3 1 0
mcpyeahyouknowme/sources/gsuite/app_contacts.go:184.2,186.18 3 1
mcpyeahyouknowme/sources/gsuite/app_contacts.go:186.18,188.40 2 1
mcpyeahyouknowme/sources/gsuite/app_contacts.go:188.40,189.12 1 0
mcpyeahyouknowme/sources/gsuite/app_contacts.go:191.3,191.21 1 1
mcpyeahyouknowme/sources/gsuite/app_contacts.go:191.21,193.4 1 1
mcpyeahyouknowme/sources/gsuite/app_contacts.go:195.2,196.30 2 1
mcpyeahyouknowme/sources/gsuite/app_contacts.go:196.30,198.3 1 1
mcpyeahyouknowme/sources/gsuite/app_contacts.go:202.69,207.85 1 1
mcpyeahyouknowme/sources/gsuite/app_contacts.go:207.85,209.3 1 1
mcpyeahyouknowme/sources/gsuite/app_contacts.go:210.2,213.85 1 1
mcpyeahyouknowme/sources/gsuite/app_contacts.go:213.85,215.3 1 1
mcpyeahyouknowme/sources/gsuite/app_contacts.go:219.113,221.22 2 1
mcpyeahyouknowme/sources/gsuite/app_contacts.go:221.22,223.3 1 1
mcpyeahyouknowme/sources/gsuite/app_contacts.go:224.2,225.19 2 1
mcpyeahyouknowme/sources/gsuite/app_contacts.go:225.19,227.3 1 1
mcpyeahyouknowme/sources/gsuite/app_contacts.go:228.2,233.16 2 1
mcpyeahyouknowme/sources/gsuite/app_contacts.go:233.16,235.3 1 0
mcpyeahyouknowme/sources/gsuite/app_contacts.go:236.2,238.18 3 1
mcpyeahyouknowme/sources/gsuite/app_contacts.go:238.18,240.82 2 1
mcpyeahyouknowme/sources/gsuite/app_contacts.go:240.82,241.12 1 0
mcpyeahyouknowme/sources/gsuite/app_contacts.go:243.3,246.5 1 1
mcpyeahyouknowme/sources/gsuite/app_contacts.go:248.2,248.107 1 1
mcpyeahyouknowme/sources/gsuite/app_contacts.go:252.111,254.19 2 1
mcpyeahyouknowme/sources/gsuite/app_contacts.go:254.19,256.3 1 1
mcpyeahyouknowme/sources/gsuite/app_contacts.go:257.2,259.16 2 1
mcpyeahyouknowme/sources/gsuite/app_contacts.go:259.16,261.3 1 0
mcpyeahyouknowme/sources/gsuite/app_contacts.go:262.2,264.18 3 1
mcpyeahyouknowme/sources/gsuite/app_contacts.go:264.18,266.82 2 1
mcpyeahyouknowme/sources/gsuite/app_contacts.go:266.82,267.12 1 0
mcpyeahyouknowme/sources/gsuite/app_contacts.go:269.3,272.5 1 1
mcpyeahyouknowme/sources/gsuite/app_contacts.go:274.2,274.92 1 1
mcpyeahyouknowme/sources/gsuite/app_contacts.go:278.87,281.16 2 1
mcpyeahyouknowme/sources/gsuite/app_contacts.go:281.16,283.3 1 0
mcpyeahyouknowme/sources/gsuite/app_contacts.go:284.2,286.18 3 1
mcpyeahyouknowme/sources/gsuite/app_contacts.go:286.18,288.90 2 1
mcpyeahyouknowme/sources/gsuite/app_contacts.go:288.90,289.12 1 0
mcpyeahyouknowme/sources/gsuite/app_contacts.go:291.3,292.19 2 1
mcpyeahyouknowme/sources/gsuite/app_contacts.go:292.19,294.4 1 1
mcpyeahyouknowme/sources/gsuite/app_contacts.go:295.3,295.19 1 1
mcpyeahyouknowme/sources/gsuite/app_contacts.go:295.19,297.4 1 1
mcpyeahyouknowme/sources/gsuite/app_contacts.go:298.3,298.17 1 1
mcpyeahyouknowme/sources/gsuite/app_contacts.go:298.17,300.4 1 1
mcpyeahyouknowme/sources/gsuite/app_contacts.go:301.3,307.5 2 1
mcpyeahyouknowme/sources/gsuite/app_contacts.go:309.2,309.21 1 1
mcpyeahyouknowme/sources/gsuite/app_docs.go:25.47,25.90 1 1
mcpyeahyouknowme/sources/gsuite/app_docs.go:30.39,43.16 2 1
mcpyeahyouknowme/sources/gsuite/app_docs.go:43.16,45.3 1 0
mcpyeahyouknowme/sources/gsuite/app_docs.go:47.2,68.16 2 1
mcpyeahyouknowme/sources/gsuite/app_docs.go:68.16,70.3 1 0
mcpyeahyouknowme/sources/gsuite/app_docs.go:71.2,72.12 2 1
mcpyeahyouknowme/sources/gsuite/app_docs.go:76.39,82.16 5 0
mcpyeahyouknowme/sources/gsuite/app_docs.go:82.16,84.3 1 0
mcpyeahyouknowme/sources/gsuite/app_docs.go:85.2,86.16 2 0
mcpyeahyouknowme/sources/gsuite/app_docs.go:86.16,88.3 1 0
mcpyeahyouknowme/sources/gsuite/app_docs.go:90.2,93.6 4 0
mcpyeahyouknowme/sources/gsuite/app_docs.go:93.6,100.22 2 0
mcpyeahyouknowme/sources/gsuite/app_docs.go:100.22,102.4 1 0
mcpyeahyouknowme/sources/gsuite/app_docs.go:103.3,104.17 2 0
mcpyeahyouknowme/sources/gsuite/app_docs.go:104.17,106.4 1 0
mcpyeahyouknowme/sources/gsuite/app_docs.go:107.3,107.34 1 0
mcpyeahyouknowme/sources/gsuite/app_docs.go:107.34,111.37 4 0
mcpyeahyouknowme/sources/gsuite/app_docs.go:111.37,112.13 1 0
mcpyeahyouknowme/sources/gsuite/app_docs.go:114.4,115.18 2 0
mcpyeahyouknowme/sources/gsuite/app_docs.go:115.18,117.13 2 0
mcpyeahyouknowme/sources/gsuite/app_docs.go:119.4,126.59 4 0
mcpyeahyouknowme/sources/gsuite/app_docs.go:128.3,129.22 2 0
mcpyeahyouknowme/sources/gsuite/app_docs.go:129.22,130.9 1 0
mcpyeahyouknowme/sources/gsuite/app_docs.go:133.2,135.12 3 0
mcpyeahyouknowme/sources/gsuite/app_docs.go:149.89,150.17 1 1
mcpyeahyouknowme/sources/gsuite/app_docs.go:150.17,152.3 1 1
mcpyeahyouknowme/sources/gsuite/app_docs.go:153.2,161.3 1 1
mcpyeahyouknowme/sources/gsuite/app_docs.go:165.53,167.43 2 1
mcpyeahyouknowme/sources/gsuite/app_docs.go:167.43,168.31 1 1
mcpyeahyouknowme/sources/gsuite/app_docs.go:168.31,169.52 1 1
mcpyeahyouknowme/sources/gsuite/app_docs.go:169.52,170.28 1 1
mcpyeahyouknowme/sources/gsuite/app_docs.go:170.28,172.6 1 1
mcpyeahyouknowme/sources/gsuite/app_docs.go:176.2,176.13 1 1
mcpyeahyouknowme/sources/gsuite/app_docs.go:180.65,185.85 1 1
mcpyeahyouknowme/sources/gsuite/app_docs.go:185.85,187.3 1 1
mcpyeahyouknowme/sources/gsuite/app_docs.go:188.2,191.85 1 1
mcpyeahyouknowme/sources/gsuite/app_docs.go:191.85,193.3 1 1
mcpyeahyouknowme/sources/gsuite/app_docs.go:194.2,197.85 1 1
mcpyeahyouknowme/sources/gsuite/app_docs.go:197.85,199.3 1 1
mcpyeahyouknowme/sources/gsuite/app_docs.go:203.109,205.22 2 1
mcpyeahyouknowme/sources/gsuite/app_docs.go:205.22,207.3 1 1
mcpyeahyouknowme/sources/gsuite/app_docs.go:208.2,209.19 2 1
mcpyeahyouknowme/sources/gsuite/app_docs.go:209.19,211.3 1 1
mcpyeahyouknowme/sources/gsuite/app_docs.go:212.2,219.16 2 1
mcpyeahyouknowme/sources/gsuite/app_docs.go:219.16,221.3 1 0
mcpyeahyouknowme/sources/gsuite/app_docs.go:222.2,224.18 3 1
mcpyeahyouknowme/sources/gsuite/app_docs.go:224.18,226.97 2 1
mcpyeahyouknowme/sources/gsuite/app_docs.go:226.97,227.12 1 0
mcpyeahyouknowme/sources/gsuite/app_docs.go:229.3,232.5 1 1
mcpyeahyouknowme/sources/gsuite/app_docs.go:234.2,234.107 1 1
mcpyeahyouknowme/sources/gsuite/app_docs.go:238.114,240.22 2 1
mcpyeahyouknowme/sources/gsuite/app_docs.go:240.22,242.3 1 1
mcpyeahyouknowme/sources/gsuite/app_docs.go:243.2,243.19 1 1
mcpyeahyouknowme/sources/gsuite/app_docs.go:243.19,245.3 1 1
mcpyeahyouknowme/sources/gsuite/app_docs.go:246.2,249.26 3 1
mcpyeahyouknowme/sources/gsuite/app_docs.go:249.26,251.3 1 1
mcpyeahyouknowme/sources/gsuite/app_docs.go:252.2,252.16 1 1
mcpyeahyouknowme/sources/gsuite/app_docs.go:252.16,254.3 1 0
mcpyeahyouknowme/sources/gsuite/app_docs.go:255.2,258.4 1 1
mcpyeahyouknowme/sources/gsuite/app_docs.go:262.113,264.19 2 1
mcpyeahyouknowme/sources/gsuite/app_docs.go:264.19,266.3 1 1
mcpyeahyouknowme/sources/gsuite/app_docs.go:267.2,269.16 2 1
mcpyeahyouknowme/sources/gsuite/app_docs.go:269.16,271.3 1 0
mcpyeahyouknowme/sources/gsuite/app_docs.go:272.2,274.18 3 1
mcpyeahyouknowme/sources/gsuite/app_docs.go:274.18,276.87 2 1
mcpyeahyouknowme/sources/gsuite/app_docs.go:276.87,277.12 1 0
mcpyeahyouknowme/sources/gsuite/app_docs.go:279.3,281.5 1 1
mcpyeahyouknowme/sources/gsuite/app_docs.go:283.2,283.93 1 1
mcpyeahyouknowme/sources/gsuite/app_docs.go:287.83,289.16 2 1
mcpyeahyouknowme/sources/gsuite/app_docs.go:289.16,291.3 1 0
mcpyeahyouknowme/sources/gsuite/app_docs.go:292.2,294.18 3 1
mcpyeahyouknowme/sources/gsuite/app_docs.go:294.18,296.77 2 1
mcpyeahyouknowme/sources/gsuite/app_docs.go:296.77,297.12 1 0
mcpyeahyouknowme/sources/gsuite/app_docs.go:299.3,300.78 1 1
mcpyeahyouknowme/sources/gsuite/app_docs.go:302.2,302.21 1 1
mcpyeahyouknowme/sources/gsuite/app_docs.go:308.72,311.18 3 1
mcpyeahyouknowme/sources/gsuite/app_docs.go:311.18,313.3 1 1
mcpyeahyouknowme/sources/gsuite/app_docs.go:314.2,315.18 2 1
mcpyeahyouknowme/sources/gsuite/app_docs.go:315.18,317.3 1 1
mcpyeahyouknowme/sources/gsuite/app_docs.go:318.2,323.18 3 1
mcpyeahyouknowme/sources/gsuite/app_docs.go:323.18,329.3 2 1
mcpyeahyouknowme/sources/gsuite/app_docs.go:330.2,330.22 1 1
mcpyeahyouknowme/sources/gsuite/app_docs.go:330.22,332.19 2 1
mcpyeahyouknowme/sources/gsuite/app_docs.go:332.19,334.4 1 1
mcpyeahyouknowme/sources/gsuite/app_docs.go:335.3,336.58 2 1
mcpyeahyouknowme/sources/gsuite/app_docs.go:336.58,338.36 2 1
mcpyeahyouknowme/sources/gsuite/app_docs.go:338.36,340.5 1 1
mcpyeahyouknowme/sources/gsuite/app_docs.go:341.4,342.37 2 1
mcpyeahyouknowme/sources/gsuite/app_docs.go:342.37,343.13 1 1
mcpyeahyouknowme/sources/gsuite/app_docs.go:345.4,351.6 2 1
mcpyeahyouknowme/sources/gsuite/app_docs.go:354.2,354.16 1 1
mcpyeahyouknowme/sources/gsuite/app_docs.go:360.71,362.27 2 1
mcpyeahyouknowme/sources/gsuite/app_docs.go:362.27,363.70 1 1
mcpyeahyouknowme/sources/gsuite/app_docs.go:363.70,364.12 1 1
mcpyeahyouknowme/sources/gsuite/app_docs.go:366.3,366.50 1 1
mcpyeahyouknowme/sources/gsuite/app_docs.go:366.50,368.4 1 1
mcpyeahyouknowme/sources/gsuite/app_docs.go:368.9,368.34 1 1
mcpyeahyouknowme/sources/gsuite/app_docs.go:368.34,370.4 1 1
mcpyeahyouknowme/sources/gsuite/app_docs.go:370.9,370.33 1 1
mcpyeahyouknowme/sources/gsuite/app_docs.go:370.33,372.4 1 1
mcpyeahyouknowme/sources/gsuite/app_docs.go:374.2,374.34 1 1
mcpyeahyouknowme/sources/gsuite/app_docs.go:378.78,380.16 2 1
mcpyeahyouknowme/sources/gsuite/app_docs.go:380.16,382.3 1 0
mcpyeahyouknowme/sources/gsuite/app_docs.go:383.2,385.18 3 1
mcpyeahyouknowme/sources/gsuite/app_docs.go:385.18,387.40 2 1
mcpyeahyouknowme/sources/gsuite/app_docs.go:387.40,388.12 1 0
mcpyeahyouknowme/sources/gsuite/app_docs.go:390.3,390.21 1 1
mcpyeahyouknowme/sources/gsuite/app_docs.go:390.21,392.4 1 1
mcpyeahyouknowme/sources/gsuite/app_docs.go:394.2,395.30 2 1
mcpyeahyouknowme/sources/gsuite/app_docs.go:395.30,397.3 1 1
mcpyeahyouknowme/sources/gsuite/app_docs.go:401.56,405.2 3 1
mcpyeahyouknowme/sources/gsuite/app_gmail.go:29.47,29.90 1 0
mcpyeahyouknowme/sources/gsuite/app_gmail.go:34.40,63.16 2 1
mcpyeahyouknowme/sources/gsuite/app_gmail.go:63.16,65.3 1 0
mcpyeahyouknowme/sources/gsuite/app_gmail.go:66.2,68.110 3 1
mcpyeahyouknowme/sources/gsuite/app_gmail.go:68.110,70.3 1 0
mcpyeahyouknowme/sources/gsuite/app_gmail.go:70.8,70.18 1 1
mcpyeahyouknowme/sources/gsuite/app_gmail.go:70.18,72.3 1 1
mcpyeahyouknowme/sources/gsuite/app_gmail.go:73.2,73.63 1 1
mcpyeahyouknowme/sources/gsuite/app_gmail.go:73.63,75.3 1 0
mcpyeahyouknowme/sources/gsuite/app_gmail.go:75.8,75.19 1 1
mcpyeahyouknowme/sources/gsuite/app_gmail.go:75.19,77.3 1 1
mcpyeahyouknowme/sources/gsuite/app_gmail.go:78.2,78.93 1 1
mcpyeahyouknowme/sources/gsuite/app_gmail.go:78.93,80.3 1 0
mcpyeahyouknowme/sources/gsuite/app_gmail.go:80.8,80.20 1 1
mcpyeahyouknowme/sources/gsuite/app_gmail.go:80.20,83.3 2 1
mcpyeahyouknowme/sources/gsuite/app_gmail.go:84.2,84.92 1 1
mcpyeahyouknowme/sources/gsuite/app_gmail.go:84.92,86.3 1 0
mcpyeahyouknowme/sources/gsuite/app_gmail.go:86.8,86.20 1 1
mcpyeahyouknowme/sources/gsuite/app_gmail.go:86.20,89.3 2 0
mcpyeahyouknowme/sources/gsuite/app_gmail.go:90.2,90.98 1 1
mcpyeahyouknowme/sources/gsuite/app_gmail.go:90.98,92.3 1 0
mcpyeahyouknowme/sources/gsuite/app_gmail.go:92.8,92.20 1 1
mcpyeahyouknowme/sources/gsuite/app_gmail.go:92.20,95.3 2 0
mcpyeahyouknowme/sources/gsuite/app_gmail.go:96.2,96.102 1 1
mcpyeahyouknowme/sources/gsuite/app_gmail.go:96.102,98.3 1 0
mcpyeahyouknowme/sources/gsuite/app_gmail.go:98.8,98.20 1 1
mcpyeahyouknowme/sources/gsuite/app_gmail.go:98.20,101.3 2 0
mcpyeahyouknowme/sources/gsuite/app_gmail.go:102.2,102.43 1 1
mcpyeahyouknowme/sources/gsuite/app_gmail.go:102.43,103.53 1 1
mcpyeahyouknowme/sources/gsuite/app_gmail.go:103.53,105.4 1 0
mcpyeahyouknowme/sources/gsuite/app_gmail.go:107.2,107.44 1 1
mcpyeahyouknowme/sources/gsuite/app_gmail.go:107.44,108.52 1 1
mcpyeahyouknowme/sources/gsuite/app_gmail.go:108.52,110.4 1 0
mcpyeahyouknowme/sources/gsuite/app_gmail.go:112.2,112.49 1 1
mcpyeahyouknowme/sources/gsuite/app_gmail.go:116.40,122.16 5 0
mcpyeahyouknowme/sources/gsuite/app_gmail.go:122.16,124.3 1 0
mcpyeahyouknowme/sources/gsuite/app_gmail.go:127.2,130.6 4 0
mcpyeahyouknowme/sources/gsuite/app_gmail.go:130.6,132.22 2 0
mcpyeahyouknowme/sources/gsuite/app_gmail.go:132.22,134.4 1 0
mcpyeahyouknowme/sources/gsuite/app_gmail.go:135.3,136.17 2 0
mcpyeahyouknowme/sources/gsuite/app_gmail.go:136.17,138.4 1 0
mcpyeahyouknowme/sources/gsuite/app_gmail.go:140.3,140.36 1 0
mcpyeahyouknowme/sources/gsuite/app_gmail.go:140.36,144.19 4 0
mcpyeahyouknowme/sources/gsuite/app_gmail.go:144.19,145.13 1 0
mcpyeahyouknowme/sources/gsuite/app_gmail.go:147.4,148.18 2 0
mcpyeahyouknowme/sources/gsuite/app_gmail.go:148.18,150.13 2 0
mcpyeahyouknowme/sources/gsuite/app_gmail.go:152.4,154.59 3 0
mcpyeahyouknowme/sources/gsuite/app_gmail.go:157.3,158.22 2 0
mcpyeahyouknowme/sources/gsuite/app_gmail.go:158.22,159.9 1 0
mcpyeahyouknowme/sources/gsuite/app_gmail.go:164.2,165.56 2 0
mcpyeahyouknowme/sources/gsuite/app_gmail.go:165.56,167.3 1 0
mcpyeahyouknowme/sources/gsuite/app_gmail.go:168.2,169.12 2 0
mcpyeahyouknowme/sources/gsuite/app_gmail.go:191.67,192.16 1 1
mcpyeahyouknowme/sources/gsuite/app_gmail.go:192.16,194.3 1 1
mcpyeahyouknowme/sources/gsuite/app_gmail.go:195.2,201.38 7 1
mcpyeahyouknowme/sources/gsuite/app_gmail.go:201.38,203.3 1 1
mcpyeahyouknowme/sources/gsuite/app_gmail.go:204.2,219.3 1 1
mcpyeahyouknowme/sources/gsuite/app_gmail.go:223.56,232.2 2 1
mcpyeahyouknowme/sources/gsuite/app_gmail.go:235.62,237.24 2 1
mcpyeahyouknowme/sources/gsuite/app_gmail.go:237.24,239.3 1 1
mcpyeahyouknowme/sources/gsuite/app_gmail.go:240.2,240.42 1 1
mcpyeahyouknowme/sources/gsuite/app_gmail.go:240.42,241.19 1 1
mcpyeahyouknowme/sources/gsuite/app_gmail.go:242.53,243.27 1 1
mcpyeahyouknowme/sources/gsuite/app_gmail.go:246.2,246.10 1 1
mcpyeahyouknowme/sources/gsuite/app_gmail.go:250.58,251.20 1 1
mcpyeahyouknowme/sources/gsuite/app_gmail.go:251.20,253.3 1 1
mcpyeahyouknowme/sources/gsuite/app_gmail.go:255.2,255.88 1 1
mcpyeahyouknowme/sources/gsuite/app_gmail.go:255.88,257.17 2 1
mcpyeahyouknowme/sources/gsuite/app_gmail.go:257.17,259.4 1 1
mcpyeahyouknowme/sources/gsuite/app_gmail.go:262.2,262.37 1 1
mcpyeahyouknowme/sources/gsuite/app_gmail.go:262.37,263.80 1 1
mcpyeahyouknowme/sources/gsuite/app_gmail.go:263.80,265.18 2 1
mcpyeahyouknowme/sources/gsuite/app_gmail.go:265.18,267.5 1 1
mcpyeahyouknowme/sources/gsuite/app_gmail.go:271.2,271.87 1 1
mcpyeahyouknowme/sources/gsuite/app_gmail.go:271.87,273.17 2 1
mcpyeahyouknowme/sources/gsuite/app_gmail.go:273.17,275.4 1 1
mcpyeahyouknowme/sources/gsuite/app_gmail.go:277.2,277.37 1 1
mcpyeahyouknowme/sources/gsuite/app_gmail.go:277.37,278.79 1 1
mcpyeahyouknowme/sources/gsuite/app_gmail.go:278.79,280.18 2 1
mcpyeahyouknowme/sources/gsuite/app_gmail.go:280.18,282.5 1 1
mcpyeahyouknowme/sources/gsuite/app_gmail.go:285.3,286.19 2 1
mcpyeahyouknowme/sources/gsuite/app_gmail.go:286.19,288.4 1 1
mcpyeahyouknowme/sources/gsuite/app_gmail.go:290.2,290.11 1 1
mcpyeahyouknowme/sources/gsuite/app_gmail.go:301.43,305.22 4 1
mcpyeahyouknowme/sources/gsuite/app_gmail.go:305.22,307.3 1 1
mcpyeahyouknowme/sources/gsuite/app_gmail.go:308.2,309.46 2 1
mcpyeahyouknowme/sources/gsuite/app_gmail.go:309.46,311.3 1 1
mcpyeahyouknowme/sources/gsuite/app_gmail.go:312.2,312.16 1 1
mcpyeahyouknowme/sources/gsuite/app_gmail.go:316.49,319.29 3 1
mcpyeahyouknowme/sources/gsuite/app_gmail.go:319.29,321.20 2 1
mcpyeahyouknowme/sources/gsuite/app_gmail.go:321.20,322.12 1 1
mcpyeahyouknowme/sources/gsuite/app_gmail.go:324.3,324.70 1 1
mcpyeahyouknowme/sources/gsuite/app_gmail.go:324.70,326.9 2 1
mcpyeahyouknowme/sources/gsuite/app_gmail.go:328.3,328.69 1 1
mcpyeahyouknowme/sources/gsuite/app_gmail.go:328.69,330.9 2 1
mcpyeahyouknowme/sources/gsuite/app_gmail.go:333.2,335.53 3 1
mcpyeahyouknowme/sources/gsuite/app_gmail.go:339.46,341.2 1 1
mcpyeahyouknowme/sources/gsuite/app_gmail.go:344.58,346.53 2 1
mcpyeahyouknowme/sources/gsuite/app_gmail.go:346.53,348.20 2 1
mcpyeahyouknowme/sources/gsuite/app_gmail.go:348.20,349.19 1 1
mcpyeahyouknowme/sources/gsuite/app_gmail.go:349.19,350.10 1 1
mcpyeahyouknowme/sources/gsuite/app_gmail.go:352.4,352.12 1 1
mcpyeahyouknowme/sources/gsuite/app_gmail.go:354.3,354.40 1 1
mcpyeahyouknowme/sources/gsuite/app_gmail.go:354.40,356.12 2 1
mcpyeahyouknowme/sources/gsuite/app_gmail.go:358.3,358.8 1 1
mcpyeahyouknowme/sources/gsuite/app_gmail.go:360.2,360.21 1 1
mcpyeahyouknowme/sources/gsuite/app_gmail.go:364.46,365.29 1 1
mcpyeahyouknowme/sources/gsuite/app_gmail.go:365.29,367.56 2 1
mcpyeahyouknowme/sources/gsuite/app_gmail.go:367.56,369.4 1 1
mcpyeahyouknowme/sources/gsuite/app_gmail.go:371.2,371.14 1 1
mcpyeahyouknowme/sources/gsuite/app_gmail.go:375.55,378.13 3 1
mcpyeahyouknowme/sources/gsuite/app_gmail.go:378.13,380.10 2 1
mcpyeahyouknowme/sources/gsuite/app_gmail.go:381.22,382.7 1 1
mcpyeahyouknowme/sources/gsuite/app_gmail.go:383.40,385.7 2 1
mcpyeahyouknowme/sources/gsuite/app_gmail.go:386.11,387.52 1 1
mcpyeahyouknowme/sources/gsuite/app_gmail.go:387.52,389.5 1 1
mcpyeahyouknowme/sources/gsuite/app_gmail.go:390.4,390.40 1 1
mcpyeahyouknowme/sources/gsuite/app_gmail.go:393.2,393.15 1 1
mcpyeahyouknowme/sources/gsuite/app_gmail.go:393.15,395.3 1 1
mcpyeahyouknowme/sources/gsuite/app_gmail.go:396.2,396.38 1 1
mcpyeahyouknowme/sources/gsuite/app_gmail.go:400.54,402.55 2 1
mcpyeahyouknowme/sources/gsuite/app_gmail.go:402.55,404.3 1 1
mcpyeahyouknowme/sources/gsuite/app_gmail.go:405.2,405.20 1 1
mcpyeahyouknowme/sources/gsuite/app_gmail.go:409.59,411.20 2 1
mcpyeahyouknowme/sources/gsuite/app_gmail.go:411.20,413.3 1 1
mcpyeahyouknowme/sources/gsuite/app_gmail.go:414.2,415.46 2 1
mcpyeahyouknowme/sources/gsuite/app_gmail.go:415.46,417.3 1 1
mcpyeahyouknowme/sources/gsuite/app_gmail.go:418.2,418.50 1 1
mcpyeahyouknowme/sources/gsuite/app_gmail.go:418.50,420.3 1 1
mcpyeahyouknowme/sources/gsuite/app_gmail.go:421.2,421.53 1 1
mcpyeahyouknowme/sources/gsuite/app_gmail.go:425.52,428.15 3 1
mcpyeahyouknowme/sources/gsuite/app_gmail.go:428.15,430.3 1 1
mcpyeahyouknowme/sources/gsuite/app_gmail.go:431.2,431.19 1 1
mcpyeahyouknowme/sources/gsuite/app_gmail.go:431.19,433.3 1 1
mcpyeahyouknowme/sources/gsuite/app_gmail.go:434.2,434.42 1 1
mcpyeahyouknowme/sources/gsuite/app_gmail.go:434.42,436.3 1 1
mcpyeahyouknowme/sources/gsuite/app_gmail.go:437.2,437.54 1 1
mcpyeahyouknowme/sources/gsuite/app_gmail.go:441.33,444.22 3 1
mcpyeahyouknowme/sources/gsuite/app_gmail.go:444.22,445.15 1 1
mcpyeahyouknowme/sources/gsuite/app_gmail.go:445.15,447.12 2 1
mcpyeahyouknowme/sources/gsuite/app_gmail.go:449.3,449.15 1 1
mcpyeahyouknowme/sources/gsuite/app_gmail.go:449.15,451.12 2 1
mcpyeahyouknowme/sources/gsuite/app_gmail.go:453.3,453.13 1 1
mcpyeahyouknowme/sources/gsuite/app_gmail.go:453.13,455.4 1 1
mcpyeahyouknowme/sources/gsuite/app_gmail.go:457.2,457.19 1 1
mcpyeahyouknowme/sources/gsuite/app_gmail.go:461.59,462.20 1 1
mcpyeahyouknowme/sources/gsuite/app_gmail.go:462.20,464.3 1 1
mcpyeahyouknowme/sources/gsuite/app_gmail.go:465.2,465.37 1 1
mcpyeahyouknowme/sources/gsuite/app_gmail.go:465.37,466.78 1 1
mcpyeahyouknowme/sources/gsuite/app_gmail.go:466.78,468.4 1 1
mcpyeahyouknowme/sources/gsuite/app_gmail.go:469.3,469.32 1 1
mcpyeahyouknowme/sources/gsuite/app_gmail.go:469.32,471.4 1 1
mcpyeahyouknowme/sources/gsuite/app_gmail.go:473.2,473.14 1 1
mcpyeahyouknowme/sources/gsuite/app_gmail.go:482.46,485.29 3 1
mcpyeahyouknowme/sources/gsuite/app_gmail.go:485.29,487.3 1 1
mcpyeahyouknowme/sources/gsuite/app_gmail.go:488.2,488.29 1 1
mcpyeahyouknowme/sources/gsuite/app_gmail.go:488.29,489.18 1 1
mcpyeahyouknowme/sources/gsuite/app_gmail.go:489.18,491.4 1 1
mcpyeahyouknowme/sources/gsuite/app_gmail.go:494.2,494.29 1 1
mcpyeahyouknowme/sources/gsuite/app_gmail.go:494.29,495.21 1 1
mcpyeahyouknowme/sources/gsuite/app_gmail.go:495.21,497.4 1 1
mcpyeahyouknowme/sources/gsuite/app_gmail.go:499.2,499.18 1 1
mcpyeahyouknowme/sources/gsuite/app_gmail.go:503.66,508.85 1 1
mcpyeahyouknowme/sources/gsuite/app_gmail.go:508.85,510.3 1 1
mcpyeahyouknowme/sources/gsuite/app_gmail.go:511.2,514.85 1 1
mcpyeahyouknowme/sources/gsuite/app_gmail.go:514.85,516.3 1 1
mcpyeahyouknowme/sources/gsuite/app_gmail.go:517.2,520.85 1 1
mcpyeahyouknowme/sources/gsuite/app_gmail.go:520.85,522.3 1 1
mcpyeahyouknowme/sources/gsuite/app_gmail.go:523.2,527.85 1 1
mcpyeahyouknowme/sources/gsuite/app_gmail.go:527.85,529.3 1 1
mcpyeahyouknowme/sources/gsuite/app_gmail.go:530.2,534.85 1 1
mcpyeahyouknowme/sources/gsuite/app_gmail.go:534.85,536.3 1 0
mcpyeahyouknowme/sources/gsuite/app_gmail.go:540.110,542.22 2 1
mcpyeahyouknowme/sources/gsuite/app_gmail.go:542.22,544.3 1 1
mcpyeahyouknowme/sources/gsuite/app_gmail.go:545.2,546.19 2 1
mcpyeahyouknowme/sources/gsuite/app_gmail.go:546.19,548.3 1 1
mcpyeahyouknowme/sources/gsuite/app_gmail.go:549.2,555.16 2 1
mcpyeahyouknowme/sources/gsuite/app_gmail.go:555.16,557.3 1 0
mcpyeahyouknowme/sources/gsuite/app_gmail.go:558.2,560.18 3 1
mcpyeahyouknowme/sources/gsuite/app_gmail.go:560.18,564.126 4 1
mcpyeahyouknowme/sources/gsuite/app_gmail.go:564.126,565.12 1 0
mcpyeahyouknowme/sources/gsuite/app_gmail.go:567.3,571.5 1 1
mcpyeahyouknowme/sources/gsuite/app_gmail.go:573.2,573.107 1 1
mcpyeahyouknowme/sources/gsuite/app_gmail.go:577.114,579.22 2 1
mcpyeahyouknowme/sources/gsuite/app_gmail.go:579.22,581.3 1 1
mcpyeahyouknowme/sources/gsuite/app_gmail.go:582.2,582.19 1 1
mcpyeahyouknowme/sources/gsuite/app_gmail.go:582.19,584.3 1 1
mcpyeahyouknowme/sources/gsuite/app_gmail.go:585.2,591.26 4 1
mcpyeahyouknowme/sources/gsuite/app_gmail.go:591.26,593.3 1 1
mcpyeahyouknowme/sources/gsuite/app_gmail.go:594.2,594.16 1 1
mcpyeahyouknowme/sources/gsuite/app_gmail.go:594.16,596.3 1 0
mcpyeahyouknowme/sources/gsuite/app_gmail.go:597.2,601.4 1 1
mcpyeahyouknowme/sources/gsuite/app_gmail.go:605.113,607.22 2 1
mcpyeahyouknowme/sources/gsuite/app_gmail.go:607.22,609.3 1 1
mcpyeahyouknowme/sources/gsuite/app_gmail.go:610.2,610.19 1 1
mcpyeahyouknowme/sources/gsuite/app_gmail.go:610.19,612.3 1 1
mcpyeahyouknowme/sources/gsuite/app_gmail.go:613.2,614.16 2 1
mcpyeahyouknowme/sources/gsuite/app_gmail.go:614.16,616.3 1 0
mcpyeahyouknowme/sources/gsuite/app_gmail.go:617.2,617.24 1 1
mcpyeahyouknowme/sources/gsuite/app_gmail.go:617.24,619.3 1 1
mcpyeahyouknowme/sources/gsuite/app_gmail.go:620.2,621.16 2 1
mcpyeahyouknowme/sources/gsuite/app_gmail.go:621.16,623.3 1 0
mcpyeahyouknowme/sources/gsuite/app_gmail.go:624.2,624.25 1 1
mcpyeahyouknowme/sources/gsuite/app_gmail.go:624.25,626.3 1 1
mcpyeahyouknowme/sources/gsuite/app_gmail.go:627.2,628.31 2 1
mcpyeahyouknowme/sources/gsuite/app_gmail.go:628.31,642.3 2 1
mcpyeahyouknowme/sources/gsuite/app_gmail.go:643.2,651.4 1 1
mcpyeahyouknowme/sources/gsuite/app_gmail.go:655.114,658.19 3 1
mcpyeahyouknowme/sources/gsuite/app_gmail.go:658.19,660.3 1 1
mcpyeahyouknowme/sources/gsuite/app_gmail.go:661.2,663.18 3 1
mcpyeahyouknowme/sources/gsuite/app_gmail.go:663.18,666.3 1 1
mcpyeahyouknowme/sources/gsuite/app_gmail.go:666.8,669.3 1 1
mcpyeahyouknowme/sources/gsuite/app_gmail.go:670.2,670.16 1 1
mcpyeahyouknowme/sources/gsuite/app_gmail.go:670.16,672.3 1 0
mcpyeahyouknowme/sources/gsuite/app_gmail.go:673.2,675.18 3 1
mcpyeahyouknowme/sources/gsuite/app_gmail.go:675.18,678.109 3 1
mcpyeahyouknowme/sources/gsuite/app_gmail.go:678.109,679.12 1 0
mcpyeahyouknowme/sources/gsuite/app_gmail.go:681.3,685.5 1 1
mcpyeahyouknowme/sources/gsuite/app_gmail.go:687.2,687.92 1 1
mcpyeahyouknowme/sources/gsuite/app_gmail.go:692.124,694.22 2 0
mcpyeahyouknowme/sources/gsuite/app_gmail.go:694.22,696.3 1 0
mcpyeahyouknowme/sources/gsuite/app_gmail.go:697.2,698.22 2 0
mcpyeahyouknowme/sources/gsuite/app_gmail.go:698.22,700.3 1 0
mcpyeahyouknowme/sources/gsuite/app_gmail.go:701.2,701.28 1 0
mcpyeahyouknowme/sources/gsuite/app_gmail.go:701.28,703.3 1 0
mcpyeahyouknowme/sources/gsuite/app_gmail.go:704.2,707.16 4 0
mcpyeahyouknowme/sources/gsuite/app_gmail.go:707.16,709.3 1 0
mcpyeahyouknowme/sources/gsuite/app_gmail.go:710.2,711.16 2 0
mcpyeahyouknowme/sources/gsuite/app_gmail.go:711.16,713.3 1 0
mcpyeahyouknowme/sources/gsuite/app_gmail.go:714.2,719.4 1 0
mcpyeahyouknowme/sources/gsuite/app_gmail.go:733.137,742.27 3 1
mcpyeahyouknowme/sources/gsuite/app_gmail.go:742.27,747.3 1 1
mcpyeahyouknowme/sources/gsuite/app_gmail.go:748.2,748.32 1 1
mcpyeahyouknowme/sources/gsuite/app_gmail.go:748.32,753.3 1 1
mcpyeahyouknowme/sources/gsuite/app_gmail.go:754.2,755.31 2 1
mcpyeahyouknowme/sources/gsuite/app_gmail.go:755.31,774.3 2 1
mcpyeahyouknowme/sources/gsuite/app_gmail.go:775.2,775.16 1 1
mcpyeahyouknowme/sources/gsuite/app_gmail.go:779.84,782.16 2 1
mcpyeahyouknowme/sources/gsuite/app_gmail.go:782.16,784.3 1 0
mcpyeahyouknowme/sources/gsuite/app_gmail.go:785.2,786.24 2 1
mcpyeahyouknowme/sources/gsuite/app_gmail.go:786.24,788.163 2 1
mcpyeahyouknowme/sources/gsuite/app_gmail.go:788.163,789.12 1 0
mcpyeahyouknowme/sources/gsuite/app_gmail.go:791.3,791.41 1 1
mcpyeahyouknowme/sources/gsuite/app_gmail.go:793.2,794.41 2 1
mcpyeahyouknowme/sources/gsuite/app_gmail.go:794.41,796.3 1 0
mcpyeahyouknowme/sources/gsuite/app_gmail.go:797.2,798.36 2 1
mcpyeahyouknowme/sources/gsuite/app_gmail.go:798.36,800.17 2 1
mcpyeahyouknowme/sources/gsuite/app_gmail.go:800.17,801.12 1 0
mcpyeahyouknowme/sources/gsuite/app_gmail.go:803.3,803.91 1 1
mcpyeahyouknowme/sources/gsuite/app_gmail.go:805.2,805.21 1 1
mcpyeahyouknowme/sources/gsuite/app_gmail.go:842.90,844.16 2 1
mcpyeahyouknowme/sources/gsuite/app_gmail.go:844.16,846.3 1 0
mcpyeahyouknowme/sources/gsuite/app_gmail.go:847.2,847.12 1 1
mcpyeahyouknowme/sources/gsuite/app_gmail.go:847.12,849.3 1 1
mcpyeahyouknowme/sources/gsuite/app_gmail.go:850.2,851.24 2 1
mcpyeahyouknowme/sources/gsuite/app_gmail.go:855.45,857.87 2 1
mcpyeahyouknowme/sources/gsuite/app_gmail.go:857.87,859.3 1 0
mcpyeahyouknowme/sources/gsuite/app_gmail.go:860.2,860.18 1 1
mcpyeahyouknowme/sources/gsuite/app_gmail.go:864.44,868.2 3 1
mcpyeahyouknowme/sources/gsuite/app_gmail.go:871.73,873.16 2 1
mcpyeahyouknowme/sources/gsuite/app_gmail.go:873.16,875.3 1 0
mcpyeahyouknowme/sources/gsuite/app_gmail.go:876.2,877.18 2 1
mcpyeahyouknowme/sources/gsuite/app_gmail.go:877.18,883.80 6 1
mcpyeahyouknowme/sources/gsuite/app_gmail.go:883.80,885.4 1 0
mcpyeahyouknowme/sources/gsuite/app_gmail.go:886.3,886.21 1 1
mcpyeahyouknowme/sources/gsuite/app_gmail.go:886.21,888.4 1 1
mcpyeahyouknowme/sources/gsuite/app_gmail.go:890.2,890.26 1 1
mcpyeahyouknowme/sources/gsuite/app_gmail.go:894.59,896.16 2 1
mcpyeahyouknowme/sources/gsuite/app_gmail.go:896.16,898.3 1 0
mcpyeahyouknowme/sources/gsuite/app_gmail.go:899.2,900.16 2 1
mcpyeahyouknowme/sources/gsuite/app_gmail.go:900.16,902.3 1 0
mcpyeahyouknowme/sources/gsuite/app_gmail.go:903.2,903.9 1 1
mcpyeahyouknowme/sources/gsuite/app_gmail.go:904.33,905.125 1 0
mcpyeahyouknowme/sources/gsuite/app_gmail.go:906.18,907.118 1 0
mcpyeahyouknowme/sources/gsuite/app_gmail.go:908.19,909.119 1 1
mcpyeahyouknowme/sources/gsuite/app_gmail.go:910.10,911.20 1 1
mcpyeahyouknowme/sources/gsuite/app_gmail.go:916.90,918.16 2 1
mcpyeahyouknowme/sources/gsuite/app_gmail.go:918.16,920.3 1 0
mcpyeahyouknowme/sources/gsuite/app_gmail.go:921.2,927.18 4 1
mcpyeahyouknowme/sources/gsuite/app_gmail.go:927.18,929.75 2 1
mcpyeahyouknowme/sources/gsuite/app_gmail.go:929.75,931.4 1 0
mcpyeahyouknowme/sources/gsuite/app_gmail.go:932.3,932.43 1 1
mcpyeahyouknowme/sources/gsuite/app_gmail.go:932.43,933.12 1 0
mcpyeahyouknowme/sources/gsuite/app_gmail.go:935.3,936.23 2 1
mcpyeahyouknowme/sources/gsuite/app_gmail.go:936.23,938.4 1 1
mcpyeahyouknowme/sources/gsuite/app_gmail.go:939.3,939.42 1 1
mcpyeahyouknowme/sources/gsuite/app_gmail.go:939.42,940.12 1 0
mcpyeahyouknowme/sources/gsuite/app_gmail.go:942.3,945.5 1 1
mcpyeahyouknowme/sources/gsuite/app_gmail.go:947.2,947.35 1 1
mcpyeahyouknowme/sources/gsuite/app_gmail.go:947.35,949.3 1 0
mcpyeahyouknowme/sources/gsuite/app_gmail.go:950.2,950.33 1 1
mcpyeahyouknowme/sources/gsuite/app_gmail.go:950.33,951.126 1 1
mcpyeahyouknowme/sources/gsuite/app_gmail.go:951.126,953.4 1 0
mcpyeahyouknowme/sources/gsuite/app_gmail.go:955.2,955.30 1 1
mcpyeahyouknowme/sources/gsuite/app_gmail.go:959.83,961.16 2 1
mcpyeahyouknowme/sources/gsuite/app_gmail.go:961.16,963.3 1 0
mcpyeahyouknowme/sources/gsuite/app_gmail.go:964.2,964.13 1 1
mcpyeahyouknowme/sources/gsuite/app_gmail.go:964.13,966.3 1 1
mcpyeahyouknowme/sources/gsuite/app_gmail.go:967.2,968.24 2 1
mcpyeahyouknowme/sources/gsuite/app_gmail.go:972.67,973.19 1 1
mcpyeahyouknowme/sources/gsuite/app_gmail.go:973.19,975.3 1 1
mcpyeahyouknowme/sources/gsuite/app_gmail.go:976.2,977.12 2 1
mcpyeahyouknowme/sources/gsuite/app_gmail.go:981.48,1006.16 2 1
mcpyeahyouknowme/sources/gsuite/app_gmail.go:1006.16,1008.3 1 0
mcpyeahyouknowme/sources/gsuite/app_gmail.go:1009.2,1010.12 2 1
mcpyeahyouknowme/sources/gsuite/app_gmail.go:1014.47,1016.16 2 1
mcpyeahyouknowme/sources/gsuite/app_gmail.go:1016.16,1018.3 1 0
mcpyeahyouknowme/sources/gsuite/app_gmail.go:1019.2,1020.64 2 1
mcpyeahyouknowme/sources/gsuite/app_gmail.go:1020.64,1022.3 1 0
mcpyeahyouknowme/sources/gsuite/app_gmail.go:1023.2,1023.33 1 1
mcpyeahyouknowme/sources/gsuite/app_gmail.go:1023.33,1028.51 1 1
mcpyeahyouknowme/sources/gsuite/app_gmail.go:1028.51,1030.4 1 0
mcpyeahyouknowme/sources/gsuite/app_gmail.go:1032.2,1032.12 1 1
mcpyeahyouknowme/sources/gsuite/app_gmail.go:1036.69,1040.16 2 1
mcpyeahyouknowme/sources/gsuite/app_gmail.go:1040.16,1042.3 1 0
mcpyeahyouknowme/sources/gsuite/app_gmail.go:1043.2,1044.32 2 1
mcpyeahyouknowme/sources/gsuite/app_gmail.go:1048.91,1052.16 2 1
mcpyeahyouknowme/sources/gsuite/app_gmail.go:1052.16,1054.3 1 0
mcpyeahyouknowme/sources/gsuite/app_gmail.go:1055.2,1056.32 2 1
mcpyeahyouknowme/sources/gsuite/app_gmail.go:1060.70,1062.18 2 1
mcpyeahyouknowme/sources/gsuite/app_gmail.go:1062.18,1066.88 3 1
mcpyeahyouknowme/sources/gsuite/app_gmail.go:1066.88,1068.4 1 0
mcpyeahyouknowme/sources/gsuite/app_gmail.go:1069.3,1070.35 2 1
mcpyeahyouknowme/sources/gsuite/app_gmail.go:1072.2,1072.35 1 1
mcpyeahyouknowme/sources/gsuite/app_gmail.go:1072.35,1074.3 1 0
mcpyeahyouknowme/sources/gsuite/app_gmail.go:1075.2,1075.43 1 1
mcpyeahyouknowme/sources/gsuite/app_gmail.go:1075.43,1077.3 1 1
mcpyeahyouknowme/sources/gsuite/app_gmail.go:1078.2,1078.22 1 1
mcpyeahyouknowme/sources/gsuite/app_gmail.go:1082.53,1085.9 3 1
mcpyeahyouknowme/sources/gsuite/app_gmail.go:1086.53,1087.23 1 1
mcpyeahyouknowme/sources/gsuite/app_gmail.go:1088.35,1089.14 1 1
mcpyeahyouknowme/sources/gsuite/app_gmail.go:1090.35,1091.15 1 1
mcpyeahyouknowme/sources/gsuite/app_gmail.go:1092.24,1093.25 1 1
mcpyeahyouknowme/sources/gsuite/app_gmail.go:1094.10,1095.21 1 1
mcpyeahyouknowme/sources/gsuite/app_gmail.go:1100.52,1101.17 1 1
mcpyeahyouknowme/sources/gsuite/app_gmail.go:1101.17,1103.3 1 1
mcpyeahyouknowme/sources/gsuite/app_gmail.go:1104.2,1104.49 1 1
mcpyeahyouknowme/sources/gsuite/app_gmail.go:1104.49,1106.3 1 1
mcpyeahyouknowme/sources/gsuite/app_gmail.go:1107.2,1107.59 1 1
mcpyeahyouknowme/sources/gsuite/app_gmail.go:1107.59,1109.3 1 1
mcpyeahyouknowme/sources/gsuite/app_gmail.go:1110.2,1110.20 1 1
mcpyeahyouknowme/sources/gsuite/app_gmail.go:1114.81,1116.31 2 1
mcpyeahyouknowme/sources/gsuite/app_gmail.go:1116.31,1117.25 1 1
mcpyeahyouknowme/sources/gsuite/app_gmail.go:1117.25,1118.12 1 1
mcpyeahyouknowme/sources/gsuite/app_gmail.go:1120.3,1120.61 1 1
mcpyeahyouknowme/sources/gsuite/app_gmail.go:1122.2,1123.32 2 1
mcpyeahyouknowme/sources/gsuite/app_gmail.go:1123.32,1125.3 1 1
mcpyeahyouknowme/sources/gsuite/app_gmail.go:1126.2,1128.37 3 1
mcpyeahyouknowme/sources/gsuite/app_gmail.go:1128.37,1130.3 1 1
mcpyeahyouknowme/sources/gsuite/app_gmail.go:1131.2,1131.16 1 1
mcpyeahyouknowme/sources/gsuite/app_gmail.go:1135.73,1136.24 1 1
mcpyeahyouknowme/sources/gsuite/app_gmail.go:1136.24,1138.3 1 1
mcpyeahyouknowme/sources/gsuite/app_gmail.go:1139.2,1139.43 1 1
mcpyeahyouknowme/sources/gsuite/app_gmail.go:1139.43,1141.3 1 1
mcpyeahyouknowme/sources/gsuite/app_gmail.go:1142.2,1143.42 2 1
mcpyeahyouknowme/sources/gsuite/app_gmail.go:1143.42,1144.51 1 1
mcpyeahyouknowme/sources/gsuite/app_gmail.go:1144.51,1146.9 2 1
mcpyeahyouknowme/sources/gsuite/app_gmail.go:1149.2,1158.3 3 1
mcpyeahyouknowme/sources/gsuite/app_gmail.go:1162.61,1165.38 3 1
mcpyeahyouknowme/sources/gsuite/app_gmail.go:1165.38,1166.48 1 1
mcpyeahyouknowme/sources/gsuite/app_gmail.go:1166.48,1168.32 2 1
mcpyeahyouknowme/sources/gsuite/app_gmail.go:1168.32,1169.13 1 1
mcpyeahyouknowme/sources/gsuite/app_gmail.go:1171.4,1172.35 2 1
mcpyeahyouknowme/sources/gsuite/app_gmail.go:1175.2,1175.31 1 1
mcpyeahyouknowme/sources/gsuite/app_gmail.go:1175.31,1180.3 4 1
mcpyeahyouknowme/sources/gsuite/app_gmail.go:1181.2,1181.36 1 1
mcpyeahyouknowme/sources/gsuite/app_gmail.go:1185.82,1191.26 3 1
mcpyeahyouknowme/sources/gsuite/app_gmail.go:1191.26,1193.3 1 1
mcpyeahyouknowme/sources/gsuite/app_gmail.go:1194.2,1194.20 1 1
mcpyeahyouknowme/sources/gsuite/app_gmail.go:1198.109,1210.18 8 1
mcpyeahyouknowme/sources/gsuite/app_gmail.go:1210.18,1211.18 1 1
mcpyeahyouknowme/sources/gsuite/app_gmail.go:1211.18,1213.4 1 1
mcpyeahyouknowme/sources/gsuite/app_gmail.go:1214.3,1224.21 5 1
mcpyeahyouknowme/sources/gsuite/app_gmail.go:1227.2,1227.61 1 1
mcpyeahyouknowme/sources/gsuite/app_gmail.go:1227.61,1235.3 7 1
mcpyeahyouknowme/sources/gsuite/app_gmail.go:1237.2,1237.31 1 1
mcpyeahyouknowme/sources/gsuite/app_gmail.go:1237.31,1239.18 2 1
mcpyeahyouknowme/sources/gsuite/app_gmail.go:1239.18,1240.12 1 1
mcpyeahyouknowme/sources/gsuite/app_gmail.go:1242.3,1242.39 1 1
mcpyeahyouknowme/sources/gsuite/app_gmail.go:1242.39,1244.74 2 1
mcpyeahyouknowme/sources/gsuite/app_gmail.go:1244.74,1247.5 2 1
mcpyeahyouknowme/sources/gsuite/app_gmail.go:1248.4,1248.12 1 1
mcpyeahyouknowme/sources/gsuite/app_gmail.go:1250.3,1250.18 1 1
mcpyeahyouknowme/sources/gsuite/app_gmail.go:1250.18,1252.12 2 1
mcpyeahyouknowme/sources/gsuite/app_gmail.go:1254.3,1254.43 1 1
mcpyeahyouknowme/sources/gsuite/app_gmail.go:1254.43,1257.12 3 1
mcpyeahyouknowme/sources/gsuite/app_gmail.go:1259.3,1263.26 5 1
mcpyeahyouknowme/sources/gsuite/app_gmail.go:1265.2,1266.15 2 1
mcpyeahyouknowme/sources/gsuite/app_gmail.go:1270.67,1272.19 2 1
mcpyeahyouknowme/sources/gsuite/app_gmail.go:1272.19,1276.3 3 1
mcpyeahyouknowme/sources/gsuite/app_gmail.go:1277.2,1277.24 1 1
mcpyeahyouknowme/sources/gsuite/app_gmail.go:1277.24,1281.3 3 1
mcpyeahyouknowme/sources/gsuite/app_gmail.go:1282.2,1282.17 1 1
mcpyeahyouknowme/sources/gsuite/app_gmail.go:1282.17,1284.3 1 1
mcpyeahyouknowme/sources/gsuite/app_gmail.go:1285.2,1285.19 1 1
mcpyeahyouknowme/sources/gsuite/app_gmail.go:1289.65,1291.16 2 1
mcpyeahyouknowme/sources/gsuite/app_gmail.go:1291.16,1293.3 1 1
mcpyeahyouknowme/sources/gsuite/app_gmail.go:1294.2,1296.21 3 1
mcpyeahyouknowme/sources/gsuite/app_gmail.go:1296.21,1298.3 1 1
mcpyeahyouknowme/sources/gsuite/app_gmail.go:1299.2,1300.18 2 1
mcpyeahyouknowme/sources/gsuite/app_gmail.go:1300.18,1302.3 1 1
mcpyeahyouknowme/sources/gsuite/app_gmail.go:1303.2,1309.19 7 1
mcpyeahyouknowme/sources/gsuite/app_gmail.go:1313.61,1314.39 1 1
mcpyeahyouknowme/sources/gsuite/app_gmail.go:1314.39,1316.3 1 1
mcpyeahyouknowme/sources/gsuite/app_gmail.go:1317.2,1319.29 3 1
mcpyeahyouknowme/sources/gsuite/app_gmail.go:1319.29,1321.19 2 1
mcpyeahyouknowme/sources/gsuite/app_gmail.go:1321.19,1323.4 1 1
mcpyeahyouknowme/sources/gsuite/app_gmail.go:1324.3,1325.53 2 1
mcpyeahyouknowme/sources/gsuite/app_gmail.go:1327.2,1327.21 1 1
mcpyeahyouknowme/sources/gsuite/app_gmail.go:1327.21,1329.3 1 1
mcpyeahyouknowme/sources/gsuite/app_gmail.go:1330.2,1330.14 1 1
mcpyeahyouknowme/sources/gsuite/app_sheets.go:24.47,24.95 1 0
mcpyeahyouknowme/sources/gsuite/app_sheets.go:29.41,43.16 2 1
mcpyeahyouknowme/sources/gsuite/app_sheets.go:43.16,45.3 1 0
mcpyeahyouknowme/sources/gsuite/app_sheets.go:46.2,64.16 2 1
mcpyeahyouknowme/sources/gsuite/app_sheets.go:64.16,66.3 1 0
mcpyeahyouknowme/sources/gsuite/app_sheets.go:67.2,68.12 2 1
mcpyeahyouknowme/sources/gsuite/app_sheets.go:72.41,78.16 5 0
mcpyeahyouknowme/sources/gsuite/app_sheets.go:78.16,80.3 1 0
mcpyeahyouknowme/sources/gsuite/app_sheets.go:81.2,82.16 2 0
mcpyeahyouknowme/sources/gsuite/app_sheets.go:82.16,84.3 1 0
mcpyeahyouknowme/sources/gsuite/app_sheets.go:86.2,89.6 4 0
mcpyeahyouknowme/sources/gsuite/app_sheets.go:89.6,94.22 2 0
mcpyeahyouknowme/sources/gsuite/app_sheets.go:94.22,96.4 1 0
mcpyeahyouknowme/sources/gsuite/app_sheets.go:97.3,98.17 2 0
mcpyeahyouknowme/sources/gsuite/app_sheets.go:98.17,100.4 1 0
mcpyeahyouknowme/sources/gsuite/app_sheets.go:101.3,101.34 1 0
mcpyeahyouknowme/sources/gsuite/app_sheets.go:101.34,105.37 4 0
mcpyeahyouknowme/sources/gsuite/app_sheets.go:105.37,106.13 1 0
mcpyeahyouknowme/sources/gsuite/app_sheets.go:108.4,109.18 2 0
mcpyeahyouknowme/sources/gsuite/app_sheets.go:109.18,111.13 2 0
mcpyeahyouknowme/sources/gsuite/app_sheets.go:113.4,120.59 4 0
mcpyeahyouknowme/sources/gsuite/app_sheets.go:122.3,123.22 2 0
mcpyeahyouknowme/sources/gsuite/app_sheets.go:123.22,124.9 1 0
mcpyeahyouknowme/sources/gsuite/app_sheets.go:127.2,129.12 3 0
mcpyeahyouknowme/sources/gsuite/app_sheets.go:144.97,145.17 1 1
mcpyeahyouknowme/sources/gsuite/app_sheets.go:145.17,147.3 1 1
mcpyeahyouknowme/sources/gsuite/app_sheets.go:148.2,156.15 2 1
mcpyeahyouknowme/sources/gsuite/app_sheets.go:156.15,159.3 2 1
mcpyeahyouknowme/sources/gsuite/app_sheets.go:160.2,160.15 1 1
mcpyeahyouknowme/sources/gsuite/app_sheets.go:164.60,166.34 2 1
mcpyeahyouknowme/sources/gsuite/app_sheets.go:166.34,167.12 1 1
mcpyeahyouknowme/sources/gsuite/app_sheets.go:167.12,169.4 1 1
mcpyeahyouknowme/sources/gsuite/app_sheets.go:170.3,173.24 4 1
mcpyeahyouknowme/sources/gsuite/app_sheets.go:173.24,174.12 1 1
mcpyeahyouknowme/sources/gsuite/app_sheets.go:176.3,176.39 1 1
mcpyeahyouknowme/sources/gsuite/app_sheets.go:176.39,177.41 1 1
mcpyeahyouknowme/sources/gsuite/app_sheets.go:177.41,179.37 2 1
mcpyeahyouknowme/sources/gsuite/app_sheets.go:179.37,181.6 1 1
mcpyeahyouknowme/sources/gsuite/app_sheets.go:182.5,183.24 2 1
mcpyeahyouknowme/sources/gsuite/app_sheets.go:187.2,187.19 1 1
mcpyeahyouknowme/sources/gsuite/app_sheets.go:191.67,196.85 1 1
mcpyeahyouknowme/sources/gsuite/app_sheets.go:196.85,198.3 1 1
mcpyeahyouknowme/sources/gsuite/app_sheets.go:199.2,202.85 1 1
mcpyeahyouknowme/sources/gsuite/app_sheets.go:202.85,204.3 1 1
mcpyeahyouknowme/sources/gsuite/app_sheets.go:205.2,208.85 1 1
mcpyeahyouknowme/sources/gsuite/app_sheets.go:208.85,210.3 1 1
mcpyeahyouknowme/sources/gsuite/app_sheets.go:214.111,216.22 2 1
mcpyeahyouknowme/sources/gsuite/app_sheets.go:216.22,218.3 1 1
mcpyeahyouknowme/sources/gsuite/app_sheets.go:219.2,220.19 2 1
mcpyeahyouknowme/sources/gsuite/app_sheets.go:220.19,222.3 1 1
mcpyeahyouknowme/sources/gsuite/app_sheets.go:223.2,229.16 2 1
mcpyeahyouknowme/sources/gsuite/app_sheets.go:229.16,231.3 1 0
mcpyeahyouknowme/sources/gsuite/app_sheets.go:232.2,234.18 3 1
mcpyeahyouknowme/sources/gsuite/app_sheets.go:234.18,237.110 3 1
mcpyeahyouknowme/sources/gsuite/app_sheets.go:237.110,238.12 1 0
mcpyeahyouknowme/sources/gsuite/app_sheets.go:240.3,243.5 1 1
mcpyeahyouknowme/sources/gsuite/app_sheets.go:245.2,245.107 1 1
mcpyeahyouknowme/sources/gsuite/app_sheets.go:249.119,251.22 2 1
mcpyeahyouknowme/sources/gsuite/app_sheets.go:251.22,253.3 1 1
mcpyeahyouknowme/sources/gsuite/app_sheets.go:254.2,254.19 1 1
mcpyeahyouknowme/sources/gsuite/app_sheets.go:254.19,256.3 1 1
mcpyeahyouknowme/sources/gsuite/app_sheets.go:257.2,261.26 4 1
mcpyeahyouknowme/sources/gsuite/app_sheets.go:261.26,263.3 1 1
mcpyeahyouknowme/sources/gsuite/app_sheets.go:264.2,264.16 1 1
mcpyeahyouknowme/sources/gsuite/app_sheets.go:264.16,266.3 1 0
mcpyeahyouknowme/sources/gsuite/app_sheets.go:267.2,270.4 1 1
mcpyeahyouknowme/sources/gsuite/app_sheets.go:274.115,276.19 2 1
mcpyeahyouknowme/sources/gsuite/app_sheets.go:276.19,278.3 1 1
mcpyeahyouknowme/sources/gsuite/app_sheets.go:279.2,281.16 2 1
mcpyeahyouknowme/sources/gsuite/app_sheets.go:281.16,283.3 1 0
mcpyeahyouknowme/sources/gsuite/app_sheets.go:284.2,286.18 3 1
mcpyeahyouknowme/sources/gsuite/app_sheets.go:286.18,289.100 3 1
mcpyeahyouknowme/sources/gsuite/app_sheets.go:289.100,290.12 1 0
mcpyeahyouknowme/sources/gsuite/app_sheets.go:292.3,295.5 1 1
mcpyeahyouknowme/sources/gsuite/app_sheets.go:297.2,297.96 1 1
mcpyeahyouknowme/sources/gsuite/app_sheets.go:301.85,303.16 2 1
mcpyeahyouknowme/sources/gsuite/app_sheets.go:303.16,305.3 1 0
mcpyeahyouknowme/sources/gsuite/app_sheets.go:306.2,308.18 3 1
mcpyeahyouknowme/sources/gsuite/app_sheets.go:308.18,310.77 2 1
mcpyeahyouknowme/sources/gsuite/app_sheets.go:310.77,311.12 1 0
mcpyeahyouknowme/sources/gsuite/app_sheets.go:313.3,314.90 1 1
mcpyeahyouknowme/sources/gsuite/app_sheets.go:316.2,316.21 1 1
mcpyeahyouknowme/sources/gsuite/app_slides.go:24.47,24.96 1 0
mcpyeahyouknowme/sources/gsuite/app_slides.go:29.41,43.16 2 1
mcpyeahyouknowme/sources/gsuite/app_slides.go:43.16,45.3 1 0
mcpyeahyouknowme/sources/gsuite/app_slides.go:46.2,66.16 2 1
mcpyeahyouknowme/sources/gsuite/app_slides.go:66.16,68.3 1 0
mcpyeahyouknowme/sources/gsuite/app_slides.go:69.2,70.12 2 1
mcpyeahyouknowme/sources/gsuite/app_slides.go:74.41,80.16 5 0
mcpyeahyouknowme/sources/gsuite/app_slides.go:80.16,82.3 1 0
mcpyeahyouknowme/sources/gsuite/app_slides.go:83.2,84.16 2 0
mcpyeahyouknowme/sources/gsuite/app_slides.go:84.16,86.3 1 0
mcpyeahyouknowme/sources/gsuite/app_slides.go:88.2,91.6 4 0
mcpyeahyouknowme/sources/gsuite/app_slides.go:91.6,96.22 2 0
mcpyeahyouknowme/sources/gsuite/app_slides.go:96.22,98.4 1 0
mcpyeahyouknowme/sources/gsuite/app_slides.go:99.3,100.17 2 0
mcpyeahyouknowme/sources/gsuite/app_slides.go:100.17,102.4 1 0
mcpyeahyouknowme/sources/gsuite/app_slides.go:103.3,103.34 1 0
mcpyeahyouknowme/sources/gsuite/app_slides.go:103.34,107.37 4 0
mcpyeahyouknowme/sources/gsuite/app_slides.go:107.37,108.13 1 0
mcpyeahyouknowme/sources/gsuite/app_slides.go:110.4,111.18 2 0
mcpyeahyouknowme/sources/gsuite/app_slides.go:111.18,113.13 2 0
mcpyeahyouknowme/sources/gsuite/app_slides.go:115.4,122.59 4 0
mcpyeahyouknowme/sources/gsuite/app_slides.go:124.3,125.22 2 0
mcpyeahyouknowme/sources/gsuite/app_slides.go:125.22,126.9 1 0
mcpyeahyouknowme/sources/gsuite/app_slides.go:129.2,131.12 3 0
mcpyeahyouknowme/sources/gsuite/app_slides.go:146.100,147.17 1 1
mcpyeahyouknowme/sources/gsuite/app_slides.go:147.17,149.3 1 1
mcpyeahyouknowme/sources/gsuite/app_slides.go:150.2,158.17 2 1
mcpyeahyouknowme/sources/gsuite/app_slides.go:158.17,161.3 2 1
mcpyeahyouknowme/sources/gsuite/app_slides.go:162.2,162.15 1 1
mcpyeahyouknowme/sources/gsuite/app_slides.go:166.64,168.36 2 1
mcpyeahyouknowme/sources/gsuite/app_slides.go:168.36,169.12 1 1
mcpyeahyouknowme/sources/gsuite/app_slides.go:169.12,171.4 1 1
mcpyeahyouknowme/sources/gsuite/app_slides.go:172.3,173.46 2 1
mcpyeahyouknowme/sources/gsuite/app_slides.go:173.46,174.57 1 1
mcpyeahyouknowme/sources/gsuite/app_slides.go:174.57,175.56 1 1
mcpyeahyouknowme/sources/gsuite/app_slides.go:175.56,176.27 1 1
mcpyeahyouknowme/sources/gsuite/app_slides.go:176.27,178.7 1 1
mcpyeahyouknowme/sources/gsuite/app_slides.go:183.2,183.19 1 1
mcpyeahyouknowme/sources/gsuite/app_slides.go:187.67,192.85 1 1
mcpyeahyouknowme/sources/gsuite/app_slides.go:192.85,194.3 1 1
mcpyeahyouknowme/sources/gsuite/app_slides.go:195.2,198.85 1 1
mcpyeahyouknowme/sources/gsuite/app_slides.go:198.85,200.3 1 1
mcpyeahyouknowme/sources/gsuite/app_slides.go:201.2,204.85 1 1
mcpyeahyouknowme/sources/gsuite/app_slides.go:204.85,206.3 1 1
mcpyeahyouknowme/sources/gsuite/app_slides.go:210.111,212.22 2 1
mcpyeahyouknowme/sources/gsuite/app_slides.go:212.22,214.3 1 1
mcpyeahyouknowme/sources/gsuite/app_slides.go:215.2,216.19 2 1
mcpyeahyouknowme/sources/gsuite/app_slides.go:216.19,218.3 1 1
mcpyeahyouknowme/sources/gsuite/app_slides.go:219.2,225.16 2 1
mcpyeahyouknowme/sources/gsuite/app_slides.go:225.16,227.3 1 0
mcpyeahyouknowme/sources/gsuite/app_slides.go:228.2,230.18 3 1
mcpyeahyouknowme/sources/gsuite/app_slides.go:230.18,233.110 3 1
mcpyeahyouknowme/sources/gsuite/app_slides.go:233.110,234.12 1 0
mcpyeahyouknowme/sources/gsuite/app_slides.go:236.3,239.5 1 1
mcpyeahyouknowme/sources/gsuite/app_slides.go:241.2,241.107 1 1
mcpyeahyouknowme/sources/gsuite/app_slides.go:245.120,247.22 2 1
mcpyeahyouknowme/sources/gsuite/app_slides.go:247.22,249.3 1 1
mcpyeahyouknowme/sources/gsuite/app_slides.go:250.2,250.19 1 1
mcpyeahyouknowme/sources/gsuite/app_slides.go:250.19,252.3 1 1
mcpyeahyouknowme/sources/gsuite/app_slides.go:253.2,257.26 4 1
mcpyeahyouknowme/sources/gsuite/app_slides.go:257.26,259.3 1 1
mcpyeahyouknowme/sources/gsuite/app_slides.go:260.2,260.16 1 1
mcpyeahyouknowme/sources/gsuite/app_slides.go:260.16,262.3 1 0
mcpyeahyouknowme/sources/gsuite/app_slides.go:263.2,266.4 1 1
mcpyeahyouknowme/sources/gsuite/app_slides.go:270.115,272.19 2 1
mcpyeahyouknowme/sources/gsuite/app_slides.go:272.19,274.3 1 1
mcpyeahyouknowme/sources/gsuite/app_slides.go:275.2,277.16 2 1
mcpyeahyouknowme/sources/gsuite/app_slides.go:277.16,279.3 1 0
mcpyeahyouknowme/sources/gsuite/app_slides.go:280.2,282.18 3 1
mcpyeahyouknowme/sources/gsuite/app_slides.go:282.18,285.100 3 1
mcpyeahyouknowme/sources/gsuite/app_slides.go:285.100,286.12 1 0
mcpyeahyouknowme/sources/gsuite/app_slides.go:288.3,291.5 1 1
mcpyeahyouknowme/sources/gsuite/app_slides.go:293.2,293.97 1 1
mcpyeahyouknowme/sources/gsuite/app_slides.go:297.85,299.16 2 1
mcpyeahyouknowme/sources/gsuite/app_slides.go:299.16,301.3 1 0
mcpyeahyouknowme/sources/gsuite/app_slides.go:302.2,304.18 3 1
mcpyeahyouknowme/sources/gsuite/app_slides.go:304.18,306.77 2 1
mcpyeahyouknowme/sources/gsuite/app_slides.go:306.77,307.12 1 0
mcpyeahyouknowme/sources/gsuite/app_slides.go:309.3,310.94 1 1
mcpyeahyouknowme/sources/gsuite/app_slides.go:312.2,312.21 1 1
mcpyeahyouknowme/sources/gsuite/app_tasks.go:23.47,23.87 1 0
mcpyeahyouknowme/sources/gsuite/app_tasks.go:28.40,41.16 2 1
mcpyeahyouknowme/sources/gsuite/app_tasks.go:41.16,43.3 1 0
mcpyeahyouknowme/sources/gsuite/app_tasks.go:44.2,45.84 2 1
mcpyeahyouknowme/sources/gsuite/app_tasks.go:45.84,46.86 1 1
mcpyeahyouknowme/sources/gsuite/app_tasks.go:46.86,48.4 1 0
mcpyeahyouknowme/sources/gsuite/app_tasks.go:48.9,48.21 1 1
mcpyeahyouknowme/sources/gsuite/app_tasks.go:48.21,50.4 1 0
mcpyeahyouknowme/sources/gsuite/app_tasks.go:52.2,72.16 2 1
mcpyeahyouknowme/sources/gsuite/app_tasks.go:72.16,74.3 1 0
mcpyeahyouknowme/sources/gsuite/app_tasks.go:75.2,76.49 2 1
mcpyeahyouknowme/sources/gsuite/app_tasks.go:80.40,86.16 5 0
mcpyeahyouknowme/sources/gsuite/app_tasks.go:86.16,88.3 1 0
mcpyeahyouknowme/sources/gsuite/app_tasks.go:90.2,91.16 2 0
mcpyeahyouknowme/sources/gsuite/app_tasks.go:91.16,93.3 1 0
mcpyeahyouknowme/sources/gsuite/app_tasks.go:95.2,97.33 3 0
mcpyeahyouknowme/sources/gsuite/app_tasks.go:97.33,99.7 2 0
mcpyeahyouknowme/sources/gsuite/app_tasks.go:99.7,101.23 2 0
mcpyeahyouknowme/sources/gsuite/app_tasks.go:101.23,103.5 1 0
mcpyeahyouknowme/sources/gsuite/app_tasks.go:104.4,105.18 2 0
mcpyeahyouknowme/sources/gsuite/app_tasks.go:105.18,107.10 2 0
mcpyeahyouknowme/sources/gsuite/app_tasks.go:109.4,109.40 1 0
mcpyeahyouknowme/sources/gsuite/app_tasks.go:109.40,114.39 5 0
mcpyeahyouknowme/sources/gsuite/app_tasks.go:114.39,115.14 1 0
mcpyeahyouknowme/sources/gsuite/app_tasks.go:117.5,122.19 2 0
mcpyeahyouknowme/sources/gsuite/app_tasks.go:124.4,125.23 2 0
mcpyeahyouknowme/sources/gsuite/app_tasks.go:125.23,126.10 1 0
mcpyeahyouknowme/sources/gsuite/app_tasks.go:130.2,132.12 3 0
mcpyeahyouknowme/sources/gsuite/app_tasks.go:146.77,148.17 2 1
mcpyeahyouknowme/sources/gsuite/app_tasks.go:148.17,150.3 1 1
mcpyeahyouknowme/sources/gsuite/app_tasks.go:151.2,157.21 7 1
mcpyeahyouknowme/sources/gsuite/app_tasks.go:157.21,159.3 1 1
mcpyeahyouknowme/sources/gsuite/app_tasks.go:160.2,160.15 1 1
mcpyeahyouknowme/sources/gsuite/app_tasks.go:164.66,169.85 1 1
mcpyeahyouknowme/sources/gsuite/app_tasks.go:169.85,171.3 1 1
mcpyeahyouknowme/sources/gsuite/app_tasks.go:172.2,176.85 1 1
mcpyeahyouknowme/sources/gsuite/app_tasks.go:176.85,178.3 1 1
mcpyeahyouknowme/sources/gsuite/app_tasks.go:182.110,184.22 2 1
mcpyeahyouknowme/sources/gsuite/app_tasks.go:184.22,186.3 1 1
mcpyeahyouknowme/sources/gsuite/app_tasks.go:187.2,188.19 2 1
mcpyeahyouknowme/sources/gsuite/app_tasks.go:188.19,190.3 1 1
mcpyeahyouknowme/sources/gsuite/app_tasks.go:191.2,196.16 2 1
mcpyeahyouknowme/sources/gsuite/app_tasks.go:196.16,198.3 1 0
mcpyeahyouknowme/sources/gsuite/app_tasks.go:199.2,201.18 3 1
mcpyeahyouknowme/sources/gsuite/app_tasks.go:201.18,203.93 2 1
mcpyeahyouknowme/sources/gsuite/app_tasks.go:203.93,204.12 1 0
mcpyeahyouknowme/sources/gsuite/app_tasks.go:206.3,209.5 1 1
mcpyeahyouknowme/sources/gsuite/app_tasks.go:211.2,211.107 1 1
mcpyeahyouknowme/sources/gsuite/app_tasks.go:215.108,218.19 3 1
mcpyeahyouknowme/sources/gsuite/app_tasks.go:218.19,220.3 1 1
mcpyeahyouknowme/sources/gsuite/app_tasks.go:221.2,223.18 3 1
mcpyeahyouknowme/sources/gsuite/app_tasks.go:223.18,226.3 1 1
mcpyeahyouknowme/sources/gsuite/app_tasks.go:226.8,229.3 1 1
mcpyeahyouknowme/sources/gsuite/app_tasks.go:230.2,230.16 1 1
mcpyeahyouknowme/sources/gsuite/app_tasks.go:230.16,232.3 1 0
mcpyeahyouknowme/sources/gsuite/app_tasks.go:233.2,235.18 3 1
mcpyeahyouknowme/sources/gsuite/app_tasks.go:235.18,237.89 2 1
mcpyeahyouknowme/sources/gsuite/app_tasks.go:237.89,238.12 1 0
mcpyeahyouknowme/sources/gsuite/app_tasks.go:240.3,243.5 1 1
mcpyeahyouknowme/sources/gsuite/app_tasks.go:245.2,245.89 1 1
mcpyeahyouknowme/sources/gsuite/app_tasks.go:249.84,251.16 2 1
mcpyeahyouknowme/sources/gsuite/app_tasks.go:251.16,253.3 1 0
mcpyeahyouknowme/sources/gsuite/app_tasks.go:254.2,256.18 3 1
mcpyeahyouknowme/sources/gsuite/app_tasks.go:256.18,258.93 2 1
mcpyeahyouknowme/sources/gsuite/app_tasks.go:258.93,259.12 1 0
mcpyeahyouknowme/sources/gsuite/app_tasks.go:261.3,265.18 3 1
mcpyeahyouknowme/sources/gsuite/app_tasks.go:265.18,267.4 1 1
mcpyeahyouknowme/sources/gsuite/app_tasks.go:268.3,271.5 1 1
mcpyeahyouknowme/sources/gsuite/app_tasks.go:273.2,273.21 1 1
mcpyeahyouknowme/sources/gsuite/cli.go:25.31,42.67 12 0
mcpyeahyouknowme/sources/gsuite/cli.go:42.67,43.24 1 0
mcpyeahyouknowme/sources/gsuite/cli.go:43.24,46.4 2 0
mcpyeahyouknowme/sources/gsuite/cli.go:47.3,47.42 1 0
mcpyeahyouknowme/sources/gsuite/cli.go:47.42,51.4 3 0
mcpyeahyouknowme/sources/gsuite/cli.go:52.3,53.17 2 0
mcpyeahyouknowme/sources/gsuite/cli.go:53.17,58.4 4 0
mcpyeahyouknowme/sources/gsuite/cli.go:59.3,65.19 3 0
mcpyeahyouknowme/sources/gsuite/cli.go:67.2,69.12 2 0
mcpyeahyouknowme/sources/gsuite/cli.go:69.12,70.63 1 0
mcpyeahyouknowme/sources/gsuite/cli.go:70.63,72.4 1 0
mcpyeahyouknowme/sources/gsuite/cli.go:75.2,89.45 9 0
mcpyeahyouknowme/sources/gsuite/cli.go:89.45,91.3 1 0
mcpyeahyouknowme/sources/gsuite/cli.go:93.2,93.9 1 0
mcpyeahyouknowme/sources/gsuite/cli.go:94.26,99.17 3 0
mcpyeahyouknowme/sources/gsuite/cli.go:99.17,103.4 3 0
mcpyeahyouknowme/sources/gsuite/cli.go:105.3,105.46 1 0
mcpyeahyouknowme/sources/gsuite/cli.go:105.46,109.4 3 0
mcpyeahyouknowme/sources/gsuite/cli.go:111.3,111.79 1 0
mcpyeahyouknowme/sources/gsuite/cli.go:111.79,114.4 2 0
mcpyeahyouknowme/sources/gsuite/cli.go:116.3,125.84 6 0
mcpyeahyouknowme/sources/gsuite/cli.go:125.84,129.4 3 0
mcpyeahyouknowme/sources/gsuite/cli.go:129.18,131.4 1 0
mcpyeahyouknowme/sources/gsuite/cli.go:133.3,139.68 7 0
mcpyeahyouknowme/sources/gsuite/cli.go:141.24,144.13 3 0
mcpyeahyouknowme/sources/gsuite/cli.go:146.37,149.13 3 0
mcpyeahyouknowme/sources/gsuite/cli.go:152.2,154.27 3 0
mcpyeahyouknowme/sources/gsuite/cli.go:158.38,164.30 5 1
mcpyeahyouknowme/sources/gsuite/cli.go:164.30,166.3 1 1
mcpyeahyouknowme/sources/gsuite/cli.go:167.2,171.20 4 1
mcpyeahyouknowme/sources/gsuite/cli.go:171.20,173.17 2 1
mcpyeahyouknowme/sources/gsuite/cli.go:173.17,174.53 1 1
mcpyeahyouknowme/sources/gsuite/cli.go:174.53,177.5 2 1
mcpyeahyouknowme/sources/gsuite/cli.go:178.4,178.50 1 1
mcpyeahyouknowme/sources/gsuite/cli.go:178.50,180.54 2 1
mcpyeahyouknowme/sources/gsuite/cli.go:180.54,183.6 2 0
mcpyeahyouknowme/sources/gsuite/cli.go:184.5,185.94 2 1
mcpyeahyouknowme/sources/gsuite/cli.go:185.94,188.6 2 0
mcpyeahyouknowme/sources/gsuite/cli.go:193.2,193.13 1 1
mcpyeahyouknowme/sources/gsuite/cli.go:197.38,198.30 1 1
mcpyeahyouknowme/sources/gsuite/cli.go:198.30,201.3 2 1
mcpyeahyouknowme/sources/gsuite/cli.go:205.30,211.30 5 1
mcpyeahyouknowme/sources/gsuite/cli.go:211.30,213.36 2 1
mcpyeahyouknowme/sources/gsuite/cli.go:213.36,215.4 1 1
mcpyeahyouknowme/sources/gsuite/cli.go:216.3,216.64 1 1
mcpyeahyouknowme/sources/gsuite/cli.go:218.2,222.20 4 1
mcpyeahyouknowme/sources/gsuite/cli.go:222.20,224.17 2 1
mcpyeahyouknowme/sources/gsuite/cli.go:224.17,226.4 1 0
mcpyeahyouknowme/sources/gsuite/cli.go:227.3,227.52 1 1
mcpyeahyouknowme/sources/gsuite/cli.go:227.52,229.4 1 1
mcpyeahyouknowme/sources/gsuite/cli.go:229.9,230.50 1 0
mcpyeahyouknowme/sources/gsuite/cli.go:230.50,232.54 2 0
mcpyeahyouknowme/sources/gsuite/cli.go:232.54,234.11 2 0
mcpyeahyouknowme/sources/gsuite/cli.go:236.5,237.94 2 0
mcpyeahyouknowme/sources/gsuite/cli.go:237.94,241.18 4 0
mcpyeahyouknowme/sources/gsuite/cli.go:241.18,243.7 1 0
mcpyeahyouknowme/sources/gsuite/cli.go:243.12,246.7 2 0
mcpyeahyouknowme/sources/gsuite/cli.go:250.3,250.54 1 1
mcpyeahyouknowme/sources/gsuite/cli.go:250.54,252.4 1 0
mcpyeahyouknowme/sources/gsuite/cli.go:257.31,264.40 5 1
mcpyeahyouknowme/sources/gsuite/cli.go:264.40,267.3 2 1
mcpyeahyouknowme/sources/gsuite/cli.go:269.2,270.43 2 1
mcpyeahyouknowme/sources/gsuite/cli.go:270.43,272.3 1 0
mcpyeahyouknowme/sources/gsuite/cli.go:273.2,273.66 1 1
mcpyeahyouknowme/sources/gsuite/cli.go:273.66,275.3 1 0
mcpyeahyouknowme/sources/gsuite/cli.go:276.2,276.66 1 1
mcpyeahyouknowme/sources/gsuite/cli.go:276.66,278.3 1 0
mcpyeahyouknowme/sources/gsuite/cli.go:280.2,281.71 2 1
mcpyeahyouknowme/sources/gsuite/cli.go:285.41,289.17 4 1
mcpyeahyouknowme/sources/gsuite/cli.go:289.17,291.31 2 1
mcpyeahyouknowme/sources/gsuite/cli.go:291.31,293.4 1 1
mcpyeahyouknowme/sources/gsuite/cli.go:294.3,294.15 1 1
mcpyeahyouknowme/sources/gsuite/cli.go:296.2,296.46 1 1
mcpyeahyouknowme/sources/gsuite/cli.go:296.46,300.3 3 0
mcpyeahyouknowme/sources/gsuite/cli.go:301.2,302.105 2 1
mcpyeahyouknowme/sources/gsuite/cli.go:302.105,304.3 1 1
mcpyeahyouknowme/sources/gsuite/cli.go:304.8,306.3 1 1
mcpyeahyouknowme/sources/gsuite/cli.go:307.2,307.88 1 1
mcpyeahyouknowme/sources/gsuite/cli.go:307.88,309.3 1 1
mcpyeahyouknowme/sources/gsuite/cli.go:311.2,315.19 4 1
mcpyeahyouknowme/sources/gsuite/cli.go:315.19,316.31 1 1
mcpyeahyouknowme/sources/gsuite/cli.go:316.31,318.30 2 1
mcpyeahyouknowme/sources/gsuite/cli.go:318.30,320.5 1 1
mcpyeahyouknowme/sources/gsuite/cli.go:323.2,323.30 1 1
mcpyeahyouknowme/sources/gsuite/cli.go:323.30,324.36 1 1
mcpyeahyouknowme/sources/gsuite/cli.go:324.36,326.12 2 1
mcpyeahyouknowme/sources/gsuite/cli.go:328.3,328.20 1 1
mcpyeahyouknowme/sources/gsuite/cli.go:328.20,330.12 2 0
mcpyeahyouknowme/sources/gsuite/cli.go:332.3,333.17 2 1
mcpyeahyouknowme/sources/gsuite/cli.go:333.17,335.12 2 0
mcpyeahyouknowme/sources/gsuite/cli.go:337.3,340.53 4 1
mcpyeahyouknowme/sources/gsuite/cli.go:340.53,342.4 1 1
mcpyeahyouknowme/sources/gsuite/cli.go:343.3,343.84 1 1
mcpyeahyouknowme/sources/gsuite/cli.go:345.2,345.14 1 1
mcpyeahyouknowme/sources/gsuite/cli.go:349.37,351.2 1 1
mcpyeahyouknowme/sources/gsuite/cli.go:354.80,355.46 1 1
mcpyeahyouknowme/sources/gsuite/cli.go:355.46,357.22 2 1
mcpyeahyouknowme/sources/gsuite/cli.go:357.22,359.4 1 1
mcpyeahyouknowme/sources/gsuite/cli.go:360.3,360.53 1 1
mcpyeahyouknowme/sources/gsuite/cli.go:362.2,362.23 1 1
mcpyeahyouknowme/sources/gsuite/cli.go:362.23,364.3 1 1
mcpyeahyouknowme/sources/gsuite/cli.go:365.2,365.40 1 1
mcpyeahyouknowme/sources/gsuite/cli.go:369.36,373.2 3 0
mcpyeahyouknowme/sources/gsuite/cli.go:376.52,379.2 2 0
mcpyeahyouknowme/sources/gsuite/cli.go:382.46,386.2 3 0
mcpyeahyouknowme/sources/gsuite/cli.go:389.36,391.2 1 0
mcpyeahyouknowme/sources/gsuite/cli.go:394.83,397.16 3 0
mcpyeahyouknowme/sources/gsuite/cli.go:397.16,399.3 1 0
mcpyeahyouknowme/sources/gsuite/cli.go:400.2,406.67 3 0
mcpyeahyouknowme/sources/gsuite/cli.go:406.67,408.3 1 0
mcpyeahyouknowme/sources/gsuite/cli.go:409.2,409.38 1 0
mcpyeahyouknowme/sources/gsuite/client.go:23.26,25.2 1 1
mcpyeahyouknowme/sources/gsuite/client.go:49.50,57.2 1 1
mcpyeahyouknowme/sources/gsuite/client.go:60.51,61.16 1 1
mcpyeahyouknowme/sources/gsuite/client.go:61.16,63.3 1 1
mcpyeahyouknowme/sources/gsuite/client.go:65.2,66.34 2 1
mcpyeahyouknowme/sources/gsuite/client.go:66.34,69.86 3 1
mcpyeahyouknowme/sources/gsuite/client.go:69.86,71.4 1 1
mcpyeahyouknowme/sources/gsuite/client.go:74.2,74.20 1 1
mcpyeahyouknowme/sources/gsuite/client.go:78.51,79.16 1 1
mcpyeahyouknowme/sources/gsuite/client.go:79.16,81.3 1 1
mcpyeahyouknowme/sources/gsuite/client.go:83.2,84.34 2 1
mcpyeahyouknowme/sources/gsuite/client.go:84.34,87.73 3 1
mcpyeahyouknowme/sources/gsuite/client.go:87.73,89.4 1 1
mcpyeahyouknowme/sources/gsuite/client.go:90.3,90.34 1 1
mcpyeahyouknowme/sources/gsuite/client.go:90.34,91.43 1 1
mcpyeahyouknowme/sources/gsuite/client.go:92.13,93.33 1 1
mcpyeahyouknowme/sources/gsuite/client.go:94.13,95.30 1 1
mcpyeahyouknowme/sources/gsuite/client.go:100.2,101.29 2 1
mcpyeahyouknowme/sources/gsuite/client.go:101.29,102.22 1 1
mcpyeahyouknowme/sources/gsuite/client.go:103.12,104.32 1 1
mcpyeahyouknowme/sources/gsuite/client.go:105.12,106.29 1 1
mcpyeahyouknowme/sources/gsuite/client.go:108.3,108.73 1 1
mcpyeahyouknowme/sources/gsuite/client.go:108.73,110.4 1 1
mcpyeahyouknowme/sources/gsuite/client.go:113.2,114.55 2 1
mcpyeahyouknowme/sources/gsuite/client.go:114.55,116.3 1 1
mcpyeahyouknowme/sources/gsuite/client.go:116.8,118.3 1 1
mcpyeahyouknowme/sources/gsuite/client.go:119.2,119.9 1 1
mcpyeahyouknowme/sources/gsuite/client.go:120.46,121.31 1 1
mcpyeahyouknowme/sources/gsuite/client.go:122.36,123.31 1 1
mcpyeahyouknowme/sources/gsuite/client.go:124.36,125.28 1 1
mcpyeahyouknowme/sources/gsuite/client.go:126.10,127.24 1 1
mcpyeahyouknowme/sources/gsuite/client.go:132.36,135.16 3 1
mcpyeahyouknowme/sources/gsuite/client.go:135.16,137.3 1 1
mcpyeahyouknowme/sources/gsuite/client.go:138.2,139.53 2 1
mcpyeahyouknowme/sources/gsuite/client.go:139.53,141.3 1 1
mcpyeahyouknowme/sources/gsuite/client.go:142.2,143.12 2 1
mcpyeahyouknowme/sources/gsuite/client.go:147.55,151.16 4 1
mcpyeahyouknowme/sources/gsuite/client.go:151.16,153.3 1 0
mcpyeahyouknowme/sources/gsuite/client.go:154.2,154.44 1 1
mcpyeahyouknowme/sources/gsuite/client.go:158.41,159.20 1 1
mcpyeahyouknowme/sources/gsuite/client.go:159.20,161.3 1 1
mcpyeahyouknowme/sources/gsuite/client.go:162.2,162.69 1 1
mcpyeahyouknowme/sources/gsuite/client.go:162.69,164.3 1 1
mcpyeahyouknowme/sources/gsuite/client.go:165.2,165.13 1 1
mcpyeahyouknowme/sources/gsuite/daemon.go:17.38,17.53 1 0
mcpyeahyouknowme/sources/gsuite/daemon.go:20.55,22.26 2 1
mcpyeahyouknowme/sources/gsuite/daemon.go:22.26,24.3 1 0
mcpyeahyouknowme/sources/gsuite/daemon.go:25.2,27.85 3 1
mcpyeahyouknowme/sources/gsuite/daemon.go:27.85,29.35 2 1
mcpyeahyouknowme/sources/gsuite/daemon.go:30.30,32.19 2 1
mcpyeahyouknowme/sources/gsuite/daemon.go:32.19,35.5 2 1
mcpyeahyouknowme/sources/gsuite/daemon.go:36.4,36.55 1 1
mcpyeahyouknowme/sources/gsuite/daemon.go:36.55,38.5 1 0
mcpyeahyouknowme/sources/gsuite/daemon.go:39.4,39.84 1 1
mcpyeahyouknowme/sources/gsuite/daemon.go:39.84,41.5 1 0
mcpyeahyouknowme/sources/gsuite/daemon.go:42.4,43.14 2 1
mcpyeahyouknowme/sources/gsuite/daemon.go:44.30,46.14 2 0
mcpyeahyouknowme/sources/gsuite/daemon.go:47.27,49.14 2 0
mcpyeahyouknowme/sources/gsuite/daemon.go:50.11,51.14 1 0
mcpyeahyouknowme/sources/gsuite/daemon.go:57.57,58.17 1 1
mcpyeahyouknowme/sources/gsuite/daemon.go:58.17,61.17 3 1
mcpyeahyouknowme/sources/gsuite/daemon.go:61.17,63.4 1 0
mcpyeahyouknowme/sources/gsuite/daemon.go:68.2,72.31 4 1
mcpyeahyouknowme/sources/gsuite/daemon.go:72.31,74.3 1 0
mcpyeahyouknowme/sources/gsuite/daemon.go:75.2,79.88 4 1
mcpyeahyouknowme/sources/gsuite/daemon.go:79.88,81.3 1 0
mcpyeahyouknowme/sources/gsuite/daemon.go:83.2,83.30 1 1
mcpyeahyouknowme/sources/gsuite/daemon.go:83.30,84.34 1 1
mcpyeahyouknowme/sources/gsuite/daemon.go:84.34,85.12 1 1
mcpyeahyouknowme/sources/gsuite/daemon.go:87.3,92.35 1 1
mcpyeahyouknowme/sources/gsuite/daemon.go:92.35,94.5 1 0
mcpyeahyouknowme/sources/gsuite/daemon.go:96.3,96.44 1 1
mcpyeahyouknowme/sources/gsuite/daemon.go:96.44,97.36 1 1
mcpyeahyouknowme/sources/gsuite/daemon.go:98.31,99.70 1 1
mcpyeahyouknowme/sources/gsuite/daemon.go:100.31,102.13 2 0
mcpyeahyouknowme/sources/gsuite/daemon.go:103.28,105.13 2 0
mcpyeahyouknowme/sources/gsuite/daemon.go:106.12,108.13 2 0
mcpyeahyouknowme/sources/gsuite/daemon.go:111.3,111.42 1 1
mcpyeahyouknowme/sources/gsuite/daemon.go:115.2,115.42 1 1
mcpyeahyouknowme/sources/gsuite/daemon.go:115.42,116.46 1 1
mcpyeahyouknowme/sources/gsuite/daemon.go:116.46,118.4 1 0
mcpyeahyouknowme/sources/gsuite/daemon.go:119.8,121.3 1 0
mcpyeahyouknowme/sources/gsuite/daemon.go:122.2,122.12 1 1
mcpyeahyouknowme/sources/gsuite/daemon.go:126.60,127.17 1 1
mcpyeahyouknowme/sources/gsuite/daemon.go:127.17,129.3 1 1
mcpyeahyouknowme/sources/gsuite/daemon.go:130.2,132.16 3 1
mcpyeahyouknowme/sources/gsuite/daemon.go:132.16,134.3 1 1
mcpyeahyouknowme/sources/gsuite/daemon.go:135.2,136.10 2 1
mcpyeahyouknowme/sources/gsuite/daemon.go:140.63,141.17 1 1
mcpyeahyouknowme/sources/gsuite/daemon.go:141.17,143.3 1 1
mcpyeahyouknowme/sources/gsuite/daemon.go:144.2,145.48 1 1
mcpyeahyouknowme/sources/gsuite/daemon.go:149.55,150.17 1 1
mcpyeahyouknowme/sources/gsuite/daemon.go:150.17,152.3 1 1
mcpyeahyouknowme/sources/gsuite/daemon.go:153.2,155.14 3 1
mcpyeahyouknowme/sources/gsuite/daemon.go:159.56,160.17 1 1
mcpyeahyouknowme/sources/gsuite/daemon.go:160.17,162.3 1 1
mcpyeahyouknowme/sources/gsuite/daemon.go:163.2,164.34 1 1
mcpyeahyouknowme/sources/gsuite/mcp.go:8.53,10.30 2 1
mcpyeahyouknowme/sources/gsuite/mcp.go:10.30,11.33 1 1
mcpyeahyouknowme/sources/gsuite/mcp.go:11.33,13.4 1 1
mcpyeahyouknowme/sources/gsuite/source.go:18.13,20.2 1 1
mcpyeahyouknowme/sources/gsuite/source.go:72.37,74.2 1 1
mcpyeahyouknowme/sources/gsuite/source.go:77.53,78.17 1 1
mcpyeahyouknowme/sources/gsuite/source.go:79.14,80.17 1 1
mcpyeahyouknowme/sources/gsuite/source.go:81.16,82.19 1 1
mcpyeahyouknowme/sources/gsuite/source.go:83.15,84.18 1 1
mcpyeahyouknowme/sources/gsuite/source.go:85.18,86.21 1 1
mcpyeahyouknowme/sources/gsuite/source.go:87.15,88.18 1 1
mcpyeahyouknowme/sources/gsuite/source.go:89.18,90.21 1 1
mcpyeahyouknowme/sources/gsuite/source.go:91.16,92.19 1 1
mcpyeahyouknowme/sources/gsuite/source.go:93.10,94.15 1 1
mcpyeahyouknowme/sources/gsuite/source.go:99.64,100.17 1 1
mcpyeahyouknowme/sources/gsuite/source.go:101.14,102.20 1 1
mcpyeahyouknowme/sources/gsuite/source.go:103.16,104.22 1 1
mcpyeahyouknowme/sources/gsuite/source.go:105.15,106.21 1 1
mcpyeahyouknowme/sources/gsuite/source.go:107.18,108.24 1 1
mcpyeahyouknowme/sources/gsuite/source.go:109.15,110.21 1 1
mcpyeahyouknowme/sources/gsuite/source.go:111.18,112.24 1 1
mcpyeahyouknowme/sources/gsuite/source.go:113.16,114.22 1 1
mcpyeahyouknowme/sources/gsuite/source.go:127.40,129.16 2 1
mcpyeahyouknowme/sources/gsuite/source.go:129.16,131.3 1 1
mcpyeahyouknowme/sources/gsuite/source.go:132.2,135.12 4 1
mcpyeahyouknowme/sources/gsuite/source.go:139.38,142.2 2 1
mcpyeahyouknowme/sources/gsuite/source.go:145.39,145.58 1 1
mcpyeahyouknowme/sources/gsuite/source.go:147.39,147.64 1 1
mcpyeahyouknowme/sources/gsuite/source.go:149.32,150.17 1 1
mcpyeahyouknowme/sources/gsuite/source.go:150.17,152.3 1 1
mcpyeahyouknowme/sources/gsuite/source.go:153.2,153.12 1 1
mcpyeahyouknowme/sources/gsuite/source.go:157.46,165.2 1 1
mcpyeahyouknowme/sources/gsuite/source.go:168.49,169.17 1 1
mcpyeahyouknowme/sources/gsuite/source.go:169.17,171.3 1 1
mcpyeahyouknowme/sources/gsuite/source.go:172.2,172.30 1 1
mcpyeahyouknowme/sources/gsuite/source.go:172.30,173.26 1 1
mcpyeahyouknowme/sources/gsuite/source.go:173.26,174.43 1 1
mcpyeahyouknowme/sources/gsuite/source.go:174.43,176.5 1 1
mcpyeahyouknowme/sources/gsuite/source.go:177.4,178.31 2 1
mcpyeahyouknowme/sources/gsuite/source.go:181.2,181.12 1 1
mcpyeahyouknowme/sources/gsuite/source.go:185.62,186.17 1 1
mcpyeahyouknowme/sources/gsuite/source.go:186.17,188.3 1 1
mcpyeahyouknowme/sources/gsuite/source.go:189.2,190.30 2 1
mcpyeahyouknowme/sources/gsuite/source.go:190.30,191.34 1 1
mcpyeahyouknowme/sources/gsuite/source.go:191.34,192.12 1 1
mcpyeahyouknowme/sources/gsuite/source.go:194.3,195.17 2 1
mcpyeahyouknowme/sources/gsuite/source.go:195.17,196.12 1 1
mcpyeahyouknowme/sources/gsuite/source.go:198.3,198.32 1 1
mcpyeahyouknowme/sources/gsuite/source.go:200.2,200.17 1 1
mcpyeahyouknowme/sources/gsuite/source.go:204.46,207.23 3 1
mcpyeahyouknowme/sources/gsuite/source.go:207.23,209.3 1 1
mcpyeahyouknowme/sources/gsuite/source.go:210.2,213.58 2 1
mcpyeahyouknowme/sources/gsuite/source.go:213.58,215.3 1 1
mcpyeahyouknowme/sources/gsuite/source.go:216.2,216.21 1 1
mcpyeahyouknowme/sources/gsuite/source.go:220.56,225.82 3 1
mcpyeahyouknowme/sources/gsuite/source.go:225.82,227.3 1 1
mcpyeahyouknowme/sources/gsuite/source.go:232.26,234.2 1 1
mcpyeahyouknowme/sources/gsuite/store.go:13.52,14.51 1 1
mcpyeahyouknowme/sources/gsuite/store.go:14.51,16.3 1 1
mcpyeahyouknowme/sources/gsuite/store.go:17.2,19.16 3 1
mcpyeahyouknowme/sources/gsuite/store.go:19.16,21.3 1 0
mcpyeahyouknowme/sources/gsuite/store.go:22.2,24.41 3 1
mcpyeahyouknowme/sources/gsuite/store.go:24.41,27.3 2 1
mcpyeahyouknowme/sources/gsuite/store.go:28.2,28.16 1 1
mcpyeahyouknowme/sources/gsuite/store.go:32.37,40.16 2 1
mcpyeahyouknowme/sources/gsuite/store.go:40.16,42.3 1 1
mcpyeahyouknowme/sources/gsuite/store.go:45.2,45.30 1 1
mcpyeahyouknowme/sources/gsuite/store.go:45.30,46.44 1 1
mcpyeahyouknowme/sources/gsuite/store.go:46.44,48.4 1 0
mcpyeahyouknowme/sources/gsuite/store.go:50.2,50.12 1 1
